cd /apps/sales/EA_SALES_Prod_860/DATA/SALES_ANAPLAN_OIC/work/anaplan-connect-1-3-3-3
./AnaplanClient.sh -user anpadmua.gen@cisco.com:L5EJNstptxpa8A7 -workspace 8a868cd87a25f4cf017a54dbb22c16e3 -model 2FA3B2DE0B544E139FD6BB012D2DA513 -debug -process 'Xcat Flags - Clean/Copy' -execute -output /apps/sales/EA_SALES_Prod_860/DATA/SALES_ANAPLAN_OIC/work/xcat_flags_cl_cp
Anaplan Connect 1.3.3-3
Java HotSpot(TM) 64-Bit Server VM (Oracle Corporation)/25.181-b13 (1.8.0_181)
Linux (amd64)/3.10.0-1160.11.1.el7.x86_64
The operation was successful.
Exclude ELA-import cells: 4522368
Exclude Buying Program-Import cells: 4522368
Exclude xCat -Import cells: 4522368

Exclude xCat cells: 4522368
Exclude Buying Program cells: 4522368
Exclude ELA cells: 4522368

Exclude xCat -Import cells: 4522368
Exclude Buying Program-Import cells: 4522368
Exclude ELA-import cells: 4522368

Exclude xCat cells: 4522368
Exclude Buying Program cells: 4522368
Exclude ELA cells: 4522368


cd /apps/sales/EA_SALES_Prod_860/DATA/SALES_ANAPLAN_OIC/work/anaplan-connect-1-3-3-3
./AnaplanClient.sh -user anpadmua.gen@cisco.com:L5EJNstptxpa8A7 -workspace 8a868cd87a25f4cf017a54d776c515d7 -model 463B0A00F8FD4FE5839943BCC68D074E -debug -process 'Xcat Flags import' -execute -output /apps/sales/EA_SALES_Prod_860/DATA/SALES_ANAPLAN_OIC/work/xcat_flags_import
Anaplan Connect 1.3.3-3
Java HotSpot(TM) 64-Bit Server VM (Oracle Corporation)/25.181-b13 (1.8.0_181)
Linux (amd64)/3.10.0-1160.11.1.el7.x86_64
The operation failed.
XCAT FLag cells: 1342008 (1920 failed, 3178440 ignored)
ELA Flag cells: 1342008 (1920 failed, 3178440 ignored)
BP Flag cells: 1342008 (1920 failed, 3178440 ignored)
Item not located in Share FLAT list: 5760

XCAT FLag cells: 3178440 (1920 failed, 1342008 ignored)
ELA Flag cells: 3178440 (1920 failed, 1342008 ignored)
BP Flag cells: 3178440 (1920 failed, 1342008 ignored)
Item not located in Share FLAT list: 5760

XCAT FLag cells: 0 (4522368 failed)
BP Flag cells: 0 (4522368 failed)
ELA Flag cells: 0 (4522368 failed)
Import into Planning - Old module failed: The column headers in the file you are attempting to import do not match the import definition.
Item not located in Week Identifier list: 13561344
Item not located in Share FLAT list: 5760



cd /apps/sales/EA_SALES_Prod_860/DATA/SALES_ANAPLAN_OIC/work/anaplan-connect-1-3-3-3
./AnaplanClient.sh -user anpadmua.gen@cisco.com:L5EJNstptxpa8A7 -workspace 8a868cd87a25f4cf017a54dbb22c16e3 -model 2FA3B2DE0B544E139FD6BB012D2DA513 -import 'Xcat Roll up from Hub'  -execute -output '/apps/sales/EA_SALES_Prod_860/DATA/SALES_ANAPLAN_OIC/work/xcat_roll_up.err'
The operation was successful.
Level cells: 0 (22904960 ignored)
Node PEC Bookings Rollup cells: 0 (22904960 ignored)
Bookings Xcat Q1 cells: 17930876 (4832384 failed, 141700 ignored)
Bookings Xcat Q2 cells: 17930876 (4832384 failed, 141700 ignored)
Bookings Xcat Q3 cells: 17930876 (4832384 failed, 141700 ignored)
Bookings Xcat Q4 cells: 17930876 (4832384 failed, 141700 ignored)
Bookings ELA Q1 cells: 17930876 (4832384 failed, 141700 ignored)
Bookings ELA Q2 cells: 17930876 (4832384 failed, 141700 ignored)
Bookings ELA Q3 cells: 17930876 (4832384 failed, 141700 ignored)
Bookings ELA Q4 cells: 17930876 (4832384 failed, 141700 ignored)
Bookings BP Q1 cells: 17930876 (4832384 failed, 141700 ignored)
Bookings BP Q2 cells: 17930876 (4832384 failed, 141700 ignored)
Bookings BP Q3 cells: 17930876 (4832384 failed, 141700 ignored)
Bookings BP Q4 cells: 17930876 (4832384 failed, 141700 ignored)
Node PEC Adjustment Rollup cells: 0 (22904960 ignored)
PEC Adjustments Xcat Q1 cells: 0 (22904960 ignored)
PEC Adjustments Xcat Q2 cells: 0 (22904960 ignored)
PEC Adjustments Xcat Q3 cells: 0 (22904960 ignored)
PEC Adjustments Xcat Q4 cells: 0 (22904960 ignored)
PEC Adjustments ELA Q1 cells: 0 (22904960 ignored)
PEC Adjustments ELA Q2 cells: 0 (22904960 ignored)
PEC Adjustments ELA Q3 cells: 0 (22904960 ignored)
PEC Adjustments ELA Q4 cells: 0 (22904960 ignored)
PEC Adjustments BP Q1 cells: 0 (22904960 ignored)
PEC Adjustments BP Q2 cells: 0 (22904960 ignored)
PEC Adjustments BP Q3 cells: 0 (22904960 ignored)
PEC Adjustments BP Q4 cells: 0 (22904960 ignored)
Node PEC FMV Adjustment Rollup cells: 0 (22904960 ignored)
PEC FMV Adjustments Xcat Q1 cells: 17930876 (4832384 failed, 141700 ignored)
PEC FMV Adjustments Xcat Q2 cells: 17930876 (4832384 failed, 141700 ignored)
PEC FMV Adjustments Xcat Q3 cells: 17930876 (4832384 failed, 141700 ignored)
PEC FMV Adjustments Xcat Q4 cells: 17930876 (4832384 failed, 141700 ignored)
PEC FMV Adjustments ELA Q1 cells: 17930876 (4832384 failed, 141700 ignored)
PEC FMV Adjustments ELA Q2 cells: 17930876 (4832384 failed, 141700 ignored)
PEC FMV Adjustments ELA Q3 cells: 17930876 (4832384 failed, 141700 ignored)
PEC FMV Adjustments ELA Q4 cells: 17930876 (4832384 failed, 141700 ignored)
PEC FMV Adjustments BP Q1 cells: 17930876 (4832384 failed, 141700 ignored)
PEC FMV Adjustments BP Q2 cells: 17930876 (4832384 failed, 141700 ignored)
PEC FMV Adjustments BP Q3 cells: 17930876 (4832384 failed, 141700 ignored)
PEC FMV Adjustments BP Q4 cells: 17930876 (4832384 failed, 141700 ignored)
Bookings - Xcat Q1 cells: 17930876 (4832384 failed, 141700 ignored)
Bookings - Xcat Q2 cells: 17930876 (4832384 failed, 141700 ignored)
Bookings - Xcat Q3 cells: 17930876 (4832384 failed, 141700 ignored)
Bookings - Xcat Q4 cells: 17930876 (4832384 failed, 141700 ignored)
Bookings - ELA Q1 cells: 17930876 (4832384 failed, 141700 ignored)
Bookings - ELA Q2 cells: 17930876 (4832384 failed, 141700 ignored)
Bookings - ELA Q3 cells: 17930876 (4832384 failed, 141700 ignored)
Bookings - ELA Q4 cells: 17930876 (4832384 failed, 141700 ignored)
Bookings - BP Q1 cells: 17930876 (4832384 failed, 141700 ignored)
Bookings - BP Q2 cells: 17930876 (4832384 failed, 141700 ignored)
Bookings - BP Q3 cells: 17930876 (4832384 failed, 141700 ignored)
Bookings - BP Q4 cells: 17930876 (4832384 failed, 141700 ignored)
PEC - FMV Adjustments Xcat Q1 cells: 17930876 (4832384 failed, 141700 ignored)
PEC - FMV Adjustments Xcat Q2 cells: 17930876 (4832384 failed, 141700 ignored)
PEC - FMV Adjustments Xcat Q3 cells: 17930876 (4832384 failed, 141700 ignored)
PEC - FMV Adjustments Xcat Q4 cells: 17930876 (4832384 failed, 141700 ignored)
PEC - FMV Adjustments ELA Q1 cells: 17930876 (4832384 failed, 141700 ignored)
PEC - FMV Adjustments ELA Q2 cells: 17930876 (4832384 failed, 141700 ignored)
PEC - FMV Adjustments ELA Q3 cells: 17930876 (4832384 failed, 141700 ignored)
PEC - FMV Adjustments ELA Q4 cells: 17930876 (4832384 failed, 141700 ignored)
PEC - FMV Adjustments BP Q1 cells: 17930876 (4832384 failed, 141700 ignored)
PEC - FMV Adjustments BP Q2 cells: 17930876 (4832384 failed, 141700 ignored)
PEC - FMV Adjustments BP Q3 cells: 17930876 (4832384 failed, 141700 ignored)
PEC - FMV Adjustments BP Q4 cells: 17930876 (4832384 failed, 141700 ignored)
Item not located in SHARE FLAT list: 12066816
Item not located in Booking Years list: 219887616

Dump file written to "/apps/sales/EA_SALES_Prod_860/DATA/SALES_ANAPLAN_OIC/work/xcat_roll_up.err"
cd /apps/sales/EA_SALES_Prod_860/DATA/SALES_ANAPLAN_OIC/work/anaplan-connect-1-3-3-3
./AnaplanClient.sh -user anpadmua.gen@cisco.com:L5EJNstptxpa8A7 -workspace 8a868cd87a25f4cf017a54d776c515d7 -model 463B0A00F8FD4FE5839943BCC68D074E -debug -process 'Weekly Snapshot' -execute -output /apps/sales/EA_SALES_Prod_860/DATA/SALES_ANAPLAN_OIC/work/NLG22_Model_refresh
Anaplan Connect 1.3.3-3
Java HotSpot(TM) 64-Bit Server VM (Oracle Corporation)/25.181-b13 (1.8.0_181)
Linux (amd64)/3.10.0-1160.11.1.el7.x86_64
cd /apps/sales/EA_SALES_Prod_860/DATA/SALES_ANAPLAN_OIC/work/anaplan-connect-1-3-3-3
./AnaplanClient.sh -user anpadmua.gen@cisco.com:L5EJNstptxpa8A7 -workspace 8a868cd87a25f4cf017a54dbb22c16e3 -model 2FA3B2DE0B544E139FD6BB012D2DA513 -debug -process 'Xcat Flags - Clean/Copy' -execute -output /apps/sales/EA_SALES_Prod_860/DATA/SALES_ANAPLAN_OIC/work/xcat_flags_cl_cp
Anaplan Connect 1.3.3-3
Java HotSpot(TM) 64-Bit Server VM (Oracle Corporation)/25.181-b13 (1.8.0_181)
Linux (amd64)/3.10.0-1160.11.1.el7.x86_64
The operation was successful.
Exclude ELA-import cells: 4522368
Exclude Buying Program-Import cells: 4522368
Exclude xCat -Import cells: 4522368

Exclude xCat cells: 4522368
Exclude Buying Program cells: 4522368
Exclude ELA cells: 4522368

Exclude xCat -Import cells: 4522368
Exclude Buying Program-Import cells: 4522368
Exclude ELA-import cells: 4522368

Exclude xCat cells: 4522368
Exclude Buying Program cells: 4522368
Exclude ELA cells: 4522368


cd /apps/sales/EA_SALES_Prod_860/DATA/SALES_ANAPLAN_OIC/work/anaplan-connect-1-3-3-3
./AnaplanClient.sh -user anpadmua.gen@cisco.com:L5EJNstptxpa8A7 -workspace 8a868cd87a25f4cf017a54d776c515d7 -model 463B0A00F8FD4FE5839943BCC68D074E -debug -process 'Xcat Flags import' -execute -output /apps/sales/EA_SALES_Prod_860/DATA/SALES_ANAPLAN_OIC/work/xcat_flags_import
Anaplan Connect 1.3.3-3
Java HotSpot(TM) 64-Bit Server VM (Oracle Corporation)/25.181-b13 (1.8.0_181)
Linux (amd64)/3.10.0-1160.11.1.el7.x86_64
The operation failed.
XCAT FLag cells: 1342008 (1920 failed, 3178440 ignored)
ELA Flag cells: 1342008 (1920 failed, 3178440 ignored)
BP Flag cells: 1342008 (1920 failed, 3178440 ignored)
Item not located in Share FLAT list: 5760

XCAT FLag cells: 3178440 (1920 failed, 1342008 ignored)
ELA Flag cells: 3178440 (1920 failed, 1342008 ignored)
BP Flag cells: 3178440 (1920 failed, 1342008 ignored)
Item not located in Share FLAT list: 5760

XCAT FLag cells: 0 (4522368 failed)
BP Flag cells: 0 (4522368 failed)
ELA Flag cells: 0 (4522368 failed)
Import into Planning - Old module failed: The column headers in the file you are attempting to import do not match the import definition.
Item not located in Week Identifier list: 13561344
Item not located in Share FLAT list: 5760



cd /apps/sales/EA_SALES_Prod_860/DATA/SALES_ANAPLAN_OIC/work/anaplan-connect-1-3-3-3
./AnaplanClient.sh -user anpadmua.gen@cisco.com:L5EJNstptxpa8A7 -workspace 8a868cd87a25f4cf017a54dbb22c16e3 -model 2FA3B2DE0B544E139FD6BB012D2DA513 -import 'Xcat Roll up from Hub'  -execute -output '/apps/sales/EA_SALES_Prod_860/DATA/SALES_ANAPLAN_OIC/work/xcat_roll_up.err'
The operation was cancelled; some actions may have completed.
Import into xCat Bookings/Rebates/FMV Rollup module failed: Interrupted
Item not located in SHARE FLAT list: 7848192
Item not located in Booking Years list: 142583376

cd /apps/sales/EA_SALES_Prod_860/DATA/SALES_ANAPLAN_OIC/work/anaplan-connect-1-3-3-3
./AnaplanClient.sh -user anpadmua.gen@cisco.com:L5EJNstptxpa8A7 -workspace 8a868cd87a25f4cf017a54d776c515d7 -model 463B0A00F8FD4FE5839943BCC68D074E -debug -process 'Weekly Snapshot' -execute -output /apps/sales/EA_SALES_Prod_860/DATA/SALES_ANAPLAN_OIC/work/NLG22_Model_refresh
Anaplan Connect 1.3.3-3
Java HotSpot(TM) 64-Bit Server VM (Oracle Corporation)/25.181-b13 (1.8.0_181)
Linux (amd64)/3.10.0-1160.11.1.el7.x86_64
The operation was cancelled; some actions may have completed.
Week Identifier: 1 (1/0) rows successful, 0 ignored 

Import into Architecture Goaling Dashboard. module failed: Interrupted
Item not located in Share FLAT list: 58144














cd /apps/sales/EA_SALES_Prod_860/DATA/SALES_ANAPLAN_OIC/work/anaplan-connect-1-3-3-3
./AnaplanClient.sh -user anpadmua.gen@cisco.com:L5EJNstptxpa8A7 -workspace 8a868cd87a25f4cf017a54dbb22c16e3 -model 2FA3B2DE0B544E139FD6BB012D2DA513 -import 'Xcat Roll up from Hub'  -execute -output '/apps/sales/EA_SALES_Prod_860/DATA/SALES_ANAPLAN_OIC/work/xcat_roll_up.err'
The operation was cancelled; some actions may have completed.
Import into xCat Bookings/Rebates/FMV Rollup module failed: Interrupted
Item not located in SHARE FLAT list: 11524848
Item not located in Booking Years list: 209580384

cd /apps/sales/EA_SALES_Prod_860/DATA/SALES_ANAPLAN_OIC/work/anaplan-connect-1-3-3-3
./AnaplanClient.sh -user anpadmua.gen@cisco.com:L5EJNstptxpa8A7 -workspace 8a868cd87a25f4cf017a54d776c515d7 -model 463B0A00F8FD4FE5839943BCC68D074E -debug -process 'Weekly Snapshot' -execute -output /apps/sales/EA_SALES_Prod_860/DATA/SALES_ANAPLAN_OIC/work/NLG22_Model_refresh
Anaplan Connect 1.3.3-3
Java HotSpot(TM) 64-Bit Server VM (Oracle Corporation)/25.181-b13 (1.8.0_181)
Linux (amd64)/3.10.0-1160.11.1.el7.x86_64
The operation was successful.
Week Identifier: 1 (0/1) rows successful, 0 ignored 

XCAT FLag cells: 3178440 (1380 failed, 70632 ignored)
ELA Flag cells: 3178440 (1380 failed, 70632 ignored)
BP Flag cells: 3178440 (1380 failed, 70632 ignored)
L0 cells: 3178440 (1380 failed, 70632 ignored)
L1 cells: 3178350 (1380 failed, 70630 ignored)
L2 cells: 3178080 (1380 failed, 70624 ignored)
L3 cells: 3175560 (1380 failed, 70568 ignored)
L4 cells: 3151350 (1380 failed, 70030 ignored)
L5 cells: 3016170 (1380 failed, 67026 ignored)
L6 cells: 2573820 (1288 failed, 57196 ignored)
Goalable Property cells: 3178440 (1380 failed, 70632 ignored)
Level cells: 3178440 (1380 failed, 70632 ignored)
FY19 Bookings - Q1 cells: 3178440 (1380 failed, 70632 ignored)
FY19 Bookings - Q2 cells: 3178440 (1380 failed, 70632 ignored)
FY19 Bookings - Q3 cells: 3178440 (1380 failed, 70632 ignored)
FY19 Bookings - Q4 cells: 3178440 (1380 failed, 70632 ignored)
FY19 Bookings - FY cells: 3178440 (1380 failed, 70632 ignored)
FY20 Bookings - Q1 cells: 3178440 (1380 failed, 70632 ignored)
FY20 Bookings - Q2 cells: 3178440 (1380 failed, 70632 ignored)
FY20 Bookings - Q3 cells: 3178440 (1380 failed, 70632 ignored)
FY20 Bookings - Q4 cells: 3178440 (1380 failed, 70632 ignored)
FY20 Bookings - FY cells: 3178440 (1380 failed, 70632 ignored)
FY21 Bookings - Q1 cells: 3178440 (1380 failed, 70632 ignored)
FY21 Bookings - Q2 cells: 3178440 (1380 failed, 70632 ignored)
FY21 Bookings - Q3 cells: 3178440 (1380 failed, 70632 ignored)
FY21 Bookings - Q4 cells: 3178440 (1380 failed, 70632 ignored)
FY21 Bookings - FY cells: 3178440 (1380 failed, 70632 ignored)
FY22 Bookings - Q1 cells: 3178440 (1380 failed, 70632 ignored)
FY22 Expected Finish - Q2 cells: 3178440 (1380 failed, 70632 ignored)
Historicals: 2 Yr Average - Q1 cells: 3178440 (1380 failed, 70632 ignored)
Historicals: 2 Yr Average - Q2 cells: 3178440 (1380 failed, 70632 ignored)
Historicals: 2 Yr Average - Q3 cells: 3178440 (1380 failed, 70632 ignored)
Historicals: 2 Yr Average - Q4 cells: 3178440 (1380 failed, 70632 ignored)
Historicals: 2 Yr Average - FY cells: 3178440 (1380 failed, 70632 ignored)
Historicals: 3 Yr Average - Q1 cells: 3178440 (1380 failed, 70632 ignored)
Historicals: 3 Yr Average - Q2 cells: 3178440 (1380 failed, 70632 ignored)
Historicals: 3 Yr Average - Q3 cells: 3178440 (1380 failed, 70632 ignored)
Historicals: 3 Yr Average - Q4 cells: 3178440 (1380 failed, 70632 ignored)
Historicals: 3 Yr Average - FY cells: 3178440 (1380 failed, 70632 ignored)
FY20 Penetration Rate of Product cells: 3178440 (1380 failed, 70632 ignored)
FY21 Penetration Rate of Product cells: 3178440 (1380 failed, 70632 ignored)
PRODUCT GOAL - Q1 cells: 3178440 (1380 failed, 70632 ignored)
PRODUCT GOAL - Q2 cells: 3178440 (1380 failed, 70632 ignored)
PRODUCT GOAL - Q3 cells: 3178440 (1380 failed, 70632 ignored)
PRODUCT GOAL - Q4 cells: 3178440 (1380 failed, 70632 ignored)
PRODUCT GOAL - FY cells: 3178440 (1380 failed, 70632 ignored)
Product Goal Status cells: 3178440 (1380 failed, 70632 ignored)
BE Forecast - Q1 cells: 3178440 (1380 failed, 70632 ignored)
BE Forecast - Q2 cells: 3178440 (1380 failed, 70632 ignored)
BE Forecast - Q3 cells: 3178440 (1380 failed, 70632 ignored)
BE Forecast - Q4 cells: 3178440 (1380 failed, 70632 ignored)
BE Forecast - FY cells: 3178440 (1380 failed, 70632 ignored)
TMS Forecast - Q1 cells: 3178440 (1380 failed, 70632 ignored)
TMS Forecast - Q2 cells: 3178440 (1380 failed, 70632 ignored)
TMS Forecast - Q3 cells: 3178440 (1380 failed, 70632 ignored)
TMS Forecast - Q4 cells: 3178440 (1380 failed, 70632 ignored)
TMS Forecast - FY cells: 3178440 (1380 failed, 70632 ignored)
PID Forecast - Q1 cells: 3178440 (1380 failed, 70632 ignored)
PID Forecast - Q2 cells: 3178440 (1380 failed, 70632 ignored)
PID Forecast - Q3 cells: 3178440 (1380 failed, 70632 ignored)
PID Forecast - Q4 cells: 3178440 (1380 failed, 70632 ignored)
PID Forecast - FY cells: 3178440 (1380 failed, 70632 ignored)
TAM Forecast - Q1 cells: 3178440 (1380 failed, 70632 ignored)
TAM Forecast - Q2 cells: 3178440 (1380 failed, 70632 ignored)
TAM Forecast - Q3 cells: 3178440 (1380 failed, 70632 ignored)
TAM Forecast - Q4 cells: 3178440 (1380 failed, 70632 ignored)
TAM Forecast - FY cells: 3178440 (1380 failed, 70632 ignored)
Default Calculated Forecast - Q1 cells: 3178440 (1380 failed, 70632 ignored)
Default Calculated Forecast - Q2 cells: 3178440 (1380 failed, 70632 ignored)
Default Calculated Forecast - Q3 cells: 3178440 (1380 failed, 70632 ignored)
Default Calculated Forecast - Q4 cells: 3178440 (1380 failed, 70632 ignored)
Default Calculated Forecast - FY cells: 3178440 (1380 failed, 70632 ignored)
Manual Forecast - Q1 cells: 3178440 (1380 failed, 70632 ignored)
Manual Forecast - Q2 cells: 3178440 (1380 failed, 70632 ignored)
Manual Forecast - Q3 cells: 3178440 (1380 failed, 70632 ignored)
Manual Forecast - Q4 cells: 3178440 (1380 failed, 70632 ignored)
Manual Forecast - FY cells: 3178440 (1380 failed, 70632 ignored)
Penetration Rate of Product cells: 3178440 (1380 failed, 70632 ignored)
Historicals: 2 Yr Average - MIX cells: 3178440 (1380 failed, 70632 ignored)
Historicals: 3 Yr Average - MIX cells: 3178440 (1380 failed, 70632 ignored)
BE Forecast - MIX cells: 3178440 (1380 failed, 70632 ignored)
TMS Forecast - MIX cells: 3178440 (1380 failed, 70632 ignored)
PID Forecast - MIX cells: 3178440 (1380 failed, 70632 ignored)
TAM Forecast - MIX cells: 3178440 (1380 failed, 70632 ignored)
Manual Forecast - MIX cells: 3178440 (1380 failed, 70632 ignored)
Penetration Rate - MIX cells: 3178440 (1380 failed, 70632 ignored)
TOTAL MIX cells: 3178440 (1380 failed, 70632 ignored)
Final FY22 Target - Q1 cells: 3178440 (1380 failed, 70632 ignored)
Final FY22 Target - Q2 cells: 3178440 (1380 failed, 70632 ignored)
Final FY22 Target - Q3 cells: 3178440 (1380 failed, 70632 ignored)
Final FY22 Target - Q4 cells: 3178440 (1380 failed, 70632 ignored)
Final FY22 Target - FY cells: 3178440 (1380 failed, 70632 ignored)
Rebates - Q1 cells: 3178440 (1380 failed, 70632 ignored)
Rebates - Q2 cells: 3178440 (1380 failed, 70632 ignored)
Rebates - Q3 cells: 3178440 (1380 failed, 70632 ignored)
Rebates - Q4 cells: 3178440 (1380 failed, 70632 ignored)
Rebates - FY cells: 3178440 (1380 failed, 70632 ignored)
FMV - Q1 cells: 3178440 (1380 failed, 70632 ignored)
FMV - Q2 cells: 3178440 (1380 failed, 70632 ignored)
FMV - Q3 cells: 3178440 (1380 failed, 70632 ignored)
FMV - Q4 cells: 3178440 (1380 failed, 70632 ignored)
FMV - FY cells: 3178440 (1380 failed, 70632 ignored)
WebEx - Q1 cells: 3178440 (1380 failed, 70632 ignored)
WebEx - Q2 cells: 3178440 (1380 failed, 70632 ignored)
WebEx - Q3 cells: 3178440 (1380 failed, 70632 ignored)
WebEx - Q4 cells: 3178440 (1380 failed, 70632 ignored)
WebEx - FY cells: 3178440 (1380 failed, 70632 ignored)
Calculated Goal - Q1 cells: 3178440 (1380 failed, 70632 ignored)
Calculated Goal - Q2 cells: 3178440 (1380 failed, 70632 ignored)
Calculated Goal - Q3 cells: 3178440 (1380 failed, 70632 ignored)
Calculated Goal - Q4 cells: 3178440 (1380 failed, 70632 ignored)
Calculated Goal - FY cells: 3178440 (1380 failed, 70632 ignored)
Automatic Tie out ON cells: 3178440 (1380 failed, 70632 ignored)
Toggle Tie Out cells: 3178440 (1380 failed, 70632 ignored)
Goal Override - Q3 cells: 3178440 (1380 failed, 70632 ignored)
Goal Override - Q4 cells: 3178440 (1380 failed, 70632 ignored)
Goal Override - FY cells: 3178440 (1380 failed, 70632 ignored)
Goal Override Type cells: 259557
Target Revision % cells: 3178440 (1380 failed, 70632 ignored)
Final Goal - Q1 cells: 3178440 (1380 failed, 70632 ignored)
Final Goal - Q2 cells: 3178440 (1380 failed, 70632 ignored)
Final Goal - Q3 cells: 3178440 (1380 failed, 70632 ignored)
Final Goal - Q4 cells: 3178440 (1380 failed, 70632 ignored)
Final Goal - FY cells: 3178440 (1380 failed, 70632 ignored)
Goal Planner cells: 11
Lock cells: 3178440 (1380 failed, 70632 ignored)
Unlock cells: 3178440 (1380 failed, 70632 ignored)
Submit for Approval cells: 3178440 (1380 failed, 70632 ignored)
Goaling Status cells: 3178440 (1380 failed, 70632 ignored)
Submitted By cells: 3178440 (1380 failed, 70632 ignored)
Comments cells: 20981
Warnings cells: 673346 (1380 failed, 4900 ignored)
SIOS User ID cells: 258408
SIOS Comments cells: 538
Over/Under Goaling cells: 3178440 (1380 failed, 70632 ignored)
Compound Overgoaling cells: 3178440 (1380 failed, 70632 ignored)
Negative on a Goalable Node/Positive on a Non-Goalable Node cells: 3178440 (1380 failed, 70632 ignored)
Non Zero Architecture goal on $0 Product Goal cells: 3178440 (1380 failed, 70632 ignored)
FY20 Y/Y Growth Rate cells: 3178440 (1380 failed, 70632 ignored)
FY21 Y/Y Growth Rate cells: 3178440 (1380 failed, 70632 ignored)
FY22 Y/Y Growth - 1H cells: 3178440 (1380 failed, 70632 ignored)
FY22 Y/Y Growth - 2H cells: 3178440 (1380 failed, 70632 ignored)
FY22 Y/Y Growth Rate cells: 3178440 (1380 failed, 70632 ignored)
Parent Delta - Q1 cells: 3178440 (1380 failed, 70632 ignored)
Parent Delta - Q2 cells: 3178440 (1380 failed, 70632 ignored)
Parent Delta - Q3 cells: 3178440 (1380 failed, 70632 ignored)
Parent Delta - Q4 cells: 3178440 (1380 failed, 70632 ignored)
Parent Delta - FY cells: 3178440 (1380 failed, 70632 ignored)
Parent Delta % - Q1 cells: 3178440 (1380 failed, 70632 ignored)
Parent Delta % - Q2 cells: 3178440 (1380 failed, 70632 ignored)
Parent Delta % - Q3 cells: 3178440 (1380 failed, 70632 ignored)
Parent Delta % - Q4 cells: 3178440 (1380 failed, 70632 ignored)
Parent Delta % - FY cells: 3178440 (1380 failed, 70632 ignored)
1H Submission - Q1 cells: 3178440 (1380 failed, 70632 ignored)
1H Submission - Q2 cells: 3178440 (1380 failed, 70632 ignored)
1H Submission - Q3 cells: 3178440 (1380 failed, 70632 ignored)
1H Submission - Q4 cells: 3178440 (1380 failed, 70632 ignored)
1H Submission - FY cells: 3178440 (1380 failed, 70632 ignored)
FY22 Automated Goal - Q1 cells: 3178440 (1380 failed, 70632 ignored)
FY22 Automated Goal - Q2 cells: 3178440 (1380 failed, 70632 ignored)
FY22 Automated Goal - Q3 cells: 3178440 (1380 failed, 70632 ignored)
FY22 Automated Goal - Q4 cells: 3178440 (1380 failed, 70632 ignored)
FY22 Automated Goal - FY cells: 3178440 (1380 failed, 70632 ignored)
Item not located in Share FLAT list: 217948

L0 cells: 1271376 (540 failed)
L1 cells: 1271340 (540 failed)
L2 cells: 1271232 (540 failed)
L3 cells: 1270224 (540 failed)
L4 cells: 1260540 (540 failed)
L5 cells: 1206468 (540 failed)
L6 cells: 1029528 (504 failed)
Goalable Property cells: 1271376 (540 failed)
Level cells: 1271376 (540 failed)
Post AT Plan - Q1 cells: 1271376 (540 failed)
Post AT Plan - Q2 cells: 1271376 (540 failed)
Post AT Plan - Q3 cells: 1271376 (540 failed)
Post AT Plan - Q4 cells: 1271376 (540 failed)
Post AT Plan - FY cells: 1271376 (540 failed)
Rebates - Q1 cells: 1271376 (540 failed)
Rebates - Q2 cells: 1271376 (540 failed)
Rebates - Q3 cells: 1271376 (540 failed)
Rebates - Q4 cells: 1271376 (540 failed)
Rebates - FY cells: 1271376 (540 failed)
FMV - Q1 cells: 1271376 (540 failed)
FMV - Q2 cells: 1271376 (540 failed)
FMV - Q3 cells: 1271376 (540 failed)
FMV - Q4 cells: 1271376 (540 failed)
FMV - FY cells: 1271376 (540 failed)
WebEx - Q1 cells: 1271376 (540 failed)
WebEx - Q2 cells: 1271376 (540 failed)
WebEx - Q3 cells: 1271376 (540 failed)
WebEx - Q4 cells: 1271376 (540 failed)
WebEx - FY cells: 1271376 (540 failed)
Calculated Goal - Q1 cells: 1271376 (540 failed)
Calculated Goal - Q2 cells: 1271376 (540 failed)
Calculated Goal - Q3 cells: 1271376 (540 failed)
Calculated Goal - Q4 cells: 1271376 (540 failed)
Calculated Goal - FY cells: 1271376 (540 failed)
Automatic Tie out ON cells: 1271376 (540 failed)
Toggle Tie Out cells: 1271376 (540 failed)
FY22 Automated Goal - Q1 cells: 1271376 (540 failed)
FY22 Automated Goal - Q2 cells: 1271376 (540 failed)
FY22 Automated Goal - Q3 cells: 1271376 (540 failed)
FY22 Automated Goal - Q4 cells: 1271376 (540 failed)
FY22 Automated Goal - FY cells: 1271376 (540 failed)
H1 Submission - Q1 cells: 1271376 (540 failed)
H1 Submission - Q2 cells: 1271376 (540 failed)
H1 Submission - Q3 cells: 1271376 (540 failed)
H1 Submission - Q4 cells: 1271376 (540 failed)
Automatic Tie Out of Remaining Delta - Q1 cells: 1271376 (540 failed)
Automatic Tie Out of Remaining Delta - Q2 cells: 1271376 (540 failed)
Automatic Tie Out of Remaining Delta - Q3 cells: 1271376 (540 failed)
Automatic Tie Out of Remaining Delta - Q4 cells: 1271376 (540 failed)
Automatic Tie Out of Remaining Delta - FY cells: 1271376 (540 failed)
Goal Override - Q1 cells: 1271376 (540 failed)
Goal Override - Q2 cells: 1271376 (540 failed)
Goal Override - Q3 cells: 1271376 (540 failed)
Goal Override - Q4 cells: 1271376 (540 failed)
Goal Override - FY cells: 1271376 (540 failed)
Goal Override Type cells: 154708
Target Revision % cells: 1271376 (540 failed)
Final Goal - Q1 cells: 1271376 (540 failed)
Final Goal - Q2 cells: 1271376 (540 failed)
Final Goal - Q3 cells: 1271376 (540 failed)
Final Goal - Q4 cells: 1271376 (540 failed)
Final Goal - FY cells: 1271376 (540 failed)
Goal Planner cells: 28
Lock cells: 1271376 (540 failed)
Unlock cells: 1271376 (540 failed)
Submit for Approval cells: 1271376 (540 failed)
Goaling Status cells: 1271376 (540 failed)
Submitted By cells: 1271376 (540 failed)
Comments cells: 14770
Warnings cells: 568746
SIOS User ID cells: 224970
SIOS Comments cells: 330
Over/Under Planning cells: 1271376 (540 failed)
Over/Under Goaling cells: 1271376 (540 failed)
Compound Overgoaling cells: 1271376 (540 failed)
Negative on a Goalable Node/Positive on a Non-Goalable Node cells: 1271376 (540 failed)
Y-o-Y Growth - Q1 cells: 1271376 (540 failed)
Y-o-Y Growth - Q2 cells: 1271376 (540 failed)
Y-o-Y Growth - Q3 cells: 1271376 (540 failed)
Y-o-Y Growth - Q4 cells: 1271376 (540 failed)
Y-o-Y Growth - FY cells: 1271376 (540 failed)
Y-o-Y Growth - 1H cells: 1271376 (540 failed)
Y-o-Y Growth - 2H cells: 1271376 (540 failed)
FY21 Y/Y Growth% cells: 1271376 (540 failed)
FY20 Y/Y Growth% cells: 1271376 (540 failed)
Parent Delta - Q1 cells: 1271376 (540 failed)
Parent Delta - Q2 cells: 1271376 (540 failed)
Parent Delta - Q3 cells: 1271376 (540 failed)
Parent Delta - Q4 cells: 1271376 (540 failed)
Parent Delta - FY cells: 1271376 (540 failed)
Parent Delta % - Q1 cells: 1271376 (540 failed)
Parent Delta % - Q2 cells: 1271376 (540 failed)
Parent Delta % - Q3 cells: 1271376 (540 failed)
Parent Delta % - Q4 cells: 1271376 (540 failed)
Parent Delta % - FY cells: 1271376 (540 failed)
Seasonality - Q1 cells: 1271376 (540 failed)
Seasonality - Q2 cells: 1271376 (540 failed)
Seasonality - Q3 cells: 1271376 (540 failed)
Seasonality - Q4 cells: 1271376 (540 failed)
Seasonality - FY cells: 1271376 (540 failed)
Parent Seasonality - Q1 cells: 1271376 (540 failed)
Parent Seasonality - Q2 cells: 1271376 (540 failed)
Parent Seasonality - Q3 cells: 1271376 (540 failed)
Parent Seasonality - Q4 cells: 1271376 (540 failed)
Parent Seasonality - FY cells: 1271376 (540 failed)
Item not located in Share FLAT list: 53424

3 Line Item identifier(s) ("Y/Y Growth %", "FY22 Y/Y Growth % - 2H", "FY22 Y/Y Growth % - 1H") were not mapped and ignored
L0 cells: 1271376 (540 failed)
L1 cells: 1271340 (540 failed)
L2 cells: 1271232 (540 failed)
L3 cells: 1270224 (540 failed)
L4 cells: 1260540 (540 failed)
L5 cells: 1206468 (540 failed)
L6 cells: 1029528 (504 failed)
Goalable Property cells: 1271376 (540 failed)
Level cells: 1271376 (540 failed)
XCAT FLag cells: 1271376 (540 failed)
ELA Flag cells: 1271376 (540 failed)
BP Flag cells: 1271376 (540 failed)
FY19 Bookings - Q1 cells: 1271376 (540 failed)
FY19 Bookings - Q2 cells: 1271376 (540 failed)
FY19 Bookings - Q3 cells: 1271376 (540 failed)
FY19 Bookings - Q4 cells: 1271376 (540 failed)
FY19 Bookings - FY cells: 1271376 (540 failed)
FY20 Bookings - Q1 cells: 1271376 (540 failed)
FY20 Bookings - Q2 cells: 1271376 (540 failed)
FY20 Bookings - Q3 cells: 1271376 (540 failed)
FY20 Bookings - Q4 cells: 1271376 (540 failed)
FY20 Bookings - FY cells: 1271376 (540 failed)
FY21 Bookings - Q1 cells: 1271376 (540 failed)
FY21 Bookings - Q2 cells: 1271376 (540 failed)
FY21 Bookings - Q3 cells: 1271376 (540 failed)
FY21 Bookings - Q4 cells: 1271376 (540 failed)
FY21 Bookings - FY cells: 1271376 (540 failed)
FY22 Bookings - Q1 cells: 1271376 (540 failed)
FY22 Expected Finish - Q2 cells: 1271376 (540 failed)
Historicals: 2 Yr Average - Q1 cells: 1271376 (540 failed)
Historicals: 2 Yr Average - Q2 cells: 1271376 (540 failed)
Historicals: 2 Yr Average - Q3 cells: 1271376 (540 failed)
Historicals: 2 Yr Average - Q4 cells: 1271376 (540 failed)
Historicals: 2 Yr Average - FY cells: 1271376 (540 failed)
Historicals: 3 Yr Average - Q1 cells: 1271376 (540 failed)
Historicals: 3 Yr Average - Q2 cells: 1271376 (540 failed)
Historicals: 3 Yr Average - Q3 cells: 1271376 (540 failed)
Historicals: 3 Yr Average - Q4 cells: 1271376 (540 failed)
Historicals: 3 Yr Average - FY cells: 1271376 (540 failed)
2 Yr CAGR - Q1 cells: 1271376 (540 failed)
2 Yr CAGR - Q2 cells: 1271376 (540 failed)
2 Yr CAGR - Q3 cells: 1271376 (540 failed)
2 Yr CAGR - Q4 cells: 1271376 (540 failed)
2 Yr CAGR - FY cells: 1271376 (540 failed)
TAM Forecast - Q1 cells: 1271376 (540 failed)
TAM Forecast - Q2 cells: 1271376 (540 failed)
TAM Forecast - Q3 cells: 1271376 (540 failed)
TAM Forecast - Q4 cells: 1271376 (540 failed)
TAM Forecast - FY cells: 1271376 (540 failed)
Service Forecast - Q1 cells: 1271376 (540 failed)
Service Forecast - Q2 cells: 1271376 (540 failed)
Service Forecast - Q3 cells: 1271376 (540 failed)
Service Forecast - Q4 cells: 1271376 (540 failed)
Service Forecast - FY cells: 1271376 (540 failed)
Default Calculated Forecast - Q1 cells: 1271376 (540 failed)
Default Calculated Forecast - Q2 cells: 1271376 (540 failed)
Default Calculated Forecast - Q3 cells: 1271376 (540 failed)
Default Calculated Forecast - Q4 cells: 1271376 (540 failed)
Default Calculated Forecast - FY cells: 1271376 (540 failed)
Manual Forecast - Q1 cells: 1271376 (540 failed)
Manual Forecast - Q2 cells: 1271376 (540 failed)
Manual Forecast - Q3 cells: 1271376 (540 failed)
Manual Forecast - Q4 cells: 1271376 (540 failed)
Manual Forecast - FY cells: 1271376 (540 failed)
YoY Growth - MIX cells: 1271376 (540 failed)
Historicals: 2 Yr Average - MIX cells: 1271376 (540 failed)
Historicals: 3 Yr Average - MIX cells: 1271376 (540 failed)
2 Yr CAGR - MIX cells: 1271376 (540 failed)
TAM Forecast - MIX cells: 1271376 (540 failed)
Service Forecast - MIX cells: 1271376 (540 failed)
Manual Forecast - MIX cells: 1271376 (540 failed)
TOTAL MIX cells: 1271376 (540 failed)
Calculated Forecast - Q1 cells: 1271376 (540 failed)
Calculated Forecast - Q2 cells: 1271376 (540 failed)
Calculated Forecast - Q3 cells: 1271376 (540 failed)
Calculated Forecast - Q4 cells: 1271376 (540 failed)
Calculated Forecast - FY cells: 1271376 (540 failed)
Automatic Tie out ON cells: 1271376 (540 failed)
Toggle Tie Out cells: 1271376 (540 failed)
Plan Override - Q1 cells: 1271376 (540 failed)
1H Submitted  Post AT Plan - Q1 cells: 1271376 (540 failed)
1H Submitted  Post AT Plan - Q2 cells: 1271376 (540 failed)
1H Submitted  Post AT Plan - Q3 cells: 1271376 (540 failed)
1H Submitted  Post AT Plan - Q4 cells: 1271376 (540 failed)
1H Submitted  Post AT Plan - FY cells: 1271376 (540 failed)
Plan Override - Q2 cells: 1271376 (540 failed)
Plan Override - Q3 cells: 1271376 (540 failed)
Plan Override - Q4 cells: 1271376 (540 failed)
Plan Override - FY cells: 1271376 (540 failed)
Plan Override Types cells: 133304
Post AT Plan - Q1 cells: 1271376 (540 failed)
Post AT Plan - Q2 cells: 1271376 (540 failed)
Post AT Plan - Q3 cells: 1271376 (540 failed)
Post AT Plan - Q4 cells: 1271376 (540 failed)
Post AT Plan - FY cells: 1271376 (540 failed)
FY22 Y/Y Growth% cells: 1271376 (540 failed)
FY21 Y/Y Growth% cells: 1271376 (540 failed)
FY20 Y/Y Growth% cells: 1271376 (540 failed)
Parent Plan Delta - Q1 cells: 1271376 (540 failed)
Parent Plan Delta - Q2 cells: 1271376 (540 failed)
Parent Plan Delta - Q3 cells: 1271376 (540 failed)
Parent Plan Delta - Q4 cells: 1271376 (540 failed)
Parent Plan Delta - FY cells: 1271376 (540 failed)
Parent Plan Delta % - Q1 cells: 1271376 (540 failed)
Parent Plan Delta % - Q2 cells: 1271376 (540 failed)
Parent Plan Delta % - Q3 cells: 1271376 (540 failed)
Parent Plan Delta % - Q4 cells: 1271376 (540 failed)
Parent Plan Delta % - FY cells: 1271376 (540 failed)
Plan Status cells: 1271376 (540 failed)
Lock cells: 1271376 (540 failed)
Unlock cells: 1271376 (540 failed)
FY22 Automated Plan Q1 cells: 1271376 (540 failed)
FY22 Automated Plan Q2 cells: 1271376 (540 failed)
FY22 Automated Plan Q3 cells: 1271376 (540 failed)
FY22 Automated Plan Q4 cells: 1271376 (540 failed)
FY22 Automated Plan FY cells: 1271376 (540 failed)
Item not located in Share FLAT list: 62064

L0 cells: 918216 (405 failed)
L1 cells: 918190 (405 failed)
L2 cells: 918112 (405 failed)
L3 cells: 917384 (405 failed)
L4 cells: 910390 (405 failed)
L5 cells: 871338 (405 failed)
L6 cells: 743548 (378 failed)
Level cells: 918216 (405 failed)
FY22 TSS Renewal Base - Q1 (Cisco Ready) cells: 918216 (390 failed)
FY22 TSS Renewal Base - Q2 (Cisco Ready) cells: 918216 (390 failed)
FY22 TSS Renewal Base - Q3 (Cisco Ready) cells: 918216 (390 failed)
FY22 TSS Renewal Base - Q4 (Cisco Ready) cells: 918216 (390 failed)
FY22 TSS Renewal Base - FY cells: 918216 (390 failed)
FY20 TSS RCR% - Q1 cells: 918216 (405 failed)
FY20 TSS RCR% - Q2 cells: 918216 (405 failed)
FY20 TSS RCR% - Q3 cells: 918216 (405 failed)
FY20 TSS RCR% - Q4 cells: 918216 (405 failed)
FY20 TSS RCR% - FY cells: 918216 (405 failed)
FY21 TSS RCR% - Q1 cells: 918216 (405 failed)
FY21 TSS RCR% - Q2 cells: 918216 (405 failed)
FY21 TSS RCR% - Q3 cells: 918216 (405 failed)
FY21 TSS RCR% - Q4 cells: 918216 (405 failed)
FY21 TSS RCR% - FY cells: 918216 (405 failed)
2 Yr Average TSS RCR% - Q1 cells: 918216 (390 failed)
2 Yr Average TSS RCR% - Q2 cells: 918216 (390 failed)
2 Yr Average TSS RCR% - Q3 cells: 918216 (390 failed)
2 Yr Average TSS RCR% - Q4 cells: 918216 (390 failed)
2 Yr Average TSS RCR% - FY cells: 918216 (390 failed)
FY22 TSS RCR% Override - Q1 cells: 918216 (390 failed)
FY22 TSS RCR% Override - Q2 cells: 918216 (390 failed)
FY22 TSS RCR% Override - Q3 cells: 918216 (390 failed)
FY22 TSS RCR% Override - Q4 cells: 918216 (390 failed)
FY22 TSS RCR% Override - FY cells: 918216 (390 failed)
FY22 TSS Renew Override - Q1 cells: 918216 (390 failed)
FY22 TSS Renew Override - Q2 cells: 918216 (390 failed)
FY22 TSS Renew Override - Q3 cells: 918216 (390 failed)
FY22 TSS Renew Override - Q4 cells: 918216 (390 failed)
FY22 TSS Renew Override - FY cells: 918216 (390 failed)
FY22 TSS Renew - Q1 cells: 918216 (390 failed)
FY22 TSS Renew - Q2 cells: 918216 (390 failed)
FY22 TSS Renew - Q3 cells: 918216 (390 failed)
FY22 TSS Renew - Q4 cells: 918216 (390 failed)
FY22 TSS Renew - FY cells: 918216 (390 failed)
FY22 Attachable Product - Q1 cells: 918216 (390 failed)
FY22 Attachable Product - Q2 cells: 918216 (390 failed)
FY22 Attachable Product - Q3 cells: 918216 (390 failed)
FY22 Attachable Product - Q4 cells: 918216 (390 failed)
FY22 Attachable Product - FY cells: 918216 (390 failed)
FY20 TSS Attach Pen Rate - Q1 cells: 918216 (405 failed)
FY20 TSS Attach Pen Rate - Q2 cells: 918216 (405 failed)
FY20 TSS Attach Pen Rate - Q3 cells: 918216 (405 failed)
FY20 TSS Attach Pen Rate - Q4 cells: 918216 (405 failed)
FY20 TSS Attach Pen Rate - FY cells: 918216 (405 failed)
FY21 TSS Attach Pen Rate - Q1 cells: 918216 (405 failed)
FY21 TSS Attach Pen Rate - Q2 cells: 918216 (405 failed)
FY21 TSS Attach Pen Rate - Q3 cells: 918216 (405 failed)
FY21 TSS Attach Pen Rate - Q4 cells: 918216 (405 failed)
FY21 TSS Attach Pen Rate - FY cells: 918216 (405 failed)
2 Yr Average TSS Attach Pen Rate - Q1 cells: 918216 (390 failed)
2 Yr Average TSS Attach Pen Rate - Q2 cells: 918216 (390 failed)
2 Yr Average TSS Attach Pen Rate - Q3 cells: 918216 (390 failed)
2 Yr Average TSS Attach Pen Rate - Q4 cells: 918216 (390 failed)
2 Yr Average TSS Attach Pen Rate - FY cells: 918216 (390 failed)
FY22 TSS New Attach Override - Q1 cells: 918216 (390 failed)
FY22 TSS New Attach Override - Q2 cells: 918216 (390 failed)
FY22 TSS New Attach Override - Q3 cells: 918216 (390 failed)
FY22 TSS New Attach Override - Q4 cells: 918216 (390 failed)
FY22 TSS New Attach Override - FY cells: 918216 (390 failed)
FY22 TSS New Attach - Q1 cells: 918216 (390 failed)
FY22 TSS New Attach - Q2 cells: 918216 (390 failed)
FY22 TSS New Attach - Q3 cells: 918216 (390 failed)
FY22 TSS New Attach - Q4 cells: 918216 (390 failed)
FY22 TSS New Attach - FY cells: 918216 (390 failed)
FY22 TSS Override - Q1 cells: 918216 (390 failed)
FY22 TSS Override - Q2 cells: 918216 (390 failed)
FY22 TSS Override - Q3 cells: 918216 (390 failed)
FY22 TSS Override - Q4 cells: 918216 (390 failed)
FY22 TSS Override - FY cells: 918216 (390 failed)
FY22 Total TSS - Q1 cells: 918216 (390 failed)
FY22 Total TSS - Q2 cells: 918216 (390 failed)
FY22 Total TSS - Q3 cells: 918216 (390 failed)
FY22 Total TSS - Q4 cells: 918216 (390 failed)
FY22 Total TSS - FY cells: 918216 (390 failed)
FY20  AS-S - Q1 cells: 918216 (405 failed)
FY20 AS-S - Q2 cells: 918216 (405 failed)
FY20 AS-S - Q3 cells: 918216 (405 failed)
FY20 AS-S - Q4 cells: 918216 (405 failed)
FY20 AS-S - FY cells: 918216 (405 failed)
FY21 AS-S - Q1 cells: 918216 (405 failed)
FY21 AS-S - Q2 cells: 918216 (405 failed)
FY21 AS-S - Q3 cells: 918216 (405 failed)
FY21 AS-S - Q4 cells: 918216 (405 failed)
FY21 AS-S - FY cells: 918216 (405 failed)
FY22 AS-S Override - Q1 cells: 918216 (390 failed)
FY22 AS-S Override - Q2 cells: 918216 (390 failed)
FY22 AS-S Override - Q3 cells: 918216 (390 failed)
FY22 AS-S Override - Q4 cells: 918216 (390 failed)
FY22 AS-S Override - FY cells: 918216 (390 failed)
FY22 Total AS-S - Q1 cells: 918216 (390 failed)
FY22 Total AS-S - Q2 cells: 918216 (390 failed)
FY22 Total AS-S - Q3 cells: 918216 (390 failed)
FY22 Total AS-S - Q4 cells: 918216 (390 failed)
FY22 Total AS-S - FY cells: 918216 (390 failed)
FY22 Product Goal (AS-T) - Q1 cells: 918216 (390 failed)
FY22 Product Goal (AS-T) - Q2 cells: 918216 (390 failed)
FY22 Product Goal (AS-T) - Q3 cells: 918216 (390 failed)
FY22 Product Goal (AS-T) - Q4 cells: 918216 (390 failed)
FY22 Product Goal (AS-T) - FY cells: 918216 (390 failed)
FY19 AS-T Attach Pen Rate - Q1 cells: 918216 (405 failed)
FY19 AS-T Attach Pen Rate - Q2 cells: 918216 (405 failed)
FY19 AS-T Attach Pen Rate - Q3 cells: 918216 (405 failed)
FY19 AS-T Attach Pen Rate - Q4 cells: 918216 (405 failed)
FY19 AS-T Attach Pen Rate - FY cells: 918216 (405 failed)
FY20 AS-T Attach Pen Rate - Q1 cells: 918216 (405 failed)
FY20 AS-T Attach Pen Rate - Q2 cells: 918216 (405 failed)
FY20 AS-T Attach Pen Rate - Q3 cells: 918216 (405 failed)
FY20 AS-T Attach Pen Rate - Q4 cells: 918216 (405 failed)
FY20 AS-T Attach Pen Rate - FY cells: 918216 (405 failed)
FY21 AS-T Attach Pen Rate - Q1 cells: 918216 (405 failed)
FY21 AS-T Attach Pen Rate - Q2 cells: 918216 (405 failed)
FY21 AS-T Attach Pen Rate - Q3 cells: 918216 (405 failed)
FY21 AS-T Attach Pen Rate - Q4 cells: 918216 (405 failed)
FY21 AS-T Attach Pen Rate - FY cells: 918216 (405 failed)
3 Yr Average AS-T Attach Pen Rate - Q1 cells: 918216 (390 failed)
3 Yr Average AS-T Attach Pen Rate - Q2 cells: 918216 (390 failed)
3 Yr Average AS-T Attach Pen Rate - Q3 cells: 918216 (390 failed)
3 Yr Average AS-T Attach Pen Rate - Q4 cells: 918216 (390 failed)
3 Yr Average AS-T Attach Pen Rate - FY cells: 918216 (390 failed)
3 Yr Average AS-T Attach Pen Rate Override - Q1 cells: 918216 (390 failed)
3 Yr Average AS-T Attach Pen Rate Override - Q2 cells: 918216 (390 failed)
3 Yr Average AS-T Attach Pen Rate Override - Q3 cells: 918216 (390 failed)
3 Yr Average AS-T Attach Pen Rate Override - Q4 cells: 918216 (390 failed)
3 Yr AverageAS-T Attach Pen Rate Override - FY cells: 918216 (390 failed)
FY20 AS-T - Q1 cells: 918216 (405 failed)
FY20 AS-T - Q2 cells: 918216 (405 failed)
FY20 AS-T - Q3 cells: 918216 (405 failed)
FY20 AS-T - Q4 cells: 918216 (405 failed)
FY20 AS-T - FY cells: 918216 (405 failed)
FY21 AS-T - Q1 cells: 918216 (405 failed)
FY21 AS-T - Q2 cells: 918216 (405 failed)
FY21 AS-T - Q3 cells: 918216 (405 failed)
FY21 AS-T - Q4 cells: 918216 (405 failed)
FY21 AS-T - FY cells: 918216 (405 failed)
2 Yr Average AS-T - Q1 cells: 918216 (390 failed)
2 Yr Average AS-T - Q2 cells: 918216 (390 failed)
2 Yr Average AS-T - Q3 cells: 918216 (390 failed)
2 Yr Average AS-T - Q4 cells: 918216 (390 failed)
2 Yr Average AS-T - FY cells: 918216 (390 failed)
FY22 AS-T Growth % - Q1 cells: 918216 (390 failed)
FY22 AS-T Growth % - Q2 cells: 918216 (390 failed)
FY22 AS-T Growth % - Q3 cells: 918216 (390 failed)
FY22 AS-T Growth % - Q4 cells: 918216 (390 failed)
FY22 AS-T Growth % - FY cells: 918216 (390 failed)
FY22 AS-T Override - Q1 cells: 918216 (390 failed)
FY22 AS-T Override - Q2 cells: 918216 (390 failed)
FY22 AS-T Override - Q3 cells: 918216 (390 failed)
FY22 AS-T Override - Q4 cells: 918216 (390 failed)
FY22 AS-T Override - FY cells: 918216 (390 failed)
FY22 Total AS-T - Q1 cells: 918216 (390 failed)
FY22 Total AS-T - Q2 cells: 918216 (390 failed)
FY22 Total AS-T - Q3 cells: 918216 (390 failed)
FY22 Total AS-T - Q4 cells: 918216 (390 failed)
FY22 Total AS-T - FY cells: 918216 (390 failed)
FY22 AS Override - Q1 cells: 918216 (390 failed)
FY22 AS Override - Q2 cells: 918216 (390 failed)
FY22 AS Override - Q3 cells: 918216 (390 failed)
FY22 AS Override - Q4 cells: 918216 (390 failed)
FY22 AS Override - FY cells: 918216 (390 failed)
FY22 Total AS - Q1 cells: 918216 (390 failed)
FY22 Total AS - Q2 cells: 918216 (390 failed)
FY22 Total AS - Q3 cells: 918216 (390 failed)
FY22 Total AS - Q4 cells: 918216 (390 failed)
FY22 Total AS - FY cells: 918216 (390 failed)
FY22 Total Services - Q1 cells: 918216 (390 failed)
FY22 Total Services - Q2 cells: 918216 (390 failed)
FY22 Total Services - Q3 cells: 918216 (390 failed)
FY22 Total Services - Q4 cells: 918216 (390 failed)
FY22 Total Services FY cells: 918216 (390 failed)
PEC cells: 918216 (390 failed)
FY22 AS-S - Q1 cells: 918216 (405 failed)
FY22 AS-S - Q2 cells: 918216 (405 failed)
FY22 AS-T - Q1 cells: 918216 (405 failed)
FY22 AS-T - Q2 cells: 918216 (405 failed)
FY22 AS-S Renewal Base -  Q1 (Cisco Ready) cells: 918216 (390 failed)
FY22 AS-S Renewal Base -  Q2 (Cisco Ready) cells: 918216 (390 failed)
FY22 AS-S Renewal Base -  Q3 (Cisco Ready) cells: 918216 (390 failed)
FY22 AS-S Renewal Base -  Q4 (Cisco Ready) cells: 918216 (390 failed)
FY22 AS-S Renewal Base -  FY (Cisco Ready) cells: 918216 (390 failed)
2 Yr Average AS-S RCR % - Q1 cells: 918216 (390 failed)
2 Yr Average AS-S RCR % - Q2 cells: 918216 (390 failed)
2 Yr Average AS-S RCR % - Q3 cells: 918216 (390 failed)
2 Yr Average AS-S RCR % - Q4 cells: 918216 (390 failed)
2 Yr Average AS-S RCR % - FY cells: 918216 (390 failed)
2 Yr Average AS-S RCR % Override - Q1 cells: 918216 (390 failed)
2 Yr Average AS-S RCR % Override - Q2 cells: 918216 (390 failed)
2 Yr Average AS-S RCR % Override - Q3 cells: 918216 (390 failed)
2 Yr Average AS-S RCR % Override - Q4 cells: 918216 (390 failed)
2 Yr Average AS-S RCR % Override - FY cells: 918216 (390 failed)
FY22 AS-S Renew Override - Q1 cells: 918216 (390 failed)
FY22 AS-S Renew Override - Q2 cells: 918216 (390 failed)
FY22 AS-S Renew Override - Q3 cells: 918216 (390 failed)
FY22 AS-S Renew Override - Q4 cells: 918216 (390 failed)
FY22 AS-S Renew Override - FY cells: 918216 (390 failed)
AS-S Renew - Q1 cells: 918216 (390 failed)
AS-S Renew - Q2 cells: 918216 (390 failed)
AS-S Renew - Q3 cells: 918216 (390 failed)
AS-S Renew - Q4 cells: 918216 (390 failed)
AS-S Renew - FY cells: 918216 (390 failed)
2 Yr Average AS-S New - Q1 cells: 918216 (390 failed)
2 Yr Average AS-S New - Q2 cells: 918216 (390 failed)
2 Yr Average AS-S New - Q3 cells: 918216 (390 failed)
2 Yr Average AS-S New - Q4 cells: 918216 (390 failed)
2 Yr Average AS-S New - FY cells: 918216 (390 failed)
FY22 AS-S New Growth % - Q1 cells: 918216 (390 failed)
FY22 AS-S New Growth % - Q2 cells: 918216 (390 failed)
FY22 AS-S New Growth % - Q3 cells: 918216 (390 failed)
FY22 AS-S New Growth % - Q4 cells: 918216 (390 failed)
FY22 AS-S New Growth % - FY cells: 918216 (390 failed)
FY22 AS-S New Override - Q1 cells: 918216 (390 failed)
FY22 AS-S New Override - Q2 cells: 918216 (390 failed)
FY22 AS-S New Override - Q3 cells: 918216 (390 failed)
FY22 AS-S New Override - Q4 cells: 918216 (390 failed)
FY22 AS-S New Override - FY cells: 918216 (390 failed)
AS-S New - Q1 cells: 918216 (390 failed)
AS-S New - Q2 cells: 918216 (390 failed)
AS-S New - Q3 cells: 918216 (390 failed)
AS-S New - Q4 cells: 918216 (390 failed)
AS-S New - FY cells: 918216 (390 failed)
Item not located in Share FLAT list: 89898

SIOS Approver cells: 483378
Finance Director ID cells: 11
SIOS Status cells: 487110
Proposed Final Goal FY cells: 4520448 (1920 failed)
Proposed Final Goal Q4 cells: 4520448 (1920 failed)
Proposed Final Goal Q3 cells: 4520448 (1920 failed)
Proposed Final Goal Q2 cells: 4520448 (1920 failed)
Proposed Final Goal Q1 cells: 4520448 (1920 failed)
Comments by Goal Planner cells: 23949
SIOS Comments cells: 869
SIOS Approver ID cells: 1
Approve? cells: 1
#Checks Failed cells: 4520448 (1920 failed)
Date Submitted cells: 487110
Goal Planner cells: 4520448 (1920 failed)
Impact Type cells: 487110
Goal Type cells: 4520448 (1920 failed)
Goalable Property cells: 4520448 (1920 failed)
Node Level cells: 4520448 (1920 failed)
Item not located in Share FLAT list: 19200

Level cells: 1342008 (1920 failed, 3178440 ignored)
XCAT- FY19 - Q1 cells: 1342008 (1920 failed, 3178440 ignored)
XCAT- FY19 - Q2 cells: 1342008 (1920 failed, 3178440 ignored)
XCAT- FY19 - Q3 cells: 1342008 (1920 failed, 3178440 ignored)
XCAT- FY19 - Q4 cells: 1342008 (1920 failed, 3178440 ignored)
ELA - FY19 -Q1 cells: 1342008 (1920 failed, 3178440 ignored)
ELA - FY19 -Q2 cells: 1342008 (1920 failed, 3178440 ignored)
ELA - FY19 -Q3 cells: 1342008 (1920 failed, 3178440 ignored)
ELA - FY19 -Q4 cells: 1342008 (1920 failed, 3178440 ignored)
BP - FY19 - Q1 cells: 1342008 (1920 failed, 3178440 ignored)
BP - FY19 - Q2 cells: 1342008 (1920 failed, 3178440 ignored)
BP - FY19 - Q3 cells: 1342008 (1920 failed, 3178440 ignored)
BP - FY19 - Q4 cells: 1342008 (1920 failed, 3178440 ignored)
Item not located in Share FLAT list: 24960

Level cells: 1342008 (1920 failed, 3178440 ignored)
XCAT- FY20 - Q1 cells: 1342008 (1920 failed, 3178440 ignored)
XCAT- FY20 - Q2 cells: 1342008 (1920 failed, 3178440 ignored)
XCAT- FY20 - Q3 cells: 1342008 (1920 failed, 3178440 ignored)
XCAT- FY20 - Q4 cells: 1342008 (1920 failed, 3178440 ignored)
ELA - FY20 -Q1 cells: 1342008 (1920 failed, 3178440 ignored)
ELA - FY20 -Q2 cells: 1342008 (1920 failed, 3178440 ignored)
ELA - FY20 -Q3 cells: 1342008 (1920 failed, 3178440 ignored)
ELA - FY20 -Q4 cells: 1342008 (1920 failed, 3178440 ignored)
BP - FY20 - Q1 cells: 1342008 (1920 failed, 3178440 ignored)
BP - FY20 - Q2 cells: 1342008 (1920 failed, 3178440 ignored)
BP - FY20 - Q3 cells: 1342008 (1920 failed, 3178440 ignored)
BP - FY20 - Q4 cells: 1342008 (1920 failed, 3178440 ignored)
Item not located in Share FLAT list: 24960

Level cells: 1342008 (1920 failed, 3178440 ignored)
XCAT- FY21 - Q1 cells: 1342008 (1920 failed, 3178440 ignored)
XCAT- FY21 - Q2 cells: 1342008 (1920 failed, 3178440 ignored)
XCAT- FY21 - Q3 cells: 1342008 (1920 failed, 3178440 ignored)
XCAT- FY21 - Q4 cells: 1342008 (1920 failed, 3178440 ignored)
ELA - FY21 -Q1 cells: 1342008 (1920 failed, 3178440 ignored)
ELA - FY21 -Q2 cells: 1342008 (1920 failed, 3178440 ignored)
ELA - FY21 -Q3 cells: 1342008 (1920 failed, 3178440 ignored)
ELA - FY21 -Q4 cells: 1342008 (1920 failed, 3178440 ignored)
BP - FY21 - Q1 cells: 1342008 (1920 failed, 3178440 ignored)
BP - FY21 - Q2 cells: 1342008 (1920 failed, 3178440 ignored)
BP - FY21 - Q3 cells: 1342008 (1920 failed, 3178440 ignored)
BP - FY21 - Q4 cells: 1342008 (1920 failed, 3178440 ignored)
Item not located in Share FLAT list: 24960

Level cells: 1342008 (1920 failed, 3178440 ignored)
XCAT- FY22 - Q1 cells: 1342008 (1920 failed, 3178440 ignored)
XCAT- FY22- Q2 cells: 1342008 (1920 failed, 3178440 ignored)
ELA - FY22 - Q1 cells: 1342008 (1920 failed, 3178440 ignored)
ELA - FY22 - Q2 cells: 1342008 (1920 failed, 3178440 ignored)
BP - FY22 - Q1 cells: 1342008 (1920 failed, 3178440 ignored)
BP - FY22 - Q2 cells: 1342008 (1920 failed, 3178440 ignored)
XCAT- FY22 - Q4 cells: 1342008 (1920 failed, 3178440 ignored)
XCAT- FY22 - Q3 cells: 1342008 (1920 failed, 3178440 ignored)
ELA - FY22 - Q3 cells: 1342008 (1920 failed, 3178440 ignored)
ELA - FY22 - Q4 cells: 1342008 (1920 failed, 3178440 ignored)
BP - FY22 - Q4 cells: 1342008 (1920 failed, 3178440 ignored)
BP - FY22 - Q3 cells: 1342008 (1920 failed, 3178440 ignored)
Item not located in Share FLAT list: 24960

Level cells: 3178440 (1920 failed, 1342008 ignored)
XCAT- FY19 - Q1 cells: 3178440 (1920 failed, 1342008 ignored)
XCAT- FY19 - Q2 cells: 3178440 (1920 failed, 1342008 ignored)
XCAT- FY19 - Q3 cells: 3178440 (1920 failed, 1342008 ignored)
XCAT- FY19 - Q4 cells: 3178440 (1920 failed, 1342008 ignored)
ELA - FY19 -Q1 cells: 3178440 (1920 failed, 1342008 ignored)
ELA - FY19  -Q2 cells: 3178440 (1920 failed, 1342008 ignored)
ELA - FY19 -Q3 cells: 3178440 (1920 failed, 1342008 ignored)
ELA - FY19 -Q4 cells: 3178440 (1920 failed, 1342008 ignored)
BP - FY19 - Q1 cells: 3178440 (1920 failed, 1342008 ignored)
BP - FY19 - Q2 cells: 3178440 (1920 failed, 1342008 ignored)
BP - FY19 - Q3 cells: 3178440 (1920 failed, 1342008 ignored)
BP - FY19 - Q4 cells: 3178440 (1920 failed, 1342008 ignored)
Item not located in Share FLAT list: 24960

Level cells: 3178440 (1920 failed, 1342008 ignored)
XCAT- FY20 - Q1 cells: 3178440 (1920 failed, 1342008 ignored)
XCAT- FY20 - Q2 cells: 3178440 (1920 failed, 1342008 ignored)
XCAT- FY20 - Q3 cells: 3178440 (1920 failed, 1342008 ignored)
XCAT- FY20 - Q4 cells: 3178440 (1920 failed, 1342008 ignored)
ELA - FY20 -Q1 cells: 3178440 (1920 failed, 1342008 ignored)
ELA - FY20 -Q2 cells: 3178440 (1920 failed, 1342008 ignored)
ELA - FY20 -Q3 cells: 3178440 (1920 failed, 1342008 ignored)
ELA - FY20 -Q4 cells: 3178440 (1920 failed, 1342008 ignored)
BP - FY20 - Q1 cells: 3178440 (1920 failed, 1342008 ignored)
BP - FY20 - Q2 cells: 3178440 (1920 failed, 1342008 ignored)
BP - FY20 - Q3 cells: 3178440 (1920 failed, 1342008 ignored)
BP - FY20 - Q4 cells: 3178440 (1920 failed, 1342008 ignored)
Item not located in Share FLAT list: 24960

Level cells: 3178440 (1920 failed, 1342008 ignored)
XCAT- FY21 - Q1 cells: 3178440 (1920 failed, 1342008 ignored)
XCAT- FY21 - Q2 cells: 3178440 (1920 failed, 1342008 ignored)
XCAT- FY21 - Q3 cells: 3178440 (1920 failed, 1342008 ignored)
XCAT- FY21 - Q4 cells: 3178440 (1920 failed, 1342008 ignored)
ELA - FY21 -Q1 cells: 3178440 (1920 failed, 1342008 ignored)
ELA - FY21 -Q2 cells: 3178440 (1920 failed, 1342008 ignored)
ELA - FY21 -Q3 cells: 3178440 (1920 failed, 1342008 ignored)
ELA - FY21 -Q4 cells: 3178440 (1920 failed, 1342008 ignored)
BP - FY21 - Q1 cells: 3178440 (1920 failed, 1342008 ignored)
BP - FY21 - Q2 cells: 3178440 (1920 failed, 1342008 ignored)
BP - FY21 - Q3 cells: 3178440 (1920 failed, 1342008 ignored)
BP - FY21 - Q4 cells: 3178440 (1920 failed, 1342008 ignored)
Item not located in Share FLAT list: 24960

Level cells: 3178440 (1920 failed, 1342008 ignored)
XCAT- FY22 - Q1 cells: 3178440 (1920 failed, 1342008 ignored)
XCAT- FY22 - Q2 cells: 3178440 (1920 failed, 1342008 ignored)
ELA - FY22 -Q1 cells: 3178440 (1920 failed, 1342008 ignored)
ELA - FY22 -Q2 cells: 3178440 (1920 failed, 1342008 ignored)
BP - FY22 - Q1 cells: 3178440 (1920 failed, 1342008 ignored)
BP - FY22 - Q2 cells: 3178440 (1920 failed, 1342008 ignored)
XCAT- FY22 - Q4 cells: 3178440 (1920 failed, 1342008 ignored)
XCAT- FY22 - Q3 cells: 3178440 (1920 failed, 1342008 ignored)
ELA - FY22 -Q4 cells: 3178440 (1920 failed, 1342008 ignored)
ELA - FY22 -Q3 cells: 3178440 (1920 failed, 1342008 ignored)
BP - FY22 - Q4 cells: 3178440 (1920 failed, 1342008 ignored)
BP - FY22 - Q3 cells: 3178440 (1920 failed, 1342008 ignored)
Item not located in Share FLAT list: 24960


Dump file written to "/apps/sales/EA_SALES_Prod_860/DATA/SALES_ANAPLAN_OIC/work/NLG22_Model_refresh/1-112000000076-Failures for Import 76"
Dump file written to "/apps/sales/EA_SALES_Prod_860/DATA/SALES_ANAPLAN_OIC/work/NLG22_Model_refresh/2-112000000075-Failures for Import 75"
Dump file written to "/apps/sales/EA_SALES_Prod_860/DATA/SALES_ANAPLAN_OIC/work/NLG22_Model_refresh/3-112000000080-Failures for Import 80"
Dump file written to "/apps/sales/EA_SALES_Prod_860/DATA/SALES_ANAPLAN_OIC/work/NLG22_Model_refresh/4-112000000079-Failures for Import 79"
Dump file written to "/apps/sales/EA_SALES_Prod_860/DATA/SALES_ANAPLAN_OIC/work/NLG22_Model_refresh/5-112000000023-Failures for Import 23"
Dump file written to "/apps/sales/EA_SALES_Prod_860/DATA/SALES_ANAPLAN_OIC/work/NLG22_Model_refresh/6-112000000085-Failures for Import 85"
Dump file written to "/apps/sales/EA_SALES_Prod_860/DATA/SALES_ANAPLAN_OIC/work/NLG22_Model_refresh/7-112000000088-Failures for Import 88"
Dump file written to "/apps/sales/EA_SALES_Prod_860/DATA/SALES_ANAPLAN_OIC/work/NLG22_Model_refresh/8-112000000089-Failures for Import 89"
Dump file written to "/apps/sales/EA_SALES_Prod_860/DATA/SALES_ANAPLAN_OIC/work/NLG22_Model_refresh/9-112000000090-Failures for Import 90"
Dump file written to "/apps/sales/EA_SALES_Prod_860/DATA/SALES_ANAPLAN_OIC/work/NLG22_Model_refresh/10-112000000084-Failures for Import 84"
Dump file written to "/apps/sales/EA_SALES_Prod_860/DATA/SALES_ANAPLAN_OIC/work/NLG22_Model_refresh/11-112000000083-Failures for Import 83"
Dump file written to "/apps/sales/EA_SALES_Prod_860/DATA/SALES_ANAPLAN_OIC/work/NLG22_Model_refresh/12-112000000086-Failures for Import 86"
Dump file written to "/apps/sales/EA_SALES_Prod_860/DATA/SALES_ANAPLAN_OIC/work/NLG22_Model_refresh/13-112000000087-Failures for Import 87"
