 Start Time:  Mon Aug 30 14:30: PDT 2021
cd /apps/sales/EA_SALES_Prod_860/DATA/SALES_ANAPLAN_OIC/work/anaplan-connect-1-3-3-3
./AnaplanClient.sh -user anpadmua.gen@cisco.com:L5EJNstptxpa8A7 -workspace 8a868cd87a25f4cf017a54dbb22c16e3 -model 2FA3B2DE0B544E139FD6BB012D2DA513 -debug -process 'Notifications Process' -execute -output /apps/sales/EA_SALES_Prod_860/DATA/SALES_ANAPLAN_OIC/work/notification_process
Anaplan Connect 1.3.3-3
OpenJDK 64-Bit Server VM (Azul Systems, Inc.)/25.222-b10 (1.8.0_222)
Linux (amd64)/3.10.0-1160.11.1.el7.x86_64
The operation was successful.
Notification ID: 943 (1/942) rows successful, 0 ignored 

Notification ID: 0 (0/0) rows successful, 0 ignored 

Node cells: 943
PEC cells: 943
Status cells: 943
To cells: 943
Revision Flag cells: 943
Cc cells: 13
Goal Type cells: 943
Current Goal - Q1 cells: 943
Current Goal - Q2 cells: 943
Current Goal - Q3 cells: 943
Current Goal - Q4 cells: 943
Previous Goal - Q1 cells: 943
Previous Goal - Q2 cells: 943
Previous Goal - Q3 cells: 943
Previous Goal - Q4 cells: 943
Goalplanner cells: 943


Notification ID: 0 (0/0) rows successful, 0 ignored 


Notification ID: 0 (0/0) rows successful, 0 ignored 


Notification ID: 0 (0/0) rows successful, 0 ignored 


Notification ID: 0 (0/0) rows successful, 0 ignored 


Notification ID: 0 (0/0) rows successful, 0 ignored 


Notification ID: 0 (0/0) rows successful, 0 ignored 


Notification ID: 0 (0/0) rows successful, 0 ignored 


Notification ID: 0 (0/0) rows successful, 0 ignored 



cd /apps/sales/EA_SALES_Prod_860/DATA/SALES_ANAPLAN_OIC/work/anaplan-connect-1-3-3-3
./AnaplanClient.sh -user anpadmua.gen@cisco.com:L5EJNstptxpa8A7 -workspace 8a868cd87a25f4cf017a54dbb22c16e3 -model 2FA3B2DE0B544E139FD6BB012D2DA513 -export 'Notifications - Export by ETL' -execute -get /apps/sales/EA_SALES_Prod_860/DATA/SALES_ANAPLAN_OIC/work/FF_NOTIFICATION_INTERFACE_CY.csv
The operation was successful.

The server file Notifications - Export by ETL has been downloaded to /apps/sales/EA_SALES_Prod_860/DATA/SALES_ANAPLAN_OIC/work/FF_NOTIFICATION_INTERFACE_CY.csv
12552
 End Time:  Mon Aug 30 14:30: PDT 2021
0 minutes and 17 seconds elapsed for Script Execution.
