
cd /apps/informatica/admin/SALES/EA_Sales_Prod_961/DATA/SALES_ANAPLAN_OIC/work/anaplan-connect-1-3-3-3
./AnaplanClient.sh -user anpadmua.gen@cisco.com:L5EJNstptxpa8A7 -workspace 8a81b0106d31d556016d3c59c99941a9 -model 1DF1AF61970242EFAF7E7A2951C4140C -file ff_xxanp_party_conflict_rpt.csv -put '/apps/informatica/admin/SALES/EA_Sales_Prod_961/DATA/SALES_ANAPLAN_OIC/work/ff_xxanp_party_conflict_rpt.csv' -import 'Conflict Party ID from ff_xxanp_party_conflict_rpt.csv' -execute -output '/apps/informatica/admin/SALES/EA_Sales_Prod_961/SALES_ANAPLAN_OIC/work/conflict_party_list.err' -import 'Conflict Report from ff_xxanp_party_conflict_rpt.csv' -execute -output '/apps/informatica/admin/SALES/EA_Sales_Prod_961/DATA/SALES_ANAPLAN_OIC/work/conflict_party_module.err'
The file "/apps/informatica/admin/SALES/EA_Sales_Prod_961/DATA/SALES_ANAPLAN_OIC/work/ff_xxanp_party_conflict_rpt.csv" has been uploaded as ff_xxanp_party_conflict_rpt.csv.
The operation was successful.
Conflict Party ID: 1518761 (0/1518761) rows successful, 0 ignored 

The operation was successful.
CONFLICT_ID cells: 1518761
CONFLICT_GROUP_ACCT_ID cells: 1518761
CONFLICT_TYPE cells: 1517431
PARTY_ID cells: 1518761
SPLIT_PCT cells: 1518761
LINK_PARTY_ID cells: 1518761
LINK_PARTY_TYPE cells: 1518761
SALES_ACCT_ID cells: 1518761
OWNER_ID cells: 1518761
OWNERSHIP_STATUS cells: 1518761
FULL_NAME cells: 1502234
START_DATE cells: 1518761
END_DATE cells: 1518761

cd /apps/informatica/admin/SALES/EA_Sales_Prod_961/DATA/SALES_ANAPLAN_OIC/work/anaplan-connect-1-3-3-3
./AnaplanClient.sh -user anpadmua.gen@cisco.com:L5EJNstptxpa8A7 -workspace 8a81b0106d31d556016d3c59c99941a9 -model 1DF1AF61970242EFAF7E7A2951C4140C -file ff_xxanp_party_conflict_rpt.csv -put '/apps/informatica/admin/SALES/EA_Sales_Prod_961/DATA/SALES_ANAPLAN_OIC/work/ff_xxanp_party_conflict_rpt.csv' -import 'Conflict Party ID from ff_xxanp_party_conflict_rpt.csv' -execute -output '/apps/informatica/admin/SALES/EA_Sales_Prod_961/SALES_ANAPLAN_OIC/work/conflict_party_list.err' -import 'Conflict Report from ff_xxanp_party_conflict_rpt.csv' -execute -output '/apps/informatica/admin/SALES/EA_Sales_Prod_961/DATA/SALES_ANAPLAN_OIC/work/conflict_party_module.err'
The file "/apps/informatica/admin/SALES/EA_Sales_Prod_961/DATA/SALES_ANAPLAN_OIC/work/ff_xxanp_party_conflict_rpt.csv" has been uploaded as ff_xxanp_party_conflict_rpt.csv.
The operation was successful.
Conflict Party ID: 1518196 (0/1518196) rows successful, 0 ignored 

The operation was successful.
CONFLICT_ID cells: 1518196
CONFLICT_GROUP_ACCT_ID cells: 1518196
CONFLICT_TYPE cells: 1517697
PARTY_ID cells: 1518196
SPLIT_PCT cells: 1518196
LINK_PARTY_ID cells: 1518196
LINK_PARTY_TYPE cells: 1518196
SALES_ACCT_ID cells: 1518196
OWNER_ID cells: 1518196
OWNERSHIP_STATUS cells: 1518196
FULL_NAME cells: 1502290
START_DATE cells: 1518196
END_DATE cells: 1518196

cd /apps/informatica/admin/SALES/EA_Sales_Prod_961/DATA/SALES_ANAPLAN_OIC/work/anaplan-connect-1-3-3-3
./AnaplanClient.sh -user anpadmua.gen@cisco.com:L5EJNstptxpa8A7 -workspace 8a81b0106d31d556016d3c59c99941a9 -model 1DF1AF61970242EFAF7E7A2951C4140C -file ff_xxanp_party_conflict_rpt.csv -put '/apps/informatica/admin/SALES/EA_Sales_Prod_961/DATA/SALES_ANAPLAN_OIC/work/ff_xxanp_party_conflict_rpt.csv' -import 'Conflict Party ID from ff_xxanp_party_conflict_rpt.csv' -execute -output '/apps/informatica/admin/SALES/EA_Sales_Prod_961/SALES_ANAPLAN_OIC/work/conflict_party_list.err' -import 'Conflict Report from ff_xxanp_party_conflict_rpt.csv' -execute -output '/apps/informatica/admin/SALES/EA_Sales_Prod_961/DATA/SALES_ANAPLAN_OIC/work/conflict_party_module.err'
The file "/apps/informatica/admin/SALES/EA_Sales_Prod_961/DATA/SALES_ANAPLAN_OIC/work/ff_xxanp_party_conflict_rpt.csv" has been uploaded as ff_xxanp_party_conflict_rpt.csv.
The operation was successful.
Conflict Party ID: 1518510 (0/1518510) rows successful, 0 ignored 

The operation was successful.
CONFLICT_ID cells: 1518510
CONFLICT_GROUP_ACCT_ID cells: 1518510
CONFLICT_TYPE cells: 1518011
PARTY_ID cells: 1518510
SPLIT_PCT cells: 1518510
LINK_PARTY_ID cells: 1518510
LINK_PARTY_TYPE cells: 1518510
SALES_ACCT_ID cells: 1518510
OWNER_ID cells: 1518510
OWNERSHIP_STATUS cells: 1518510
FULL_NAME cells: 1502447
START_DATE cells: 1518510
END_DATE cells: 1518510

cd /apps/informatica/admin/SALES/EA_Sales_Prod_961/DATA/SALES_ANAPLAN_OIC/work/anaplan-connect-1-3-3-3
./AnaplanClient.sh -user anpadmua.gen@cisco.com:L5EJNstptxpa8A7 -workspace 8a81b0106d31d556016d3c59c99941a9 -model 1DF1AF61970242EFAF7E7A2951C4140C -file ff_xxanp_party_conflict_rpt.csv -put '/apps/informatica/admin/SALES/EA_Sales_Prod_961/DATA/SALES_ANAPLAN_OIC/work/ff_xxanp_party_conflict_rpt.csv' -import 'Conflict Party ID from ff_xxanp_party_conflict_rpt.csv' -execute -output '/apps/informatica/admin/SALES/EA_Sales_Prod_961/SALES_ANAPLAN_OIC/work/conflict_party_list.err' -import 'Conflict Report from ff_xxanp_party_conflict_rpt.csv' -execute -output '/apps/informatica/admin/SALES/EA_Sales_Prod_961/DATA/SALES_ANAPLAN_OIC/work/conflict_party_module.err'
The file "/apps/informatica/admin/SALES/EA_Sales_Prod_961/DATA/SALES_ANAPLAN_OIC/work/ff_xxanp_party_conflict_rpt.csv" has been uploaded as ff_xxanp_party_conflict_rpt.csv.
The operation was successful.
Conflict Party ID: 1518775 (0/1518775) rows successful, 0 ignored 

The operation was successful.
CONFLICT_ID cells: 1518775
CONFLICT_GROUP_ACCT_ID cells: 1518775
CONFLICT_TYPE cells: 1518276
PARTY_ID cells: 1518775
SPLIT_PCT cells: 1518775
LINK_PARTY_ID cells: 1518775
LINK_PARTY_TYPE cells: 1518775
SALES_ACCT_ID cells: 1518775
OWNER_ID cells: 1518775
OWNERSHIP_STATUS cells: 1518775
FULL_NAME cells: 1502793
START_DATE cells: 1518775
END_DATE cells: 1518775

