BEGINING_ANNUAL_CONTRACT_LINE_NET_USD_AMOUNT cells: 4485053
CONTRACT_LINE_NET_PRICE_USD cells: 4485210
ANNUAL_CONTRACT_LINE_NET_USD_AMOUNT cells: 4485210
REFRESH_DATE cells: 4486488
BEGINING_CONTRACT_NET_PRICE_SERVICE_SPLIT cells: 4485053
BEGINING_ANNUAL_CONTRACT_NET_SERVICE_SPLIT cells: 4485053
Partner_BE_GEO_ID cells: 4483923
ANNUALIZED_CONTRACT_LINE_NET_USD_AMOUNT cells: 4485210
CX_PRODUCT_PORTFOLIO cells: 4485761
BEGINING_ANNUALIZED_CONTRACT_LINE_NET_USD_AMOUNT cells: 4485053

WEEKLY REFRESH 06/23/21
20210623052143
cd /apps/sales/EA_SALES_Prod_860/DATA/SALES_ANAPLAN_OIC/work/anaplan-connect-1-3-3-3
./AnaplanClient.sh -user anpadmua.gen@cisco.com:L5EJNstptxpa8A7 -workspace 8a81b011720f725f017212c44cdf788d -model EABF24B166F0404DA34A2E00D5E43FE3 -action 'Delete TSS_ATR data' -execute -output '/apps/informatica/admin/SALES/EA_Sales_Prod_961/DATA/SALES_ANAPLAN_OIC/work/tss_atr_key_delete.err'
The operation was successful.

8a81b011720f725f017212c44cdf788d EABF24B166F0404DA34A2E00D5E43FE3
cd /apps/sales/EA_SALES_Prod_860/DATA/SALES_ANAPLAN_OIC/work/anaplan-connect-1-3-3-3
./AnaplanClient.sh -user anpadmua.gen@cisco.com:L5EJNstptxpa8A7 -workspace 8a81b011720f725f017212c44cdf788d -model EABF24B166F0404DA34A2E00D5E43FE3 -file 'FF_CX_TS_BEG_ATR.csv' -put '/apps/sales/EA_SALES_Prod_860/DATA/SALES_ANAPLAN_OIC/work/FF_CX_TS_BEG_ATR.csv' -import 'TS_ATR_KEY from FF_CX_TS_BEG_ATR.csv' -execute -output '/apps/sales/EA_SALES_Prod_860/DATA/SALES_ANAPLAN_OIC/work/tss_atr_list.err' -import 'TSS_ATR from FF_CX_TS_BEG_ATR.csv' -execute -output '/apps/sales/EA_SALES_Prod_860/DATA/SALES_ANAPLAN_OIC/work/tss_atr_module.err'
The file "/apps/sales/EA_SALES_Prod_860/DATA/SALES_ANAPLAN_OIC/work/FF_CX_TS_BEG_ATR.csv" has been uploaded as FF_CX_TS_BEG_ATR.csv.
The operation was successful.
TS_ATR_KEY: 4486488 (4486488/0) rows successful, 0 ignored 

The operation was successful.
CONTRACT_LINE_END_QUARTER cells: 4486488
FUTURE_SHARE_NODE_ID cells: 4486488
FUTURE_SAVM_SALES_LEVEL_1_NAME cells: 4486488
FUTURE_SAVM_SALES_LEVEL_2_NAME cells: 4486488
FUTURE_SAVM_SALES_LEVEL_3_NAME cells: 4486488
FUTURE_SAVM_SALES_LEVEL_4_NAME cells: 4486488
FUTURE_SAVM_SALES_LEVEL_5_NAME cells: 4486488
FUTURE_SAVM_SALES_LEVEL_6_NAME cells: 4486488
FUTURE_SAVM_ID cells: 4486488
FUTURE_SAVM_NAME cells: 4486488
SERVICE_BRAND_CODE cells: 4480944
SOFTWARE_SUPPORT_SERVICES_YORN cells: 4486488
LDOS_FLAG cells: 4486488
BUSINESS_ENTITY_NAME cells: 4486488
SUB_BUSINESS_ENTITY_NAME cells: 4483923
TSA_CMS_IDENTIFIER cells: 4486488
CX_PRODUCT_CATEGORY cells: 4127866
BEGINING_CORRECTED_CONTRACT_LINE_NET_PRICE cells: 4485053
BEGINING_ANNUAL_CONTRACT_LINE_NET_USD_AMOUNT cells: 4485053
CONTRACT_LINE_NET_PRICE_USD cells: 4485210
ANNUAL_CONTRACT_LINE_NET_USD_AMOUNT cells: 4485210
REFRESH_DATE cells: 4486488
BEGINING_CONTRACT_NET_PRICE_SERVICE_SPLIT cells: 4485053
BEGINING_ANNUAL_CONTRACT_NET_SERVICE_SPLIT cells: 4485053
Partner_BE_GEO_ID cells: 4483923
ANNUALIZED_CONTRACT_LINE_NET_USD_AMOUNT cells: 4485210
CX_PRODUCT_PORTFOLIO cells: 4485761
BEGINING_ANNUALIZED_CONTRACT_LINE_NET_USD_AMOUNT cells: 4485053

WEEKLY REFRESH 06/24/21
20210624041707
cd /apps/sales/EA_SALES_Prod_860/DATA/SALES_ANAPLAN_OIC/work/anaplan-connect-1-3-3-3
./AnaplanClient.sh -user anpadmua.gen@cisco.com:L5EJNstptxpa8A7 -workspace 8a81b011720f725f017212c44cdf788d -model EABF24B166F0404DA34A2E00D5E43FE3 -action 'Delete TSS_ATR data' -execute -output '/apps/informatica/admin/SALES/EA_Sales_Prod_961/DATA/SALES_ANAPLAN_OIC/work/tss_atr_key_delete.err'
The operation was successful.

8a81b011720f725f017212c44cdf788d EABF24B166F0404DA34A2E00D5E43FE3
cd /apps/sales/EA_SALES_Prod_860/DATA/SALES_ANAPLAN_OIC/work/anaplan-connect-1-3-3-3
./AnaplanClient.sh -user anpadmua.gen@cisco.com:L5EJNstptxpa8A7 -workspace 8a81b011720f725f017212c44cdf788d -model EABF24B166F0404DA34A2E00D5E43FE3 -file 'FF_CX_TS_BEG_ATR.csv' -put '/apps/sales/EA_SALES_Prod_860/DATA/SALES_ANAPLAN_OIC/work/FF_CX_TS_BEG_ATR.csv' -import 'TS_ATR_KEY from FF_CX_TS_BEG_ATR.csv' -execute -output '/apps/sales/EA_SALES_Prod_860/DATA/SALES_ANAPLAN_OIC/work/tss_atr_list.err' -import 'TSS_ATR from FF_CX_TS_BEG_ATR.csv' -execute -output '/apps/sales/EA_SALES_Prod_860/DATA/SALES_ANAPLAN_OIC/work/tss_atr_module.err'
The file "/apps/sales/EA_SALES_Prod_860/DATA/SALES_ANAPLAN_OIC/work/FF_CX_TS_BEG_ATR.csv" has been uploaded as FF_CX_TS_BEG_ATR.csv.
The operation was successful.
TS_ATR_KEY: 4492001 (4492001/0) rows successful, 0 ignored 

The operation was successful.
CONTRACT_LINE_END_QUARTER cells: 4492001
FUTURE_SHARE_NODE_ID cells: 4492001
FUTURE_SAVM_SALES_LEVEL_1_NAME cells: 4492001
FUTURE_SAVM_SALES_LEVEL_2_NAME cells: 4492001
FUTURE_SAVM_SALES_LEVEL_3_NAME cells: 4492001
FUTURE_SAVM_SALES_LEVEL_4_NAME cells: 4492001
FUTURE_SAVM_SALES_LEVEL_5_NAME cells: 4492001
FUTURE_SAVM_SALES_LEVEL_6_NAME cells: 4492001
FUTURE_SAVM_ID cells: 4492001
FUTURE_SAVM_NAME cells: 4492001
SERVICE_BRAND_CODE cells: 4486441
SOFTWARE_SUPPORT_SERVICES_YORN cells: 4492001
LDOS_FLAG cells: 4492001
BUSINESS_ENTITY_NAME cells: 4492001
SUB_BUSINESS_ENTITY_NAME cells: 4489430
TSA_CMS_IDENTIFIER cells: 4492001
CX_PRODUCT_CATEGORY cells: 4132160
BEGINING_CORRECTED_CONTRACT_LINE_NET_PRICE cells: 4490571
BEGINING_ANNUAL_CONTRACT_LINE_NET_USD_AMOUNT cells: 4490571
CONTRACT_LINE_NET_PRICE_USD cells: 4490728
ANNUAL_CONTRACT_LINE_NET_USD_AMOUNT cells: 4490728
REFRESH_DATE cells: 4492001
BEGINING_CONTRACT_NET_PRICE_SERVICE_SPLIT cells: 4490571
BEGINING_ANNUAL_CONTRACT_NET_SERVICE_SPLIT cells: 4490571
Partner_BE_GEO_ID cells: 4489430
ANNUALIZED_CONTRACT_LINE_NET_USD_AMOUNT cells: 4490728
CX_PRODUCT_PORTFOLIO cells: 4491279
BEGINING_ANNUALIZED_CONTRACT_LINE_NET_USD_AMOUNT cells: 4490571

WEEKLY REFRESH 06/28/21
20210628015923
cd /apps/sales/EA_SALES_Prod_860/DATA/SALES_ANAPLAN_OIC/work/anaplan-connect-1-3-3-3
./AnaplanClient.sh -user anpadmua.gen@cisco.com:L5EJNstptxpa8A7 -workspace 8a81b011720f725f017212c44cdf788d -model EABF24B166F0404DA34A2E00D5E43FE3 -action 'Delete TSS_ATR data' -execute -output '/apps/informatica/admin/SALES/EA_Sales_Prod_961/DATA/SALES_ANAPLAN_OIC/work/tss_atr_key_delete.err'
The operation was successful.

8a81b011720f725f017212c44cdf788d EABF24B166F0404DA34A2E00D5E43FE3
cd /apps/sales/EA_SALES_Prod_860/DATA/SALES_ANAPLAN_OIC/work/anaplan-connect-1-3-3-3
./AnaplanClient.sh -user anpadmua.gen@cisco.com:L5EJNstptxpa8A7 -workspace 8a81b011720f725f017212c44cdf788d -model EABF24B166F0404DA34A2E00D5E43FE3 -file 'FF_CX_TS_BEG_ATR.csv' -put '/apps/sales/EA_SALES_Prod_860/DATA/SALES_ANAPLAN_OIC/work/FF_CX_TS_BEG_ATR.csv' -import 'TS_ATR_KEY from FF_CX_TS_BEG_ATR.csv' -execute -output '/apps/sales/EA_SALES_Prod_860/DATA/SALES_ANAPLAN_OIC/work/tss_atr_list.err' -import 'TSS_ATR from FF_CX_TS_BEG_ATR.csv' -execute -output '/apps/sales/EA_SALES_Prod_860/DATA/SALES_ANAPLAN_OIC/work/tss_atr_module.err'
The file "/apps/sales/EA_SALES_Prod_860/DATA/SALES_ANAPLAN_OIC/work/FF_CX_TS_BEG_ATR.csv" has been uploaded as FF_CX_TS_BEG_ATR.csv.
The operation was successful.
TS_ATR_KEY: 4327531 (4327531/0) rows successful, 0 ignored 

The operation was successful.
CONTRACT_LINE_END_QUARTER cells: 4327531
FUTURE_SHARE_NODE_ID cells: 4327531
FUTURE_SAVM_SALES_LEVEL_1_NAME cells: 4327531
FUTURE_SAVM_SALES_LEVEL_2_NAME cells: 4327531
FUTURE_SAVM_SALES_LEVEL_3_NAME cells: 4327531
FUTURE_SAVM_SALES_LEVEL_4_NAME cells: 4327531
FUTURE_SAVM_SALES_LEVEL_5_NAME cells: 4327531
FUTURE_SAVM_SALES_LEVEL_6_NAME cells: 4327531
FUTURE_SAVM_ID cells: 4327531
FUTURE_SAVM_NAME cells: 4327531
SERVICE_BRAND_CODE cells: 4322101
SOFTWARE_SUPPORT_SERVICES_YORN cells: 4327531
LDOS_FLAG cells: 4327531
BUSINESS_ENTITY_NAME cells: 4327531
SUB_BUSINESS_ENTITY_NAME cells: 4324968
TSA_CMS_IDENTIFIER cells: 4327531
CX_PRODUCT_CATEGORY cells: 3976085
BEGINING_CORRECTED_CONTRACT_LINE_NET_PRICE cells: 4326158
BEGINING_ANNUAL_CONTRACT_LINE_NET_USD_AMOUNT cells: 4326158
CONTRACT_LINE_NET_PRICE_USD cells: 4326306
ANNUAL_CONTRACT_LINE_NET_USD_AMOUNT cells: 4326306
REFRESH_DATE cells: 4327531
BEGINING_CONTRACT_NET_PRICE_SERVICE_SPLIT cells: 4326158
BEGINING_ANNUAL_CONTRACT_NET_SERVICE_SPLIT cells: 4326158
Partner_BE_GEO_ID cells: 4324968
ANNUALIZED_CONTRACT_LINE_NET_USD_AMOUNT cells: 4326306
CX_PRODUCT_PORTFOLIO cells: 4326818
BEGINING_ANNUALIZED_CONTRACT_LINE_NET_USD_AMOUNT cells: 4326158

WEEKLY REFRESH 07/05/21
20210705012204
cd /apps/sales/EA_SALES_Prod_860/DATA/SALES_ANAPLAN_OIC/work/anaplan-connect-1-3-3-3
./AnaplanClient.sh -user anpadmua.gen@cisco.com:L5EJNstptxpa8A7 -workspace 8a81b011720f725f017212c44cdf788d -model EABF24B166F0404DA34A2E00D5E43FE3 -action 'Delete TSS_ATR data' -execute -output '/apps/informatica/admin/SALES/EA_Sales_Prod_961/DATA/SALES_ANAPLAN_OIC/work/tss_atr_key_delete.err'
The operation was successful.

8a81b011720f725f017212c44cdf788d EABF24B166F0404DA34A2E00D5E43FE3
cd /apps/sales/EA_SALES_Prod_860/DATA/SALES_ANAPLAN_OIC/work/anaplan-connect-1-3-3-3
./AnaplanClient.sh -user anpadmua.gen@cisco.com:L5EJNstptxpa8A7 -workspace 8a81b011720f725f017212c44cdf788d -model EABF24B166F0404DA34A2E00D5E43FE3 -file 'FF_CX_TS_BEG_ATR.csv' -put '/apps/sales/EA_SALES_Prod_860/DATA/SALES_ANAPLAN_OIC/work/FF_CX_TS_BEG_ATR.csv' -import 'TS_ATR_KEY from FF_CX_TS_BEG_ATR.csv' -execute -output '/apps/sales/EA_SALES_Prod_860/DATA/SALES_ANAPLAN_OIC/work/tss_atr_list.err' -import 'TSS_ATR from FF_CX_TS_BEG_ATR.csv' -execute -output '/apps/sales/EA_SALES_Prod_860/DATA/SALES_ANAPLAN_OIC/work/tss_atr_module.err'
The file "/apps/sales/EA_SALES_Prod_860/DATA/SALES_ANAPLAN_OIC/work/FF_CX_TS_BEG_ATR.csv" has been uploaded as FF_CX_TS_BEG_ATR.csv.
The operation was successful.
TS_ATR_KEY: 4289299 (4289299/0) rows successful, 0 ignored 

The operation was successful.
CONTRACT_LINE_END_QUARTER cells: 4289299
FUTURE_SHARE_NODE_ID cells: 4289299
FUTURE_SAVM_SALES_LEVEL_1_NAME cells: 4289299
FUTURE_SAVM_SALES_LEVEL_2_NAME cells: 4289299
FUTURE_SAVM_SALES_LEVEL_3_NAME cells: 4289299
FUTURE_SAVM_SALES_LEVEL_4_NAME cells: 4289299
FUTURE_SAVM_SALES_LEVEL_5_NAME cells: 4289299
FUTURE_SAVM_SALES_LEVEL_6_NAME cells: 4289299
FUTURE_SAVM_ID cells: 4289299
FUTURE_SAVM_NAME cells: 4289299
SERVICE_BRAND_CODE cells: 4283906
SOFTWARE_SUPPORT_SERVICES_YORN cells: 4289299
LDOS_FLAG cells: 4289299
BUSINESS_ENTITY_NAME cells: 4289299
SUB_BUSINESS_ENTITY_NAME cells: 4286741
TSA_CMS_IDENTIFIER cells: 4289299
CX_PRODUCT_CATEGORY cells: 3939759
BEGINING_CORRECTED_CONTRACT_LINE_NET_PRICE cells: 4287941
BEGINING_ANNUAL_CONTRACT_LINE_NET_USD_AMOUNT cells: 4287941
CONTRACT_LINE_NET_PRICE_USD cells: 4288092
ANNUAL_CONTRACT_LINE_NET_USD_AMOUNT cells: 4288092
REFRESH_DATE cells: 4289299
BEGINING_CONTRACT_NET_PRICE_SERVICE_SPLIT cells: 4287941
BEGINING_ANNUAL_CONTRACT_NET_SERVICE_SPLIT cells: 4287941
Partner_BE_GEO_ID cells: 4286741
ANNUALIZED_CONTRACT_LINE_NET_USD_AMOUNT cells: 4288092
CX_PRODUCT_PORTFOLIO cells: 4288588
BEGINING_ANNUALIZED_CONTRACT_LINE_NET_USD_AMOUNT cells: 4287941

WEEKLY REFRESH 07/08/21
20210708094522
cd /apps/sales/EA_SALES_Prod_860/DATA/SALES_ANAPLAN_OIC/work/anaplan-connect-1-3-3-3
./AnaplanClient.sh -user anpadmua.gen@cisco.com:L5EJNstptxpa8A7 -workspace 8a81b011720f725f017212c44cdf788d -model EABF24B166F0404DA34A2E00D5E43FE3 -action 'Delete TSS_ATR data' -execute -output '/apps/informatica/admin/SALES/EA_Sales_Prod_961/DATA/SALES_ANAPLAN_OIC/work/tss_atr_key_delete.err'
The operation was successful.

8a81b011720f725f017212c44cdf788d EABF24B166F0404DA34A2E00D5E43FE3
cd /apps/sales/EA_SALES_Prod_860/DATA/SALES_ANAPLAN_OIC/work/anaplan-connect-1-3-3-3
./AnaplanClient.sh -user anpadmua.gen@cisco.com:L5EJNstptxpa8A7 -workspace 8a81b011720f725f017212c44cdf788d -model EABF24B166F0404DA34A2E00D5E43FE3 -file 'FF_CX_TS_BEG_ATR.csv' -put '/apps/sales/EA_SALES_Prod_860/DATA/SALES_ANAPLAN_OIC/work/FF_CX_TS_BEG_ATR.csv' -import 'TS_ATR_KEY from FF_CX_TS_BEG_ATR.csv' -execute -output '/apps/sales/EA_SALES_Prod_860/DATA/SALES_ANAPLAN_OIC/work/tss_atr_list.err' -import 'TSS_ATR from FF_CX_TS_BEG_ATR.csv' -execute -output '/apps/sales/EA_SALES_Prod_860/DATA/SALES_ANAPLAN_OIC/work/tss_atr_module.err'
The file "/apps/sales/EA_SALES_Prod_860/DATA/SALES_ANAPLAN_OIC/work/FF_CX_TS_BEG_ATR.csv" has been uploaded as FF_CX_TS_BEG_ATR.csv.
The operation was successful.
TS_ATR_KEY: 4527551 (4527551/0) rows successful, 0 ignored 

The operation was successful.
CONTRACT_LINE_END_QUARTER cells: 4527551
FUTURE_SHARE_NODE_ID cells: 4527551
FUTURE_SAVM_SALES_LEVEL_1_NAME cells: 4527551
FUTURE_SAVM_SALES_LEVEL_2_NAME cells: 4527551
FUTURE_SAVM_SALES_LEVEL_3_NAME cells: 4527551
FUTURE_SAVM_SALES_LEVEL_4_NAME cells: 4527551
FUTURE_SAVM_SALES_LEVEL_5_NAME cells: 4527551
FUTURE_SAVM_SALES_LEVEL_6_NAME cells: 4527551
FUTURE_SAVM_ID cells: 4527551
FUTURE_SAVM_NAME cells: 4527551
SERVICE_BRAND_CODE cells: 4521944
SOFTWARE_SUPPORT_SERVICES_YORN cells: 4527551
LDOS_FLAG cells: 4527551
BUSINESS_ENTITY_NAME cells: 4527551
SUB_BUSINESS_ENTITY_NAME cells: 4524950
TSA_CMS_IDENTIFIER cells: 4527551
CX_PRODUCT_CATEGORY cells: 4163901
BEGINING_CORRECTED_CONTRACT_LINE_NET_PRICE cells: 4526117
BEGINING_ANNUAL_CONTRACT_LINE_NET_USD_AMOUNT cells: 4526117
CONTRACT_LINE_NET_PRICE_USD cells: 4526279
ANNUAL_CONTRACT_LINE_NET_USD_AMOUNT cells: 4526279
REFRESH_DATE cells: 4527551
BEGINING_CONTRACT_NET_PRICE_SERVICE_SPLIT cells: 4526117
BEGINING_ANNUAL_CONTRACT_NET_SERVICE_SPLIT cells: 4526117
Partner_BE_GEO_ID cells: 4524950
ANNUALIZED_CONTRACT_LINE_NET_USD_AMOUNT cells: 4526279
CX_PRODUCT_PORTFOLIO cells: 4526796
BEGINING_ANNUALIZED_CONTRACT_LINE_NET_USD_AMOUNT cells: 4526117

WEEKLY REFRESH 07/12/21
20210712002839
cd /apps/sales/EA_SALES_Prod_860/DATA/SALES_ANAPLAN_OIC/work/anaplan-connect-1-3-3-3
./AnaplanClient.sh -user anpadmua.gen@cisco.com:L5EJNstptxpa8A7 -workspace 8a81b011720f725f017212c44cdf788d -model EABF24B166F0404DA34A2E00D5E43FE3 -action 'Delete TSS_ATR data' -execute -output '/apps/informatica/admin/SALES/EA_Sales_Prod_961/DATA/SALES_ANAPLAN_OIC/work/tss_atr_key_delete.err'
The operation was successful.

8a81b011720f725f017212c44cdf788d EABF24B166F0404DA34A2E00D5E43FE3
cd /apps/sales/EA_SALES_Prod_860/DATA/SALES_ANAPLAN_OIC/work/anaplan-connect-1-3-3-3
./AnaplanClient.sh -user anpadmua.gen@cisco.com:L5EJNstptxpa8A7 -workspace 8a81b011720f725f017212c44cdf788d -model EABF24B166F0404DA34A2E00D5E43FE3 -file 'FF_CX_TS_BEG_ATR.csv' -put '/apps/sales/EA_SALES_Prod_860/DATA/SALES_ANAPLAN_OIC/work/FF_CX_TS_BEG_ATR.csv' -import 'TS_ATR_KEY from FF_CX_TS_BEG_ATR.csv' -execute -output '/apps/sales/EA_SALES_Prod_860/DATA/SALES_ANAPLAN_OIC/work/tss_atr_list.err' -import 'TSS_ATR from FF_CX_TS_BEG_ATR.csv' -execute -output '/apps/sales/EA_SALES_Prod_860/DATA/SALES_ANAPLAN_OIC/work/tss_atr_module.err'
The file "/apps/sales/EA_SALES_Prod_860/DATA/SALES_ANAPLAN_OIC/work/FF_CX_TS_BEG_ATR.csv" has been uploaded as FF_CX_TS_BEG_ATR.csv.
The operation was successful.
TS_ATR_KEY: 4529199 (4529199/0) rows successful, 0 ignored 

The operation was successful.
CONTRACT_LINE_END_QUARTER cells: 4529199
FUTURE_SHARE_NODE_ID cells: 4529199
FUTURE_SAVM_SALES_LEVEL_1_NAME cells: 4529199
FUTURE_SAVM_SALES_LEVEL_2_NAME cells: 4529199
FUTURE_SAVM_SALES_LEVEL_3_NAME cells: 4529199
FUTURE_SAVM_SALES_LEVEL_4_NAME cells: 4529199
FUTURE_SAVM_SALES_LEVEL_5_NAME cells: 4529199
FUTURE_SAVM_SALES_LEVEL_6_NAME cells: 4529199
FUTURE_SAVM_ID cells: 4529199
FUTURE_SAVM_NAME cells: 4529199
SERVICE_BRAND_CODE cells: 4523582
SOFTWARE_SUPPORT_SERVICES_YORN cells: 4529199
LDOS_FLAG cells: 4529199
BUSINESS_ENTITY_NAME cells: 4529199
SUB_BUSINESS_ENTITY_NAME cells: 4526589
TSA_CMS_IDENTIFIER cells: 4529199
CX_PRODUCT_CATEGORY cells: 4164954
BEGINING_CORRECTED_CONTRACT_LINE_NET_PRICE cells: 4527761
BEGINING_ANNUAL_CONTRACT_LINE_NET_USD_AMOUNT cells: 4527761
CONTRACT_LINE_NET_PRICE_USD cells: 4527926
ANNUAL_CONTRACT_LINE_NET_USD_AMOUNT cells: 4527926
REFRESH_DATE cells: 4529199
BEGINING_CONTRACT_NET_PRICE_SERVICE_SPLIT cells: 4527761
BEGINING_ANNUAL_CONTRACT_NET_SERVICE_SPLIT cells: 4527761
Partner_BE_GEO_ID cells: 4526589
ANNUALIZED_CONTRACT_LINE_NET_USD_AMOUNT cells: 4527926
CX_PRODUCT_PORTFOLIO cells: 4528445
BEGINING_ANNUALIZED_CONTRACT_LINE_NET_USD_AMOUNT cells: 4527761

WEEKLY REFRESH 07/15/21
20210715020429
cd /apps/sales/EA_SALES_Prod_860/DATA/SALES_ANAPLAN_OIC/work/anaplan-connect-1-3-3-3
./AnaplanClient.sh -user anpadmua.gen@cisco.com:L5EJNstptxpa8A7 -workspace 8a81b011720f725f017212c44cdf788d -model EABF24B166F0404DA34A2E00D5E43FE3 -action 'Delete TSS_ATR data' -execute -output '/apps/informatica/admin/SALES/EA_Sales_Prod_961/DATA/SALES_ANAPLAN_OIC/work/tss_atr_key_delete.err'
The operation was successful.

8a81b011720f725f017212c44cdf788d EABF24B166F0404DA34A2E00D5E43FE3
cd /apps/sales/EA_SALES_Prod_860/DATA/SALES_ANAPLAN_OIC/work/anaplan-connect-1-3-3-3
./AnaplanClient.sh -user anpadmua.gen@cisco.com:L5EJNstptxpa8A7 -workspace 8a81b011720f725f017212c44cdf788d -model EABF24B166F0404DA34A2E00D5E43FE3 -file 'FF_CX_TS_BEG_ATR.csv' -put '/apps/sales/EA_SALES_Prod_860/DATA/SALES_ANAPLAN_OIC/work/FF_CX_TS_BEG_ATR.csv' -import 'TS_ATR_KEY from FF_CX_TS_BEG_ATR.csv' -execute -output '/apps/sales/EA_SALES_Prod_860/DATA/SALES_ANAPLAN_OIC/work/tss_atr_list.err' -import 'TSS_ATR from FF_CX_TS_BEG_ATR.csv' -execute -output '/apps/sales/EA_SALES_Prod_860/DATA/SALES_ANAPLAN_OIC/work/tss_atr_module.err'
The file "/apps/sales/EA_SALES_Prod_860/DATA/SALES_ANAPLAN_OIC/work/FF_CX_TS_BEG_ATR.csv" has been uploaded as FF_CX_TS_BEG_ATR.csv.
The operation was successful.
TS_ATR_KEY: 4543006 (4543006/0) rows successful, 0 ignored 

The operation was successful.
CONTRACT_LINE_END_QUARTER cells: 4543006
FUTURE_SHARE_NODE_ID cells: 4543006
FUTURE_SAVM_SALES_LEVEL_1_NAME cells: 4543006
FUTURE_SAVM_SALES_LEVEL_2_NAME cells: 4543006
FUTURE_SAVM_SALES_LEVEL_3_NAME cells: 4543006
FUTURE_SAVM_SALES_LEVEL_4_NAME cells: 4543006
FUTURE_SAVM_SALES_LEVEL_5_NAME cells: 4543006
FUTURE_SAVM_SALES_LEVEL_6_NAME cells: 4543006
FUTURE_SAVM_ID cells: 4543006
FUTURE_SAVM_NAME cells: 4543006
SERVICE_BRAND_CODE cells: 4537371
SOFTWARE_SUPPORT_SERVICES_YORN cells: 4543006
LDOS_FLAG cells: 4543006
BUSINESS_ENTITY_NAME cells: 4543006
SUB_BUSINESS_ENTITY_NAME cells: 4540389
TSA_CMS_IDENTIFIER cells: 4543006
CX_PRODUCT_CATEGORY cells: 4177762
BEGINING_CORRECTED_CONTRACT_LINE_NET_PRICE cells: 4541569
BEGINING_ANNUAL_CONTRACT_LINE_NET_USD_AMOUNT cells: 4541569
CONTRACT_LINE_NET_PRICE_USD cells: 4541736
ANNUAL_CONTRACT_LINE_NET_USD_AMOUNT cells: 4541736
REFRESH_DATE cells: 4543006
BEGINING_CONTRACT_NET_PRICE_SERVICE_SPLIT cells: 4541569
BEGINING_ANNUAL_CONTRACT_NET_SERVICE_SPLIT cells: 4541569
Partner_BE_GEO_ID cells: 4540389
ANNUALIZED_CONTRACT_LINE_NET_USD_AMOUNT cells: 4541736
CX_PRODUCT_PORTFOLIO cells: 4542245
BEGINING_ANNUALIZED_CONTRACT_LINE_NET_USD_AMOUNT cells: 4541569

WEEKLY REFRESH 07/19/21
20210719053108
cd /apps/sales/EA_SALES_Prod_860/DATA/SALES_ANAPLAN_OIC/work/anaplan-connect-1-3-3-3
./AnaplanClient.sh -user anpadmua.gen@cisco.com:L5EJNstptxpa8A7 -workspace 8a81b011720f725f017212c44cdf788d -model EABF24B166F0404DA34A2E00D5E43FE3 -action 'Delete TSS_ATR data' -execute -output '/apps/informatica/admin/SALES/EA_Sales_Prod_961/DATA/SALES_ANAPLAN_OIC/work/tss_atr_key_delete.err'
The operation was successful.

8a81b011720f725f017212c44cdf788d EABF24B166F0404DA34A2E00D5E43FE3
cd /apps/sales/EA_SALES_Prod_860/DATA/SALES_ANAPLAN_OIC/work/anaplan-connect-1-3-3-3
./AnaplanClient.sh -user anpadmua.gen@cisco.com:L5EJNstptxpa8A7 -workspace 8a81b011720f725f017212c44cdf788d -model EABF24B166F0404DA34A2E00D5E43FE3 -file 'FF_CX_TS_BEG_ATR.csv' -put '/apps/sales/EA_SALES_Prod_860/DATA/SALES_ANAPLAN_OIC/work/FF_CX_TS_BEG_ATR.csv' -import 'TS_ATR_KEY from FF_CX_TS_BEG_ATR.csv' -execute -output '/apps/sales/EA_SALES_Prod_860/DATA/SALES_ANAPLAN_OIC/work/tss_atr_list.err' -import 'TSS_ATR from FF_CX_TS_BEG_ATR.csv' -execute -output '/apps/sales/EA_SALES_Prod_860/DATA/SALES_ANAPLAN_OIC/work/tss_atr_module.err'
The file "/apps/sales/EA_SALES_Prod_860/DATA/SALES_ANAPLAN_OIC/work/FF_CX_TS_BEG_ATR.csv" has been uploaded as FF_CX_TS_BEG_ATR.csv.
The operation was successful.
TS_ATR_KEY: 4554945 (4554945/0) rows successful, 0 ignored 

The operation was successful.
CONTRACT_LINE_END_QUARTER cells: 4554945
FUTURE_SHARE_NODE_ID cells: 4554945
FUTURE_SAVM_SALES_LEVEL_1_NAME cells: 4554945
FUTURE_SAVM_SALES_LEVEL_2_NAME cells: 4554945
FUTURE_SAVM_SALES_LEVEL_3_NAME cells: 4554945
FUTURE_SAVM_SALES_LEVEL_4_NAME cells: 4554945
FUTURE_SAVM_SALES_LEVEL_5_NAME cells: 4554945
FUTURE_SAVM_SALES_LEVEL_6_NAME cells: 4554945
FUTURE_SAVM_ID cells: 4554945
FUTURE_SAVM_NAME cells: 4554945
SERVICE_BRAND_CODE cells: 4549181
SOFTWARE_SUPPORT_SERVICES_YORN cells: 4554945
LDOS_FLAG cells: 4554945
BUSINESS_ENTITY_NAME cells: 4554945
SUB_BUSINESS_ENTITY_NAME cells: 4552207
TSA_CMS_IDENTIFIER cells: 4554945
CX_PRODUCT_CATEGORY cells: 4188369
BEGINING_CORRECTED_CONTRACT_LINE_NET_PRICE cells: 4553506
BEGINING_ANNUAL_CONTRACT_LINE_NET_USD_AMOUNT cells: 4553506
CONTRACT_LINE_NET_PRICE_USD cells: 4553675
ANNUAL_CONTRACT_LINE_NET_USD_AMOUNT cells: 4553675
REFRESH_DATE cells: 4554945
BEGINING_CONTRACT_NET_PRICE_SERVICE_SPLIT cells: 4553506
BEGINING_ANNUAL_CONTRACT_NET_SERVICE_SPLIT cells: 4553506
Partner_BE_GEO_ID cells: 4552207
ANNUALIZED_CONTRACT_LINE_NET_USD_AMOUNT cells: 4553675
CX_PRODUCT_PORTFOLIO cells: 4554181
BEGINING_ANNUALIZED_CONTRACT_LINE_NET_USD_AMOUNT cells: 4553506

WEEKLY REFRESH 07/21/21
20210721224444
cd /apps/sales/EA_SALES_Prod_860/DATA/SALES_ANAPLAN_OIC/work/anaplan-connect-1-3-3-3
./AnaplanClient.sh -user anpadmua.gen@cisco.com:L5EJNstptxpa8A7 -workspace 8a81b011720f725f017212c44cdf788d -model EABF24B166F0404DA34A2E00D5E43FE3 -action 'Delete TSS_ATR data' -execute -output '/apps/informatica/admin/SALES/EA_Sales_Prod_961/DATA/SALES_ANAPLAN_OIC/work/tss_atr_key_delete.err'
The operation was successful.

8a81b011720f725f017212c44cdf788d EABF24B166F0404DA34A2E00D5E43FE3
cd /apps/sales/EA_SALES_Prod_860/DATA/SALES_ANAPLAN_OIC/work/anaplan-connect-1-3-3-3
./AnaplanClient.sh -user anpadmua.gen@cisco.com:L5EJNstptxpa8A7 -workspace 8a81b011720f725f017212c44cdf788d -model EABF24B166F0404DA34A2E00D5E43FE3 -file 'FF_CX_TS_BEG_ATR.csv' -put '/apps/sales/EA_SALES_Prod_860/DATA/SALES_ANAPLAN_OIC/work/FF_CX_TS_BEG_ATR.csv' -import 'TS_ATR_KEY from FF_CX_TS_BEG_ATR.csv' -execute -output '/apps/sales/EA_SALES_Prod_860/DATA/SALES_ANAPLAN_OIC/work/tss_atr_list.err' -import 'TSS_ATR from FF_CX_TS_BEG_ATR.csv' -execute -output '/apps/sales/EA_SALES_Prod_860/DATA/SALES_ANAPLAN_OIC/work/tss_atr_module.err'
The file "/apps/sales/EA_SALES_Prod_860/DATA/SALES_ANAPLAN_OIC/work/FF_CX_TS_BEG_ATR.csv" has been uploaded as FF_CX_TS_BEG_ATR.csv.
The operation was successful.
TS_ATR_KEY: 4563559 (4563559/0) rows successful, 0 ignored 

The operation was successful.
CONTRACT_LINE_END_QUARTER cells: 4563559
FUTURE_SHARE_NODE_ID cells: 4563559
FUTURE_SAVM_SALES_LEVEL_1_NAME cells: 4563559
FUTURE_SAVM_SALES_LEVEL_2_NAME cells: 4563559
FUTURE_SAVM_SALES_LEVEL_3_NAME cells: 4563559
FUTURE_SAVM_SALES_LEVEL_4_NAME cells: 4563559
FUTURE_SAVM_SALES_LEVEL_5_NAME cells: 4563559
FUTURE_SAVM_SALES_LEVEL_6_NAME cells: 4563559
FUTURE_SAVM_ID cells: 4563559
FUTURE_SAVM_NAME cells: 4563559
SERVICE_BRAND_CODE cells: 4557801
SOFTWARE_SUPPORT_SERVICES_YORN cells: 4563559
LDOS_FLAG cells: 4563559
BUSINESS_ENTITY_NAME cells: 4563559
SUB_BUSINESS_ENTITY_NAME cells: 4560820
TSA_CMS_IDENTIFIER cells: 4563559
CX_PRODUCT_CATEGORY cells: 4196304
BEGINING_CORRECTED_CONTRACT_LINE_NET_PRICE cells: 4562121
BEGINING_ANNUAL_CONTRACT_LINE_NET_USD_AMOUNT cells: 4562121
CONTRACT_LINE_NET_PRICE_USD cells: 4562291
ANNUAL_CONTRACT_LINE_NET_USD_AMOUNT cells: 4562291
REFRESH_DATE cells: 4563559
BEGINING_CONTRACT_NET_PRICE_SERVICE_SPLIT cells: 4562121
BEGINING_ANNUAL_CONTRACT_NET_SERVICE_SPLIT cells: 4562121
Partner_BE_GEO_ID cells: 4560820
ANNUALIZED_CONTRACT_LINE_NET_USD_AMOUNT cells: 4562291
CX_PRODUCT_PORTFOLIO cells: 4562788
BEGINING_ANNUALIZED_CONTRACT_LINE_NET_USD_AMOUNT cells: 4562121

WEEKLY REFRESH 07/25/21
20210725232855
cd /apps/sales/EA_SALES_Prod_860/DATA/SALES_ANAPLAN_OIC/work/anaplan-connect-1-3-3-3
./AnaplanClient.sh -user anpadmua.gen@cisco.com:L5EJNstptxpa8A7 -workspace 8a81b011720f725f017212c44cdf788d -model EABF24B166F0404DA34A2E00D5E43FE3 -action 'Delete TSS_ATR data' -execute -output '/apps/informatica/admin/SALES/EA_Sales_Prod_961/DATA/SALES_ANAPLAN_OIC/work/tss_atr_key_delete.err'
The operation was successful.

8a81b011720f725f017212c44cdf788d EABF24B166F0404DA34A2E00D5E43FE3
cd /apps/sales/EA_SALES_Prod_860/DATA/SALES_ANAPLAN_OIC/work/anaplan-connect-1-3-3-3
./AnaplanClient.sh -user anpadmua.gen@cisco.com:L5EJNstptxpa8A7 -workspace 8a81b011720f725f017212c44cdf788d -model EABF24B166F0404DA34A2E00D5E43FE3 -file 'FF_CX_TS_BEG_ATR.csv' -put '/apps/sales/EA_SALES_Prod_860/DATA/SALES_ANAPLAN_OIC/work/FF_CX_TS_BEG_ATR.csv' -import 'TS_ATR_KEY from FF_CX_TS_BEG_ATR.csv' -execute -output '/apps/sales/EA_SALES_Prod_860/DATA/SALES_ANAPLAN_OIC/work/tss_atr_list.err' -import 'TSS_ATR from FF_CX_TS_BEG_ATR.csv' -execute -output '/apps/sales/EA_SALES_Prod_860/DATA/SALES_ANAPLAN_OIC/work/tss_atr_module.err'
The file "/apps/sales/EA_SALES_Prod_860/DATA/SALES_ANAPLAN_OIC/work/FF_CX_TS_BEG_ATR.csv" has been uploaded as FF_CX_TS_BEG_ATR.csv.
The operation was successful.
TS_ATR_KEY: 4580700 (4580700/0) rows successful, 0 ignored 

The operation was successful.
CONTRACT_LINE_END_QUARTER cells: 4580700
FUTURE_SHARE_NODE_ID cells: 4580700
FUTURE_SAVM_SALES_LEVEL_1_NAME cells: 4580700
FUTURE_SAVM_SALES_LEVEL_2_NAME cells: 4580700
FUTURE_SAVM_SALES_LEVEL_3_NAME cells: 4580700
FUTURE_SAVM_SALES_LEVEL_4_NAME cells: 4580700
FUTURE_SAVM_SALES_LEVEL_5_NAME cells: 4580700
FUTURE_SAVM_SALES_LEVEL_6_NAME cells: 4580700
FUTURE_SAVM_ID cells: 4580700
FUTURE_SAVM_NAME cells: 4580700
SERVICE_BRAND_CODE cells: 4574915
SOFTWARE_SUPPORT_SERVICES_YORN cells: 4580700
LDOS_FLAG cells: 4580700
BUSINESS_ENTITY_NAME cells: 4580700
SUB_BUSINESS_ENTITY_NAME cells: 4577940
TSA_CMS_IDENTIFIER cells: 4580700
CX_PRODUCT_CATEGORY cells: 4212344
BEGINING_CORRECTED_CONTRACT_LINE_NET_PRICE cells: 4579261
BEGINING_ANNUAL_CONTRACT_LINE_NET_USD_AMOUNT cells: 4579261
CONTRACT_LINE_NET_PRICE_USD cells: 4579432
ANNUAL_CONTRACT_LINE_NET_USD_AMOUNT cells: 4579432
REFRESH_DATE cells: 4580700
BEGINING_CONTRACT_NET_PRICE_SERVICE_SPLIT cells: 4579261
BEGINING_ANNUAL_CONTRACT_NET_SERVICE_SPLIT cells: 4579261
Partner_BE_GEO_ID cells: 4577940
ANNUALIZED_CONTRACT_LINE_NET_USD_AMOUNT cells: 4579432
CX_PRODUCT_PORTFOLIO cells: 4579923
BEGINING_ANNUALIZED_CONTRACT_LINE_NET_USD_AMOUNT cells: 4579261

WEEKLY REFRESH 07/28/21
20210728231634
cd /apps/sales/EA_SALES_Prod_860/DATA/SALES_ANAPLAN_OIC/work/anaplan-connect-1-3-3-3
./AnaplanClient.sh -user anpadmua.gen@cisco.com:L5EJNstptxpa8A7 -workspace 8a81b011720f725f017212c44cdf788d -model EABF24B166F0404DA34A2E00D5E43FE3 -action 'Delete TSS_ATR data' -execute -output '/apps/informatica/admin/SALES/EA_Sales_Prod_961/DATA/SALES_ANAPLAN_OIC/work/tss_atr_key_delete.err'
The operation was successful.

8a81b011720f725f017212c44cdf788d EABF24B166F0404DA34A2E00D5E43FE3
cd /apps/sales/EA_SALES_Prod_860/DATA/SALES_ANAPLAN_OIC/work/anaplan-connect-1-3-3-3
./AnaplanClient.sh -user anpadmua.gen@cisco.com:L5EJNstptxpa8A7 -workspace 8a81b011720f725f017212c44cdf788d -model EABF24B166F0404DA34A2E00D5E43FE3 -file 'FF_CX_TS_BEG_ATR.csv' -put '/apps/sales/EA_SALES_Prod_860/DATA/SALES_ANAPLAN_OIC/work/FF_CX_TS_BEG_ATR.csv' -import 'TS_ATR_KEY from FF_CX_TS_BEG_ATR.csv' -execute -output '/apps/sales/EA_SALES_Prod_860/DATA/SALES_ANAPLAN_OIC/work/tss_atr_list.err' -import 'TSS_ATR from FF_CX_TS_BEG_ATR.csv' -execute -output '/apps/sales/EA_SALES_Prod_860/DATA/SALES_ANAPLAN_OIC/work/tss_atr_module.err'
The file "/apps/sales/EA_SALES_Prod_860/DATA/SALES_ANAPLAN_OIC/work/FF_CX_TS_BEG_ATR.csv" has been uploaded as FF_CX_TS_BEG_ATR.csv.
The operation was successful.
TS_ATR_KEY: 4605738 (4605738/0) rows successful, 0 ignored 

The operation was successful.
CONTRACT_LINE_END_QUARTER cells: 4605738
FUTURE_SHARE_NODE_ID cells: 4605738
FUTURE_SAVM_SALES_LEVEL_1_NAME cells: 4605738
FUTURE_SAVM_SALES_LEVEL_2_NAME cells: 4605738
FUTURE_SAVM_SALES_LEVEL_3_NAME cells: 4605738
FUTURE_SAVM_SALES_LEVEL_4_NAME cells: 4605738
FUTURE_SAVM_SALES_LEVEL_5_NAME cells: 4605738
FUTURE_SAVM_SALES_LEVEL_6_NAME cells: 4605738
FUTURE_SAVM_ID cells: 4605738
FUTURE_SAVM_NAME cells: 4605738
SERVICE_BRAND_CODE cells: 4599965
SOFTWARE_SUPPORT_SERVICES_YORN cells: 4605738
LDOS_FLAG cells: 4605738
BUSINESS_ENTITY_NAME cells: 4605738
SUB_BUSINESS_ENTITY_NAME cells: 4602970
TSA_CMS_IDENTIFIER cells: 4605738
CX_PRODUCT_CATEGORY cells: 4235491
BEGINING_CORRECTED_CONTRACT_LINE_NET_PRICE cells: 4604297
BEGINING_ANNUAL_CONTRACT_LINE_NET_USD_AMOUNT cells: 4604297
CONTRACT_LINE_NET_PRICE_USD cells: 4604468
ANNUAL_CONTRACT_LINE_NET_USD_AMOUNT cells: 4604468
REFRESH_DATE cells: 4605738
BEGINING_CONTRACT_NET_PRICE_SERVICE_SPLIT cells: 4604297
BEGINING_ANNUAL_CONTRACT_NET_SERVICE_SPLIT cells: 4604297
Partner_BE_GEO_ID cells: 4602970
ANNUALIZED_CONTRACT_LINE_NET_USD_AMOUNT cells: 4604468
CX_PRODUCT_PORTFOLIO cells: 4604958
BEGINING_ANNUALIZED_CONTRACT_LINE_NET_USD_AMOUNT cells: 4604297

WEEKLY REFRESH 08/03/21
20210803080549
cd /apps/sales/EA_SALES_Prod_860/DATA/SALES_ANAPLAN_OIC/work/anaplan-connect-1-3-3-3
./AnaplanClient.sh -user anpadmua.gen@cisco.com:L5EJNstptxpa8A7 -workspace 8a81b011720f725f017212c44cdf788d -model EABF24B166F0404DA34A2E00D5E43FE3 -action 'Delete TSS_ATR data' -execute -output '/apps/informatica/admin/SALES/EA_Sales_Prod_961/DATA/SALES_ANAPLAN_OIC/work/tss_atr_key_delete.err'
The operation was successful.

8a81b011720f725f017212c44cdf788d EABF24B166F0404DA34A2E00D5E43FE3
cd /apps/sales/EA_SALES_Prod_860/DATA/SALES_ANAPLAN_OIC/work/anaplan-connect-1-3-3-3
./AnaplanClient.sh -user anpadmua.gen@cisco.com:L5EJNstptxpa8A7 -workspace 8a81b011720f725f017212c44cdf788d -model EABF24B166F0404DA34A2E00D5E43FE3 -file 'FF_CX_TS_BEG_ATR.csv' -put '/apps/sales/EA_SALES_Prod_860/DATA/SALES_ANAPLAN_OIC/work/FF_CX_TS_BEG_ATR.csv' -import 'TS_ATR_KEY from FF_CX_TS_BEG_ATR.csv' -execute -output '/apps/sales/EA_SALES_Prod_860/DATA/SALES_ANAPLAN_OIC/work/tss_atr_list.err' -import 'TSS_ATR from FF_CX_TS_BEG_ATR.csv' -execute -output '/apps/sales/EA_SALES_Prod_860/DATA/SALES_ANAPLAN_OIC/work/tss_atr_module.err'
The file "/apps/sales/EA_SALES_Prod_860/DATA/SALES_ANAPLAN_OIC/work/FF_CX_TS_BEG_ATR.csv" has been uploaded as FF_CX_TS_BEG_ATR.csv.
The operation was successful.
TS_ATR_KEY: 4605738 (4605738/0) rows successful, 0 ignored 

The operation was successful.
CONTRACT_LINE_END_QUARTER cells: 4605738
FUTURE_SHARE_NODE_ID cells: 4605738
FUTURE_SAVM_SALES_LEVEL_1_NAME cells: 4605738
FUTURE_SAVM_SALES_LEVEL_2_NAME cells: 4605738
FUTURE_SAVM_SALES_LEVEL_3_NAME cells: 4605738
FUTURE_SAVM_SALES_LEVEL_4_NAME cells: 4605738
FUTURE_SAVM_SALES_LEVEL_5_NAME cells: 4605738
FUTURE_SAVM_SALES_LEVEL_6_NAME cells: 4605738
FUTURE_SAVM_ID cells: 4605738
FUTURE_SAVM_NAME cells: 4605738
SERVICE_BRAND_CODE cells: 4599965
SOFTWARE_SUPPORT_SERVICES_YORN cells: 4605738
LDOS_FLAG cells: 4605738
BUSINESS_ENTITY_NAME cells: 4605738
SUB_BUSINESS_ENTITY_NAME cells: 4602970
TSA_CMS_IDENTIFIER cells: 4605738
CX_PRODUCT_CATEGORY cells: 4235491
BEGINING_CORRECTED_CONTRACT_LINE_NET_PRICE cells: 4604297
BEGINING_ANNUAL_CONTRACT_LINE_NET_USD_AMOUNT cells: 4604297
CONTRACT_LINE_NET_PRICE_USD cells: 4604468
ANNUAL_CONTRACT_LINE_NET_USD_AMOUNT cells: 4604468
REFRESH_DATE cells: 4605738
BEGINING_CONTRACT_NET_PRICE_SERVICE_SPLIT cells: 4604297
BEGINING_ANNUAL_CONTRACT_NET_SERVICE_SPLIT cells: 4604297
Partner_BE_GEO_ID cells: 4602970
ANNUALIZED_CONTRACT_LINE_NET_USD_AMOUNT cells: 4604468
CX_PRODUCT_PORTFOLIO cells: 4604958
BEGINING_ANNUALIZED_CONTRACT_LINE_NET_USD_AMOUNT cells: 4604297

WEEKLY REFRESH 08/04/21
20210804020759
cd /apps/sales/EA_SALES_Prod_860/DATA/SALES_ANAPLAN_OIC/work/anaplan-connect-1-3-3-3
./AnaplanClient.sh -user anpadmua.gen@cisco.com:L5EJNstptxpa8A7 -workspace 8a81b011720f725f017212c44cdf788d -model EABF24B166F0404DA34A2E00D5E43FE3 -action 'Delete TSS_ATR data' -execute -output '/apps/informatica/admin/SALES/EA_Sales_Prod_961/DATA/SALES_ANAPLAN_OIC/work/tss_atr_key_delete.err'
The operation was successful.

8a81b011720f725f017212c44cdf788d EABF24B166F0404DA34A2E00D5E43FE3
cd /apps/sales/EA_SALES_Prod_860/DATA/SALES_ANAPLAN_OIC/work/anaplan-connect-1-3-3-3
./AnaplanClient.sh -user anpadmua.gen@cisco.com:L5EJNstptxpa8A7 -workspace 8a81b011720f725f017212c44cdf788d -model EABF24B166F0404DA34A2E00D5E43FE3 -file 'FF_CX_TS_BEG_ATR.csv' -put '/apps/sales/EA_SALES_Prod_860/DATA/SALES_ANAPLAN_OIC/work/FF_CX_TS_BEG_ATR.csv' -import 'TS_ATR_KEY from FF_CX_TS_BEG_ATR.csv' -execute -output '/apps/sales/EA_SALES_Prod_860/DATA/SALES_ANAPLAN_OIC/work/tss_atr_list.err' -import 'TSS_ATR from FF_CX_TS_BEG_ATR.csv' -execute -output '/apps/sales/EA_SALES_Prod_860/DATA/SALES_ANAPLAN_OIC/work/tss_atr_module.err'
The file "/apps/sales/EA_SALES_Prod_860/DATA/SALES_ANAPLAN_OIC/work/FF_CX_TS_BEG_ATR.csv" has been uploaded as FF_CX_TS_BEG_ATR.csv.
The operation was successful.
TS_ATR_KEY: 4632864 (4632864/0) rows successful, 0 ignored 

The operation was successful.
CONTRACT_LINE_END_QUARTER cells: 4632864
FUTURE_SHARE_NODE_ID cells: 4632864
FUTURE_SAVM_SALES_LEVEL_1_NAME cells: 4632864
FUTURE_SAVM_SALES_LEVEL_2_NAME cells: 4632864
FUTURE_SAVM_SALES_LEVEL_3_NAME cells: 4632864
FUTURE_SAVM_SALES_LEVEL_4_NAME cells: 4632864
FUTURE_SAVM_SALES_LEVEL_5_NAME cells: 4632864
FUTURE_SAVM_SALES_LEVEL_6_NAME cells: 4632864
FUTURE_SAVM_ID cells: 4632864
FUTURE_SAVM_NAME cells: 4632864
SERVICE_BRAND_CODE cells: 4626892
SOFTWARE_SUPPORT_SERVICES_YORN cells: 4632864
LDOS_FLAG cells: 4632864
BUSINESS_ENTITY_NAME cells: 4632864
SUB_BUSINESS_ENTITY_NAME cells: 4630036
TSA_CMS_IDENTIFIER cells: 4632864
CX_PRODUCT_CATEGORY cells: 4260121
BEGINING_CORRECTED_CONTRACT_LINE_NET_PRICE cells: 4631853
BEGINING_ANNUAL_CONTRACT_LINE_NET_USD_AMOUNT cells: 4631853
CONTRACT_LINE_NET_PRICE_USD cells: 4632020
ANNUAL_CONTRACT_LINE_NET_USD_AMOUNT cells: 4632020
REFRESH_DATE cells: 4632864
BEGINING_CONTRACT_NET_PRICE_SERVICE_SPLIT cells: 4631853
BEGINING_ANNUAL_CONTRACT_NET_SERVICE_SPLIT cells: 4631853
Partner_BE_GEO_ID cells: 4630036
ANNUALIZED_CONTRACT_LINE_NET_USD_AMOUNT cells: 4632020
CX_PRODUCT_PORTFOLIO cells: 4632080
BEGINING_ANNUALIZED_CONTRACT_LINE_NET_USD_AMOUNT cells: 4631853

WEEKLY REFRESH 08/05/21
20210805032653
cd /apps/sales/EA_SALES_Prod_860/DATA/SALES_ANAPLAN_OIC/work/anaplan-connect-1-3-3-3
./AnaplanClient.sh -user anpadmua.gen@cisco.com:L5EJNstptxpa8A7 -workspace 8a81b011720f725f017212c44cdf788d -model EABF24B166F0404DA34A2E00D5E43FE3 -action 'Delete TSS_ATR data' -execute -output '/apps/informatica/admin/SALES/EA_Sales_Prod_961/DATA/SALES_ANAPLAN_OIC/work/tss_atr_key_delete.err'
The operation was successful.

8a81b011720f725f017212c44cdf788d EABF24B166F0404DA34A2E00D5E43FE3
cd /apps/sales/EA_SALES_Prod_860/DATA/SALES_ANAPLAN_OIC/work/anaplan-connect-1-3-3-3
./AnaplanClient.sh -user anpadmua.gen@cisco.com:L5EJNstptxpa8A7 -workspace 8a81b011720f725f017212c44cdf788d -model EABF24B166F0404DA34A2E00D5E43FE3 -file 'FF_CX_TS_BEG_ATR.csv' -put '/apps/sales/EA_SALES_Prod_860/DATA/SALES_ANAPLAN_OIC/work/FF_CX_TS_BEG_ATR.csv' -import 'TS_ATR_KEY from FF_CX_TS_BEG_ATR.csv' -execute -output '/apps/sales/EA_SALES_Prod_860/DATA/SALES_ANAPLAN_OIC/work/tss_atr_list.err' -import 'TSS_ATR from FF_CX_TS_BEG_ATR.csv' -execute -output '/apps/sales/EA_SALES_Prod_860/DATA/SALES_ANAPLAN_OIC/work/tss_atr_module.err'
The file "/apps/sales/EA_SALES_Prod_860/DATA/SALES_ANAPLAN_OIC/work/FF_CX_TS_BEG_ATR.csv" has been uploaded as FF_CX_TS_BEG_ATR.csv.
The operation was successful.
TS_ATR_KEY: 4633879 (4633879/0) rows successful, 0 ignored 

The operation was successful.
CONTRACT_LINE_END_QUARTER cells: 4633879
FUTURE_SHARE_NODE_ID cells: 4633879
FUTURE_SAVM_SALES_LEVEL_1_NAME cells: 4633879
FUTURE_SAVM_SALES_LEVEL_2_NAME cells: 4633879
FUTURE_SAVM_SALES_LEVEL_3_NAME cells: 4633879
FUTURE_SAVM_SALES_LEVEL_4_NAME cells: 4633879
FUTURE_SAVM_SALES_LEVEL_5_NAME cells: 4633879
FUTURE_SAVM_SALES_LEVEL_6_NAME cells: 4633879
FUTURE_SAVM_ID cells: 4633879
FUTURE_SAVM_NAME cells: 4633879
SERVICE_BRAND_CODE cells: 4627908
SOFTWARE_SUPPORT_SERVICES_YORN cells: 4633879
LDOS_FLAG cells: 4633879
BUSINESS_ENTITY_NAME cells: 4633879
SUB_BUSINESS_ENTITY_NAME cells: 4631051
TSA_CMS_IDENTIFIER cells: 4633879
CX_PRODUCT_CATEGORY cells: 4261054
BEGINING_CORRECTED_CONTRACT_LINE_NET_PRICE cells: 4632869
BEGINING_ANNUAL_CONTRACT_LINE_NET_USD_AMOUNT cells: 4632869
CONTRACT_LINE_NET_PRICE_USD cells: 4633036
ANNUAL_CONTRACT_LINE_NET_USD_AMOUNT cells: 4633036
REFRESH_DATE cells: 4633879
BEGINING_CONTRACT_NET_PRICE_SERVICE_SPLIT cells: 4632869
BEGINING_ANNUAL_CONTRACT_NET_SERVICE_SPLIT cells: 4632869
Partner_BE_GEO_ID cells: 4631051
ANNUALIZED_CONTRACT_LINE_NET_USD_AMOUNT cells: 4633036
CX_PRODUCT_PORTFOLIO cells: 4633103
BEGINING_ANNUALIZED_CONTRACT_LINE_NET_USD_AMOUNT cells: 4632869

WEEKLY REFRESH 08/08/21
20210808222545
cd /apps/sales/EA_SALES_Prod_860/DATA/SALES_ANAPLAN_OIC/work/anaplan-connect-1-3-3-3
./AnaplanClient.sh -user anpadmua.gen@cisco.com:L5EJNstptxpa8A7 -workspace 8a81b011720f725f017212c44cdf788d -model EABF24B166F0404DA34A2E00D5E43FE3 -action 'Delete TSS_ATR data' -execute -output '/apps/informatica/admin/SALES/EA_Sales_Prod_961/DATA/SALES_ANAPLAN_OIC/work/tss_atr_key_delete.err'
The operation was successful.

8a81b011720f725f017212c44cdf788d EABF24B166F0404DA34A2E00D5E43FE3
cd /apps/sales/EA_SALES_Prod_860/DATA/SALES_ANAPLAN_OIC/work/anaplan-connect-1-3-3-3
./AnaplanClient.sh -user anpadmua.gen@cisco.com:L5EJNstptxpa8A7 -workspace 8a81b011720f725f017212c44cdf788d -model EABF24B166F0404DA34A2E00D5E43FE3 -file 'FF_CX_TS_BEG_ATR.csv' -put '/apps/sales/EA_SALES_Prod_860/DATA/SALES_ANAPLAN_OIC/work/FF_CX_TS_BEG_ATR.csv' -import 'TS_ATR_KEY from FF_CX_TS_BEG_ATR.csv' -execute -output '/apps/sales/EA_SALES_Prod_860/DATA/SALES_ANAPLAN_OIC/work/tss_atr_list.err' -import 'TSS_ATR from FF_CX_TS_BEG_ATR.csv' -execute -output '/apps/sales/EA_SALES_Prod_860/DATA/SALES_ANAPLAN_OIC/work/tss_atr_module.err'
The file "/apps/sales/EA_SALES_Prod_860/DATA/SALES_ANAPLAN_OIC/work/FF_CX_TS_BEG_ATR.csv" has been uploaded as FF_CX_TS_BEG_ATR.csv.
The operation was successful.
TS_ATR_KEY: 4637445 (4637445/0) rows successful, 0 ignored 

The operation was successful.
CONTRACT_LINE_END_QUARTER cells: 4637445
FUTURE_SHARE_NODE_ID cells: 4637445
FUTURE_SAVM_SALES_LEVEL_1_NAME cells: 4637445
FUTURE_SAVM_SALES_LEVEL_2_NAME cells: 4637445
FUTURE_SAVM_SALES_LEVEL_3_NAME cells: 4637445
FUTURE_SAVM_SALES_LEVEL_4_NAME cells: 4637445
FUTURE_SAVM_SALES_LEVEL_5_NAME cells: 4637445
FUTURE_SAVM_SALES_LEVEL_6_NAME cells: 4637445
FUTURE_SAVM_ID cells: 4637445
FUTURE_SAVM_NAME cells: 4637445
SERVICE_BRAND_CODE cells: 4631481
SOFTWARE_SUPPORT_SERVICES_YORN cells: 4637445
LDOS_FLAG cells: 4637445
BUSINESS_ENTITY_NAME cells: 4637445
SUB_BUSINESS_ENTITY_NAME cells: 4634623
TSA_CMS_IDENTIFIER cells: 4637445
CX_PRODUCT_CATEGORY cells: 4264301
BEGINING_CORRECTED_CONTRACT_LINE_NET_PRICE cells: 4636435
BEGINING_ANNUAL_CONTRACT_LINE_NET_USD_AMOUNT cells: 4636435
CONTRACT_LINE_NET_PRICE_USD cells: 4636608
ANNUAL_CONTRACT_LINE_NET_USD_AMOUNT cells: 4636608
REFRESH_DATE cells: 4637445
BEGINING_CONTRACT_NET_PRICE_SERVICE_SPLIT cells: 4636435
BEGINING_ANNUAL_CONTRACT_NET_SERVICE_SPLIT cells: 4636435
Partner_BE_GEO_ID cells: 4634623
ANNUALIZED_CONTRACT_LINE_NET_USD_AMOUNT cells: 4636608
CX_PRODUCT_PORTFOLIO cells: 4636669
BEGINING_ANNUALIZED_CONTRACT_LINE_NET_USD_AMOUNT cells: 4636435

WEEKLY REFRESH 08/12/21
20210812023809
cd /apps/sales/EA_SALES_Prod_860/DATA/SALES_ANAPLAN_OIC/work/anaplan-connect-1-3-3-3
./AnaplanClient.sh -user anpadmua.gen@cisco.com:L5EJNstptxpa8A7 -workspace 8a81b011720f725f017212c44cdf788d -model EABF24B166F0404DA34A2E00D5E43FE3 -action 'Delete TSS_ATR data' -execute -output '/apps/informatica/admin/SALES/EA_Sales_Prod_961/DATA/SALES_ANAPLAN_OIC/work/tss_atr_key_delete.err'
The operation was successful.

8a81b011720f725f017212c44cdf788d EABF24B166F0404DA34A2E00D5E43FE3
cd /apps/sales/EA_SALES_Prod_860/DATA/SALES_ANAPLAN_OIC/work/anaplan-connect-1-3-3-3
./AnaplanClient.sh -user anpadmua.gen@cisco.com:L5EJNstptxpa8A7 -workspace 8a81b011720f725f017212c44cdf788d -model EABF24B166F0404DA34A2E00D5E43FE3 -file 'FF_CX_TS_BEG_ATR.csv' -put '/apps/sales/EA_SALES_Prod_860/DATA/SALES_ANAPLAN_OIC/work/FF_CX_TS_BEG_ATR.csv' -import 'TS_ATR_KEY from FF_CX_TS_BEG_ATR.csv' -execute -output '/apps/sales/EA_SALES_Prod_860/DATA/SALES_ANAPLAN_OIC/work/tss_atr_list.err' -import 'TSS_ATR from FF_CX_TS_BEG_ATR.csv' -execute -output '/apps/sales/EA_SALES_Prod_860/DATA/SALES_ANAPLAN_OIC/work/tss_atr_module.err'
The file "/apps/sales/EA_SALES_Prod_860/DATA/SALES_ANAPLAN_OIC/work/FF_CX_TS_BEG_ATR.csv" has been uploaded as FF_CX_TS_BEG_ATR.csv.
The operation was successful.
TS_ATR_KEY: 4640817 (4640817/0) rows successful, 0 ignored 

The operation was successful.
CONTRACT_LINE_END_QUARTER cells: 4640817
FUTURE_SHARE_NODE_ID cells: 4640817
FUTURE_SAVM_SALES_LEVEL_1_NAME cells: 4640817
FUTURE_SAVM_SALES_LEVEL_2_NAME cells: 4640817
FUTURE_SAVM_SALES_LEVEL_3_NAME cells: 4640817
FUTURE_SAVM_SALES_LEVEL_4_NAME cells: 4640817
FUTURE_SAVM_SALES_LEVEL_5_NAME cells: 4640817
FUTURE_SAVM_SALES_LEVEL_6_NAME cells: 4640817
FUTURE_SAVM_ID cells: 4640817
FUTURE_SAVM_NAME cells: 4640817
SERVICE_BRAND_CODE cells: 4634854
SOFTWARE_SUPPORT_SERVICES_YORN cells: 4640817
LDOS_FLAG cells: 4640817
BUSINESS_ENTITY_NAME cells: 4640817
SUB_BUSINESS_ENTITY_NAME cells: 4637996
TSA_CMS_IDENTIFIER cells: 4640817
CX_PRODUCT_CATEGORY cells: 4267367
BEGINING_CORRECTED_CONTRACT_LINE_NET_PRICE cells: 4639807
BEGINING_ANNUAL_CONTRACT_LINE_NET_USD_AMOUNT cells: 4639807
CONTRACT_LINE_NET_PRICE_USD cells: 4639980
ANNUAL_CONTRACT_LINE_NET_USD_AMOUNT cells: 4639980
REFRESH_DATE cells: 4640817
BEGINING_CONTRACT_NET_PRICE_SERVICE_SPLIT cells: 4639807
BEGINING_ANNUAL_CONTRACT_NET_SERVICE_SPLIT cells: 4639807
Partner_BE_GEO_ID cells: 4637996
ANNUALIZED_CONTRACT_LINE_NET_USD_AMOUNT cells: 4639980
CX_PRODUCT_PORTFOLIO cells: 4640039
BEGINING_ANNUALIZED_CONTRACT_LINE_NET_USD_AMOUNT cells: 4639807

WEEKLY REFRESH 08/15/21
20210815223941
cd /apps/sales/EA_SALES_Prod_860/DATA/SALES_ANAPLAN_OIC/work/anaplan-connect-1-3-3-3
./AnaplanClient.sh -user anpadmua.gen@cisco.com:L5EJNstptxpa8A7 -workspace 8a81b011720f725f017212c44cdf788d -model EABF24B166F0404DA34A2E00D5E43FE3 -action 'Delete TSS_ATR data' -execute -output '/apps/informatica/admin/SALES/EA_Sales_Prod_961/DATA/SALES_ANAPLAN_OIC/work/tss_atr_key_delete.err'
The operation was successful.

8a81b011720f725f017212c44cdf788d EABF24B166F0404DA34A2E00D5E43FE3
cd /apps/sales/EA_SALES_Prod_860/DATA/SALES_ANAPLAN_OIC/work/anaplan-connect-1-3-3-3
./AnaplanClient.sh -user anpadmua.gen@cisco.com:L5EJNstptxpa8A7 -workspace 8a81b011720f725f017212c44cdf788d -model EABF24B166F0404DA34A2E00D5E43FE3 -file 'FF_CX_TS_BEG_ATR.csv' -put '/apps/sales/EA_SALES_Prod_860/DATA/SALES_ANAPLAN_OIC/work/FF_CX_TS_BEG_ATR.csv' -import 'TS_ATR_KEY from FF_CX_TS_BEG_ATR.csv' -execute -output '/apps/sales/EA_SALES_Prod_860/DATA/SALES_ANAPLAN_OIC/work/tss_atr_list.err' -import 'TSS_ATR from FF_CX_TS_BEG_ATR.csv' -execute -output '/apps/sales/EA_SALES_Prod_860/DATA/SALES_ANAPLAN_OIC/work/tss_atr_module.err'
The file "/apps/sales/EA_SALES_Prod_860/DATA/SALES_ANAPLAN_OIC/work/FF_CX_TS_BEG_ATR.csv" has been uploaded as FF_CX_TS_BEG_ATR.csv.
The operation was successful.
TS_ATR_KEY: 4642090 (4642090/0) rows successful, 0 ignored 

The operation was successful.
CONTRACT_LINE_END_QUARTER cells: 4642090
FUTURE_SHARE_NODE_ID cells: 4642090
FUTURE_SAVM_SALES_LEVEL_1_NAME cells: 4642090
FUTURE_SAVM_SALES_LEVEL_2_NAME cells: 4642090
FUTURE_SAVM_SALES_LEVEL_3_NAME cells: 4642090
FUTURE_SAVM_SALES_LEVEL_4_NAME cells: 4642090
FUTURE_SAVM_SALES_LEVEL_5_NAME cells: 4642090
FUTURE_SAVM_SALES_LEVEL_6_NAME cells: 4642090
FUTURE_SAVM_ID cells: 4642090
FUTURE_SAVM_NAME cells: 4642090
SERVICE_BRAND_CODE cells: 4636128
SOFTWARE_SUPPORT_SERVICES_YORN cells: 4642090
LDOS_FLAG cells: 4642090
BUSINESS_ENTITY_NAME cells: 4642090
SUB_BUSINESS_ENTITY_NAME cells: 4639267
TSA_CMS_IDENTIFIER cells: 4642090
CX_PRODUCT_CATEGORY cells: 4268548
BEGINING_CORRECTED_CONTRACT_LINE_NET_PRICE cells: 4641080
BEGINING_ANNUAL_CONTRACT_LINE_NET_USD_AMOUNT cells: 4641080
CONTRACT_LINE_NET_PRICE_USD cells: 4641258
ANNUAL_CONTRACT_LINE_NET_USD_AMOUNT cells: 4641258
REFRESH_DATE cells: 4642090
BEGINING_CONTRACT_NET_PRICE_SERVICE_SPLIT cells: 4641080
BEGINING_ANNUAL_CONTRACT_NET_SERVICE_SPLIT cells: 4641080
Partner_BE_GEO_ID cells: 4639267
ANNUALIZED_CONTRACT_LINE_NET_USD_AMOUNT cells: 4641258
CX_PRODUCT_PORTFOLIO cells: 4641314
BEGINING_ANNUALIZED_CONTRACT_LINE_NET_USD_AMOUNT cells: 4641080

WEEKLY REFRESH 08/19/21
20210819002334
cd /apps/sales/EA_SALES_Prod_860/DATA/SALES_ANAPLAN_OIC/work/anaplan-connect-1-3-3-3
./AnaplanClient.sh -user anpadmua.gen@cisco.com:L5EJNstptxpa8A7 -workspace 8a81b011720f725f017212c44cdf788d -model EABF24B166F0404DA34A2E00D5E43FE3 -action 'Delete TSS_ATR data' -execute -output '/apps/informatica/admin/SALES/EA_Sales_Prod_961/DATA/SALES_ANAPLAN_OIC/work/tss_atr_key_delete.err'
The operation was successful.

8a81b011720f725f017212c44cdf788d EABF24B166F0404DA34A2E00D5E43FE3
cd /apps/sales/EA_SALES_Prod_860/DATA/SALES_ANAPLAN_OIC/work/anaplan-connect-1-3-3-3
./AnaplanClient.sh -user anpadmua.gen@cisco.com:L5EJNstptxpa8A7 -workspace 8a81b011720f725f017212c44cdf788d -model EABF24B166F0404DA34A2E00D5E43FE3 -file 'FF_CX_TS_BEG_ATR.csv' -put '/apps/sales/EA_SALES_Prod_860/DATA/SALES_ANAPLAN_OIC/work/FF_CX_TS_BEG_ATR.csv' -import 'TS_ATR_KEY from FF_CX_TS_BEG_ATR.csv' -execute -output '/apps/sales/EA_SALES_Prod_860/DATA/SALES_ANAPLAN_OIC/work/tss_atr_list.err' -import 'TSS_ATR from FF_CX_TS_BEG_ATR.csv' -execute -output '/apps/sales/EA_SALES_Prod_860/DATA/SALES_ANAPLAN_OIC/work/tss_atr_module.err'
The file "/apps/sales/EA_SALES_Prod_860/DATA/SALES_ANAPLAN_OIC/work/FF_CX_TS_BEG_ATR.csv" has been uploaded as FF_CX_TS_BEG_ATR.csv.
The operation was successful.
TS_ATR_KEY: 4645214 (4645214/0) rows successful, 0 ignored 

The operation was successful.
CONTRACT_LINE_END_QUARTER cells: 4645214
FUTURE_SHARE_NODE_ID cells: 4645214
FUTURE_SAVM_SALES_LEVEL_1_NAME cells: 4645214
FUTURE_SAVM_SALES_LEVEL_2_NAME cells: 4645214
FUTURE_SAVM_SALES_LEVEL_3_NAME cells: 4645214
FUTURE_SAVM_SALES_LEVEL_4_NAME cells: 4645214
FUTURE_SAVM_SALES_LEVEL_5_NAME cells: 4645214
FUTURE_SAVM_SALES_LEVEL_6_NAME cells: 4645214
FUTURE_SAVM_ID cells: 4645214
FUTURE_SAVM_NAME cells: 4645214
SERVICE_BRAND_CODE cells: 4639251
SOFTWARE_SUPPORT_SERVICES_YORN cells: 4645214
LDOS_FLAG cells: 4645214
BUSINESS_ENTITY_NAME cells: 4645214
SUB_BUSINESS_ENTITY_NAME cells: 4642390
TSA_CMS_IDENTIFIER cells: 4645214
CX_PRODUCT_CATEGORY cells: 4271410
BEGINING_CORRECTED_CONTRACT_LINE_NET_PRICE cells: 4644204
BEGINING_ANNUAL_CONTRACT_LINE_NET_USD_AMOUNT cells: 4644204
CONTRACT_LINE_NET_PRICE_USD cells: 4644384
ANNUAL_CONTRACT_LINE_NET_USD_AMOUNT cells: 4644384
REFRESH_DATE cells: 4645214
BEGINING_CONTRACT_NET_PRICE_SERVICE_SPLIT cells: 4644204
BEGINING_ANNUAL_CONTRACT_NET_SERVICE_SPLIT cells: 4644204
Partner_BE_GEO_ID cells: 4642390
ANNUALIZED_CONTRACT_LINE_NET_USD_AMOUNT cells: 4644384
CX_PRODUCT_PORTFOLIO cells: 4644438
BEGINING_ANNUALIZED_CONTRACT_LINE_NET_USD_AMOUNT cells: 4644204

WEEKLY REFRESH 08/22/21
20210822225815
cd /apps/sales/EA_SALES_Prod_860/DATA/SALES_ANAPLAN_OIC/work/anaplan-connect-1-3-3-3
./AnaplanClient.sh -user anpadmua.gen@cisco.com:L5EJNstptxpa8A7 -workspace 8a81b011720f725f017212c44cdf788d -model EABF24B166F0404DA34A2E00D5E43FE3 -action 'Delete TSS_ATR data' -execute -output '/apps/informatica/admin/SALES/EA_Sales_Prod_961/DATA/SALES_ANAPLAN_OIC/work/tss_atr_key_delete.err'
The operation was successful.

8a81b011720f725f017212c44cdf788d EABF24B166F0404DA34A2E00D5E43FE3
cd /apps/sales/EA_SALES_Prod_860/DATA/SALES_ANAPLAN_OIC/work/anaplan-connect-1-3-3-3
./AnaplanClient.sh -user anpadmua.gen@cisco.com:L5EJNstptxpa8A7 -workspace 8a81b011720f725f017212c44cdf788d -model EABF24B166F0404DA34A2E00D5E43FE3 -file 'FF_CX_TS_BEG_ATR.csv' -put '/apps/sales/EA_SALES_Prod_860/DATA/SALES_ANAPLAN_OIC/work/FF_CX_TS_BEG_ATR.csv' -import 'TS_ATR_KEY from FF_CX_TS_BEG_ATR.csv' -execute -output '/apps/sales/EA_SALES_Prod_860/DATA/SALES_ANAPLAN_OIC/work/tss_atr_list.err' -import 'TSS_ATR from FF_CX_TS_BEG_ATR.csv' -execute -output '/apps/sales/EA_SALES_Prod_860/DATA/SALES_ANAPLAN_OIC/work/tss_atr_module.err'
The file "/apps/sales/EA_SALES_Prod_860/DATA/SALES_ANAPLAN_OIC/work/FF_CX_TS_BEG_ATR.csv" has been uploaded as FF_CX_TS_BEG_ATR.csv.
The operation was successful.
TS_ATR_KEY: 4646292 (4646292/0) rows successful, 0 ignored 

The operation was successful.
CONTRACT_LINE_END_QUARTER cells: 4646292
FUTURE_SHARE_NODE_ID cells: 4646292
FUTURE_SAVM_SALES_LEVEL_1_NAME cells: 4646292
FUTURE_SAVM_SALES_LEVEL_2_NAME cells: 4646292
FUTURE_SAVM_SALES_LEVEL_3_NAME cells: 4646292
FUTURE_SAVM_SALES_LEVEL_4_NAME cells: 4646292
FUTURE_SAVM_SALES_LEVEL_5_NAME cells: 4646292
FUTURE_SAVM_SALES_LEVEL_6_NAME cells: 4646292
FUTURE_SAVM_ID cells: 4646292
FUTURE_SAVM_NAME cells: 4646292
SERVICE_BRAND_CODE cells: 4640332
SOFTWARE_SUPPORT_SERVICES_YORN cells: 4646292
LDOS_FLAG cells: 4646292
BUSINESS_ENTITY_NAME cells: 4646292
SUB_BUSINESS_ENTITY_NAME cells: 4643468
TSA_CMS_IDENTIFIER cells: 4646292
CX_PRODUCT_CATEGORY cells: 4272321
BEGINING_CORRECTED_CONTRACT_LINE_NET_PRICE cells: 4645282
BEGINING_ANNUAL_CONTRACT_LINE_NET_USD_AMOUNT cells: 4645282
CONTRACT_LINE_NET_PRICE_USD cells: 4645463
ANNUAL_CONTRACT_LINE_NET_USD_AMOUNT cells: 4645463
REFRESH_DATE cells: 4646292
BEGINING_CONTRACT_NET_PRICE_SERVICE_SPLIT cells: 4645282
BEGINING_ANNUAL_CONTRACT_NET_SERVICE_SPLIT cells: 4645282
Partner_BE_GEO_ID cells: 4643468
ANNUALIZED_CONTRACT_LINE_NET_USD_AMOUNT cells: 4645463
CX_PRODUCT_PORTFOLIO cells: 4645514
BEGINING_ANNUALIZED_CONTRACT_LINE_NET_USD_AMOUNT cells: 4645282

WEEKLY REFRESH 08/25/21
20210825230912
cd /apps/sales/EA_SALES_Prod_860/DATA/SALES_ANAPLAN_OIC/work/anaplan-connect-1-3-3-3
./AnaplanClient.sh -user anpadmua.gen@cisco.com:L5EJNstptxpa8A7 -workspace 8a81b011720f725f017212c44cdf788d -model EABF24B166F0404DA34A2E00D5E43FE3 -action 'Delete TSS_ATR data' -execute -output '/apps/informatica/admin/SALES/EA_Sales_Prod_961/DATA/SALES_ANAPLAN_OIC/work/tss_atr_key_delete.err'
The operation was successful.

8a81b011720f725f017212c44cdf788d EABF24B166F0404DA34A2E00D5E43FE3
cd /apps/sales/EA_SALES_Prod_860/DATA/SALES_ANAPLAN_OIC/work/anaplan-connect-1-3-3-3
./AnaplanClient.sh -user anpadmua.gen@cisco.com:L5EJNstptxpa8A7 -workspace 8a81b011720f725f017212c44cdf788d -model EABF24B166F0404DA34A2E00D5E43FE3 -file 'FF_CX_TS_BEG_ATR.csv' -put '/apps/sales/EA_SALES_Prod_860/DATA/SALES_ANAPLAN_OIC/work/FF_CX_TS_BEG_ATR.csv' -import 'TS_ATR_KEY from FF_CX_TS_BEG_ATR.csv' -execute -output '/apps/sales/EA_SALES_Prod_860/DATA/SALES_ANAPLAN_OIC/work/tss_atr_list.err' -import 'TSS_ATR from FF_CX_TS_BEG_ATR.csv' -execute -output '/apps/sales/EA_SALES_Prod_860/DATA/SALES_ANAPLAN_OIC/work/tss_atr_module.err'
The file "/apps/sales/EA_SALES_Prod_860/DATA/SALES_ANAPLAN_OIC/work/FF_CX_TS_BEG_ATR.csv" has been uploaded as FF_CX_TS_BEG_ATR.csv.
The operation was successful.
TS_ATR_KEY: 4648750 (4648750/0) rows successful, 0 ignored 

The operation was successful.
CONTRACT_LINE_END_QUARTER cells: 4648750
FUTURE_SHARE_NODE_ID cells: 4648750
FUTURE_SAVM_SALES_LEVEL_1_NAME cells: 4648750
FUTURE_SAVM_SALES_LEVEL_2_NAME cells: 4648750
FUTURE_SAVM_SALES_LEVEL_3_NAME cells: 4648750
FUTURE_SAVM_SALES_LEVEL_4_NAME cells: 4648750
FUTURE_SAVM_SALES_LEVEL_5_NAME cells: 4648750
FUTURE_SAVM_SALES_LEVEL_6_NAME cells: 4648750
FUTURE_SAVM_ID cells: 4648750
FUTURE_SAVM_NAME cells: 4648750
SERVICE_BRAND_CODE cells: 4642795
SOFTWARE_SUPPORT_SERVICES_YORN cells: 4648750
LDOS_FLAG cells: 4648750
BUSINESS_ENTITY_NAME cells: 4648750
SUB_BUSINESS_ENTITY_NAME cells: 4645928
TSA_CMS_IDENTIFIER cells: 4648750
CX_PRODUCT_CATEGORY cells: 4274568
BEGINING_CORRECTED_CONTRACT_LINE_NET_PRICE cells: 4647741
BEGINING_ANNUAL_CONTRACT_LINE_NET_USD_AMOUNT cells: 4647741
CONTRACT_LINE_NET_PRICE_USD cells: 4647926
ANNUAL_CONTRACT_LINE_NET_USD_AMOUNT cells: 4647926
REFRESH_DATE cells: 4648750
BEGINING_CONTRACT_NET_PRICE_SERVICE_SPLIT cells: 4647741
BEGINING_ANNUAL_CONTRACT_NET_SERVICE_SPLIT cells: 4647741
Partner_BE_GEO_ID cells: 4645928
ANNUALIZED_CONTRACT_LINE_NET_USD_AMOUNT cells: 4647926
CX_PRODUCT_PORTFOLIO cells: 4647982
BEGINING_ANNUALIZED_CONTRACT_LINE_NET_USD_AMOUNT cells: 4647741

WEEKLY REFRESH 08/29/21
20210829232327
cd /apps/sales/EA_SALES_Prod_860/DATA/SALES_ANAPLAN_OIC/work/anaplan-connect-1-3-3-3
./AnaplanClient.sh -user anpadmua.gen@cisco.com:L5EJNstptxpa8A7 -workspace 8a81b011720f725f017212c44cdf788d -model EABF24B166F0404DA34A2E00D5E43FE3 -action 'Delete TSS_ATR data' -execute -output '/apps/informatica/admin/SALES/EA_Sales_Prod_961/DATA/SALES_ANAPLAN_OIC/work/tss_atr_key_delete.err'
The operation was successful.

8a81b011720f725f017212c44cdf788d EABF24B166F0404DA34A2E00D5E43FE3
cd /apps/sales/EA_SALES_Prod_860/DATA/SALES_ANAPLAN_OIC/work/anaplan-connect-1-3-3-3
./AnaplanClient.sh -user anpadmua.gen@cisco.com:L5EJNstptxpa8A7 -workspace 8a81b011720f725f017212c44cdf788d -model EABF24B166F0404DA34A2E00D5E43FE3 -file 'FF_CX_TS_BEG_ATR.csv' -put '/apps/sales/EA_SALES_Prod_860/DATA/SALES_ANAPLAN_OIC/work/FF_CX_TS_BEG_ATR.csv' -import 'TS_ATR_KEY from FF_CX_TS_BEG_ATR.csv' -execute -output '/apps/sales/EA_SALES_Prod_860/DATA/SALES_ANAPLAN_OIC/work/tss_atr_list.err' -import 'TSS_ATR from FF_CX_TS_BEG_ATR.csv' -execute -output '/apps/sales/EA_SALES_Prod_860/DATA/SALES_ANAPLAN_OIC/work/tss_atr_module.err'
The file "/apps/sales/EA_SALES_Prod_860/DATA/SALES_ANAPLAN_OIC/work/FF_CX_TS_BEG_ATR.csv" has been uploaded as FF_CX_TS_BEG_ATR.csv.
The operation was successful.
TS_ATR_KEY: 4651391 (4651391/0) rows successful, 0 ignored 

The operation was successful.
CONTRACT_LINE_END_QUARTER cells: 4651391
FUTURE_SHARE_NODE_ID cells: 4651391
FUTURE_SAVM_SALES_LEVEL_1_NAME cells: 4651391
FUTURE_SAVM_SALES_LEVEL_2_NAME cells: 4651391
FUTURE_SAVM_SALES_LEVEL_3_NAME cells: 4651391
FUTURE_SAVM_SALES_LEVEL_4_NAME cells: 4651391
FUTURE_SAVM_SALES_LEVEL_5_NAME cells: 4651391
FUTURE_SAVM_SALES_LEVEL_6_NAME cells: 4651391
FUTURE_SAVM_ID cells: 4651391
FUTURE_SAVM_NAME cells: 4651391
SERVICE_BRAND_CODE cells: 4645436
SOFTWARE_SUPPORT_SERVICES_YORN cells: 4651391
LDOS_FLAG cells: 4651391
BUSINESS_ENTITY_NAME cells: 4651391
SUB_BUSINESS_ENTITY_NAME cells: 4648569
TSA_CMS_IDENTIFIER cells: 4651391
CX_PRODUCT_CATEGORY cells: 4276942
BEGINING_CORRECTED_CONTRACT_LINE_NET_PRICE cells: 4650382
BEGINING_ANNUAL_CONTRACT_LINE_NET_USD_AMOUNT cells: 4650382
CONTRACT_LINE_NET_PRICE_USD cells: 4650570
ANNUAL_CONTRACT_LINE_NET_USD_AMOUNT cells: 4650570
REFRESH_DATE cells: 4651391
BEGINING_CONTRACT_NET_PRICE_SERVICE_SPLIT cells: 4650382
BEGINING_ANNUAL_CONTRACT_NET_SERVICE_SPLIT cells: 4650382
Partner_BE_GEO_ID cells: 4648569
ANNUALIZED_CONTRACT_LINE_NET_USD_AMOUNT cells: 4650570
CX_PRODUCT_PORTFOLIO cells: 4650620
BEGINING_ANNUALIZED_CONTRACT_LINE_NET_USD_AMOUNT cells: 4650382

WEEKLY REFRESH 09/02/21
20210902054839
cd /apps/sales/EA_SALES_Prod_860/DATA/SALES_ANAPLAN_OIC/work/anaplan-connect-1-3-3-3
./AnaplanClient.sh -user anpadmua.gen@cisco.com:L5EJNstptxpa8A7 -workspace 8a81b011720f725f017212c44cdf788d -model EABF24B166F0404DA34A2E00D5E43FE3 -action 'Delete TSS_ATR data' -execute -output '/apps/informatica/admin/SALES/EA_Sales_Prod_961/DATA/SALES_ANAPLAN_OIC/work/tss_atr_key_delete.err'
The operation was successful.

8a81b011720f725f017212c44cdf788d EABF24B166F0404DA34A2E00D5E43FE3
cd /apps/sales/EA_SALES_Prod_860/DATA/SALES_ANAPLAN_OIC/work/anaplan-connect-1-3-3-3
./AnaplanClient.sh -user anpadmua.gen@cisco.com:L5EJNstptxpa8A7 -workspace 8a81b011720f725f017212c44cdf788d -model EABF24B166F0404DA34A2E00D5E43FE3 -file 'FF_CX_TS_BEG_ATR.csv' -put '/apps/sales/EA_SALES_Prod_860/DATA/SALES_ANAPLAN_OIC/work/FF_CX_TS_BEG_ATR.csv' -import 'TS_ATR_KEY from FF_CX_TS_BEG_ATR.csv' -execute -output '/apps/sales/EA_SALES_Prod_860/DATA/SALES_ANAPLAN_OIC/work/tss_atr_list.err' -import 'TSS_ATR from FF_CX_TS_BEG_ATR.csv' -execute -output '/apps/sales/EA_SALES_Prod_860/DATA/SALES_ANAPLAN_OIC/work/tss_atr_module.err'
The file "/apps/sales/EA_SALES_Prod_860/DATA/SALES_ANAPLAN_OIC/work/FF_CX_TS_BEG_ATR.csv" has been uploaded as FF_CX_TS_BEG_ATR.csv.
The operation was successful.
TS_ATR_KEY: 4655533 (4655533/0) rows successful, 0 ignored 

The operation was successful.
CONTRACT_LINE_END_QUARTER cells: 4655533
FUTURE_SHARE_NODE_ID cells: 4655533
FUTURE_SAVM_SALES_LEVEL_1_NAME cells: 4655533
FUTURE_SAVM_SALES_LEVEL_2_NAME cells: 4655533
FUTURE_SAVM_SALES_LEVEL_3_NAME cells: 4655533
FUTURE_SAVM_SALES_LEVEL_4_NAME cells: 4655533
FUTURE_SAVM_SALES_LEVEL_5_NAME cells: 4655533
FUTURE_SAVM_SALES_LEVEL_6_NAME cells: 4655533
FUTURE_SAVM_ID cells: 4655533
FUTURE_SAVM_NAME cells: 4655533
SERVICE_BRAND_CODE cells: 4649579
SOFTWARE_SUPPORT_SERVICES_YORN cells: 4655533
LDOS_FLAG cells: 4655533
BUSINESS_ENTITY_NAME cells: 4655533
SUB_BUSINESS_ENTITY_NAME cells: 4652712
TSA_CMS_IDENTIFIER cells: 4655533
CX_PRODUCT_CATEGORY cells: 4280731
BEGINING_CORRECTED_CONTRACT_LINE_NET_PRICE cells: 4654524
BEGINING_ANNUAL_CONTRACT_LINE_NET_USD_AMOUNT cells: 4654524
CONTRACT_LINE_NET_PRICE_USD cells: 4654716
ANNUAL_CONTRACT_LINE_NET_USD_AMOUNT cells: 4654716
REFRESH_DATE cells: 4655533
BEGINING_CONTRACT_NET_PRICE_SERVICE_SPLIT cells: 4654524
BEGINING_ANNUAL_CONTRACT_NET_SERVICE_SPLIT cells: 4654524
Partner_BE_GEO_ID cells: 4652712
ANNUALIZED_CONTRACT_LINE_NET_USD_AMOUNT cells: 4654716
CX_PRODUCT_PORTFOLIO cells: 4654753
BEGINING_ANNUALIZED_CONTRACT_LINE_NET_USD_AMOUNT cells: 4654524

WEEKLY REFRESH 09/06/21
20210906012626
cd /apps/sales/EA_SALES_Prod_860/DATA/SALES_ANAPLAN_OIC/work/anaplan-connect-1-3-3-3
./AnaplanClient.sh -user anpadmua.gen@cisco.com:L5EJNstptxpa8A7 -workspace 8a81b011720f725f017212c44cdf788d -model EABF24B166F0404DA34A2E00D5E43FE3 -action 'Delete TSS_ATR data' -execute -output '/apps/informatica/admin/SALES/EA_Sales_Prod_961/DATA/SALES_ANAPLAN_OIC/work/tss_atr_key_delete.err'
The operation was successful.

8a81b011720f725f017212c44cdf788d EABF24B166F0404DA34A2E00D5E43FE3
cd /apps/sales/EA_SALES_Prod_860/DATA/SALES_ANAPLAN_OIC/work/anaplan-connect-1-3-3-3
./AnaplanClient.sh -user anpadmua.gen@cisco.com:L5EJNstptxpa8A7 -workspace 8a81b011720f725f017212c44cdf788d -model EABF24B166F0404DA34A2E00D5E43FE3 -file 'FF_CX_TS_BEG_ATR.csv' -put '/apps/sales/EA_SALES_Prod_860/DATA/SALES_ANAPLAN_OIC/work/FF_CX_TS_BEG_ATR.csv' -import 'TS_ATR_KEY from FF_CX_TS_BEG_ATR.csv' -execute -output '/apps/sales/EA_SALES_Prod_860/DATA/SALES_ANAPLAN_OIC/work/tss_atr_list.err' -import 'TSS_ATR from FF_CX_TS_BEG_ATR.csv' -execute -output '/apps/sales/EA_SALES_Prod_860/DATA/SALES_ANAPLAN_OIC/work/tss_atr_module.err'
The file "/apps/sales/EA_SALES_Prod_860/DATA/SALES_ANAPLAN_OIC/work/FF_CX_TS_BEG_ATR.csv" has been uploaded as FF_CX_TS_BEG_ATR.csv.
The operation was successful.
TS_ATR_KEY: 4562166 (4562166/0) rows successful, 0 ignored 

The operation was successful.
CONTRACT_LINE_END_QUARTER cells: 4562166
FUTURE_SHARE_NODE_ID cells: 4562166
FUTURE_SAVM_SALES_LEVEL_1_NAME cells: 4562166
FUTURE_SAVM_SALES_LEVEL_2_NAME cells: 4562166
FUTURE_SAVM_SALES_LEVEL_3_NAME cells: 4562166
FUTURE_SAVM_SALES_LEVEL_4_NAME cells: 4562166
FUTURE_SAVM_SALES_LEVEL_5_NAME cells: 4562166
FUTURE_SAVM_SALES_LEVEL_6_NAME cells: 4562166
FUTURE_SAVM_ID cells: 4562166
FUTURE_SAVM_NAME cells: 4562166
SERVICE_BRAND_CODE cells: 4556276
SOFTWARE_SUPPORT_SERVICES_YORN cells: 4562166
LDOS_FLAG cells: 4562166
BUSINESS_ENTITY_NAME cells: 4562166
SUB_BUSINESS_ENTITY_NAME cells: 4559369
TSA_CMS_IDENTIFIER cells: 4562166
CX_PRODUCT_CATEGORY cells: 4193018
BEGINING_CORRECTED_CONTRACT_LINE_NET_PRICE cells: 4561185
BEGINING_ANNUAL_CONTRACT_LINE_NET_USD_AMOUNT cells: 4561185
CONTRACT_LINE_NET_PRICE_USD cells: 4561379
ANNUAL_CONTRACT_LINE_NET_USD_AMOUNT cells: 4561379
REFRESH_DATE cells: 4562166
BEGINING_CONTRACT_NET_PRICE_SERVICE_SPLIT cells: 4561185
BEGINING_ANNUAL_CONTRACT_NET_SERVICE_SPLIT cells: 4561185
Partner_BE_GEO_ID cells: 4559369
ANNUALIZED_CONTRACT_LINE_NET_USD_AMOUNT cells: 4561379
CX_PRODUCT_PORTFOLIO cells: 4561418
BEGINING_ANNUALIZED_CONTRACT_LINE_NET_USD_AMOUNT cells: 4561185

