
8a81b011720f725f017212c44cdf788d EABF24B166F0404DA34A2E00D5E43FE3
cd /apps/informatica/admin/SALES/EA_Sales_Prod_961/DATA/SALES_ANAPLAN_OIC/work/anaplan-connect-1-3-3-3
./AnaplanClient.sh -user anpadmua.gen@cisco.com:L5EJNstptxpa7B5 -workspace 8a81b011720f725f017212c44cdf788d -model EABF24B166F0404DA34A2E00D5E43FE3 -file 'NGCGI_GOAL_AUDIT_DAILY.csv' -put '/apps/sales/EA_SALES_Prod_860/DATA/SALES_ANAPLAN_OIC/work/FF_XXANP_NGCGI_GOAL_AUDIT_FF.csv' -import 'SENT_TO_NGCGI_AUDIT_ID from NGCGI_GOAL_AUDIT_DAILY.csv' -execute -output '/apps/sales/EA_SALES_Prod_860/DATA/SALES_ANAPLAN_OIC/work/goal_audit_list.err' -import 'NGCGI_GOAL_AUDIT from NGCGI_GOAL_AUDIT_DAILY.csv' -execute -output '/apps/sales/EA_SALES_Prod_860/DATA/SALES_ANAPLAN_OIC/work/goal_audit_module.err'
The file "/apps/sales/EA_SALES_Prod_860/DATA/SALES_ANAPLAN_OIC/work/FF_XXANP_NGCGI_GOAL_AUDIT_FF.csv" has been uploaded as NGCGI_GOAL_AUDIT_DAILY.csv.
The operation was successful.
SENT_TO_NGCGI_AUDIT_ID: 7747 (0/7747) rows successful, 0 ignored 

The operation was successful.
FISCAL_YEAR cells: 7747
NO_OF_GOALS_SENT_TO_NGCGI cells: 7747
GOAL_SENT_DATE cells: 7747
FILE_NAME cells: 7747
PEC cells: 7747
PLAN_PRORATION_TYPE cells: 7747

8a81b011720f725f017212c44cdf788d EABF24B166F0404DA34A2E00D5E43FE3
cd /apps/informatica/admin/SALES/EA_Sales_Prod_961/DATA/SALES_ANAPLAN_OIC/work/anaplan-connect-1-3-3-3
./AnaplanClient.sh -user anpadmua.gen@cisco.com:L5EJNstptxpa7B5 -workspace 8a81b011720f725f017212c44cdf788d -model EABF24B166F0404DA34A2E00D5E43FE3 -file 'NGCGI_GOAL_AUDIT_DAILY.csv' -put '/apps/sales/EA_SALES_Prod_860/DATA/SALES_ANAPLAN_OIC/work/FF_XXANP_NGCGI_GOAL_AUDIT_FF.csv' -import 'SENT_TO_NGCGI_AUDIT_ID from NGCGI_GOAL_AUDIT_DAILY.csv' -execute -output '/apps/sales/EA_SALES_Prod_860/DATA/SALES_ANAPLAN_OIC/work/goal_audit_list.err' -import 'NGCGI_GOAL_AUDIT from NGCGI_GOAL_AUDIT_DAILY.csv' -execute -output '/apps/sales/EA_SALES_Prod_860/DATA/SALES_ANAPLAN_OIC/work/goal_audit_module.err'
The file "/apps/sales/EA_SALES_Prod_860/DATA/SALES_ANAPLAN_OIC/work/FF_XXANP_NGCGI_GOAL_AUDIT_FF.csv" has been uploaded as NGCGI_GOAL_AUDIT_DAILY.csv.
The operation was successful.
SENT_TO_NGCGI_AUDIT_ID: 7747 (0/7747) rows successful, 0 ignored 

The operation was successful.
FISCAL_YEAR cells: 7747
NO_OF_GOALS_SENT_TO_NGCGI cells: 7747
GOAL_SENT_DATE cells: 7747
FILE_NAME cells: 7747
PEC cells: 7747
PLAN_PRORATION_TYPE cells: 7747

8a81b011720f725f017212c44cdf788d EABF24B166F0404DA34A2E00D5E43FE3
cd /apps/informatica/admin/SALES/EA_Sales_Prod_961/DATA/SALES_ANAPLAN_OIC/work/anaplan-connect-1-3-3-3
./AnaplanClient.sh -user anpadmua.gen@cisco.com:L5EJNstptxpa7B5 -workspace 8a81b011720f725f017212c44cdf788d -model EABF24B166F0404DA34A2E00D5E43FE3 -file 'NGCGI_GOAL_AUDIT_DAILY.csv' -put '/apps/sales/EA_SALES_Prod_860/DATA/SALES_ANAPLAN_OIC/work/FF_XXANP_NGCGI_GOAL_AUDIT_FF.csv' -import 'SENT_TO_NGCGI_AUDIT_ID from NGCGI_GOAL_AUDIT_DAILY.csv' -execute -output '/apps/sales/EA_SALES_Prod_860/DATA/SALES_ANAPLAN_OIC/work/goal_audit_list.err' -import 'NGCGI_GOAL_AUDIT from NGCGI_GOAL_AUDIT_DAILY.csv' -execute -output '/apps/sales/EA_SALES_Prod_860/DATA/SALES_ANAPLAN_OIC/work/goal_audit_module.err'
The file "/apps/sales/EA_SALES_Prod_860/DATA/SALES_ANAPLAN_OIC/work/FF_XXANP_NGCGI_GOAL_AUDIT_FF.csv" has been uploaded as NGCGI_GOAL_AUDIT_DAILY.csv.
The operation was successful.
SENT_TO_NGCGI_AUDIT_ID: 7747 (0/7747) rows successful, 0 ignored 

The operation was successful.
FISCAL_YEAR cells: 7747
NO_OF_GOALS_SENT_TO_NGCGI cells: 7747
GOAL_SENT_DATE cells: 7747
FILE_NAME cells: 7747
PEC cells: 7747
PLAN_PRORATION_TYPE cells: 7747

8a81b011720f725f017212c44cdf788d EABF24B166F0404DA34A2E00D5E43FE3
cd /apps/informatica/admin/SALES/EA_Sales_Prod_961/DATA/SALES_ANAPLAN_OIC/work/anaplan-connect-1-3-3-3
./AnaplanClient.sh -user anpadmua.gen@cisco.com:L5EJNstptxpa7B5 -workspace 8a81b011720f725f017212c44cdf788d -model EABF24B166F0404DA34A2E00D5E43FE3 -file 'NGCGI_GOAL_AUDIT_DAILY.csv' -put '/apps/sales/EA_SALES_Prod_860/DATA/SALES_ANAPLAN_OIC/work/FF_XXANP_NGCGI_GOAL_AUDIT_FF.csv' -import 'SENT_TO_NGCGI_AUDIT_ID from NGCGI_GOAL_AUDIT_DAILY.csv' -execute -output '/apps/sales/EA_SALES_Prod_860/DATA/SALES_ANAPLAN_OIC/work/goal_audit_list.err' -import 'NGCGI_GOAL_AUDIT from NGCGI_GOAL_AUDIT_DAILY.csv' -execute -output '/apps/sales/EA_SALES_Prod_860/DATA/SALES_ANAPLAN_OIC/work/goal_audit_module.err'
The file "/apps/sales/EA_SALES_Prod_860/DATA/SALES_ANAPLAN_OIC/work/FF_XXANP_NGCGI_GOAL_AUDIT_FF.csv" has been uploaded as NGCGI_GOAL_AUDIT_DAILY.csv.
The operation was successful.
SENT_TO_NGCGI_AUDIT_ID: 7747 (0/7747) rows successful, 0 ignored 

The operation was successful.
FISCAL_YEAR cells: 7747
NO_OF_GOALS_SENT_TO_NGCGI cells: 7747
GOAL_SENT_DATE cells: 7747
FILE_NAME cells: 7747
PEC cells: 7747
PLAN_PRORATION_TYPE cells: 7747

8a81b011720f725f017212c44cdf788d EABF24B166F0404DA34A2E00D5E43FE3
cd /apps/informatica/admin/SALES/EA_Sales_Prod_961/DATA/SALES_ANAPLAN_OIC/work/anaplan-connect-1-3-3-3
./AnaplanClient.sh -user anpadmua.gen@cisco.com:L5EJNstptxpa7B5 -workspace 8a81b011720f725f017212c44cdf788d -model EABF24B166F0404DA34A2E00D5E43FE3 -file 'NGCGI_GOAL_AUDIT_DAILY.csv' -put '/apps/sales/EA_SALES_Prod_860/DATA/SALES_ANAPLAN_OIC/work/FF_XXANP_NGCGI_GOAL_AUDIT_FF.csv' -import 'SENT_TO_NGCGI_AUDIT_ID from NGCGI_GOAL_AUDIT_DAILY.csv' -execute -output '/apps/sales/EA_SALES_Prod_860/DATA/SALES_ANAPLAN_OIC/work/goal_audit_list.err' -import 'NGCGI_GOAL_AUDIT from NGCGI_GOAL_AUDIT_DAILY.csv' -execute -output '/apps/sales/EA_SALES_Prod_860/DATA/SALES_ANAPLAN_OIC/work/goal_audit_module.err'
The file "/apps/sales/EA_SALES_Prod_860/DATA/SALES_ANAPLAN_OIC/work/FF_XXANP_NGCGI_GOAL_AUDIT_FF.csv" has been uploaded as NGCGI_GOAL_AUDIT_DAILY.csv.
The operation was successful.
SENT_TO_NGCGI_AUDIT_ID: 7748 (1/7747) rows successful, 0 ignored 

The operation was successful.
FISCAL_YEAR cells: 7748
NO_OF_GOALS_SENT_TO_NGCGI cells: 7748
GOAL_SENT_DATE cells: 7748
FILE_NAME cells: 7748
PEC cells: 7748
PLAN_PRORATION_TYPE cells: 7748

8a81b011720f725f017212c44cdf788d EABF24B166F0404DA34A2E00D5E43FE3
cd /apps/informatica/admin/SALES/EA_Sales_Prod_961/DATA/SALES_ANAPLAN_OIC/work/anaplan-connect-1-3-3-3
./AnaplanClient.sh -user anpadmua.gen@cisco.com:L5EJNstptxpa7B5 -workspace 8a81b011720f725f017212c44cdf788d -model EABF24B166F0404DA34A2E00D5E43FE3 -file 'NGCGI_GOAL_AUDIT_DAILY.csv' -put '/apps/sales/EA_SALES_Prod_860/DATA/SALES_ANAPLAN_OIC/work/FF_XXANP_NGCGI_GOAL_AUDIT_FF.csv' -import 'SENT_TO_NGCGI_AUDIT_ID from NGCGI_GOAL_AUDIT_DAILY.csv' -execute -output '/apps/sales/EA_SALES_Prod_860/DATA/SALES_ANAPLAN_OIC/work/goal_audit_list.err' -import 'NGCGI_GOAL_AUDIT from NGCGI_GOAL_AUDIT_DAILY.csv' -execute -output '/apps/sales/EA_SALES_Prod_860/DATA/SALES_ANAPLAN_OIC/work/goal_audit_module.err'
The file "/apps/sales/EA_SALES_Prod_860/DATA/SALES_ANAPLAN_OIC/work/FF_XXANP_NGCGI_GOAL_AUDIT_FF.csv" has been uploaded as NGCGI_GOAL_AUDIT_DAILY.csv.
The operation was successful.
SENT_TO_NGCGI_AUDIT_ID: 7748 (0/7748) rows successful, 0 ignored 

The operation was successful.
FISCAL_YEAR cells: 7748
NO_OF_GOALS_SENT_TO_NGCGI cells: 7748
GOAL_SENT_DATE cells: 7748
FILE_NAME cells: 7748
PEC cells: 7748
PLAN_PRORATION_TYPE cells: 7748

8a81b011720f725f017212c44cdf788d EABF24B166F0404DA34A2E00D5E43FE3
cd /apps/informatica/admin/SALES/EA_Sales_Prod_961/DATA/SALES_ANAPLAN_OIC/work/anaplan-connect-1-3-3-3
./AnaplanClient.sh -user anpadmua.gen@cisco.com:L5EJNstptxpa7B5 -workspace 8a81b011720f725f017212c44cdf788d -model EABF24B166F0404DA34A2E00D5E43FE3 -file 'NGCGI_GOAL_AUDIT_DAILY.csv' -put '/apps/sales/EA_SALES_Prod_860/DATA/SALES_ANAPLAN_OIC/work/FF_XXANP_NGCGI_GOAL_AUDIT_FF.csv' -import 'SENT_TO_NGCGI_AUDIT_ID from NGCGI_GOAL_AUDIT_DAILY.csv' -execute -output '/apps/sales/EA_SALES_Prod_860/DATA/SALES_ANAPLAN_OIC/work/goal_audit_list.err' -import 'NGCGI_GOAL_AUDIT from NGCGI_GOAL_AUDIT_DAILY.csv' -execute -output '/apps/sales/EA_SALES_Prod_860/DATA/SALES_ANAPLAN_OIC/work/goal_audit_module.err'
The file "/apps/sales/EA_SALES_Prod_860/DATA/SALES_ANAPLAN_OIC/work/FF_XXANP_NGCGI_GOAL_AUDIT_FF.csv" has been uploaded as NGCGI_GOAL_AUDIT_DAILY.csv.
The operation was successful.
SENT_TO_NGCGI_AUDIT_ID: 7748 (0/7748) rows successful, 0 ignored 

The operation was successful.
FISCAL_YEAR cells: 7748
NO_OF_GOALS_SENT_TO_NGCGI cells: 7748
GOAL_SENT_DATE cells: 7748
FILE_NAME cells: 7748
PEC cells: 7748
PLAN_PRORATION_TYPE cells: 7748

8a81b011720f725f017212c44cdf788d EABF24B166F0404DA34A2E00D5E43FE3
cd /apps/informatica/admin/SALES/EA_Sales_Prod_961/DATA/SALES_ANAPLAN_OIC/work/anaplan-connect-1-3-3-3
./AnaplanClient.sh -user anpadmua.gen@cisco.com:L5EJNstptxpa7B5 -workspace 8a81b011720f725f017212c44cdf788d -model EABF24B166F0404DA34A2E00D5E43FE3 -file 'NGCGI_GOAL_AUDIT_DAILY.csv' -put '/apps/sales/EA_SALES_Prod_860/DATA/SALES_ANAPLAN_OIC/work/FF_XXANP_NGCGI_GOAL_AUDIT_FF.csv' -import 'SENT_TO_NGCGI_AUDIT_ID from NGCGI_GOAL_AUDIT_DAILY.csv' -execute -output '/apps/sales/EA_SALES_Prod_860/DATA/SALES_ANAPLAN_OIC/work/goal_audit_list.err' -import 'NGCGI_GOAL_AUDIT from NGCGI_GOAL_AUDIT_DAILY.csv' -execute -output '/apps/sales/EA_SALES_Prod_860/DATA/SALES_ANAPLAN_OIC/work/goal_audit_module.err'
The file "/apps/sales/EA_SALES_Prod_860/DATA/SALES_ANAPLAN_OIC/work/FF_XXANP_NGCGI_GOAL_AUDIT_FF.csv" has been uploaded as NGCGI_GOAL_AUDIT_DAILY.csv.
The operation was successful.
SENT_TO_NGCGI_AUDIT_ID: 7748 (0/7748) rows successful, 0 ignored 

The operation was successful.
FISCAL_YEAR cells: 7748
NO_OF_GOALS_SENT_TO_NGCGI cells: 7748
GOAL_SENT_DATE cells: 7748
FILE_NAME cells: 7748
PEC cells: 7748
PLAN_PRORATION_TYPE cells: 7748

8a81b011720f725f017212c44cdf788d EABF24B166F0404DA34A2E00D5E43FE3
cd /apps/informatica/admin/SALES/EA_Sales_Prod_961/DATA/SALES_ANAPLAN_OIC/work/anaplan-connect-1-3-3-3
./AnaplanClient.sh -user anpadmua.gen@cisco.com:L5EJNstptxpa7B5 -workspace 8a81b011720f725f017212c44cdf788d -model EABF24B166F0404DA34A2E00D5E43FE3 -file 'NGCGI_GOAL_AUDIT_DAILY.csv' -put '/apps/sales/EA_SALES_Prod_860/DATA/SALES_ANAPLAN_OIC/work/FF_XXANP_NGCGI_GOAL_AUDIT_FF.csv' -import 'SENT_TO_NGCGI_AUDIT_ID from NGCGI_GOAL_AUDIT_DAILY.csv' -execute -output '/apps/sales/EA_SALES_Prod_860/DATA/SALES_ANAPLAN_OIC/work/goal_audit_list.err' -import 'NGCGI_GOAL_AUDIT from NGCGI_GOAL_AUDIT_DAILY.csv' -execute -output '/apps/sales/EA_SALES_Prod_860/DATA/SALES_ANAPLAN_OIC/work/goal_audit_module.err'
The file "/apps/sales/EA_SALES_Prod_860/DATA/SALES_ANAPLAN_OIC/work/FF_XXANP_NGCGI_GOAL_AUDIT_FF.csv" has been uploaded as NGCGI_GOAL_AUDIT_DAILY.csv.
The operation was successful.
SENT_TO_NGCGI_AUDIT_ID: 7748 (0/7748) rows successful, 0 ignored 

The operation was successful.
FISCAL_YEAR cells: 7748
NO_OF_GOALS_SENT_TO_NGCGI cells: 7748
GOAL_SENT_DATE cells: 7748
FILE_NAME cells: 7748
PEC cells: 7748
PLAN_PRORATION_TYPE cells: 7748

8a81b011720f725f017212c44cdf788d EABF24B166F0404DA34A2E00D5E43FE3
cd /apps/informatica/admin/SALES/EA_Sales_Prod_961/DATA/SALES_ANAPLAN_OIC/work/anaplan-connect-1-3-3-3
./AnaplanClient.sh -user anpadmua.gen@cisco.com:L5EJNstptxpa7B5 -workspace 8a81b011720f725f017212c44cdf788d -model EABF24B166F0404DA34A2E00D5E43FE3 -file 'NGCGI_GOAL_AUDIT_DAILY.csv' -put '/apps/sales/EA_SALES_Prod_860/DATA/SALES_ANAPLAN_OIC/work/FF_XXANP_NGCGI_GOAL_AUDIT_FF.csv' -import 'SENT_TO_NGCGI_AUDIT_ID from NGCGI_GOAL_AUDIT_DAILY.csv' -execute -output '/apps/sales/EA_SALES_Prod_860/DATA/SALES_ANAPLAN_OIC/work/goal_audit_list.err' -import 'NGCGI_GOAL_AUDIT from NGCGI_GOAL_AUDIT_DAILY.csv' -execute -output '/apps/sales/EA_SALES_Prod_860/DATA/SALES_ANAPLAN_OIC/work/goal_audit_module.err'
The file "/apps/sales/EA_SALES_Prod_860/DATA/SALES_ANAPLAN_OIC/work/FF_XXANP_NGCGI_GOAL_AUDIT_FF.csv" has been uploaded as NGCGI_GOAL_AUDIT_DAILY.csv.
The operation was successful.
SENT_TO_NGCGI_AUDIT_ID: 7750 (2/7748) rows successful, 0 ignored 

The operation was successful.
FISCAL_YEAR cells: 7750
NO_OF_GOALS_SENT_TO_NGCGI cells: 7750
GOAL_SENT_DATE cells: 7750
FILE_NAME cells: 7750
PEC cells: 7750
PLAN_PRORATION_TYPE cells: 7750

8a81b011720f725f017212c44cdf788d EABF24B166F0404DA34A2E00D5E43FE3
cd /apps/informatica/admin/SALES/EA_Sales_Prod_961/DATA/SALES_ANAPLAN_OIC/work/anaplan-connect-1-3-3-3
./AnaplanClient.sh -user anpadmua.gen@cisco.com:L5EJNstptxpa7B5 -workspace 8a81b011720f725f017212c44cdf788d -model EABF24B166F0404DA34A2E00D5E43FE3 -file 'NGCGI_GOAL_AUDIT_DAILY.csv' -put '/apps/sales/EA_SALES_Prod_860/DATA/SALES_ANAPLAN_OIC/work/FF_XXANP_NGCGI_GOAL_AUDIT_FF.csv' -import 'SENT_TO_NGCGI_AUDIT_ID from NGCGI_GOAL_AUDIT_DAILY.csv' -execute -output '/apps/sales/EA_SALES_Prod_860/DATA/SALES_ANAPLAN_OIC/work/goal_audit_list.err' -import 'NGCGI_GOAL_AUDIT from NGCGI_GOAL_AUDIT_DAILY.csv' -execute -output '/apps/sales/EA_SALES_Prod_860/DATA/SALES_ANAPLAN_OIC/work/goal_audit_module.err'
The file "/apps/sales/EA_SALES_Prod_860/DATA/SALES_ANAPLAN_OIC/work/FF_XXANP_NGCGI_GOAL_AUDIT_FF.csv" has been uploaded as NGCGI_GOAL_AUDIT_DAILY.csv.
The operation was successful.
SENT_TO_NGCGI_AUDIT_ID: 7750 (0/7750) rows successful, 0 ignored 

The operation was successful.
FISCAL_YEAR cells: 7750
NO_OF_GOALS_SENT_TO_NGCGI cells: 7750
GOAL_SENT_DATE cells: 7750
FILE_NAME cells: 7750
PEC cells: 7750
PLAN_PRORATION_TYPE cells: 7750

8a81b011720f725f017212c44cdf788d EABF24B166F0404DA34A2E00D5E43FE3
cd /apps/informatica/admin/SALES/EA_Sales_Prod_961/DATA/SALES_ANAPLAN_OIC/work/anaplan-connect-1-3-3-3
./AnaplanClient.sh -user anpadmua.gen@cisco.com:L5EJNstptxpa7B5 -workspace 8a81b011720f725f017212c44cdf788d -model EABF24B166F0404DA34A2E00D5E43FE3 -file 'NGCGI_GOAL_AUDIT_DAILY.csv' -put '/apps/sales/EA_SALES_Prod_860/DATA/SALES_ANAPLAN_OIC/work/FF_XXANP_NGCGI_GOAL_AUDIT_FF.csv' -import 'SENT_TO_NGCGI_AUDIT_ID from NGCGI_GOAL_AUDIT_DAILY.csv' -execute -output '/apps/sales/EA_SALES_Prod_860/DATA/SALES_ANAPLAN_OIC/work/goal_audit_list.err' -import 'NGCGI_GOAL_AUDIT from NGCGI_GOAL_AUDIT_DAILY.csv' -execute -output '/apps/sales/EA_SALES_Prod_860/DATA/SALES_ANAPLAN_OIC/work/goal_audit_module.err'
The file "/apps/sales/EA_SALES_Prod_860/DATA/SALES_ANAPLAN_OIC/work/FF_XXANP_NGCGI_GOAL_AUDIT_FF.csv" has been uploaded as NGCGI_GOAL_AUDIT_DAILY.csv.
The operation was successful.
SENT_TO_NGCGI_AUDIT_ID: 7750 (0/7750) rows successful, 0 ignored 

The operation was successful.
FISCAL_YEAR cells: 7750
NO_OF_GOALS_SENT_TO_NGCGI cells: 7750
GOAL_SENT_DATE cells: 7750
FILE_NAME cells: 7750
PEC cells: 7750
PLAN_PRORATION_TYPE cells: 7750

8a81b011720f725f017212c44cdf788d EABF24B166F0404DA34A2E00D5E43FE3
cd /apps/informatica/admin/SALES/EA_Sales_Prod_961/DATA/SALES_ANAPLAN_OIC/work/anaplan-connect-1-3-3-3
./AnaplanClient.sh -user anpadmua.gen@cisco.com:L5EJNstptxpa7B5 -workspace 8a81b011720f725f017212c44cdf788d -model EABF24B166F0404DA34A2E00D5E43FE3 -file 'NGCGI_GOAL_AUDIT_DAILY.csv' -put '/apps/sales/EA_SALES_Prod_860/DATA/SALES_ANAPLAN_OIC/work/FF_XXANP_NGCGI_GOAL_AUDIT_FF.csv' -import 'SENT_TO_NGCGI_AUDIT_ID from NGCGI_GOAL_AUDIT_DAILY.csv' -execute -output '/apps/sales/EA_SALES_Prod_860/DATA/SALES_ANAPLAN_OIC/work/goal_audit_list.err' -import 'NGCGI_GOAL_AUDIT from NGCGI_GOAL_AUDIT_DAILY.csv' -execute -output '/apps/sales/EA_SALES_Prod_860/DATA/SALES_ANAPLAN_OIC/work/goal_audit_module.err'
The file "/apps/sales/EA_SALES_Prod_860/DATA/SALES_ANAPLAN_OIC/work/FF_XXANP_NGCGI_GOAL_AUDIT_FF.csv" has been uploaded as NGCGI_GOAL_AUDIT_DAILY.csv.
The operation was successful.
SENT_TO_NGCGI_AUDIT_ID: 7751 (1/7750) rows successful, 0 ignored 

The operation was successful.
FISCAL_YEAR cells: 7751
NO_OF_GOALS_SENT_TO_NGCGI cells: 7751
GOAL_SENT_DATE cells: 7751
FILE_NAME cells: 7751
PEC cells: 7751
PLAN_PRORATION_TYPE cells: 7751

8a81b011720f725f017212c44cdf788d EABF24B166F0404DA34A2E00D5E43FE3
cd /apps/informatica/admin/SALES/EA_Sales_Prod_961/DATA/SALES_ANAPLAN_OIC/work/anaplan-connect-1-3-3-3
./AnaplanClient.sh -user anpadmua.gen@cisco.com:L5EJNstptxpa7B5 -workspace 8a81b011720f725f017212c44cdf788d -model EABF24B166F0404DA34A2E00D5E43FE3 -file 'NGCGI_GOAL_AUDIT_DAILY.csv' -put '/apps/sales/EA_SALES_Prod_860/DATA/SALES_ANAPLAN_OIC/work/FF_XXANP_NGCGI_GOAL_AUDIT_FF.csv' -import 'SENT_TO_NGCGI_AUDIT_ID from NGCGI_GOAL_AUDIT_DAILY.csv' -execute -output '/apps/sales/EA_SALES_Prod_860/DATA/SALES_ANAPLAN_OIC/work/goal_audit_list.err' -import 'NGCGI_GOAL_AUDIT from NGCGI_GOAL_AUDIT_DAILY.csv' -execute -output '/apps/sales/EA_SALES_Prod_860/DATA/SALES_ANAPLAN_OIC/work/goal_audit_module.err'
The file "/apps/sales/EA_SALES_Prod_860/DATA/SALES_ANAPLAN_OIC/work/FF_XXANP_NGCGI_GOAL_AUDIT_FF.csv" has been uploaded as NGCGI_GOAL_AUDIT_DAILY.csv.
The operation was successful.
SENT_TO_NGCGI_AUDIT_ID: 7751 (0/7751) rows successful, 0 ignored 

The operation was successful.
FISCAL_YEAR cells: 7751
NO_OF_GOALS_SENT_TO_NGCGI cells: 7751
GOAL_SENT_DATE cells: 7751
FILE_NAME cells: 7751
PEC cells: 7751
PLAN_PRORATION_TYPE cells: 7751

8a81b011720f725f017212c44cdf788d EABF24B166F0404DA34A2E00D5E43FE3
cd /apps/informatica/admin/SALES/EA_Sales_Prod_961/DATA/SALES_ANAPLAN_OIC/work/anaplan-connect-1-3-3-3
./AnaplanClient.sh -user anpadmua.gen@cisco.com:L5EJNstptxpa7B5 -workspace 8a81b011720f725f017212c44cdf788d -model EABF24B166F0404DA34A2E00D5E43FE3 -file 'NGCGI_GOAL_AUDIT_DAILY.csv' -put '/apps/sales/EA_SALES_Prod_860/DATA/SALES_ANAPLAN_OIC/work/FF_XXANP_NGCGI_GOAL_AUDIT_FF.csv' -import 'SENT_TO_NGCGI_AUDIT_ID from NGCGI_GOAL_AUDIT_DAILY.csv' -execute -output '/apps/sales/EA_SALES_Prod_860/DATA/SALES_ANAPLAN_OIC/work/goal_audit_list.err' -import 'NGCGI_GOAL_AUDIT from NGCGI_GOAL_AUDIT_DAILY.csv' -execute -output '/apps/sales/EA_SALES_Prod_860/DATA/SALES_ANAPLAN_OIC/work/goal_audit_module.err'
The file "/apps/sales/EA_SALES_Prod_860/DATA/SALES_ANAPLAN_OIC/work/FF_XXANP_NGCGI_GOAL_AUDIT_FF.csv" has been uploaded as NGCGI_GOAL_AUDIT_DAILY.csv.
The operation was successful.
SENT_TO_NGCGI_AUDIT_ID: 7751 (0/7751) rows successful, 0 ignored 

The operation was successful.
FISCAL_YEAR cells: 7751
NO_OF_GOALS_SENT_TO_NGCGI cells: 7751
GOAL_SENT_DATE cells: 7751
FILE_NAME cells: 7751
PEC cells: 7751
PLAN_PRORATION_TYPE cells: 7751

8a81b011720f725f017212c44cdf788d EABF24B166F0404DA34A2E00D5E43FE3
cd /apps/informatica/admin/SALES/EA_Sales_Prod_961/DATA/SALES_ANAPLAN_OIC/work/anaplan-connect-1-3-3-3
./AnaplanClient.sh -user anpadmua.gen@cisco.com:L5EJNstptxpa7B5 -workspace 8a81b011720f725f017212c44cdf788d -model EABF24B166F0404DA34A2E00D5E43FE3 -file 'NGCGI_GOAL_AUDIT_DAILY.csv' -put '/apps/sales/EA_SALES_Prod_860/DATA/SALES_ANAPLAN_OIC/work/FF_XXANP_NGCGI_GOAL_AUDIT_FF.csv' -import 'SENT_TO_NGCGI_AUDIT_ID from NGCGI_GOAL_AUDIT_DAILY.csv' -execute -output '/apps/sales/EA_SALES_Prod_860/DATA/SALES_ANAPLAN_OIC/work/goal_audit_list.err' -import 'NGCGI_GOAL_AUDIT from NGCGI_GOAL_AUDIT_DAILY.csv' -execute -output '/apps/sales/EA_SALES_Prod_860/DATA/SALES_ANAPLAN_OIC/work/goal_audit_module.err'
The file "/apps/sales/EA_SALES_Prod_860/DATA/SALES_ANAPLAN_OIC/work/FF_XXANP_NGCGI_GOAL_AUDIT_FF.csv" has been uploaded as NGCGI_GOAL_AUDIT_DAILY.csv.
The operation was successful.
SENT_TO_NGCGI_AUDIT_ID: 7751 (0/7751) rows successful, 0 ignored 

The operation was successful.
FISCAL_YEAR cells: 7751
NO_OF_GOALS_SENT_TO_NGCGI cells: 7751
GOAL_SENT_DATE cells: 7751
FILE_NAME cells: 7751
PEC cells: 7751
PLAN_PRORATION_TYPE cells: 7751

8a81b011720f725f017212c44cdf788d EABF24B166F0404DA34A2E00D5E43FE3
cd /apps/informatica/admin/SALES/EA_Sales_Prod_961/DATA/SALES_ANAPLAN_OIC/work/anaplan-connect-1-3-3-3
./AnaplanClient.sh -user anpadmua.gen@cisco.com:L5EJNstptxpa7B5 -workspace 8a81b011720f725f017212c44cdf788d -model EABF24B166F0404DA34A2E00D5E43FE3 -file 'NGCGI_GOAL_AUDIT_DAILY.csv' -put '/apps/sales/EA_SALES_Prod_860/DATA/SALES_ANAPLAN_OIC/work/FF_XXANP_NGCGI_GOAL_AUDIT_FF.csv' -import 'SENT_TO_NGCGI_AUDIT_ID from NGCGI_GOAL_AUDIT_DAILY.csv' -execute -output '/apps/sales/EA_SALES_Prod_860/DATA/SALES_ANAPLAN_OIC/work/goal_audit_list.err' -import 'NGCGI_GOAL_AUDIT from NGCGI_GOAL_AUDIT_DAILY.csv' -execute -output '/apps/sales/EA_SALES_Prod_860/DATA/SALES_ANAPLAN_OIC/work/goal_audit_module.err'
The file "/apps/sales/EA_SALES_Prod_860/DATA/SALES_ANAPLAN_OIC/work/FF_XXANP_NGCGI_GOAL_AUDIT_FF.csv" has been uploaded as NGCGI_GOAL_AUDIT_DAILY.csv.
The operation was successful.
SENT_TO_NGCGI_AUDIT_ID: 7754 (3/7751) rows successful, 0 ignored 

The operation was successful.
FISCAL_YEAR cells: 7754
NO_OF_GOALS_SENT_TO_NGCGI cells: 7754
GOAL_SENT_DATE cells: 7754
FILE_NAME cells: 7754
PEC cells: 7754
PLAN_PRORATION_TYPE cells: 7754

8a81b011720f725f017212c44cdf788d EABF24B166F0404DA34A2E00D5E43FE3
cd /apps/informatica/admin/SALES/EA_Sales_Prod_961/DATA/SALES_ANAPLAN_OIC/work/anaplan-connect-1-3-3-3
./AnaplanClient.sh -user anpadmua.gen@cisco.com:L5EJNstptxpa7B5 -workspace 8a81b011720f725f017212c44cdf788d -model EABF24B166F0404DA34A2E00D5E43FE3 -file 'NGCGI_GOAL_AUDIT_DAILY.csv' -put '/apps/sales/EA_SALES_Prod_860/DATA/SALES_ANAPLAN_OIC/work/FF_XXANP_NGCGI_GOAL_AUDIT_FF.csv' -import 'SENT_TO_NGCGI_AUDIT_ID from NGCGI_GOAL_AUDIT_DAILY.csv' -execute -output '/apps/sales/EA_SALES_Prod_860/DATA/SALES_ANAPLAN_OIC/work/goal_audit_list.err' -import 'NGCGI_GOAL_AUDIT from NGCGI_GOAL_AUDIT_DAILY.csv' -execute -output '/apps/sales/EA_SALES_Prod_860/DATA/SALES_ANAPLAN_OIC/work/goal_audit_module.err'
The file "/apps/sales/EA_SALES_Prod_860/DATA/SALES_ANAPLAN_OIC/work/FF_XXANP_NGCGI_GOAL_AUDIT_FF.csv" has been uploaded as NGCGI_GOAL_AUDIT_DAILY.csv.
The operation was successful.
SENT_TO_NGCGI_AUDIT_ID: 7754 (0/7754) rows successful, 0 ignored 

The operation was successful.
FISCAL_YEAR cells: 7754
NO_OF_GOALS_SENT_TO_NGCGI cells: 7754
GOAL_SENT_DATE cells: 7754
FILE_NAME cells: 7754
PEC cells: 7754
PLAN_PRORATION_TYPE cells: 7754

8a81b011720f725f017212c44cdf788d EABF24B166F0404DA34A2E00D5E43FE3
cd /apps/informatica/admin/SALES/EA_Sales_Prod_961/DATA/SALES_ANAPLAN_OIC/work/anaplan-connect-1-3-3-3
./AnaplanClient.sh -user anpadmua.gen@cisco.com:L5EJNstptxpa7B5 -workspace 8a81b011720f725f017212c44cdf788d -model EABF24B166F0404DA34A2E00D5E43FE3 -file 'NGCGI_GOAL_AUDIT_DAILY.csv' -put '/apps/sales/EA_SALES_Prod_860/DATA/SALES_ANAPLAN_OIC/work/FF_XXANP_NGCGI_GOAL_AUDIT_FF.csv' -import 'SENT_TO_NGCGI_AUDIT_ID from NGCGI_GOAL_AUDIT_DAILY.csv' -execute -output '/apps/sales/EA_SALES_Prod_860/DATA/SALES_ANAPLAN_OIC/work/goal_audit_list.err' -import 'NGCGI_GOAL_AUDIT from NGCGI_GOAL_AUDIT_DAILY.csv' -execute -output '/apps/sales/EA_SALES_Prod_860/DATA/SALES_ANAPLAN_OIC/work/goal_audit_module.err'
The file "/apps/sales/EA_SALES_Prod_860/DATA/SALES_ANAPLAN_OIC/work/FF_XXANP_NGCGI_GOAL_AUDIT_FF.csv" has been uploaded as NGCGI_GOAL_AUDIT_DAILY.csv.
The operation was successful.
SENT_TO_NGCGI_AUDIT_ID: 7754 (0/7754) rows successful, 0 ignored 

The operation was successful.
FISCAL_YEAR cells: 7754
NO_OF_GOALS_SENT_TO_NGCGI cells: 7754
GOAL_SENT_DATE cells: 7754
FILE_NAME cells: 7754
PEC cells: 7754
PLAN_PRORATION_TYPE cells: 7754

8a81b011720f725f017212c44cdf788d EABF24B166F0404DA34A2E00D5E43FE3
cd /apps/informatica/admin/SALES/EA_Sales_Prod_961/DATA/SALES_ANAPLAN_OIC/work/anaplan-connect-1-3-3-3
./AnaplanClient.sh -user anpadmua.gen@cisco.com:L5EJNstptxpa7B5 -workspace 8a81b011720f725f017212c44cdf788d -model EABF24B166F0404DA34A2E00D5E43FE3 -file 'NGCGI_GOAL_AUDIT_DAILY.csv' -put '/apps/sales/EA_SALES_Prod_860/DATA/SALES_ANAPLAN_OIC/work/FF_XXANP_NGCGI_GOAL_AUDIT_FF.csv' -import 'SENT_TO_NGCGI_AUDIT_ID from NGCGI_GOAL_AUDIT_DAILY.csv' -execute -output '/apps/sales/EA_SALES_Prod_860/DATA/SALES_ANAPLAN_OIC/work/goal_audit_list.err' -import 'NGCGI_GOAL_AUDIT from NGCGI_GOAL_AUDIT_DAILY.csv' -execute -output '/apps/sales/EA_SALES_Prod_860/DATA/SALES_ANAPLAN_OIC/work/goal_audit_module.err'
The file "/apps/sales/EA_SALES_Prod_860/DATA/SALES_ANAPLAN_OIC/work/FF_XXANP_NGCGI_GOAL_AUDIT_FF.csv" has been uploaded as NGCGI_GOAL_AUDIT_DAILY.csv.
The operation was successful.
SENT_TO_NGCGI_AUDIT_ID: 7754 (0/7754) rows successful, 0 ignored 

The operation was successful.
FISCAL_YEAR cells: 7754
NO_OF_GOALS_SENT_TO_NGCGI cells: 7754
GOAL_SENT_DATE cells: 7754
FILE_NAME cells: 7754
PEC cells: 7754
PLAN_PRORATION_TYPE cells: 7754

8a81b011720f725f017212c44cdf788d EABF24B166F0404DA34A2E00D5E43FE3
cd /apps/informatica/admin/SALES/EA_Sales_Prod_961/DATA/SALES_ANAPLAN_OIC/work/anaplan-connect-1-3-3-3
./AnaplanClient.sh -user anpadmua.gen@cisco.com:L5EJNstptxpa7B5 -workspace 8a81b011720f725f017212c44cdf788d -model EABF24B166F0404DA34A2E00D5E43FE3 -file 'NGCGI_GOAL_AUDIT_DAILY.csv' -put '/apps/sales/EA_SALES_Prod_860/DATA/SALES_ANAPLAN_OIC/work/FF_XXANP_NGCGI_GOAL_AUDIT_FF.csv' -import 'SENT_TO_NGCGI_AUDIT_ID from NGCGI_GOAL_AUDIT_DAILY.csv' -execute -output '/apps/sales/EA_SALES_Prod_860/DATA/SALES_ANAPLAN_OIC/work/goal_audit_list.err' -import 'NGCGI_GOAL_AUDIT from NGCGI_GOAL_AUDIT_DAILY.csv' -execute -output '/apps/sales/EA_SALES_Prod_860/DATA/SALES_ANAPLAN_OIC/work/goal_audit_module.err'
The file "/apps/sales/EA_SALES_Prod_860/DATA/SALES_ANAPLAN_OIC/work/FF_XXANP_NGCGI_GOAL_AUDIT_FF.csv" has been uploaded as NGCGI_GOAL_AUDIT_DAILY.csv.
The operation was successful.
SENT_TO_NGCGI_AUDIT_ID: 7754 (0/7754) rows successful, 0 ignored 

The operation was successful.
FISCAL_YEAR cells: 7754
NO_OF_GOALS_SENT_TO_NGCGI cells: 7754
GOAL_SENT_DATE cells: 7754
FILE_NAME cells: 7754
PEC cells: 7754
PLAN_PRORATION_TYPE cells: 7754

8a81b011720f725f017212c44cdf788d EABF24B166F0404DA34A2E00D5E43FE3
cd /apps/informatica/admin/SALES/EA_Sales_Prod_961/DATA/SALES_ANAPLAN_OIC/work/anaplan-connect-1-3-3-3
./AnaplanClient.sh -user anpadmua.gen@cisco.com:L5EJNstptxpa7B5 -workspace 8a81b011720f725f017212c44cdf788d -model EABF24B166F0404DA34A2E00D5E43FE3 -file 'NGCGI_GOAL_AUDIT_DAILY.csv' -put '/apps/sales/EA_SALES_Prod_860/DATA/SALES_ANAPLAN_OIC/work/FF_XXANP_NGCGI_GOAL_AUDIT_FF.csv' -import 'SENT_TO_NGCGI_AUDIT_ID from NGCGI_GOAL_AUDIT_DAILY.csv' -execute -output '/apps/sales/EA_SALES_Prod_860/DATA/SALES_ANAPLAN_OIC/work/goal_audit_list.err' -import 'NGCGI_GOAL_AUDIT from NGCGI_GOAL_AUDIT_DAILY.csv' -execute -output '/apps/sales/EA_SALES_Prod_860/DATA/SALES_ANAPLAN_OIC/work/goal_audit_module.err'
The file "/apps/sales/EA_SALES_Prod_860/DATA/SALES_ANAPLAN_OIC/work/FF_XXANP_NGCGI_GOAL_AUDIT_FF.csv" has been uploaded as NGCGI_GOAL_AUDIT_DAILY.csv.
The operation was successful.
SENT_TO_NGCGI_AUDIT_ID: 7754 (0/7754) rows successful, 0 ignored 

The operation was successful.
FISCAL_YEAR cells: 7754
NO_OF_GOALS_SENT_TO_NGCGI cells: 7754
GOAL_SENT_DATE cells: 7754
FILE_NAME cells: 7754
PEC cells: 7754
PLAN_PRORATION_TYPE cells: 7754

8a81b011720f725f017212c44cdf788d EABF24B166F0404DA34A2E00D5E43FE3
cd /apps/informatica/admin/SALES/EA_Sales_Prod_961/DATA/SALES_ANAPLAN_OIC/work/anaplan-connect-1-3-3-3
./AnaplanClient.sh -user anpadmua.gen@cisco.com:L5EJNstptxpa7B5 -workspace 8a81b011720f725f017212c44cdf788d -model EABF24B166F0404DA34A2E00D5E43FE3 -file 'NGCGI_GOAL_AUDIT_DAILY.csv' -put '/apps/sales/EA_SALES_Prod_860/DATA/SALES_ANAPLAN_OIC/work/FF_XXANP_NGCGI_GOAL_AUDIT_FF.csv' -import 'SENT_TO_NGCGI_AUDIT_ID from NGCGI_GOAL_AUDIT_DAILY.csv' -execute -output '/apps/sales/EA_SALES_Prod_860/DATA/SALES_ANAPLAN_OIC/work/goal_audit_list.err' -import 'NGCGI_GOAL_AUDIT from NGCGI_GOAL_AUDIT_DAILY.csv' -execute -output '/apps/sales/EA_SALES_Prod_860/DATA/SALES_ANAPLAN_OIC/work/goal_audit_module.err'
The file "/apps/sales/EA_SALES_Prod_860/DATA/SALES_ANAPLAN_OIC/work/FF_XXANP_NGCGI_GOAL_AUDIT_FF.csv" has been uploaded as NGCGI_GOAL_AUDIT_DAILY.csv.
The operation was successful.
SENT_TO_NGCGI_AUDIT_ID: 7754 (0/7754) rows successful, 0 ignored 

The operation was successful.
FISCAL_YEAR cells: 7754
NO_OF_GOALS_SENT_TO_NGCGI cells: 7754
GOAL_SENT_DATE cells: 7754
FILE_NAME cells: 7754
PEC cells: 7754
PLAN_PRORATION_TYPE cells: 7754

8a81b011720f725f017212c44cdf788d EABF24B166F0404DA34A2E00D5E43FE3
cd /apps/informatica/admin/SALES/EA_Sales_Prod_961/DATA/SALES_ANAPLAN_OIC/work/anaplan-connect-1-3-3-3
./AnaplanClient.sh -user anpadmua.gen@cisco.com:L5EJNstptxpa7B5 -workspace 8a81b011720f725f017212c44cdf788d -model EABF24B166F0404DA34A2E00D5E43FE3 -file 'NGCGI_GOAL_AUDIT_DAILY.csv' -put '/apps/sales/EA_SALES_Prod_860/DATA/SALES_ANAPLAN_OIC/work/FF_XXANP_NGCGI_GOAL_AUDIT_FF.csv' -import 'SENT_TO_NGCGI_AUDIT_ID from NGCGI_GOAL_AUDIT_DAILY.csv' -execute -output '/apps/sales/EA_SALES_Prod_860/DATA/SALES_ANAPLAN_OIC/work/goal_audit_list.err' -import 'NGCGI_GOAL_AUDIT from NGCGI_GOAL_AUDIT_DAILY.csv' -execute -output '/apps/sales/EA_SALES_Prod_860/DATA/SALES_ANAPLAN_OIC/work/goal_audit_module.err'
The file "/apps/sales/EA_SALES_Prod_860/DATA/SALES_ANAPLAN_OIC/work/FF_XXANP_NGCGI_GOAL_AUDIT_FF.csv" has been uploaded as NGCGI_GOAL_AUDIT_DAILY.csv.
The operation was successful.
SENT_TO_NGCGI_AUDIT_ID: 7758 (4/7754) rows successful, 0 ignored 

The operation was successful.
FISCAL_YEAR cells: 7758
NO_OF_GOALS_SENT_TO_NGCGI cells: 7758
GOAL_SENT_DATE cells: 7758
FILE_NAME cells: 7758
PEC cells: 7758
PLAN_PRORATION_TYPE cells: 7758

8a81b011720f725f017212c44cdf788d EABF24B166F0404DA34A2E00D5E43FE3
cd /apps/informatica/admin/SALES/EA_Sales_Prod_961/DATA/SALES_ANAPLAN_OIC/work/anaplan-connect-1-3-3-3
./AnaplanClient.sh -user anpadmua.gen@cisco.com:L5EJNstptxpa7B5 -workspace 8a81b011720f725f017212c44cdf788d -model EABF24B166F0404DA34A2E00D5E43FE3 -file 'NGCGI_GOAL_AUDIT_DAILY.csv' -put '/apps/sales/EA_SALES_Prod_860/DATA/SALES_ANAPLAN_OIC/work/FF_XXANP_NGCGI_GOAL_AUDIT_FF.csv' -import 'SENT_TO_NGCGI_AUDIT_ID from NGCGI_GOAL_AUDIT_DAILY.csv' -execute -output '/apps/sales/EA_SALES_Prod_860/DATA/SALES_ANAPLAN_OIC/work/goal_audit_list.err' -import 'NGCGI_GOAL_AUDIT from NGCGI_GOAL_AUDIT_DAILY.csv' -execute -output '/apps/sales/EA_SALES_Prod_860/DATA/SALES_ANAPLAN_OIC/work/goal_audit_module.err'
The file "/apps/sales/EA_SALES_Prod_860/DATA/SALES_ANAPLAN_OIC/work/FF_XXANP_NGCGI_GOAL_AUDIT_FF.csv" has been uploaded as NGCGI_GOAL_AUDIT_DAILY.csv.
The operation was successful.
SENT_TO_NGCGI_AUDIT_ID: 7758 (0/7758) rows successful, 0 ignored 

The operation was successful.
FISCAL_YEAR cells: 7758
NO_OF_GOALS_SENT_TO_NGCGI cells: 7758
GOAL_SENT_DATE cells: 7758
FILE_NAME cells: 7758
PEC cells: 7758
PLAN_PRORATION_TYPE cells: 7758

8a81b011720f725f017212c44cdf788d EABF24B166F0404DA34A2E00D5E43FE3
cd /apps/informatica/admin/SALES/EA_Sales_Prod_961/DATA/SALES_ANAPLAN_OIC/work/anaplan-connect-1-3-3-3
./AnaplanClient.sh -user anpadmua.gen@cisco.com:L5EJNstptxpa7B5 -workspace 8a81b011720f725f017212c44cdf788d -model EABF24B166F0404DA34A2E00D5E43FE3 -file 'NGCGI_GOAL_AUDIT_DAILY.csv' -put '/apps/sales/EA_SALES_Prod_860/DATA/SALES_ANAPLAN_OIC/work/FF_XXANP_NGCGI_GOAL_AUDIT_FF.csv' -import 'SENT_TO_NGCGI_AUDIT_ID from NGCGI_GOAL_AUDIT_DAILY.csv' -execute -output '/apps/sales/EA_SALES_Prod_860/DATA/SALES_ANAPLAN_OIC/work/goal_audit_list.err' -import 'NGCGI_GOAL_AUDIT from NGCGI_GOAL_AUDIT_DAILY.csv' -execute -output '/apps/sales/EA_SALES_Prod_860/DATA/SALES_ANAPLAN_OIC/work/goal_audit_module.err'
The file "/apps/sales/EA_SALES_Prod_860/DATA/SALES_ANAPLAN_OIC/work/FF_XXANP_NGCGI_GOAL_AUDIT_FF.csv" has been uploaded as NGCGI_GOAL_AUDIT_DAILY.csv.
The operation was successful.
SENT_TO_NGCGI_AUDIT_ID: 7758 (0/7758) rows successful, 0 ignored 

The operation was successful.
FISCAL_YEAR cells: 7758
NO_OF_GOALS_SENT_TO_NGCGI cells: 7758
GOAL_SENT_DATE cells: 7758
FILE_NAME cells: 7758
PEC cells: 7758
PLAN_PRORATION_TYPE cells: 7758

8a81b011720f725f017212c44cdf788d EABF24B166F0404DA34A2E00D5E43FE3
cd /apps/informatica/admin/SALES/EA_Sales_Prod_961/DATA/SALES_ANAPLAN_OIC/work/anaplan-connect-1-3-3-3
./AnaplanClient.sh -user anpadmua.gen@cisco.com:L5EJNstptxpa7B5 -workspace 8a81b011720f725f017212c44cdf788d -model EABF24B166F0404DA34A2E00D5E43FE3 -file 'NGCGI_GOAL_AUDIT_DAILY.csv' -put '/apps/sales/EA_SALES_Prod_860/DATA/SALES_ANAPLAN_OIC/work/FF_XXANP_NGCGI_GOAL_AUDIT_FF.csv' -import 'SENT_TO_NGCGI_AUDIT_ID from NGCGI_GOAL_AUDIT_DAILY.csv' -execute -output '/apps/sales/EA_SALES_Prod_860/DATA/SALES_ANAPLAN_OIC/work/goal_audit_list.err' -import 'NGCGI_GOAL_AUDIT from NGCGI_GOAL_AUDIT_DAILY.csv' -execute -output '/apps/sales/EA_SALES_Prod_860/DATA/SALES_ANAPLAN_OIC/work/goal_audit_module.err'
The file "/apps/sales/EA_SALES_Prod_860/DATA/SALES_ANAPLAN_OIC/work/FF_XXANP_NGCGI_GOAL_AUDIT_FF.csv" has been uploaded as NGCGI_GOAL_AUDIT_DAILY.csv.
The operation was successful.
SENT_TO_NGCGI_AUDIT_ID: 7758 (0/7758) rows successful, 0 ignored 

The operation was successful.
FISCAL_YEAR cells: 7758
NO_OF_GOALS_SENT_TO_NGCGI cells: 7758
GOAL_SENT_DATE cells: 7758
FILE_NAME cells: 7758
PEC cells: 7758
PLAN_PRORATION_TYPE cells: 7758

8a81b011720f725f017212c44cdf788d EABF24B166F0404DA34A2E00D5E43FE3
cd /apps/informatica/admin/SALES/EA_Sales_Prod_961/DATA/SALES_ANAPLAN_OIC/work/anaplan-connect-1-3-3-3
./AnaplanClient.sh -user anpadmua.gen@cisco.com:L5EJNstptxpa7B5 -workspace 8a81b011720f725f017212c44cdf788d -model EABF24B166F0404DA34A2E00D5E43FE3 -file 'NGCGI_GOAL_AUDIT_DAILY.csv' -put '/apps/sales/EA_SALES_Prod_860/DATA/SALES_ANAPLAN_OIC/work/FF_XXANP_NGCGI_GOAL_AUDIT_FF.csv' -import 'SENT_TO_NGCGI_AUDIT_ID from NGCGI_GOAL_AUDIT_DAILY.csv' -execute -output '/apps/sales/EA_SALES_Prod_860/DATA/SALES_ANAPLAN_OIC/work/goal_audit_list.err' -import 'NGCGI_GOAL_AUDIT from NGCGI_GOAL_AUDIT_DAILY.csv' -execute -output '/apps/sales/EA_SALES_Prod_860/DATA/SALES_ANAPLAN_OIC/work/goal_audit_module.err'
The file "/apps/sales/EA_SALES_Prod_860/DATA/SALES_ANAPLAN_OIC/work/FF_XXANP_NGCGI_GOAL_AUDIT_FF.csv" has been uploaded as NGCGI_GOAL_AUDIT_DAILY.csv.
The operation was successful.
SENT_TO_NGCGI_AUDIT_ID: 7758 (0/7758) rows successful, 0 ignored 

The operation was successful.
FISCAL_YEAR cells: 7758
NO_OF_GOALS_SENT_TO_NGCGI cells: 7758
GOAL_SENT_DATE cells: 7758
FILE_NAME cells: 7758
PEC cells: 7758
PLAN_PRORATION_TYPE cells: 7758

8a81b011720f725f017212c44cdf788d EABF24B166F0404DA34A2E00D5E43FE3
cd /apps/informatica/admin/SALES/EA_Sales_Prod_961/DATA/SALES_ANAPLAN_OIC/work/anaplan-connect-1-3-3-3
./AnaplanClient.sh -user anpadmua.gen@cisco.com:L5EJNstptxpa7B5 -workspace 8a81b011720f725f017212c44cdf788d -model EABF24B166F0404DA34A2E00D5E43FE3 -file 'NGCGI_GOAL_AUDIT_DAILY.csv' -put '/apps/sales/EA_SALES_Prod_860/DATA/SALES_ANAPLAN_OIC/work/FF_XXANP_NGCGI_GOAL_AUDIT_FF.csv' -import 'SENT_TO_NGCGI_AUDIT_ID from NGCGI_GOAL_AUDIT_DAILY.csv' -execute -output '/apps/sales/EA_SALES_Prod_860/DATA/SALES_ANAPLAN_OIC/work/goal_audit_list.err' -import 'NGCGI_GOAL_AUDIT from NGCGI_GOAL_AUDIT_DAILY.csv' -execute -output '/apps/sales/EA_SALES_Prod_860/DATA/SALES_ANAPLAN_OIC/work/goal_audit_module.err'
The file "/apps/sales/EA_SALES_Prod_860/DATA/SALES_ANAPLAN_OIC/work/FF_XXANP_NGCGI_GOAL_AUDIT_FF.csv" has been uploaded as NGCGI_GOAL_AUDIT_DAILY.csv.
The operation was successful.
SENT_TO_NGCGI_AUDIT_ID: 7758 (0/7758) rows successful, 0 ignored 

The operation was successful.
FISCAL_YEAR cells: 7758
NO_OF_GOALS_SENT_TO_NGCGI cells: 7758
GOAL_SENT_DATE cells: 7758
FILE_NAME cells: 7758
PEC cells: 7758
PLAN_PRORATION_TYPE cells: 7758

8a81b011720f725f017212c44cdf788d EABF24B166F0404DA34A2E00D5E43FE3
cd /apps/informatica/admin/SALES/EA_Sales_Prod_961/DATA/SALES_ANAPLAN_OIC/work/anaplan-connect-1-3-3-3
./AnaplanClient.sh -user anpadmua.gen@cisco.com:L5EJNstptxpa7B5 -workspace 8a81b011720f725f017212c44cdf788d -model EABF24B166F0404DA34A2E00D5E43FE3 -file 'NGCGI_GOAL_AUDIT_DAILY.csv' -put '/apps/sales/EA_SALES_Prod_860/DATA/SALES_ANAPLAN_OIC/work/FF_XXANP_NGCGI_GOAL_AUDIT_FF.csv' -import 'SENT_TO_NGCGI_AUDIT_ID from NGCGI_GOAL_AUDIT_DAILY.csv' -execute -output '/apps/sales/EA_SALES_Prod_860/DATA/SALES_ANAPLAN_OIC/work/goal_audit_list.err' -import 'NGCGI_GOAL_AUDIT from NGCGI_GOAL_AUDIT_DAILY.csv' -execute -output '/apps/sales/EA_SALES_Prod_860/DATA/SALES_ANAPLAN_OIC/work/goal_audit_module.err'
The file "/apps/sales/EA_SALES_Prod_860/DATA/SALES_ANAPLAN_OIC/work/FF_XXANP_NGCGI_GOAL_AUDIT_FF.csv" has been uploaded as NGCGI_GOAL_AUDIT_DAILY.csv.
The operation was successful.
SENT_TO_NGCGI_AUDIT_ID: 7758 (0/7758) rows successful, 0 ignored 

The operation was successful.
FISCAL_YEAR cells: 7758
NO_OF_GOALS_SENT_TO_NGCGI cells: 7758
GOAL_SENT_DATE cells: 7758
FILE_NAME cells: 7758
PEC cells: 7758
PLAN_PRORATION_TYPE cells: 7758

8a81b011720f725f017212c44cdf788d EABF24B166F0404DA34A2E00D5E43FE3
cd /apps/informatica/admin/SALES/EA_Sales_Prod_961/DATA/SALES_ANAPLAN_OIC/work/anaplan-connect-1-3-3-3
./AnaplanClient.sh -user anpadmua.gen@cisco.com:L5EJNstptxpa7B5 -workspace 8a81b011720f725f017212c44cdf788d -model EABF24B166F0404DA34A2E00D5E43FE3 -file 'NGCGI_GOAL_AUDIT_DAILY.csv' -put '/apps/sales/EA_SALES_Prod_860/DATA/SALES_ANAPLAN_OIC/work/FF_XXANP_NGCGI_GOAL_AUDIT_FF.csv' -import 'SENT_TO_NGCGI_AUDIT_ID from NGCGI_GOAL_AUDIT_DAILY.csv' -execute -output '/apps/sales/EA_SALES_Prod_860/DATA/SALES_ANAPLAN_OIC/work/goal_audit_list.err' -import 'NGCGI_GOAL_AUDIT from NGCGI_GOAL_AUDIT_DAILY.csv' -execute -output '/apps/sales/EA_SALES_Prod_860/DATA/SALES_ANAPLAN_OIC/work/goal_audit_module.err'
The file "/apps/sales/EA_SALES_Prod_860/DATA/SALES_ANAPLAN_OIC/work/FF_XXANP_NGCGI_GOAL_AUDIT_FF.csv" has been uploaded as NGCGI_GOAL_AUDIT_DAILY.csv.
The operation was successful.
SENT_TO_NGCGI_AUDIT_ID: 7758 (0/7758) rows successful, 0 ignored 

The operation was successful.
FISCAL_YEAR cells: 7758
NO_OF_GOALS_SENT_TO_NGCGI cells: 7758
GOAL_SENT_DATE cells: 7758
FILE_NAME cells: 7758
PEC cells: 7758
PLAN_PRORATION_TYPE cells: 7758

8a81b011720f725f017212c44cdf788d EABF24B166F0404DA34A2E00D5E43FE3
cd /apps/informatica/admin/SALES/EA_Sales_Prod_961/DATA/SALES_ANAPLAN_OIC/work/anaplan-connect-1-3-3-3
./AnaplanClient.sh -user anpadmua.gen@cisco.com:L5EJNstptxpa7B5 -workspace 8a81b011720f725f017212c44cdf788d -model EABF24B166F0404DA34A2E00D5E43FE3 -file 'NGCGI_GOAL_AUDIT_DAILY.csv' -put '/apps/sales/EA_SALES_Prod_860/DATA/SALES_ANAPLAN_OIC/work/FF_XXANP_NGCGI_GOAL_AUDIT_FF.csv' -import 'SENT_TO_NGCGI_AUDIT_ID from NGCGI_GOAL_AUDIT_DAILY.csv' -execute -output '/apps/sales/EA_SALES_Prod_860/DATA/SALES_ANAPLAN_OIC/work/goal_audit_list.err' -import 'NGCGI_GOAL_AUDIT from NGCGI_GOAL_AUDIT_DAILY.csv' -execute -output '/apps/sales/EA_SALES_Prod_860/DATA/SALES_ANAPLAN_OIC/work/goal_audit_module.err'
8a81b011720f725f017212c44cdf788d EABF24B166F0404DA34A2E00D5E43FE3
cd /apps/informatica/admin/SALES/EA_Sales_Prod_961/DATA/SALES_ANAPLAN_OIC/work/anaplan-connect-1-3-3-3
./AnaplanClient.sh -user anpadmua.gen@cisco.com:L5EJNstptxpa8A7 -workspace 8a81b011720f725f017212c44cdf788d -model EABF24B166F0404DA34A2E00D5E43FE3 -file 'NGCGI_GOAL_AUDIT_DAILY.csv' -put '/apps/sales/EA_SALES_Prod_860/DATA/SALES_ANAPLAN_OIC/work/FF_XXANP_NGCGI_GOAL_AUDIT_FF.csv' -import 'SENT_TO_NGCGI_AUDIT_ID from NGCGI_GOAL_AUDIT_DAILY.csv' -execute -output '/apps/sales/EA_SALES_Prod_860/DATA/SALES_ANAPLAN_OIC/work/goal_audit_list.err' -import 'NGCGI_GOAL_AUDIT from NGCGI_GOAL_AUDIT_DAILY.csv' -execute -output '/apps/sales/EA_SALES_Prod_860/DATA/SALES_ANAPLAN_OIC/work/goal_audit_module.err'
The file "/apps/sales/EA_SALES_Prod_860/DATA/SALES_ANAPLAN_OIC/work/FF_XXANP_NGCGI_GOAL_AUDIT_FF.csv" has been uploaded as NGCGI_GOAL_AUDIT_DAILY.csv.
The operation was successful.
SENT_TO_NGCGI_AUDIT_ID: 7758 (0/7758) rows successful, 0 ignored 

The operation was successful.
FISCAL_YEAR cells: 7758
NO_OF_GOALS_SENT_TO_NGCGI cells: 7758
GOAL_SENT_DATE cells: 7758
FILE_NAME cells: 7758
PEC cells: 7758
PLAN_PRORATION_TYPE cells: 7758

8a81b011720f725f017212c44cdf788d EABF24B166F0404DA34A2E00D5E43FE3
cd /apps/informatica/admin/SALES/EA_Sales_Prod_961/DATA/SALES_ANAPLAN_OIC/work/anaplan-connect-1-3-3-3
./AnaplanClient.sh -user anpadmua.gen@cisco.com:L5EJNstptxpa8A7 -workspace 8a81b011720f725f017212c44cdf788d -model EABF24B166F0404DA34A2E00D5E43FE3 -file 'NGCGI_GOAL_AUDIT_DAILY.csv' -put '/apps/sales/EA_SALES_Prod_860/DATA/SALES_ANAPLAN_OIC/work/FF_XXANP_NGCGI_GOAL_AUDIT_FF.csv' -import 'SENT_TO_NGCGI_AUDIT_ID from NGCGI_GOAL_AUDIT_DAILY.csv' -execute -output '/apps/sales/EA_SALES_Prod_860/DATA/SALES_ANAPLAN_OIC/work/goal_audit_list.err' -import 'NGCGI_GOAL_AUDIT from NGCGI_GOAL_AUDIT_DAILY.csv' -execute -output '/apps/sales/EA_SALES_Prod_860/DATA/SALES_ANAPLAN_OIC/work/goal_audit_module.err'
The file "/apps/sales/EA_SALES_Prod_860/DATA/SALES_ANAPLAN_OIC/work/FF_XXANP_NGCGI_GOAL_AUDIT_FF.csv" has been uploaded as NGCGI_GOAL_AUDIT_DAILY.csv.
The operation was successful.
SENT_TO_NGCGI_AUDIT_ID: 7758 (0/7758) rows successful, 0 ignored 

The operation was successful.
FISCAL_YEAR cells: 7758
NO_OF_GOALS_SENT_TO_NGCGI cells: 7758
GOAL_SENT_DATE cells: 7758
FILE_NAME cells: 7758
PEC cells: 7758
PLAN_PRORATION_TYPE cells: 7758

8a81b010721f3bec01722c4420f878e0 5486F999A91246CF9D710D228864764F
cd /apps/informatica/admin/SALES/EA_Sales_Prod_961/DATA/SALES_ANAPLAN_OIC/work/anaplan-connect-1-3-3-3
./AnaplanClient.sh -user anpadmua.gen@cisco.com:L5EJNstptxpa8A7 -workspace 8a81b010721f3bec01722c4420f878e0 -model 5486F999A91246CF9D710D228864764F -file 'NGCGI_GOAL_AUDIT_DAILY.csv' -put '/apps/sales/EA_SALES_Prod_860/DATA/SALES_ANAPLAN_OIC/work/FF_XXANP_NGCGI_GOAL_AUDIT_FF.csv' -import 'SENT_TO_NGCGI_AUDIT_ID from NGCGI_GOAL_AUDIT_DAILY.csv' -execute -output '/apps/sales/EA_SALES_Prod_860/DATA/SALES_ANAPLAN_OIC/work/goal_audit_list.err' -import 'NGCGI_GOAL_AUDIT from NGCGI_GOAL_AUDIT_DAILY.csv' -execute -output '/apps/sales/EA_SALES_Prod_860/DATA/SALES_ANAPLAN_OIC/work/goal_audit_module.err'
The file "/apps/sales/EA_SALES_Prod_860/DATA/SALES_ANAPLAN_OIC/work/FF_XXANP_NGCGI_GOAL_AUDIT_FF.csv" has been uploaded as NGCGI_GOAL_AUDIT_DAILY.csv.
The operation was successful.
SENT_TO_NGCGI_AUDIT_ID: 0 (0/0) rows successful, 0 ignored 

The operation was successful.

8a81b010721f3bec01722c4420f878e0 5486F999A91246CF9D710D228864764F
cd /apps/informatica/admin/SALES/EA_Sales_Prod_961/DATA/SALES_ANAPLAN_OIC/work/anaplan-connect-1-3-3-3
./AnaplanClient.sh -user anpadmua.gen@cisco.com:L5EJNstptxpa8A7 -workspace 8a81b010721f3bec01722c4420f878e0 -model 5486F999A91246CF9D710D228864764F -file 'NGCGI_GOAL_AUDIT_DAILY.csv' -put '/apps/sales/EA_SALES_Prod_860/DATA/SALES_ANAPLAN_OIC/work/FF_XXANP_NGCGI_GOAL_AUDIT_FF.csv' -import 'SENT_TO_NGCGI_AUDIT_ID from NGCGI_GOAL_AUDIT_DAILY.csv' -execute -output '/apps/sales/EA_SALES_Prod_860/DATA/SALES_ANAPLAN_OIC/work/goal_audit_list.err' -import 'NGCGI_GOAL_AUDIT from NGCGI_GOAL_AUDIT_DAILY.csv' -execute -output '/apps/sales/EA_SALES_Prod_860/DATA/SALES_ANAPLAN_OIC/work/goal_audit_module.err'
The file "/apps/sales/EA_SALES_Prod_860/DATA/SALES_ANAPLAN_OIC/work/FF_XXANP_NGCGI_GOAL_AUDIT_FF.csv" has been uploaded as NGCGI_GOAL_AUDIT_DAILY.csv.
The operation was successful.
SENT_TO_NGCGI_AUDIT_ID: 0 (0/0) rows successful, 0 ignored 

The operation was successful.

8a81b010721f3bec01722c4420f878e0 5486F999A91246CF9D710D228864764F
cd /apps/informatica/admin/SALES/EA_Sales_Prod_961/DATA/SALES_ANAPLAN_OIC/work/anaplan-connect-1-3-3-3
./AnaplanClient.sh -user anpadmua.gen@cisco.com:L5EJNstptxpa8A7 -workspace 8a81b010721f3bec01722c4420f878e0 -model 5486F999A91246CF9D710D228864764F -file 'NGCGI_GOAL_AUDIT_DAILY.csv' -put '/apps/sales/EA_SALES_Prod_860/DATA/SALES_ANAPLAN_OIC/work/FF_XXANP_NGCGI_GOAL_AUDIT_FF.csv' -import 'SENT_TO_NGCGI_AUDIT_ID from NGCGI_GOAL_AUDIT_DAILY.csv' -execute -output '/apps/sales/EA_SALES_Prod_860/DATA/SALES_ANAPLAN_OIC/work/goal_audit_list.err' -import 'NGCGI_GOAL_AUDIT from NGCGI_GOAL_AUDIT_DAILY.csv' -execute -output '/apps/sales/EA_SALES_Prod_860/DATA/SALES_ANAPLAN_OIC/work/goal_audit_module.err'
The file "/apps/sales/EA_SALES_Prod_860/DATA/SALES_ANAPLAN_OIC/work/FF_XXANP_NGCGI_GOAL_AUDIT_FF.csv" has been uploaded as NGCGI_GOAL_AUDIT_DAILY.csv.
The operation was successful.
SENT_TO_NGCGI_AUDIT_ID: 0 (0/0) rows successful, 0 ignored 

The operation was successful.

8a81b010721f3bec01722c4420f878e0 5486F999A91246CF9D710D228864764F
cd /apps/informatica/admin/SALES/EA_Sales_Prod_961/DATA/SALES_ANAPLAN_OIC/work/anaplan-connect-1-3-3-3
./AnaplanClient.sh -user anpadmua.gen@cisco.com:L5EJNstptxpa8A7 -workspace 8a81b010721f3bec01722c4420f878e0 -model 5486F999A91246CF9D710D228864764F -file 'NGCGI_GOAL_AUDIT_DAILY.csv' -put '/apps/sales/EA_SALES_Prod_860/DATA/SALES_ANAPLAN_OIC/work/FF_XXANP_NGCGI_GOAL_AUDIT_FF.csv' -import 'SENT_TO_NGCGI_AUDIT_ID from NGCGI_GOAL_AUDIT_DAILY.csv' -execute -output '/apps/sales/EA_SALES_Prod_860/DATA/SALES_ANAPLAN_OIC/work/goal_audit_list.err' -import 'NGCGI_GOAL_AUDIT from NGCGI_GOAL_AUDIT_DAILY.csv' -execute -output '/apps/sales/EA_SALES_Prod_860/DATA/SALES_ANAPLAN_OIC/work/goal_audit_module.err'
The file "/apps/sales/EA_SALES_Prod_860/DATA/SALES_ANAPLAN_OIC/work/FF_XXANP_NGCGI_GOAL_AUDIT_FF.csv" has been uploaded as NGCGI_GOAL_AUDIT_DAILY.csv.
The operation was successful.
SENT_TO_NGCGI_AUDIT_ID: 0 (0/0) rows successful, 0 ignored 

The operation was successful.

8a81b010721f3bec01722c4420f878e0 5486F999A91246CF9D710D228864764F
cd /apps/informatica/admin/SALES/EA_Sales_Prod_961/DATA/SALES_ANAPLAN_OIC/work/anaplan-connect-1-3-3-3
./AnaplanClient.sh -user anpadmua.gen@cisco.com:L5EJNstptxpa8A7 -workspace 8a81b010721f3bec01722c4420f878e0 -model 5486F999A91246CF9D710D228864764F -file 'NGCGI_GOAL_AUDIT_DAILY.csv' -put '/apps/sales/EA_SALES_Prod_860/DATA/SALES_ANAPLAN_OIC/work/FF_XXANP_NGCGI_GOAL_AUDIT_FF.csv' -import 'SENT_TO_NGCGI_AUDIT_ID from NGCGI_GOAL_AUDIT_DAILY.csv' -execute -output '/apps/sales/EA_SALES_Prod_860/DATA/SALES_ANAPLAN_OIC/work/goal_audit_list.err' -import 'NGCGI_GOAL_AUDIT from NGCGI_GOAL_AUDIT_DAILY.csv' -execute -output '/apps/sales/EA_SALES_Prod_860/DATA/SALES_ANAPLAN_OIC/work/goal_audit_module.err'
The file "/apps/sales/EA_SALES_Prod_860/DATA/SALES_ANAPLAN_OIC/work/FF_XXANP_NGCGI_GOAL_AUDIT_FF.csv" has been uploaded as NGCGI_GOAL_AUDIT_DAILY.csv.
The operation was successful.
SENT_TO_NGCGI_AUDIT_ID: 0 (0/0) rows successful, 0 ignored 

The operation was successful.

8a81b010721f3bec01722c4420f878e0 5486F999A91246CF9D710D228864764F
cd /apps/informatica/admin/SALES/EA_Sales_Prod_961/DATA/SALES_ANAPLAN_OIC/work/anaplan-connect-1-3-3-3
./AnaplanClient.sh -user anpadmua.gen@cisco.com:L5EJNstptxpa8A7 -workspace 8a81b010721f3bec01722c4420f878e0 -model 5486F999A91246CF9D710D228864764F -file 'NGCGI_GOAL_AUDIT_DAILY.csv' -put '/apps/sales/EA_SALES_Prod_860/DATA/SALES_ANAPLAN_OIC/work/FF_XXANP_NGCGI_GOAL_AUDIT_FF.csv' -import 'SENT_TO_NGCGI_AUDIT_ID from NGCGI_GOAL_AUDIT_DAILY.csv' -execute -output '/apps/sales/EA_SALES_Prod_860/DATA/SALES_ANAPLAN_OIC/work/goal_audit_list.err' -import 'NGCGI_GOAL_AUDIT from NGCGI_GOAL_AUDIT_DAILY.csv' -execute -output '/apps/sales/EA_SALES_Prod_860/DATA/SALES_ANAPLAN_OIC/work/goal_audit_module.err'
The file "/apps/sales/EA_SALES_Prod_860/DATA/SALES_ANAPLAN_OIC/work/FF_XXANP_NGCGI_GOAL_AUDIT_FF.csv" has been uploaded as NGCGI_GOAL_AUDIT_DAILY.csv.
The operation was successful.
SENT_TO_NGCGI_AUDIT_ID: 0 (0/0) rows successful, 0 ignored 

The operation was successful.

8a81b010721f3bec01722c4420f878e0 5486F999A91246CF9D710D228864764F
cd /apps/informatica/admin/SALES/EA_Sales_Prod_961/DATA/SALES_ANAPLAN_OIC/work/anaplan-connect-1-3-3-3
./AnaplanClient.sh -user anpadmua.gen@cisco.com:L5EJNstptxpa8A7 -workspace 8a81b010721f3bec01722c4420f878e0 -model 5486F999A91246CF9D710D228864764F -file 'NGCGI_GOAL_AUDIT_DAILY.csv' -put '/apps/sales/EA_SALES_Prod_860/DATA/SALES_ANAPLAN_OIC/work/FF_XXANP_NGCGI_GOAL_AUDIT_FF.csv' -import 'SENT_TO_NGCGI_AUDIT_ID from NGCGI_GOAL_AUDIT_DAILY.csv' -execute -output '/apps/sales/EA_SALES_Prod_860/DATA/SALES_ANAPLAN_OIC/work/goal_audit_list.err' -import 'NGCGI_GOAL_AUDIT from NGCGI_GOAL_AUDIT_DAILY.csv' -execute -output '/apps/sales/EA_SALES_Prod_860/DATA/SALES_ANAPLAN_OIC/work/goal_audit_module.err'
The file "/apps/sales/EA_SALES_Prod_860/DATA/SALES_ANAPLAN_OIC/work/FF_XXANP_NGCGI_GOAL_AUDIT_FF.csv" has been uploaded as NGCGI_GOAL_AUDIT_DAILY.csv.
The operation was successful.
SENT_TO_NGCGI_AUDIT_ID: 0 (0/0) rows successful, 0 ignored 

The operation was successful.

8a81b010721f3bec01722c4420f878e0 5486F999A91246CF9D710D228864764F
cd /apps/informatica/admin/SALES/EA_Sales_Prod_961/DATA/SALES_ANAPLAN_OIC/work/anaplan-connect-1-3-3-3
./AnaplanClient.sh -user anpadmua.gen@cisco.com:L5EJNstptxpa8A7 -workspace 8a81b010721f3bec01722c4420f878e0 -model 5486F999A91246CF9D710D228864764F -file 'NGCGI_GOAL_AUDIT_DAILY.csv' -put '/apps/sales/EA_SALES_Prod_860/DATA/SALES_ANAPLAN_OIC/work/FF_XXANP_NGCGI_GOAL_AUDIT_FF.csv' -import 'SENT_TO_NGCGI_AUDIT_ID from NGCGI_GOAL_AUDIT_DAILY.csv' -execute -output '/apps/sales/EA_SALES_Prod_860/DATA/SALES_ANAPLAN_OIC/work/goal_audit_list.err' -import 'NGCGI_GOAL_AUDIT from NGCGI_GOAL_AUDIT_DAILY.csv' -execute -output '/apps/sales/EA_SALES_Prod_860/DATA/SALES_ANAPLAN_OIC/work/goal_audit_module.err'
The file "/apps/sales/EA_SALES_Prod_860/DATA/SALES_ANAPLAN_OIC/work/FF_XXANP_NGCGI_GOAL_AUDIT_FF.csv" has been uploaded as NGCGI_GOAL_AUDIT_DAILY.csv.
The operation was successful.
SENT_TO_NGCGI_AUDIT_ID: 0 (0/0) rows successful, 0 ignored 

The operation was successful.

8a81b010721f3bec01722c4420f878e0 5486F999A91246CF9D710D228864764F
cd /apps/informatica/admin/SALES/EA_Sales_Prod_961/DATA/SALES_ANAPLAN_OIC/work/anaplan-connect-1-3-3-3
./AnaplanClient.sh -user anpadmua.gen@cisco.com:L5EJNstptxpa8A7 -workspace 8a81b010721f3bec01722c4420f878e0 -model 5486F999A91246CF9D710D228864764F -file 'NGCGI_GOAL_AUDIT_DAILY.csv' -put '/apps/sales/EA_SALES_Prod_860/DATA/SALES_ANAPLAN_OIC/work/FF_XXANP_NGCGI_GOAL_AUDIT_FF.csv' -import 'SENT_TO_NGCGI_AUDIT_ID from NGCGI_GOAL_AUDIT_DAILY.csv' -execute -output '/apps/sales/EA_SALES_Prod_860/DATA/SALES_ANAPLAN_OIC/work/goal_audit_list.err' -import 'NGCGI_GOAL_AUDIT from NGCGI_GOAL_AUDIT_DAILY.csv' -execute -output '/apps/sales/EA_SALES_Prod_860/DATA/SALES_ANAPLAN_OIC/work/goal_audit_module.err'
The file "/apps/sales/EA_SALES_Prod_860/DATA/SALES_ANAPLAN_OIC/work/FF_XXANP_NGCGI_GOAL_AUDIT_FF.csv" has been uploaded as NGCGI_GOAL_AUDIT_DAILY.csv.
The operation was successful.
SENT_TO_NGCGI_AUDIT_ID: 0 (0/0) rows successful, 0 ignored 

The operation was successful.

8a81b010721f3bec01722c4420f878e0 5486F999A91246CF9D710D228864764F
cd /apps/informatica/admin/SALES/EA_Sales_Prod_961/DATA/SALES_ANAPLAN_OIC/work/anaplan-connect-1-3-3-3
./AnaplanClient.sh -user anpadmua.gen@cisco.com:L5EJNstptxpa8A7 -workspace 8a81b010721f3bec01722c4420f878e0 -model 5486F999A91246CF9D710D228864764F -file 'NGCGI_GOAL_AUDIT_DAILY.csv' -put '/apps/sales/EA_SALES_Prod_860/DATA/SALES_ANAPLAN_OIC/work/FF_XXANP_NGCGI_GOAL_AUDIT_FF.csv' -import 'SENT_TO_NGCGI_AUDIT_ID from NGCGI_GOAL_AUDIT_DAILY.csv' -execute -output '/apps/sales/EA_SALES_Prod_860/DATA/SALES_ANAPLAN_OIC/work/goal_audit_list.err' -import 'NGCGI_GOAL_AUDIT from NGCGI_GOAL_AUDIT_DAILY.csv' -execute -output '/apps/sales/EA_SALES_Prod_860/DATA/SALES_ANAPLAN_OIC/work/goal_audit_module.err'
The file "/apps/sales/EA_SALES_Prod_860/DATA/SALES_ANAPLAN_OIC/work/FF_XXANP_NGCGI_GOAL_AUDIT_FF.csv" has been uploaded as NGCGI_GOAL_AUDIT_DAILY.csv.
The operation was successful.
SENT_TO_NGCGI_AUDIT_ID: 0 (0/0) rows successful, 0 ignored 

The operation was successful.

8a81b010721f3bec01722c4420f878e0 5486F999A91246CF9D710D228864764F
cd /apps/informatica/admin/SALES/EA_Sales_Prod_961/DATA/SALES_ANAPLAN_OIC/work/anaplan-connect-1-3-3-3
./AnaplanClient.sh -user anpadmua.gen@cisco.com:L5EJNstptxpa8A7 -workspace 8a81b010721f3bec01722c4420f878e0 -model 5486F999A91246CF9D710D228864764F -file 'NGCGI_GOAL_AUDIT_DAILY.csv' -put '/apps/sales/EA_SALES_Prod_860/DATA/SALES_ANAPLAN_OIC/work/FF_XXANP_NGCGI_GOAL_AUDIT_FF.csv' -import 'SENT_TO_NGCGI_AUDIT_ID from NGCGI_GOAL_AUDIT_DAILY.csv' -execute -output '/apps/sales/EA_SALES_Prod_860/DATA/SALES_ANAPLAN_OIC/work/goal_audit_list.err' -import 'NGCGI_GOAL_AUDIT from NGCGI_GOAL_AUDIT_DAILY.csv' -execute -output '/apps/sales/EA_SALES_Prod_860/DATA/SALES_ANAPLAN_OIC/work/goal_audit_module.err'
The file "/apps/sales/EA_SALES_Prod_860/DATA/SALES_ANAPLAN_OIC/work/FF_XXANP_NGCGI_GOAL_AUDIT_FF.csv" has been uploaded as NGCGI_GOAL_AUDIT_DAILY.csv.
The operation was successful.
SENT_TO_NGCGI_AUDIT_ID: 0 (0/0) rows successful, 0 ignored 

The operation was successful.

8a81b010721f3bec01722c4420f878e0 5486F999A91246CF9D710D228864764F
cd /apps/informatica/admin/SALES/EA_Sales_Prod_961/DATA/SALES_ANAPLAN_OIC/work/anaplan-connect-1-3-3-3
./AnaplanClient.sh -user anpadmua.gen@cisco.com:L5EJNstptxpa8A7 -workspace 8a81b010721f3bec01722c4420f878e0 -model 5486F999A91246CF9D710D228864764F -file 'NGCGI_GOAL_AUDIT_DAILY.csv' -put '/apps/sales/EA_SALES_Prod_860/DATA/SALES_ANAPLAN_OIC/work/FF_XXANP_NGCGI_GOAL_AUDIT_FF.csv' -import 'SENT_TO_NGCGI_AUDIT_ID from NGCGI_GOAL_AUDIT_DAILY.csv' -execute -output '/apps/sales/EA_SALES_Prod_860/DATA/SALES_ANAPLAN_OIC/work/goal_audit_list.err' -import 'NGCGI_GOAL_AUDIT from NGCGI_GOAL_AUDIT_DAILY.csv' -execute -output '/apps/sales/EA_SALES_Prod_860/DATA/SALES_ANAPLAN_OIC/work/goal_audit_module.err'
The file "/apps/sales/EA_SALES_Prod_860/DATA/SALES_ANAPLAN_OIC/work/FF_XXANP_NGCGI_GOAL_AUDIT_FF.csv" has been uploaded as NGCGI_GOAL_AUDIT_DAILY.csv.
The operation was successful.
SENT_TO_NGCGI_AUDIT_ID: 0 (0/0) rows successful, 0 ignored 

The operation was successful.

8a81b010721f3bec01722c4420f878e0 5486F999A91246CF9D710D228864764F
cd /apps/informatica/admin/SALES/EA_Sales_Prod_961/DATA/SALES_ANAPLAN_OIC/work/anaplan-connect-1-3-3-3
./AnaplanClient.sh -user anpadmua.gen@cisco.com:L5EJNstptxpa8A7 -workspace 8a81b010721f3bec01722c4420f878e0 -model 5486F999A91246CF9D710D228864764F -file 'NGCGI_GOAL_AUDIT_DAILY.csv' -put '/apps/sales/EA_SALES_Prod_860/DATA/SALES_ANAPLAN_OIC/work/FF_XXANP_NGCGI_GOAL_AUDIT_FF.csv' -import 'SENT_TO_NGCGI_AUDIT_ID from NGCGI_GOAL_AUDIT_DAILY.csv' -execute -output '/apps/sales/EA_SALES_Prod_860/DATA/SALES_ANAPLAN_OIC/work/goal_audit_list.err' -import 'NGCGI_GOAL_AUDIT from NGCGI_GOAL_AUDIT_DAILY.csv' -execute -output '/apps/sales/EA_SALES_Prod_860/DATA/SALES_ANAPLAN_OIC/work/goal_audit_module.err'
The file "/apps/sales/EA_SALES_Prod_860/DATA/SALES_ANAPLAN_OIC/work/FF_XXANP_NGCGI_GOAL_AUDIT_FF.csv" has been uploaded as NGCGI_GOAL_AUDIT_DAILY.csv.
The operation was successful.
SENT_TO_NGCGI_AUDIT_ID: 0 (0/0) rows successful, 0 ignored 

The operation was successful.

8a81b010721f3bec01722c4420f878e0 5486F999A91246CF9D710D228864764F
cd /apps/informatica/admin/SALES/EA_Sales_Prod_961/DATA/SALES_ANAPLAN_OIC/work/anaplan-connect-1-3-3-3
./AnaplanClient.sh -user anpadmua.gen@cisco.com:L5EJNstptxpa8A7 -workspace 8a81b010721f3bec01722c4420f878e0 -model 5486F999A91246CF9D710D228864764F -file 'NGCGI_GOAL_AUDIT_DAILY.csv' -put '/apps/sales/EA_SALES_Prod_860/DATA/SALES_ANAPLAN_OIC/work/FF_XXANP_NGCGI_GOAL_AUDIT_FF.csv' -import 'SENT_TO_NGCGI_AUDIT_ID from NGCGI_GOAL_AUDIT_DAILY.csv' -execute -output '/apps/sales/EA_SALES_Prod_860/DATA/SALES_ANAPLAN_OIC/work/goal_audit_list.err' -import 'NGCGI_GOAL_AUDIT from NGCGI_GOAL_AUDIT_DAILY.csv' -execute -output '/apps/sales/EA_SALES_Prod_860/DATA/SALES_ANAPLAN_OIC/work/goal_audit_module.err'
The file "/apps/sales/EA_SALES_Prod_860/DATA/SALES_ANAPLAN_OIC/work/FF_XXANP_NGCGI_GOAL_AUDIT_FF.csv" has been uploaded as NGCGI_GOAL_AUDIT_DAILY.csv.
The operation was successful.
SENT_TO_NGCGI_AUDIT_ID: 0 (0/0) rows successful, 0 ignored 

The operation was successful.

8a81b010721f3bec01722c4420f878e0 5486F999A91246CF9D710D228864764F
cd /apps/informatica/admin/SALES/EA_Sales_Prod_961/DATA/SALES_ANAPLAN_OIC/work/anaplan-connect-1-3-3-3
./AnaplanClient.sh -user anpadmua.gen@cisco.com:L5EJNstptxpa8A7 -workspace 8a81b010721f3bec01722c4420f878e0 -model 5486F999A91246CF9D710D228864764F -file 'NGCGI_GOAL_AUDIT_DAILY.csv' -put '/apps/sales/EA_SALES_Prod_860/DATA/SALES_ANAPLAN_OIC/work/FF_XXANP_NGCGI_GOAL_AUDIT_FF.csv' -import 'SENT_TO_NGCGI_AUDIT_ID from NGCGI_GOAL_AUDIT_DAILY.csv' -execute -output '/apps/sales/EA_SALES_Prod_860/DATA/SALES_ANAPLAN_OIC/work/goal_audit_list.err' -import 'NGCGI_GOAL_AUDIT from NGCGI_GOAL_AUDIT_DAILY.csv' -execute -output '/apps/sales/EA_SALES_Prod_860/DATA/SALES_ANAPLAN_OIC/work/goal_audit_module.err'
The file "/apps/sales/EA_SALES_Prod_860/DATA/SALES_ANAPLAN_OIC/work/FF_XXANP_NGCGI_GOAL_AUDIT_FF.csv" has been uploaded as NGCGI_GOAL_AUDIT_DAILY.csv.
The operation was successful.
SENT_TO_NGCGI_AUDIT_ID: 0 (0/0) rows successful, 0 ignored 

The operation was successful.

8a81b010721f3bec01722c4420f878e0 5486F999A91246CF9D710D228864764F
cd /apps/informatica/admin/SALES/EA_Sales_Prod_961/DATA/SALES_ANAPLAN_OIC/work/anaplan-connect-1-3-3-3
./AnaplanClient.sh -user anpadmua.gen@cisco.com:L5EJNstptxpa8A7 -workspace 8a81b010721f3bec01722c4420f878e0 -model 5486F999A91246CF9D710D228864764F -file 'NGCGI_GOAL_AUDIT_DAILY.csv' -put '/apps/sales/EA_SALES_Prod_860/DATA/SALES_ANAPLAN_OIC/work/FF_XXANP_NGCGI_GOAL_AUDIT_FF.csv' -import 'SENT_TO_NGCGI_AUDIT_ID from NGCGI_GOAL_AUDIT_DAILY.csv' -execute -output '/apps/sales/EA_SALES_Prod_860/DATA/SALES_ANAPLAN_OIC/work/goal_audit_list.err' -import 'NGCGI_GOAL_AUDIT from NGCGI_GOAL_AUDIT_DAILY.csv' -execute -output '/apps/sales/EA_SALES_Prod_860/DATA/SALES_ANAPLAN_OIC/work/goal_audit_module.err'
The file "/apps/sales/EA_SALES_Prod_860/DATA/SALES_ANAPLAN_OIC/work/FF_XXANP_NGCGI_GOAL_AUDIT_FF.csv" has been uploaded as NGCGI_GOAL_AUDIT_DAILY.csv.
The operation was successful.
SENT_TO_NGCGI_AUDIT_ID: 0 (0/0) rows successful, 0 ignored 

The operation was successful.

8a81b010721f3bec01722c4420f878e0 5486F999A91246CF9D710D228864764F
cd /apps/informatica/admin/SALES/EA_Sales_Prod_961/DATA/SALES_ANAPLAN_OIC/work/anaplan-connect-1-3-3-3
./AnaplanClient.sh -user anpadmua.gen@cisco.com:L5EJNstptxpa8A7 -workspace 8a81b010721f3bec01722c4420f878e0 -model 5486F999A91246CF9D710D228864764F -file 'NGCGI_GOAL_AUDIT_DAILY.csv' -put '/apps/sales/EA_SALES_Prod_860/DATA/SALES_ANAPLAN_OIC/work/FF_XXANP_NGCGI_GOAL_AUDIT_FF.csv' -import 'SENT_TO_NGCGI_AUDIT_ID from NGCGI_GOAL_AUDIT_DAILY.csv' -execute -output '/apps/sales/EA_SALES_Prod_860/DATA/SALES_ANAPLAN_OIC/work/goal_audit_list.err' -import 'NGCGI_GOAL_AUDIT from NGCGI_GOAL_AUDIT_DAILY.csv' -execute -output '/apps/sales/EA_SALES_Prod_860/DATA/SALES_ANAPLAN_OIC/work/goal_audit_module.err'
The file "/apps/sales/EA_SALES_Prod_860/DATA/SALES_ANAPLAN_OIC/work/FF_XXANP_NGCGI_GOAL_AUDIT_FF.csv" has been uploaded as NGCGI_GOAL_AUDIT_DAILY.csv.
The operation was successful.
SENT_TO_NGCGI_AUDIT_ID: 0 (0/0) rows successful, 0 ignored 

The operation was successful.

8a81b010721f3bec01722c4420f878e0 5486F999A91246CF9D710D228864764F
cd /apps/informatica/admin/SALES/EA_Sales_Prod_961/DATA/SALES_ANAPLAN_OIC/work/anaplan-connect-1-3-3-3
./AnaplanClient.sh -user anpadmua.gen@cisco.com:L5EJNstptxpa8A7 -workspace 8a81b010721f3bec01722c4420f878e0 -model 5486F999A91246CF9D710D228864764F -file 'NGCGI_GOAL_AUDIT_DAILY.csv' -put '/apps/sales/EA_SALES_Prod_860/DATA/SALES_ANAPLAN_OIC/work/FF_XXANP_NGCGI_GOAL_AUDIT_FF.csv' -import 'SENT_TO_NGCGI_AUDIT_ID from NGCGI_GOAL_AUDIT_DAILY.csv' -execute -output '/apps/sales/EA_SALES_Prod_860/DATA/SALES_ANAPLAN_OIC/work/goal_audit_list.err' -import 'NGCGI_GOAL_AUDIT from NGCGI_GOAL_AUDIT_DAILY.csv' -execute -output '/apps/sales/EA_SALES_Prod_860/DATA/SALES_ANAPLAN_OIC/work/goal_audit_module.err'
The file "/apps/sales/EA_SALES_Prod_860/DATA/SALES_ANAPLAN_OIC/work/FF_XXANP_NGCGI_GOAL_AUDIT_FF.csv" has been uploaded as NGCGI_GOAL_AUDIT_DAILY.csv.
The operation was successful.
SENT_TO_NGCGI_AUDIT_ID: 0 (0/0) rows successful, 0 ignored 

The operation was successful.

8a81b010721f3bec01722c4420f878e0 5486F999A91246CF9D710D228864764F
cd /apps/informatica/admin/SALES/EA_Sales_Prod_961/DATA/SALES_ANAPLAN_OIC/work/anaplan-connect-1-3-3-3
./AnaplanClient.sh -user anpadmua.gen@cisco.com:L5EJNstptxpa8A7 -workspace 8a81b010721f3bec01722c4420f878e0 -model 5486F999A91246CF9D710D228864764F -file 'NGCGI_GOAL_AUDIT_DAILY.csv' -put '/apps/sales/EA_SALES_Prod_860/DATA/SALES_ANAPLAN_OIC/work/FF_XXANP_NGCGI_GOAL_AUDIT_FF.csv' -import 'SENT_TO_NGCGI_AUDIT_ID from NGCGI_GOAL_AUDIT_DAILY.csv' -execute -output '/apps/sales/EA_SALES_Prod_860/DATA/SALES_ANAPLAN_OIC/work/goal_audit_list.err' -import 'NGCGI_GOAL_AUDIT from NGCGI_GOAL_AUDIT_DAILY.csv' -execute -output '/apps/sales/EA_SALES_Prod_860/DATA/SALES_ANAPLAN_OIC/work/goal_audit_module.err'
The file "/apps/sales/EA_SALES_Prod_860/DATA/SALES_ANAPLAN_OIC/work/FF_XXANP_NGCGI_GOAL_AUDIT_FF.csv" has been uploaded as NGCGI_GOAL_AUDIT_DAILY.csv.
The operation was successful.
SENT_TO_NGCGI_AUDIT_ID: 0 (0/0) rows successful, 0 ignored 

The operation was successful.

8a81b010721f3bec01722c4420f878e0 5486F999A91246CF9D710D228864764F
cd /apps/informatica/admin/SALES/EA_Sales_Prod_961/DATA/SALES_ANAPLAN_OIC/work/anaplan-connect-1-3-3-3
./AnaplanClient.sh -user anpadmua.gen@cisco.com:L5EJNstptxpa8A7 -workspace 8a81b010721f3bec01722c4420f878e0 -model 5486F999A91246CF9D710D228864764F -file 'NGCGI_GOAL_AUDIT_DAILY.csv' -put '/apps/sales/EA_SALES_Prod_860/DATA/SALES_ANAPLAN_OIC/work/FF_XXANP_NGCGI_GOAL_AUDIT_FF.csv' -import 'SENT_TO_NGCGI_AUDIT_ID from NGCGI_GOAL_AUDIT_DAILY.csv' -execute -output '/apps/sales/EA_SALES_Prod_860/DATA/SALES_ANAPLAN_OIC/work/goal_audit_list.err' -import 'NGCGI_GOAL_AUDIT from NGCGI_GOAL_AUDIT_DAILY.csv' -execute -output '/apps/sales/EA_SALES_Prod_860/DATA/SALES_ANAPLAN_OIC/work/goal_audit_module.err'
The file "/apps/sales/EA_SALES_Prod_860/DATA/SALES_ANAPLAN_OIC/work/FF_XXANP_NGCGI_GOAL_AUDIT_FF.csv" has been uploaded as NGCGI_GOAL_AUDIT_DAILY.csv.
The operation was successful.
SENT_TO_NGCGI_AUDIT_ID: 2 (0/2) rows successful, 0 ignored 

The operation was successful.
FISCAL_YEAR cells: 2
NO_OF_GOALS_SENT_TO_NGCGI cells: 2
GOAL_SENT_DATE cells: 2
FILE_NAME cells: 2
PEC cells: 2
PLAN_PRORATION_TYPE cells: 2

8a81b010721f3bec01722c4420f878e0 5486F999A91246CF9D710D228864764F
cd /apps/informatica/admin/SALES/EA_Sales_Prod_961/DATA/SALES_ANAPLAN_OIC/work/anaplan-connect-1-3-3-3
./AnaplanClient.sh -user anpadmua.gen@cisco.com:L5EJNstptxpa8A7 -workspace 8a81b010721f3bec01722c4420f878e0 -model 5486F999A91246CF9D710D228864764F -file 'NGCGI_GOAL_AUDIT_DAILY.csv' -put '/apps/sales/EA_SALES_Prod_860/DATA/SALES_ANAPLAN_OIC/work/FF_XXANP_NGCGI_GOAL_AUDIT_FF.csv' -import 'SENT_TO_NGCGI_AUDIT_ID from NGCGI_GOAL_AUDIT_DAILY.csv' -execute -output '/apps/sales/EA_SALES_Prod_860/DATA/SALES_ANAPLAN_OIC/work/goal_audit_list.err' -import 'NGCGI_GOAL_AUDIT from NGCGI_GOAL_AUDIT_DAILY.csv' -execute -output '/apps/sales/EA_SALES_Prod_860/DATA/SALES_ANAPLAN_OIC/work/goal_audit_module.err'
The file "/apps/sales/EA_SALES_Prod_860/DATA/SALES_ANAPLAN_OIC/work/FF_XXANP_NGCGI_GOAL_AUDIT_FF.csv" has been uploaded as NGCGI_GOAL_AUDIT_DAILY.csv.
The operation was successful.
SENT_TO_NGCGI_AUDIT_ID: 2 (0/2) rows successful, 0 ignored 

The operation was successful.
FISCAL_YEAR cells: 2
NO_OF_GOALS_SENT_TO_NGCGI cells: 2
GOAL_SENT_DATE cells: 2
FILE_NAME cells: 2
PEC cells: 2
PLAN_PRORATION_TYPE cells: 2

8a81b010721f3bec01722c4420f878e0 5486F999A91246CF9D710D228864764F
cd /apps/informatica/admin/SALES/EA_Sales_Prod_961/DATA/SALES_ANAPLAN_OIC/work/anaplan-connect-1-3-3-3
./AnaplanClient.sh -user anpadmua.gen@cisco.com:L5EJNstptxpa8A7 -workspace 8a81b010721f3bec01722c4420f878e0 -model 5486F999A91246CF9D710D228864764F -file 'NGCGI_GOAL_AUDIT_DAILY.csv' -put '/apps/sales/EA_SALES_Prod_860/DATA/SALES_ANAPLAN_OIC/work/FF_XXANP_NGCGI_GOAL_AUDIT_FF.csv' -import 'SENT_TO_NGCGI_AUDIT_ID from NGCGI_GOAL_AUDIT_DAILY.csv' -execute -output '/apps/sales/EA_SALES_Prod_860/DATA/SALES_ANAPLAN_OIC/work/goal_audit_list.err' -import 'NGCGI_GOAL_AUDIT from NGCGI_GOAL_AUDIT_DAILY.csv' -execute -output '/apps/sales/EA_SALES_Prod_860/DATA/SALES_ANAPLAN_OIC/work/goal_audit_module.err'
The file "/apps/sales/EA_SALES_Prod_860/DATA/SALES_ANAPLAN_OIC/work/FF_XXANP_NGCGI_GOAL_AUDIT_FF.csv" has been uploaded as NGCGI_GOAL_AUDIT_DAILY.csv.
The operation was successful.
SENT_TO_NGCGI_AUDIT_ID: 2 (0/2) rows successful, 0 ignored 

The operation was successful.
FISCAL_YEAR cells: 2
NO_OF_GOALS_SENT_TO_NGCGI cells: 2
GOAL_SENT_DATE cells: 2
FILE_NAME cells: 2
PEC cells: 2
PLAN_PRORATION_TYPE cells: 2

8a81b010721f3bec01722c4420f878e0 5486F999A91246CF9D710D228864764F
cd /apps/informatica/admin/SALES/EA_Sales_Prod_961/DATA/SALES_ANAPLAN_OIC/work/anaplan-connect-1-3-3-3
./AnaplanClient.sh -user anpadmua.gen@cisco.com:L5EJNstptxpa8A7 -workspace 8a81b010721f3bec01722c4420f878e0 -model 5486F999A91246CF9D710D228864764F -file 'NGCGI_GOAL_AUDIT_DAILY.csv' -put '/apps/sales/EA_SALES_Prod_860/DATA/SALES_ANAPLAN_OIC/work/FF_XXANP_NGCGI_GOAL_AUDIT_FF.csv' -import 'SENT_TO_NGCGI_AUDIT_ID from NGCGI_GOAL_AUDIT_DAILY.csv' -execute -output '/apps/sales/EA_SALES_Prod_860/DATA/SALES_ANAPLAN_OIC/work/goal_audit_list.err' -import 'NGCGI_GOAL_AUDIT from NGCGI_GOAL_AUDIT_DAILY.csv' -execute -output '/apps/sales/EA_SALES_Prod_860/DATA/SALES_ANAPLAN_OIC/work/goal_audit_module.err'
The file "/apps/sales/EA_SALES_Prod_860/DATA/SALES_ANAPLAN_OIC/work/FF_XXANP_NGCGI_GOAL_AUDIT_FF.csv" has been uploaded as NGCGI_GOAL_AUDIT_DAILY.csv.
The operation was successful.
SENT_TO_NGCGI_AUDIT_ID: 2 (0/2) rows successful, 0 ignored 

The operation was successful.
FISCAL_YEAR cells: 2
NO_OF_GOALS_SENT_TO_NGCGI cells: 2
GOAL_SENT_DATE cells: 2
FILE_NAME cells: 2
PEC cells: 2
PLAN_PRORATION_TYPE cells: 2

8a81b010721f3bec01722c4420f878e0 5486F999A91246CF9D710D228864764F
cd /apps/informatica/admin/SALES/EA_Sales_Prod_961/DATA/SALES_ANAPLAN_OIC/work/anaplan-connect-1-3-3-3
./AnaplanClient.sh -user anpadmua.gen@cisco.com:L5EJNstptxpa8A7 -workspace 8a81b010721f3bec01722c4420f878e0 -model 5486F999A91246CF9D710D228864764F -file 'NGCGI_GOAL_AUDIT_DAILY.csv' -put '/apps/sales/EA_SALES_Prod_860/DATA/SALES_ANAPLAN_OIC/work/FF_XXANP_NGCGI_GOAL_AUDIT_FF.csv' -import 'SENT_TO_NGCGI_AUDIT_ID from NGCGI_GOAL_AUDIT_DAILY.csv' -execute -output '/apps/sales/EA_SALES_Prod_860/DATA/SALES_ANAPLAN_OIC/work/goal_audit_list.err' -import 'NGCGI_GOAL_AUDIT from NGCGI_GOAL_AUDIT_DAILY.csv' -execute -output '/apps/sales/EA_SALES_Prod_860/DATA/SALES_ANAPLAN_OIC/work/goal_audit_module.err'
The file "/apps/sales/EA_SALES_Prod_860/DATA/SALES_ANAPLAN_OIC/work/FF_XXANP_NGCGI_GOAL_AUDIT_FF.csv" has been uploaded as NGCGI_GOAL_AUDIT_DAILY.csv.
The operation was successful.
SENT_TO_NGCGI_AUDIT_ID: 2 (0/2) rows successful, 0 ignored 

The operation was successful.
FISCAL_YEAR cells: 2
NO_OF_GOALS_SENT_TO_NGCGI cells: 2
GOAL_SENT_DATE cells: 2
FILE_NAME cells: 2
PEC cells: 2
PLAN_PRORATION_TYPE cells: 2

8a81b010721f3bec01722c4420f878e0 5486F999A91246CF9D710D228864764F
cd /apps/informatica/admin/SALES/EA_Sales_Prod_961/DATA/SALES_ANAPLAN_OIC/work/anaplan-connect-1-3-3-3
./AnaplanClient.sh -user anpadmua.gen@cisco.com:L5EJNstptxpa8A7 -workspace 8a81b010721f3bec01722c4420f878e0 -model 5486F999A91246CF9D710D228864764F -file 'NGCGI_GOAL_AUDIT_DAILY.csv' -put '/apps/sales/EA_SALES_Prod_860/DATA/SALES_ANAPLAN_OIC/work/FF_XXANP_NGCGI_GOAL_AUDIT_FF.csv' -import 'SENT_TO_NGCGI_AUDIT_ID from NGCGI_GOAL_AUDIT_DAILY.csv' -execute -output '/apps/sales/EA_SALES_Prod_860/DATA/SALES_ANAPLAN_OIC/work/goal_audit_list.err' -import 'NGCGI_GOAL_AUDIT from NGCGI_GOAL_AUDIT_DAILY.csv' -execute -output '/apps/sales/EA_SALES_Prod_860/DATA/SALES_ANAPLAN_OIC/work/goal_audit_module.err'
The file "/apps/sales/EA_SALES_Prod_860/DATA/SALES_ANAPLAN_OIC/work/FF_XXANP_NGCGI_GOAL_AUDIT_FF.csv" has been uploaded as NGCGI_GOAL_AUDIT_DAILY.csv.
The operation was successful.
SENT_TO_NGCGI_AUDIT_ID: 2 (0/2) rows successful, 0 ignored 

The operation was successful.
FISCAL_YEAR cells: 2
NO_OF_GOALS_SENT_TO_NGCGI cells: 2
GOAL_SENT_DATE cells: 2
FILE_NAME cells: 2
PEC cells: 2
PLAN_PRORATION_TYPE cells: 2

8a81b010721f3bec01722c4420f878e0 5486F999A91246CF9D710D228864764F
cd /apps/informatica/admin/SALES/EA_Sales_Prod_961/DATA/SALES_ANAPLAN_OIC/work/anaplan-connect-1-3-3-3
./AnaplanClient.sh -user anpadmua.gen@cisco.com:L5EJNstptxpa8A7 -workspace 8a81b010721f3bec01722c4420f878e0 -model 5486F999A91246CF9D710D228864764F -file 'NGCGI_GOAL_AUDIT_DAILY.csv' -put '/apps/sales/EA_SALES_Prod_860/DATA/SALES_ANAPLAN_OIC/work/FF_XXANP_NGCGI_GOAL_AUDIT_FF.csv' -import 'SENT_TO_NGCGI_AUDIT_ID from NGCGI_GOAL_AUDIT_DAILY.csv' -execute -output '/apps/sales/EA_SALES_Prod_860/DATA/SALES_ANAPLAN_OIC/work/goal_audit_list.err' -import 'NGCGI_GOAL_AUDIT from NGCGI_GOAL_AUDIT_DAILY.csv' -execute -output '/apps/sales/EA_SALES_Prod_860/DATA/SALES_ANAPLAN_OIC/work/goal_audit_module.err'
The file "/apps/sales/EA_SALES_Prod_860/DATA/SALES_ANAPLAN_OIC/work/FF_XXANP_NGCGI_GOAL_AUDIT_FF.csv" has been uploaded as NGCGI_GOAL_AUDIT_DAILY.csv.
The operation was successful.
SENT_TO_NGCGI_AUDIT_ID: 2 (0/2) rows successful, 0 ignored 

The operation was successful.
FISCAL_YEAR cells: 2
NO_OF_GOALS_SENT_TO_NGCGI cells: 2
GOAL_SENT_DATE cells: 2
FILE_NAME cells: 2
PEC cells: 2
PLAN_PRORATION_TYPE cells: 2

8a81b010721f3bec01722c4420f878e0 5486F999A91246CF9D710D228864764F
cd /apps/informatica/admin/SALES/EA_Sales_Prod_961/DATA/SALES_ANAPLAN_OIC/work/anaplan-connect-1-3-3-3
./AnaplanClient.sh -user anpadmua.gen@cisco.com:L5EJNstptxpa8A7 -workspace 8a81b010721f3bec01722c4420f878e0 -model 5486F999A91246CF9D710D228864764F -file 'NGCGI_GOAL_AUDIT_DAILY.csv' -put '/apps/sales/EA_SALES_Prod_860/DATA/SALES_ANAPLAN_OIC/work/FF_XXANP_NGCGI_GOAL_AUDIT_FF.csv' -import 'SENT_TO_NGCGI_AUDIT_ID from NGCGI_GOAL_AUDIT_DAILY.csv' -execute -output '/apps/sales/EA_SALES_Prod_860/DATA/SALES_ANAPLAN_OIC/work/goal_audit_list.err' -import 'NGCGI_GOAL_AUDIT from NGCGI_GOAL_AUDIT_DAILY.csv' -execute -output '/apps/sales/EA_SALES_Prod_860/DATA/SALES_ANAPLAN_OIC/work/goal_audit_module.err'
The file "/apps/sales/EA_SALES_Prod_860/DATA/SALES_ANAPLAN_OIC/work/FF_XXANP_NGCGI_GOAL_AUDIT_FF.csv" has been uploaded as NGCGI_GOAL_AUDIT_DAILY.csv.
The operation was successful.
SENT_TO_NGCGI_AUDIT_ID: 2 (0/2) rows successful, 0 ignored 

The operation was successful.
FISCAL_YEAR cells: 2
NO_OF_GOALS_SENT_TO_NGCGI cells: 2
GOAL_SENT_DATE cells: 2
FILE_NAME cells: 2
PEC cells: 2
PLAN_PRORATION_TYPE cells: 2

8a81b010721f3bec01722c4420f878e0 5486F999A91246CF9D710D228864764F
cd /apps/informatica/admin/SALES/EA_Sales_Prod_961/DATA/SALES_ANAPLAN_OIC/work/anaplan-connect-1-3-3-3
./AnaplanClient.sh -user anpadmua.gen@cisco.com:L5EJNstptxpa8A7 -workspace 8a81b010721f3bec01722c4420f878e0 -model 5486F999A91246CF9D710D228864764F -file 'NGCGI_GOAL_AUDIT_DAILY.csv' -put '/apps/sales/EA_SALES_Prod_860/DATA/SALES_ANAPLAN_OIC/work/FF_XXANP_NGCGI_GOAL_AUDIT_FF.csv' -import 'SENT_TO_NGCGI_AUDIT_ID from NGCGI_GOAL_AUDIT_DAILY.csv' -execute -output '/apps/sales/EA_SALES_Prod_860/DATA/SALES_ANAPLAN_OIC/work/goal_audit_list.err' -import 'NGCGI_GOAL_AUDIT from NGCGI_GOAL_AUDIT_DAILY.csv' -execute -output '/apps/sales/EA_SALES_Prod_860/DATA/SALES_ANAPLAN_OIC/work/goal_audit_module.err'
The file "/apps/sales/EA_SALES_Prod_860/DATA/SALES_ANAPLAN_OIC/work/FF_XXANP_NGCGI_GOAL_AUDIT_FF.csv" has been uploaded as NGCGI_GOAL_AUDIT_DAILY.csv.
The operation was successful.
SENT_TO_NGCGI_AUDIT_ID: 2 (0/2) rows successful, 0 ignored 

The operation was successful.
FISCAL_YEAR cells: 2
NO_OF_GOALS_SENT_TO_NGCGI cells: 2
GOAL_SENT_DATE cells: 2
FILE_NAME cells: 2
PEC cells: 2
PLAN_PRORATION_TYPE cells: 2

8a81b010721f3bec01722c4420f878e0 5486F999A91246CF9D710D228864764F
cd /apps/informatica/admin/SALES/EA_Sales_Prod_961/DATA/SALES_ANAPLAN_OIC/work/anaplan-connect-1-3-3-3
./AnaplanClient.sh -user anpadmua.gen@cisco.com:L5EJNstptxpa8A7 -workspace 8a81b010721f3bec01722c4420f878e0 -model 5486F999A91246CF9D710D228864764F -file 'NGCGI_GOAL_AUDIT_DAILY.csv' -put '/apps/sales/EA_SALES_Prod_860/DATA/SALES_ANAPLAN_OIC/work/FF_XXANP_NGCGI_GOAL_AUDIT_FF.csv' -import 'SENT_TO_NGCGI_AUDIT_ID from NGCGI_GOAL_AUDIT_DAILY.csv' -execute -output '/apps/sales/EA_SALES_Prod_860/DATA/SALES_ANAPLAN_OIC/work/goal_audit_list.err' -import 'NGCGI_GOAL_AUDIT from NGCGI_GOAL_AUDIT_DAILY.csv' -execute -output '/apps/sales/EA_SALES_Prod_860/DATA/SALES_ANAPLAN_OIC/work/goal_audit_module.err'
The file "/apps/sales/EA_SALES_Prod_860/DATA/SALES_ANAPLAN_OIC/work/FF_XXANP_NGCGI_GOAL_AUDIT_FF.csv" has been uploaded as NGCGI_GOAL_AUDIT_DAILY.csv.
The operation was successful.
SENT_TO_NGCGI_AUDIT_ID: 2 (0/2) rows successful, 0 ignored 

The operation was successful.
FISCAL_YEAR cells: 2
NO_OF_GOALS_SENT_TO_NGCGI cells: 2
GOAL_SENT_DATE cells: 2
FILE_NAME cells: 2
PEC cells: 2
PLAN_PRORATION_TYPE cells: 2

8a81b010721f3bec01722c4420f878e0 5486F999A91246CF9D710D228864764F
cd /apps/informatica/admin/SALES/EA_Sales_Prod_961/DATA/SALES_ANAPLAN_OIC/work/anaplan-connect-1-3-3-3
./AnaplanClient.sh -user anpadmua.gen@cisco.com:L5EJNstptxpa8A7 -workspace 8a81b010721f3bec01722c4420f878e0 -model 5486F999A91246CF9D710D228864764F -file 'NGCGI_GOAL_AUDIT_DAILY.csv' -put '/apps/sales/EA_SALES_Prod_860/DATA/SALES_ANAPLAN_OIC/work/FF_XXANP_NGCGI_GOAL_AUDIT_FF.csv' -import 'SENT_TO_NGCGI_AUDIT_ID from NGCGI_GOAL_AUDIT_DAILY.csv' -execute -output '/apps/sales/EA_SALES_Prod_860/DATA/SALES_ANAPLAN_OIC/work/goal_audit_list.err' -import 'NGCGI_GOAL_AUDIT from NGCGI_GOAL_AUDIT_DAILY.csv' -execute -output '/apps/sales/EA_SALES_Prod_860/DATA/SALES_ANAPLAN_OIC/work/goal_audit_module.err'
The file "/apps/sales/EA_SALES_Prod_860/DATA/SALES_ANAPLAN_OIC/work/FF_XXANP_NGCGI_GOAL_AUDIT_FF.csv" has been uploaded as NGCGI_GOAL_AUDIT_DAILY.csv.
The operation was successful.
SENT_TO_NGCGI_AUDIT_ID: 2 (0/2) rows successful, 0 ignored 

The operation was successful.
FISCAL_YEAR cells: 2
NO_OF_GOALS_SENT_TO_NGCGI cells: 2
GOAL_SENT_DATE cells: 2
FILE_NAME cells: 2
PEC cells: 2
PLAN_PRORATION_TYPE cells: 2

8a81b010721f3bec01722c4420f878e0 5486F999A91246CF9D710D228864764F
cd /apps/informatica/admin/SALES/EA_Sales_Prod_961/DATA/SALES_ANAPLAN_OIC/work/anaplan-connect-1-3-3-3
./AnaplanClient.sh -user anpadmua.gen@cisco.com:L5EJNstptxpa8A7 -workspace 8a81b010721f3bec01722c4420f878e0 -model 5486F999A91246CF9D710D228864764F -file 'NGCGI_GOAL_AUDIT_DAILY.csv' -put '/apps/sales/EA_SALES_Prod_860/DATA/SALES_ANAPLAN_OIC/work/FF_XXANP_NGCGI_GOAL_AUDIT_FF.csv' -import 'SENT_TO_NGCGI_AUDIT_ID from NGCGI_GOAL_AUDIT_DAILY.csv' -execute -output '/apps/sales/EA_SALES_Prod_860/DATA/SALES_ANAPLAN_OIC/work/goal_audit_list.err' -import 'NGCGI_GOAL_AUDIT from NGCGI_GOAL_AUDIT_DAILY.csv' -execute -output '/apps/sales/EA_SALES_Prod_860/DATA/SALES_ANAPLAN_OIC/work/goal_audit_module.err'
The file "/apps/sales/EA_SALES_Prod_860/DATA/SALES_ANAPLAN_OIC/work/FF_XXANP_NGCGI_GOAL_AUDIT_FF.csv" has been uploaded as NGCGI_GOAL_AUDIT_DAILY.csv.
The operation was successful.
SENT_TO_NGCGI_AUDIT_ID: 2 (0/2) rows successful, 0 ignored 

The operation was successful.
FISCAL_YEAR cells: 2
NO_OF_GOALS_SENT_TO_NGCGI cells: 2
GOAL_SENT_DATE cells: 2
FILE_NAME cells: 2
PEC cells: 2
PLAN_PRORATION_TYPE cells: 2

8a81b010721f3bec01722c4420f878e0 5486F999A91246CF9D710D228864764F
cd /apps/informatica/admin/SALES/EA_Sales_Prod_961/DATA/SALES_ANAPLAN_OIC/work/anaplan-connect-1-3-3-3
./AnaplanClient.sh -user anpadmua.gen@cisco.com:L5EJNstptxpa8A7 -workspace 8a81b010721f3bec01722c4420f878e0 -model 5486F999A91246CF9D710D228864764F -file 'NGCGI_GOAL_AUDIT_DAILY.csv' -put '/apps/sales/EA_SALES_Prod_860/DATA/SALES_ANAPLAN_OIC/work/FF_XXANP_NGCGI_GOAL_AUDIT_FF.csv' -import 'SENT_TO_NGCGI_AUDIT_ID from NGCGI_GOAL_AUDIT_DAILY.csv' -execute -output '/apps/sales/EA_SALES_Prod_860/DATA/SALES_ANAPLAN_OIC/work/goal_audit_list.err' -import 'NGCGI_GOAL_AUDIT from NGCGI_GOAL_AUDIT_DAILY.csv' -execute -output '/apps/sales/EA_SALES_Prod_860/DATA/SALES_ANAPLAN_OIC/work/goal_audit_module.err'
The file "/apps/sales/EA_SALES_Prod_860/DATA/SALES_ANAPLAN_OIC/work/FF_XXANP_NGCGI_GOAL_AUDIT_FF.csv" has been uploaded as NGCGI_GOAL_AUDIT_DAILY.csv.
The operation was successful.
SENT_TO_NGCGI_AUDIT_ID: 2 (0/2) rows successful, 0 ignored 

The operation was successful.
FISCAL_YEAR cells: 2
NO_OF_GOALS_SENT_TO_NGCGI cells: 2
GOAL_SENT_DATE cells: 2
FILE_NAME cells: 2
PEC cells: 2
PLAN_PRORATION_TYPE cells: 2

8a81b010721f3bec01722c4420f878e0 5486F999A91246CF9D710D228864764F
cd /apps/informatica/admin/SALES/EA_Sales_Prod_961/DATA/SALES_ANAPLAN_OIC/work/anaplan-connect-1-3-3-3
./AnaplanClient.sh -user anpadmua.gen@cisco.com:L5EJNstptxpa8A7 -workspace 8a81b010721f3bec01722c4420f878e0 -model 5486F999A91246CF9D710D228864764F -file 'NGCGI_GOAL_AUDIT_DAILY.csv' -put '/apps/sales/EA_SALES_Prod_860/DATA/SALES_ANAPLAN_OIC/work/FF_XXANP_NGCGI_GOAL_AUDIT_FF.csv' -import 'SENT_TO_NGCGI_AUDIT_ID from NGCGI_GOAL_AUDIT_DAILY.csv' -execute -output '/apps/sales/EA_SALES_Prod_860/DATA/SALES_ANAPLAN_OIC/work/goal_audit_list.err' -import 'NGCGI_GOAL_AUDIT from NGCGI_GOAL_AUDIT_DAILY.csv' -execute -output '/apps/sales/EA_SALES_Prod_860/DATA/SALES_ANAPLAN_OIC/work/goal_audit_module.err'
The file "/apps/sales/EA_SALES_Prod_860/DATA/SALES_ANAPLAN_OIC/work/FF_XXANP_NGCGI_GOAL_AUDIT_FF.csv" has been uploaded as NGCGI_GOAL_AUDIT_DAILY.csv.
The operation was successful.
SENT_TO_NGCGI_AUDIT_ID: 2 (0/2) rows successful, 0 ignored 

The operation was successful.
FISCAL_YEAR cells: 2
NO_OF_GOALS_SENT_TO_NGCGI cells: 2
GOAL_SENT_DATE cells: 2
FILE_NAME cells: 2
PEC cells: 2
PLAN_PRORATION_TYPE cells: 2

8a81b010721f3bec01722c4420f878e0 5486F999A91246CF9D710D228864764F
cd /apps/informatica/admin/SALES/EA_Sales_Prod_961/DATA/SALES_ANAPLAN_OIC/work/anaplan-connect-1-3-3-3
./AnaplanClient.sh -user anpadmua.gen@cisco.com:L5EJNstptxpa8A7 -workspace 8a81b010721f3bec01722c4420f878e0 -model 5486F999A91246CF9D710D228864764F -file 'NGCGI_GOAL_AUDIT_DAILY.csv' -put '/apps/sales/EA_SALES_Prod_860/DATA/SALES_ANAPLAN_OIC/work/FF_XXANP_NGCGI_GOAL_AUDIT_FF.csv' -import 'SENT_TO_NGCGI_AUDIT_ID from NGCGI_GOAL_AUDIT_DAILY.csv' -execute -output '/apps/sales/EA_SALES_Prod_860/DATA/SALES_ANAPLAN_OIC/work/goal_audit_list.err' -import 'NGCGI_GOAL_AUDIT from NGCGI_GOAL_AUDIT_DAILY.csv' -execute -output '/apps/sales/EA_SALES_Prod_860/DATA/SALES_ANAPLAN_OIC/work/goal_audit_module.err'
The file "/apps/sales/EA_SALES_Prod_860/DATA/SALES_ANAPLAN_OIC/work/FF_XXANP_NGCGI_GOAL_AUDIT_FF.csv" has been uploaded as NGCGI_GOAL_AUDIT_DAILY.csv.
The operation was successful.
SENT_TO_NGCGI_AUDIT_ID: 2 (0/2) rows successful, 0 ignored 

The operation was successful.
FISCAL_YEAR cells: 2
NO_OF_GOALS_SENT_TO_NGCGI cells: 2
GOAL_SENT_DATE cells: 2
FILE_NAME cells: 2
PEC cells: 2
PLAN_PRORATION_TYPE cells: 2

8a81b010721f3bec01722c4420f878e0 5486F999A91246CF9D710D228864764F
cd /apps/informatica/admin/SALES/EA_Sales_Prod_961/DATA/SALES_ANAPLAN_OIC/work/anaplan-connect-1-3-3-3
./AnaplanClient.sh -user anpadmua.gen@cisco.com:L5EJNstptxpa8A7 -workspace 8a81b010721f3bec01722c4420f878e0 -model 5486F999A91246CF9D710D228864764F -file 'NGCGI_GOAL_AUDIT_DAILY.csv' -put '/apps/sales/EA_SALES_Prod_860/DATA/SALES_ANAPLAN_OIC/work/FF_XXANP_NGCGI_GOAL_AUDIT_FF.csv' -import 'SENT_TO_NGCGI_AUDIT_ID from NGCGI_GOAL_AUDIT_DAILY.csv' -execute -output '/apps/sales/EA_SALES_Prod_860/DATA/SALES_ANAPLAN_OIC/work/goal_audit_list.err' -import 'NGCGI_GOAL_AUDIT from NGCGI_GOAL_AUDIT_DAILY.csv' -execute -output '/apps/sales/EA_SALES_Prod_860/DATA/SALES_ANAPLAN_OIC/work/goal_audit_module.err'
The file "/apps/sales/EA_SALES_Prod_860/DATA/SALES_ANAPLAN_OIC/work/FF_XXANP_NGCGI_GOAL_AUDIT_FF.csv" has been uploaded as NGCGI_GOAL_AUDIT_DAILY.csv.
The operation was successful.
SENT_TO_NGCGI_AUDIT_ID: 2 (0/2) rows successful, 0 ignored 

The operation was successful.
FISCAL_YEAR cells: 2
NO_OF_GOALS_SENT_TO_NGCGI cells: 2
GOAL_SENT_DATE cells: 2
FILE_NAME cells: 2
PEC cells: 2
PLAN_PRORATION_TYPE cells: 2

8a81b010721f3bec01722c4420f878e0 5486F999A91246CF9D710D228864764F
cd /apps/informatica/admin/SALES/EA_Sales_Prod_961/DATA/SALES_ANAPLAN_OIC/work/anaplan-connect-1-3-3-3
./AnaplanClient.sh -user anpadmua.gen@cisco.com:L5EJNstptxpa8A7 -workspace 8a81b010721f3bec01722c4420f878e0 -model 5486F999A91246CF9D710D228864764F -file 'NGCGI_GOAL_AUDIT_DAILY.csv' -put '/apps/sales/EA_SALES_Prod_860/DATA/SALES_ANAPLAN_OIC/work/FF_XXANP_NGCGI_GOAL_AUDIT_FF.csv' -import 'SENT_TO_NGCGI_AUDIT_ID from NGCGI_GOAL_AUDIT_DAILY.csv' -execute -output '/apps/sales/EA_SALES_Prod_860/DATA/SALES_ANAPLAN_OIC/work/goal_audit_list.err' -import 'NGCGI_GOAL_AUDIT from NGCGI_GOAL_AUDIT_DAILY.csv' -execute -output '/apps/sales/EA_SALES_Prod_860/DATA/SALES_ANAPLAN_OIC/work/goal_audit_module.err'
The file "/apps/sales/EA_SALES_Prod_860/DATA/SALES_ANAPLAN_OIC/work/FF_XXANP_NGCGI_GOAL_AUDIT_FF.csv" has been uploaded as NGCGI_GOAL_AUDIT_DAILY.csv.
The operation was successful.
SENT_TO_NGCGI_AUDIT_ID: 2 (0/2) rows successful, 0 ignored 

The operation was successful.
FISCAL_YEAR cells: 2
NO_OF_GOALS_SENT_TO_NGCGI cells: 2
GOAL_SENT_DATE cells: 2
FILE_NAME cells: 2
PEC cells: 2
PLAN_PRORATION_TYPE cells: 2

8a81b010721f3bec01722c4420f878e0 5486F999A91246CF9D710D228864764F
cd /apps/informatica/admin/SALES/EA_Sales_Prod_961/DATA/SALES_ANAPLAN_OIC/work/anaplan-connect-1-3-3-3
./AnaplanClient.sh -user anpadmua.gen@cisco.com:L5EJNstptxpa8A7 -workspace 8a81b010721f3bec01722c4420f878e0 -model 5486F999A91246CF9D710D228864764F -file 'NGCGI_GOAL_AUDIT_DAILY.csv' -put '/apps/sales/EA_SALES_Prod_860/DATA/SALES_ANAPLAN_OIC/work/FF_XXANP_NGCGI_GOAL_AUDIT_FF.csv' -import 'SENT_TO_NGCGI_AUDIT_ID from NGCGI_GOAL_AUDIT_DAILY.csv' -execute -output '/apps/sales/EA_SALES_Prod_860/DATA/SALES_ANAPLAN_OIC/work/goal_audit_list.err' -import 'NGCGI_GOAL_AUDIT from NGCGI_GOAL_AUDIT_DAILY.csv' -execute -output '/apps/sales/EA_SALES_Prod_860/DATA/SALES_ANAPLAN_OIC/work/goal_audit_module.err'
The file "/apps/sales/EA_SALES_Prod_860/DATA/SALES_ANAPLAN_OIC/work/FF_XXANP_NGCGI_GOAL_AUDIT_FF.csv" has been uploaded as NGCGI_GOAL_AUDIT_DAILY.csv.
The operation was successful.
SENT_TO_NGCGI_AUDIT_ID: 4 (0/4) rows successful, 0 ignored 

The operation was successful.
FISCAL_YEAR cells: 4
NO_OF_GOALS_SENT_TO_NGCGI cells: 4
GOAL_SENT_DATE cells: 4
FILE_NAME cells: 4
PEC cells: 4
PLAN_PRORATION_TYPE cells: 4

8a81b010721f3bec01722c4420f878e0 5486F999A91246CF9D710D228864764F
cd /apps/informatica/admin/SALES/EA_Sales_Prod_961/DATA/SALES_ANAPLAN_OIC/work/anaplan-connect-1-3-3-3
./AnaplanClient.sh -user anpadmua.gen@cisco.com:L5EJNstptxpa8A7 -workspace 8a81b010721f3bec01722c4420f878e0 -model 5486F999A91246CF9D710D228864764F -file 'NGCGI_GOAL_AUDIT_DAILY.csv' -put '/apps/sales/EA_SALES_Prod_860/DATA/SALES_ANAPLAN_OIC/work/FF_XXANP_NGCGI_GOAL_AUDIT_FF.csv' -import 'SENT_TO_NGCGI_AUDIT_ID from NGCGI_GOAL_AUDIT_DAILY.csv' -execute -output '/apps/sales/EA_SALES_Prod_860/DATA/SALES_ANAPLAN_OIC/work/goal_audit_list.err' -import 'NGCGI_GOAL_AUDIT from NGCGI_GOAL_AUDIT_DAILY.csv' -execute -output '/apps/sales/EA_SALES_Prod_860/DATA/SALES_ANAPLAN_OIC/work/goal_audit_module.err'
The file "/apps/sales/EA_SALES_Prod_860/DATA/SALES_ANAPLAN_OIC/work/FF_XXANP_NGCGI_GOAL_AUDIT_FF.csv" has been uploaded as NGCGI_GOAL_AUDIT_DAILY.csv.
The operation was successful.
SENT_TO_NGCGI_AUDIT_ID: 4 (0/4) rows successful, 0 ignored 

The operation was successful.
FISCAL_YEAR cells: 4
NO_OF_GOALS_SENT_TO_NGCGI cells: 4
GOAL_SENT_DATE cells: 4
FILE_NAME cells: 4
PEC cells: 4
PLAN_PRORATION_TYPE cells: 4

8a81b010721f3bec01722c4420f878e0 5486F999A91246CF9D710D228864764F
cd /apps/informatica/admin/SALES/EA_Sales_Prod_961/DATA/SALES_ANAPLAN_OIC/work/anaplan-connect-1-3-3-3
./AnaplanClient.sh -user anpadmua.gen@cisco.com:L5EJNstptxpa8A7 -workspace 8a81b010721f3bec01722c4420f878e0 -model 5486F999A91246CF9D710D228864764F -file 'NGCGI_GOAL_AUDIT_DAILY.csv' -put '/apps/sales/EA_SALES_Prod_860/DATA/SALES_ANAPLAN_OIC/work/FF_XXANP_NGCGI_GOAL_AUDIT_FF.csv' -import 'SENT_TO_NGCGI_AUDIT_ID from NGCGI_GOAL_AUDIT_DAILY.csv' -execute -output '/apps/sales/EA_SALES_Prod_860/DATA/SALES_ANAPLAN_OIC/work/goal_audit_list.err' -import 'NGCGI_GOAL_AUDIT from NGCGI_GOAL_AUDIT_DAILY.csv' -execute -output '/apps/sales/EA_SALES_Prod_860/DATA/SALES_ANAPLAN_OIC/work/goal_audit_module.err'
The file "/apps/sales/EA_SALES_Prod_860/DATA/SALES_ANAPLAN_OIC/work/FF_XXANP_NGCGI_GOAL_AUDIT_FF.csv" has been uploaded as NGCGI_GOAL_AUDIT_DAILY.csv.
The operation was successful.
SENT_TO_NGCGI_AUDIT_ID: 4 (0/4) rows successful, 0 ignored 

The operation was successful.
FISCAL_YEAR cells: 4
NO_OF_GOALS_SENT_TO_NGCGI cells: 4
GOAL_SENT_DATE cells: 4
FILE_NAME cells: 4
PEC cells: 4
PLAN_PRORATION_TYPE cells: 4

8a81b010721f3bec01722c4420f878e0 5486F999A91246CF9D710D228864764F
cd /apps/informatica/admin/SALES/EA_Sales_Prod_961/DATA/SALES_ANAPLAN_OIC/work/anaplan-connect-1-3-3-3
./AnaplanClient.sh -user anpadmua.gen@cisco.com:L5EJNstptxpa8A7 -workspace 8a81b010721f3bec01722c4420f878e0 -model 5486F999A91246CF9D710D228864764F -file 'NGCGI_GOAL_AUDIT_DAILY.csv' -put '/apps/sales/EA_SALES_Prod_860/DATA/SALES_ANAPLAN_OIC/work/FF_XXANP_NGCGI_GOAL_AUDIT_FF.csv' -import 'SENT_TO_NGCGI_AUDIT_ID from NGCGI_GOAL_AUDIT_DAILY.csv' -execute -output '/apps/sales/EA_SALES_Prod_860/DATA/SALES_ANAPLAN_OIC/work/goal_audit_list.err' -import 'NGCGI_GOAL_AUDIT from NGCGI_GOAL_AUDIT_DAILY.csv' -execute -output '/apps/sales/EA_SALES_Prod_860/DATA/SALES_ANAPLAN_OIC/work/goal_audit_module.err'
The file "/apps/sales/EA_SALES_Prod_860/DATA/SALES_ANAPLAN_OIC/work/FF_XXANP_NGCGI_GOAL_AUDIT_FF.csv" has been uploaded as NGCGI_GOAL_AUDIT_DAILY.csv.
The operation was successful.
SENT_TO_NGCGI_AUDIT_ID: 4 (0/4) rows successful, 0 ignored 

The operation was successful.
FISCAL_YEAR cells: 4
NO_OF_GOALS_SENT_TO_NGCGI cells: 4
GOAL_SENT_DATE cells: 4
FILE_NAME cells: 4
PEC cells: 4
PLAN_PRORATION_TYPE cells: 4

8a81b010721f3bec01722c4420f878e0 5486F999A91246CF9D710D228864764F
cd /apps/informatica/admin/SALES/EA_Sales_Prod_961/DATA/SALES_ANAPLAN_OIC/work/anaplan-connect-1-3-3-3
./AnaplanClient.sh -user anpadmua.gen@cisco.com:L5EJNstptxpa8A7 -workspace 8a81b010721f3bec01722c4420f878e0 -model 5486F999A91246CF9D710D228864764F -file 'NGCGI_GOAL_AUDIT_DAILY.csv' -put '/apps/sales/EA_SALES_Prod_860/DATA/SALES_ANAPLAN_OIC/work/FF_XXANP_NGCGI_GOAL_AUDIT_FF.csv' -import 'SENT_TO_NGCGI_AUDIT_ID from NGCGI_GOAL_AUDIT_DAILY.csv' -execute -output '/apps/sales/EA_SALES_Prod_860/DATA/SALES_ANAPLAN_OIC/work/goal_audit_list.err' -import 'NGCGI_GOAL_AUDIT from NGCGI_GOAL_AUDIT_DAILY.csv' -execute -output '/apps/sales/EA_SALES_Prod_860/DATA/SALES_ANAPLAN_OIC/work/goal_audit_module.err'
The file "/apps/sales/EA_SALES_Prod_860/DATA/SALES_ANAPLAN_OIC/work/FF_XXANP_NGCGI_GOAL_AUDIT_FF.csv" has been uploaded as NGCGI_GOAL_AUDIT_DAILY.csv.
The operation was successful.
SENT_TO_NGCGI_AUDIT_ID: 4 (0/4) rows successful, 0 ignored 

The operation was successful.
FISCAL_YEAR cells: 4
NO_OF_GOALS_SENT_TO_NGCGI cells: 4
GOAL_SENT_DATE cells: 4
FILE_NAME cells: 4
PEC cells: 4
PLAN_PRORATION_TYPE cells: 4

