FY22 TSS New Attach - Q1 cells: 853872
FY22 TSS New Attach Override - FY cells: 853872
FY22 TSS New Attach Override - Q4 cells: 853872
FY22 TSS New Attach Override - Q3 cells: 853872
FY22 TSS New Attach Override - Q2 cells: 853872
FY22 TSS New Attach Override - Q1 cells: 853872
2 Yr Average TSS Attach Pen Rate - FY cells: 853872
2 Yr Average TSS Attach Pen Rate - Q4 cells: 853872
2 Yr Average TSS Attach Pen Rate - Q3 cells: 853872
2 Yr Average TSS Attach Pen Rate - Q2 cells: 853872
2 Yr Average TSS Attach Pen Rate - Q1 cells: 853872
FY21 TSS Attach Pen Rate - FY cells: 853872 (35578 ignored)
FY21 TSS Attach Pen Rate - Q4 cells: 853872 (35578 ignored)
FY21 TSS Attach Pen Rate - Q3 cells: 853872 (35578 ignored)
FY21 TSS Attach Pen Rate - Q2 cells: 853872 (35578 ignored)
FY21 TSS Attach Pen Rate - Q1 cells: 853872 (35578 ignored)
FY20 TSS Attach Pen Rate - FY cells: 853872 (35578 ignored)
FY20 TSS Attach Pen Rate - Q4 cells: 853872 (35578 ignored)
FY20 TSS Attach Pen Rate - Q3 cells: 853872 (35578 ignored)
FY20 TSS Attach Pen Rate - Q2 cells: 853872 (35578 ignored)
FY20 TSS Attach Pen Rate - Q1 cells: 853872 (35578 ignored)
FY22 Attachable Product - FY cells: 853872
FY22 Attachable Product - Q4 cells: 853872
FY22 Attachable Product - Q3 cells: 853872
FY22 Attachable Product - Q2 cells: 853872
FY22 Attachable Product - Q1 cells: 853872
FY22 TSS Renew - FY cells: 853872
FY22 TSS Renew - Q4 cells: 853872
FY22 TSS Renew - Q3 cells: 853872
FY22 TSS Renew - Q2 cells: 853872
FY22 TSS Renew - Q1 cells: 853872
FY22 TSS Renew Override - FY cells: 853872
FY22 TSS Renew Override - Q4 cells: 853872
FY22 TSS Renew Override - Q3 cells: 853872
FY22 TSS Renew Override - Q2 cells: 853872
FY22 TSS Renew Override - Q1 cells: 853872
FY22 TSS RCR% Override - FY cells: 853872
FY22 TSS RCR% Override - Q4 cells: 853872
FY22 TSS RCR% Override - Q3 cells: 853872
FY22 TSS RCR% Override - Q2 cells: 853872
FY22 TSS RCR% Override - Q1 cells: 853872
2 Yr Average TSS RCR% - FY cells: 853872
2 Yr Average TSS RCR% - Q4 cells: 853872
2 Yr Average TSS RCR% - Q3 cells: 853872
2 Yr Average TSS RCR% - Q2 cells: 853872
2 Yr Average TSS RCR% - Q1 cells: 853872
FY21 TSS RCR% - FY cells: 853872 (35578 ignored)
FY21 TSS RCR% - Q4 cells: 853872 (35578 ignored)
FY21 TSS RCR% - Q3 cells: 853872 (35578 ignored)
FY21 TSS RCR% - Q2 cells: 853872 (35578 ignored)
FY21 TSS RCR% - Q1 cells: 853872 (35578 ignored)
FY20 TSS RCR% - FY cells: 853872 (35578 ignored)
FY20 TSS RCR% - Q4 cells: 853872 (35578 ignored)
FY20 TSS RCR% - Q3 cells: 853872 (35578 ignored)
FY20 TSS RCR% - Q2 cells: 853872 (35578 ignored)
FY20 TSS RCR% - Q1 cells: 853872 (35578 ignored)
FY22 TSS Renewal Base - FY cells: 853872
FY22 TSS Renewal Base - Q4 (Cisco Ready) cells: 853872
FY22 TSS Renewal Base - Q3 (Cisco Ready) cells: 853872
FY22 TSS Renewal Base - Q2 (Cisco Ready) cells: 853872
FY22 TSS Renewal Base - Q1 (Cisco Ready) cells: 853872
Level cells: 853872 (35578 ignored)
Node ID cells: 0 (889450 ignored)
L6 cells: 690696 (28779 ignored)
L5 cells: 808536 (33689 ignored)
L4 cells: 846456 (35269 ignored)
L3 cells: 853104 (35546 ignored)
L2 cells: 853776 (35574 ignored)
L1 cells: 853848 (35577 ignored)
L0 cells: 853872 (35578 ignored)
PEC cells: 853872
FY22 AS-S - Q1 cells: 853872 (35578 ignored)
FY22 AS-S - Q2 cells: 853872 (35578 ignored)
FY22 AS-T - Q1 cells: 853872 (35578 ignored)
FY22 AS-T - Q2 cells: 853872 (35578 ignored)
FY22 AS-S Renewal Base -  Q1 (Cisco Ready) cells: 853872
FY22 AS-S Renewal Base -  Q2 (Cisco Ready) cells: 853872
FY22 AS-S Renewal Base -  Q3 (Cisco Ready) cells: 853872
FY22 AS-S Renewal Base -  Q4 (Cisco Ready) cells: 853872
FY22 AS-S Renewal Base -  FY (Cisco Ready) cells: 853872
2 Yr Average AS-S RCR % - Q1 cells: 853872
2 Yr Average AS-S RCR % - Q2 cells: 853872
2 Yr Average AS-S RCR % - Q3 cells: 853872
2 Yr Average AS-S RCR % - Q4 cells: 853872
2 Yr Average AS-S RCR % - FY cells: 853872
2 Yr Average AS-S RCR % Override - Q1 cells: 853872
2 Yr Average AS-S RCR % Override - Q2 cells: 853872
2 Yr Average AS-S RCR % Override - Q3 cells: 853872
2 Yr Average AS-S RCR % Override - Q4 cells: 853872
2 Yr Average AS-S RCR % Override - FY cells: 853872
FY22 AS-S Renew Override - Q1 cells: 853872
FY22 AS-S Renew Override - Q2 cells: 853872
FY22 AS-S Renew Override - Q3 cells: 853872
FY22 AS-S Renew Override - Q4 cells: 853872
FY22 AS-S Renew Override - FY cells: 853872
AS-S Renew - Q1 cells: 853872
AS-S Renew - Q2 cells: 853872
AS-S Renew - Q3 cells: 853872
AS-S Renew - Q4 cells: 853872
AS-S Renew - FY cells: 853872
2 Yr Average AS-S New - Q1 cells: 853872
2 Yr Average AS-S New - Q2 cells: 853872
2 Yr Average AS-S New - Q3 cells: 853872
2 Yr Average AS-S New - Q4 cells: 853872
2 Yr Average AS-S New - FY cells: 853872
FY22 AS-S New Growth % - Q1 cells: 853872
FY22 AS-S New Growth % - Q2 cells: 853872
FY22 AS-S New Growth % - Q3 cells: 853872
FY22 AS-S New Growth % - Q4 cells: 853872
FY22 AS-S New Growth % - FY cells: 853872
FY22 AS-S New Override - Q1 cells: 853872
FY22 AS-S New Override - Q2 cells: 853872
FY22 AS-S New Override - Q3 cells: 853872
FY22 AS-S New Override - Q4 cells: 853872
FY22 AS-S New Override - FY cells: 853872
AS-S New - Q1 cells: 853872
AS-S New - Q2 cells: 853872
AS-S New - Q3 cells: 853872
AS-S New - Q4 cells: 853872
AS-S New - FY cells: 853872

24 Line Item identifier(s) ("Bookings - Xcat Q1", "Bookings - Xcat Q2", "Bookings - Xcat Q3", "Bookings - Xcat Q4", "Bookings - ELA Q1", "Bookings - ELA Q2", "Bookings - ELA Q3", "Bookings - ELA Q4", "Bookings - BP Q1", "Bookings - BP Q2", ...) were not mapped and ignored
Level cells: 1031762 (3415488 ignored)
XCAT- FY19 - Q1 cells: 1031762 (3415488 ignored)
XCAT- FY19 - Q2 cells: 1031762 (3415488 ignored)
XCAT- FY19 - Q3 cells: 1031762 (3415488 ignored)
XCAT- FY19 - Q4 cells: 1031762 (3415488 ignored)
ELA - FY19 -Q1 cells: 1031762 (3415488 ignored)
ELA - FY19 -Q2 cells: 1031762 (3415488 ignored)
ELA - FY19 -Q3 cells: 1031762 (3415488 ignored)
ELA - FY19 -Q4 cells: 1031762 (3415488 ignored)
BP - FY19 - Q1 cells: 1031762 (3415488 ignored)
BP - FY19 - Q2 cells: 1031762 (3415488 ignored)
BP - FY19 - Q3 cells: 1031762 (3415488 ignored)
BP - FY19 - Q4 cells: 1031762 (3415488 ignored)

24 Line Item identifier(s) ("Bookings - Xcat Q1", "Bookings - Xcat Q2", "Bookings - Xcat Q3", "Bookings - Xcat Q4", "Bookings - ELA Q1", "Bookings - ELA Q2", "Bookings - ELA Q3", "Bookings - ELA Q4", "Bookings - BP Q1", "Bookings - BP Q2", ...) were not mapped and ignored
Level cells: 1031762 (3415488 ignored)
XCAT- FY20 - Q1 cells: 1031762 (3415488 ignored)
XCAT- FY20 - Q2 cells: 1031762 (3415488 ignored)
XCAT- FY20 - Q3 cells: 1031762 (3415488 ignored)
XCAT- FY20 - Q4 cells: 1031762 (3415488 ignored)
ELA - FY20 -Q1 cells: 1031762 (3415488 ignored)
ELA - FY20 -Q2 cells: 1031762 (3415488 ignored)
ELA - FY20 -Q3 cells: 1031762 (3415488 ignored)
ELA - FY20 -Q4 cells: 1031762 (3415488 ignored)
BP - FY20 - Q1 cells: 1031762 (3415488 ignored)
BP - FY20 - Q2 cells: 1031762 (3415488 ignored)
BP - FY20 - Q3 cells: 1031762 (3415488 ignored)
BP - FY20 - Q4 cells: 1031762 (3415488 ignored)

24 Line Item identifier(s) ("Bookings - Xcat Q1", "Bookings - Xcat Q2", "Bookings - Xcat Q3", "Bookings - Xcat Q4", "Bookings - ELA Q1", "Bookings - ELA Q2", "Bookings - ELA Q3", "Bookings - ELA Q4", "Bookings - BP Q1", "Bookings - BP Q2", ...) were not mapped and ignored
Level cells: 1031762 (3415488 ignored)
XCAT- FY21 - Q1 cells: 1031762 (3415488 ignored)
XCAT- FY21 - Q2 cells: 1031762 (3415488 ignored)
XCAT- FY21 - Q3 cells: 1031762 (3415488 ignored)
XCAT- FY21 - Q4 cells: 1031762 (3415488 ignored)
ELA - FY21 -Q1 cells: 1031762 (3415488 ignored)
ELA - FY21 -Q2 cells: 1031762 (3415488 ignored)
ELA - FY21 -Q3 cells: 1031762 (3415488 ignored)
ELA - FY21 -Q4 cells: 1031762 (3415488 ignored)
BP - FY21 - Q1 cells: 1031762 (3415488 ignored)
BP - FY21 - Q2 cells: 1031762 (3415488 ignored)
BP - FY21 - Q3 cells: 1031762 (3415488 ignored)
BP - FY21 - Q4 cells: 1031762 (3415488 ignored)

24 Line Item identifier(s) ("Bookings - Xcat Q1", "Bookings - Xcat Q2", "Bookings - Xcat Q3", "Bookings - Xcat Q4", "Bookings - ELA Q1", "Bookings - ELA Q2", "Bookings - ELA Q3", "Bookings - ELA Q4", "Bookings - BP Q1", "Bookings - BP Q2", ...) were not mapped and ignored
Level cells: 1031762 (3415488 ignored)
XCAT- FY22 - Q1 cells: 1031762 (3415488 ignored)
XCAT- FY22- Q2 cells: 1031762 (3415488 ignored)
ELA - FY22 - Q1 cells: 1031762 (3415488 ignored)
ELA - FY22 - Q2 cells: 1031762 (3415488 ignored)
BP - FY22 - Q1 cells: 1031762 (3415488 ignored)
BP - FY22 - Q2 cells: 1031762 (3415488 ignored)
XCAT- FY22- Q4 cells: 1031762 (3415488 ignored)
XCAT- FY22- Q3 cells: 1031762 (3415488 ignored)
ELA - FY22 - Q4 cells: 1031762 (3415488 ignored)
ELA - FY22 - Q3 cells: 1031762 (3415488 ignored)
BP - FY22 - Q4 cells: 1031762 (3415488 ignored)
BP - FY22 - Q3 cells: 1031762 (3415488 ignored)

24 Line Item identifier(s) ("Bookings - Xcat Q1", "Bookings - Xcat Q2", "Bookings - Xcat Q3", "Bookings - Xcat Q4", "Bookings - ELA Q1", "Bookings - ELA Q2", "Bookings - ELA Q3", "Bookings - ELA Q4", "Bookings - BP Q1", "Bookings - BP Q2", ...) were not mapped and ignored
Level cells: 3415488 (1031762 ignored)
XCAT- FY19 - Q1 cells: 3415488 (1031762 ignored)
XCAT- FY19 - Q2 cells: 3415488 (1031762 ignored)
XCAT- FY19 - Q3 cells: 3415488 (1031762 ignored)
XCAT- FY19 - Q4 cells: 3415488 (1031762 ignored)
ELA - FY19 -Q1 cells: 3415488 (1031762 ignored)
ELA - FY19  -Q2 cells: 3415488 (1031762 ignored)
ELA - FY19 -Q3 cells: 3415488 (1031762 ignored)
ELA - FY19 -Q4 cells: 3415488 (1031762 ignored)
BP - FY19 - Q1 cells: 3415488 (1031762 ignored)
BP - FY19 - Q2 cells: 3415488 (1031762 ignored)
BP - FY19 - Q3 cells: 3415488 (1031762 ignored)
BP - FY19 - Q4 cells: 3415488 (1031762 ignored)

24 Line Item identifier(s) ("Bookings - Xcat Q1", "Bookings - Xcat Q2", "Bookings - Xcat Q3", "Bookings - Xcat Q4", "Bookings - ELA Q1", "Bookings - ELA Q2", "Bookings - ELA Q3", "Bookings - ELA Q4", "Bookings - BP Q1", "Bookings - BP Q2", ...) were not mapped and ignored
Level cells: 3415488 (1031762 ignored)
XCAT- FY20 - Q1 cells: 3415488 (1031762 ignored)
XCAT- FY20 - Q2 cells: 3415488 (1031762 ignored)
XCAT- FY20 - Q3 cells: 3415488 (1031762 ignored)
XCAT- FY20 - Q4 cells: 3415488 (1031762 ignored)
ELA - FY20 -Q1 cells: 3415488 (1031762 ignored)
ELA - FY20 -Q2 cells: 3415488 (1031762 ignored)
ELA - FY20 -Q3 cells: 3415488 (1031762 ignored)
ELA - FY20 -Q4 cells: 3415488 (1031762 ignored)
BP - FY20 - Q1 cells: 3415488 (1031762 ignored)
BP - FY20 - Q2 cells: 3415488 (1031762 ignored)
BP - FY20 - Q3 cells: 3415488 (1031762 ignored)
BP - FY20 - Q4 cells: 3415488 (1031762 ignored)

24 Line Item identifier(s) ("Bookings - Xcat Q1", "Bookings - Xcat Q2", "Bookings - Xcat Q3", "Bookings - Xcat Q4", "Bookings - ELA Q1", "Bookings - ELA Q2", "Bookings - ELA Q3", "Bookings - ELA Q4", "Bookings - BP Q1", "Bookings - BP Q2", ...) were not mapped and ignored
Level cells: 3415488 (1031762 ignored)
XCAT- FY21 - Q1 cells: 3415488 (1031762 ignored)
XCAT- FY21 - Q2 cells: 3415488 (1031762 ignored)
XCAT- FY21 - Q3 cells: 3415488 (1031762 ignored)
XCAT- FY21 - Q4 cells: 3415488 (1031762 ignored)
ELA - FY21 -Q1 cells: 3415488 (1031762 ignored)
ELA - FY21 -Q2 cells: 3415488 (1031762 ignored)
ELA - FY21 -Q3 cells: 3415488 (1031762 ignored)
ELA - FY21 -Q4 cells: 3415488 (1031762 ignored)
BP - FY21 - Q1 cells: 3415488 (1031762 ignored)
BP - FY21 - Q2 cells: 3415488 (1031762 ignored)
BP - FY21 - Q3 cells: 3415488 (1031762 ignored)
BP - FY21 - Q4 cells: 3415488 (1031762 ignored)

24 Line Item identifier(s) ("Bookings - Xcat Q1", "Bookings - Xcat Q2", "Bookings - Xcat Q3", "Bookings - Xcat Q4", "Bookings - ELA Q1", "Bookings - ELA Q2", "Bookings - ELA Q3", "Bookings - ELA Q4", "Bookings - BP Q1", "Bookings - BP Q2", ...) were not mapped and ignored
Level cells: 3415488 (1031762 ignored)
XCAT- FY22 - Q1 cells: 3415488 (1031762 ignored)
XCAT- FY22 - Q2 cells: 3415488 (1031762 ignored)
ELA - FY22 -Q1 cells: 3415488 (1031762 ignored)
ELA - FY22 -Q2 cells: 3415488 (1031762 ignored)
BP - FY22 - Q1 cells: 3415488 (1031762 ignored)
BP - FY22 - Q2 cells: 3415488 (1031762 ignored)
XCAT- FY22 - Q4 cells: 3415488 (1031762 ignored)
XCAT- FY22 - Q3 cells: 3415488 (1031762 ignored)
ELA - FY22 -Q4 cells: 3415488 (1031762 ignored)
ELA - FY22 -Q3 cells: 3415488 (1031762 ignored)
BP - FY22 - Q4 cells: 3415488 (1031762 ignored)
BP - FY22 - Q3 cells: 3415488 (1031762 ignored)


cd /apps/sales/EA_SALES_Prod_860/DATA/SALES_ANAPLAN_OIC/work/anaplan-connect-1-3-3-3
./AnaplanClient.sh -user anpadmua.gen@cisco.com:L5EJNstptxpa8A7 -workspace 8a868cd87a25f4cf017a54d776c515d7 -model 463B0A00F8FD4FE5839943BCC68D074E -debug -process 'Daily Snapshot' -execute -output /apps/sales/EA_SALES_Prod_860/DATA/SALES_ANAPLAN_OIC/work/NLG22_Model_refresh
Anaplan Connect 1.3.3-3
OpenJDK 64-Bit Server VM (Azul Systems, Inc.)/25.222-b10 (1.8.0_222)
Linux (amd64)/3.10.0-1160.11.1.el7.x86_64
The operation was successful.
1 Line Item identifier(s) ("week- Identifier") were not mapped and ignored
Unlock cells: 1031762
Lock cells: 1031762
Plan Status cells: 1031762
Parent Plan Delta % - FY cells: 1031762
Parent Plan Delta % - Q4 cells: 1031762
Parent Plan Delta % - Q3 cells: 1031762
Parent Plan Delta % - Q2 cells: 1031762
Parent Plan Delta % - Q1 cells: 1031762
Parent Plan Delta - FY cells: 1031762
Parent Plan Delta - Q4 cells: 1031762
Parent Plan Delta - Q3 cells: 1031762
Parent Plan Delta - Q2 cells: 1031762
Parent Plan Delta - Q1 cells: 1031762
FY22 Y/Y Growth% cells: 1031762
Post AT Plan - FY cells: 1031762
Post AT Plan - Q4 cells: 1031762
Post AT Plan - Q3 cells: 1031762
Post AT Plan - Q2 cells: 1031762
Post AT Plan - Q1 cells: 1031762
Plan Override Types cells: 11
Plan Override - FY cells: 1031762
Plan Override - Q4 cells: 1031762
Plan Override - Q3 cells: 1031762
Plan Override - Q2 cells: 1031762
Plan Override - Q1 cells: 1031762
Toggle Tie Out cells: 1031762
Automatic Tie out ON cells: 1031762
Calculated Forecast - FY cells: 1031762
Calculated Forecast - Q4 cells: 1031762
Calculated Forecast - Q3 cells: 1031762
Calculated Forecast - Q2 cells: 1031762
Calculated Forecast - Q1 cells: 1031762
TOTAL MIX cells: 1031762
Manual Forecast - MIX cells: 1031762
Service Forecast - MIX cells: 1031762
TAM Forecast - MIX cells: 1031762
2 Yr CAGR - MIX cells: 1031762
Historicals: 3 Yr Average - MIX cells: 1031762
Historicals: 2 Yr Average - MIX cells: 1031762
Manual Forecast - FY cells: 1031762
Manual Forecast - Q4 cells: 1031762
Manual Forecast - Q3 cells: 1031762
Manual Forecast - Q2 cells: 1031762
Manual Forecast - Q1 cells: 1031762
Default Calculated Forecast - FY cells: 1031762
Default Calculated Forecast - Q4 cells: 1031762
Default Calculated Forecast - Q3 cells: 1031762
Default Calculated Forecast - Q2 cells: 1031762
Default Calculated Forecast - Q1 cells: 1031762
Service Forecast - FY cells: 1031762
Service Forecast - Q4 cells: 1031762
Service Forecast - Q3 cells: 1031762
Service Forecast - Q2 cells: 1031762
Service Forecast - Q1 cells: 1031762
TAM Forecast - FY cells: 1031762
TAM Forecast - Q4 cells: 1031762
TAM Forecast - Q3 cells: 1031762
TAM Forecast - Q2 cells: 1031762
TAM Forecast - Q1 cells: 1031762
2 Yr CAGR - FY cells: 1031762
2 Yr CAGR - Q4 cells: 1031762
2 Yr CAGR - Q3 cells: 1031762
2 Yr CAGR - Q2 cells: 1031762
2 Yr CAGR - Q1 cells: 1031762
Historicals: 3 Yr Average - FY cells: 1031762
Historicals: 3 Yr Average - Q4 cells: 1031762
Historicals: 3 Yr Average - Q3 cells: 1031762
Historicals: 3 Yr Average - Q2 cells: 1031762
Historicals: 3 Yr Average - Q1 cells: 1031762
Historicals: 2 Yr Average - FY cells: 1031762
Historicals: 2 Yr Average - Q4 cells: 1031762
Historicals: 2 Yr Average - Q3 cells: 1031762
Historicals: 2 Yr Average - Q2 cells: 1031762
Historicals: 2 Yr Average - Q1 cells: 1031762
FY21 Bookings - FY cells: 1031762
FY21 Bookings - Q4 cells: 1031762
FY21 Bookings - Q3 cells: 1031762
FY21 Bookings - Q2 cells: 1031762
FY21 Bookings - Q1 cells: 1031762
FY20 Bookings - FY cells: 1031762
FY20 Bookings - Q4 cells: 1031762
FY20 Bookings - Q3 cells: 1031762
FY20 Bookings - Q2 cells: 1031762
FY20 Bookings - Q1 cells: 1031762
FY19 Bookings - FY cells: 1031762
FY19 Bookings - Q4 cells: 1031762
FY19 Bookings - Q3 cells: 1031762
FY19 Bookings - Q2 cells: 1031762
FY19 Bookings - Q1 cells: 1031762
Level cells: 1031762
Goalable Property cells: 1031762
L6 cells: 834591
L5 cells: 976981
L4 cells: 1022801
L3 cells: 1030834
L2 cells: 1031646
L1 cells: 1031733
L0 cells: 1031762
XCAT FLag cells: 1031762
ELA Flag cells: 1031762
BP Flag cells: 1031762
FY22 Automated Plan Q3 cells: 1031762
FY22 Automated Plan Q4 cells: 1031762
FY22 Automated Plan FY cells: 1031762
FY22 Expected Finish - Q2 cells: 1031762
FY22 Bookings - Q1 cells: 1031762
FY22 Automated Plan Q1 cells: 1031762
FY22 Automated Plan Q2 cells: 1031762
FY21 Y/Y Growth% cells: 1031762
FY20 Y/Y Growth% cells: 1031762

2 Line Item identifier(s) ("FY21 Y/Y Growth %", "FY20 Y/Y Growth %") were not mapped and ignored
Date-Week identifier cells: 1031762
Parent Seasonality - FY cells: 1031762
Parent Seasonality - Q4 cells: 1031762
Parent Seasonality - Q3 cells: 1031762
Parent Seasonality - Q2 cells: 1031762
Parent Seasonality - Q1 cells: 1031762
Seasonality - FY cells: 1031762
Seasonality - Q4 cells: 1031762
Seasonality - Q3 cells: 1031762
Seasonality - Q2 cells: 1031762
Seasonality - Q1 cells: 1031762
Parent Delta % - FY cells: 1031762
Parent Delta % - Q4 cells: 1031762
Parent Delta % - Q3 cells: 1031762
Parent Delta % - Q2 cells: 1031762
Parent Delta % - Q1 cells: 1031762
Parent Delta - FY cells: 1031762
Parent Delta - Q4 cells: 1031762
Parent Delta - Q3 cells: 1031762
Parent Delta - Q2 cells: 1031762
Parent Delta - Q1 cells: 1031762
Y-o-Y Growth - Q4 cells: 1031762
Y-o-Y Growth - Q3 cells: 1031762
Y-o-Y Growth - Q2 cells: 1031762
Y-o-Y Growth - Q1 cells: 1031762
Negative on a Goalable Node/Positive on a Non-Goalable Node cells: 1031762
Compound Overgoaling cells: 1031762
Over/Under Goaling cells: 1031762
Over/Under Planning cells: 1031762
SIOS User ID cells: 8
Warnings cells: 485437
Comments cells: 9
Submitted By cells: 1031762
Goaling Status cells: 1031762
Submit for Approval cells: 1031762
Unlock cells: 1031762
Lock cells: 1031762
Final Goal - FY cells: 1031762
Final Goal - Q4 cells: 1031762
Final Goal - Q3 cells: 1031762
Final Goal - Q2 cells: 1031762
Final Goal - Q1 cells: 1031762
Target Revision % cells: 1031762
Goal Override Type cells: 9
Goal Override - FY cells: 1031762
Goal Override - Q4 cells: 1031762
Goal Override - Q3 cells: 1031762
Goal Override - Q2 cells: 1031762
Goal Override - Q1 cells: 1031762
Automatic Tie Out of Remaining Delta - FY cells: 1031762
Automatic Tie Out of Remaining Delta - Q4 cells: 1031762
Automatic Tie Out of Remaining Delta - Q3 cells: 1031762
Automatic Tie Out of Remaining Delta - Q2 cells: 1031762
Automatic Tie Out of Remaining Delta - Q1 cells: 1031762
Toggle Tie Out cells: 1031762
Automatic Tie out ON cells: 1031762
Calculated Goal - FY cells: 1031762
Calculated Goal - Q4 cells: 1031762
Calculated Goal - Q3 cells: 1031762
Calculated Goal - Q2 cells: 1031762
Calculated Goal - Q1 cells: 1031762
WebEx - FY cells: 1031762
WebEx - Q4 cells: 1031762
WebEx - Q3 cells: 1031762
WebEx - Q2 cells: 1031762
WebEx - Q1 cells: 1031762
FMV - FY cells: 1031762
FMV - Q4 cells: 1031762
FMV - Q3 cells: 1031762
FMV - Q2 cells: 1031762
FMV - Q1 cells: 1031762
Rebates - FY cells: 1031762
Rebates - Q4 cells: 1031762
Rebates - Q3 cells: 1031762
Rebates - Q2 cells: 1031762
Rebates - Q1 cells: 1031762
Post AT Plan - FY cells: 1031762
Post AT Plan - Q4 cells: 1031762
Post AT Plan - Q3 cells: 1031762
Post AT Plan - Q2 cells: 1031762
Post AT Plan - Q1 cells: 1031762
Level cells: 1031762
Goalable Property cells: 1031762
L6 cells: 834591
L5 cells: 976981
L4 cells: 1022801
L3 cells: 1030834
L2 cells: 1031646
L1 cells: 1031733
L0 cells: 1031762
FY22 Automated Goal - FY cells: 1031762
FY22 Automated Goal - Q3 cells: 1031762
FY22 Automated Goal - Q4 cells: 1031762
FY22 Automated Goal - Q1 cells: 1031762
FY22 Automated Goal - Q2 cells: 1031762
Y-o-Y Growth - 2H cells: 1031762
Y-o-Y Growth - 1H cells: 1031762

Parent Delta % - FY cells: 3415488
Parent Delta % - Q4 cells: 3415488
Parent Delta % - Q3 cells: 3415488
Parent Delta % - Q2 cells: 3415488
Parent Delta % - Q1 cells: 3415488
Parent Delta - FY cells: 3415488
Parent Delta - Q4 cells: 3415488
Parent Delta - Q3 cells: 3415488
Parent Delta - Q2 cells: 3415488
Parent Delta - Q1 cells: 3415488
FY22 Y/Y Growth Rate cells: 3415488
FY21 Y/Y Growth Rate cells: 3415488
FY20 Y/Y Growth Rate cells: 3415488
Non Zero Architecture goal on $0 Product Goal cells: 3415488
Negative on a Goalable Node/Positive on a Non-Goalable Node cells: 3415488
Compound Overgoaling cells: 3415488
Over/Under Goaling cells: 3415488
Warnings cells: 3415211
Submitted By cells: 3415488
Goaling Status cells: 3415488
Submit for Approval cells: 3415488
Unlock cells: 3415488
Lock cells: 3415488
Final Goal - FY cells: 3415488
Final Goal - Q4 cells: 3415488
Final Goal - Q3 cells: 3415488
Final Goal - Q2 cells: 3415488
Final Goal - Q1 cells: 3415488
Target Revision % cells: 3415488
Goal Override - FY cells: 3415488
Goal Override - Q4 cells: 3415488
Goal Override - Q3 cells: 3415488
Toggle Tie Out cells: 3415488
Automatic Tie out ON cells: 3415488
Calculated Goal - FY cells: 3415488
Calculated Goal - Q4 cells: 3415488
Calculated Goal - Q3 cells: 3415488
Calculated Goal - Q2 cells: 3415488
Calculated Goal - Q1 cells: 3415488
WebEx - FY cells: 3415488
WebEx - Q4 cells: 3415488
WebEx - Q3 cells: 3415488
WebEx - Q2 cells: 3415488
WebEx - Q1 cells: 3415488
FMV - FY cells: 3415488
FMV - Q4 cells: 3415488
FMV - Q3 cells: 3415488
FMV - Q2 cells: 3415488
FMV - Q1 cells: 3415488
Rebates - FY cells: 3415488
Rebates - Q4 cells: 3415488
Rebates - Q3 cells: 3415488
Rebates - Q2 cells: 3415488
Rebates - Q1 cells: 3415488
Final FY22 Target - FY cells: 3415488
Final FY22 Target - Q4 cells: 3415488
Final FY22 Target - Q3 cells: 3415488
Final FY22 Target - Q2 cells: 3415488
Final FY22 Target - Q1 cells: 3415488
TOTAL MIX cells: 3415488
Penetration Rate - MIX cells: 3415488
YoY Growth - MIX cells: 3415488
Manual Forecast - MIX cells: 3415488
TAM Forecast - MIX cells: 3415488
PID Forecast - MIX cells: 3415488
TMS Forecast - MIX cells: 3415488
BE Forecast - MIX cells: 3415488
Historicals: 3 Yr Average - MIX cells: 3415488
Historicals: 2 Yr Average - MIX cells: 3415488
Penetration Rate of Product cells: 3415488
Manual Forecast - FY cells: 3415488
Manual Forecast - Q4 cells: 3415488
Manual Forecast - Q3 cells: 3415488
Manual Forecast - Q2 cells: 3415488
Manual Forecast - Q1 cells: 3415488
Default Calculated Forecast - FY cells: 3415488
Default Calculated Forecast - Q4 cells: 3415488
Default Calculated Forecast - Q3 cells: 3415488
Default Calculated Forecast - Q2 cells: 3415488
Default Calculated Forecast - Q1 cells: 3415488
TAM Forecast - FY cells: 3415488
TAM Forecast - Q4 cells: 3415488
TAM Forecast - Q3 cells: 3415488
TAM Forecast - Q2 cells: 3415488
TAM Forecast - Q1 cells: 3415488
PID Forecast - FY cells: 3415488
PID Forecast - Q4 cells: 3415488
PID Forecast - Q3 cells: 3415488
PID Forecast - Q2 cells: 3415488
PID Forecast - Q1 cells: 3415488
TMS Forecast - FY cells: 3415488
TMS Forecast - Q4 cells: 3415488
TMS Forecast - Q3 cells: 3415488
TMS Forecast - Q2 cells: 3415488
TMS Forecast - Q1 cells: 3415488
BE Forecast - FY cells: 3415488
BE Forecast - Q4 cells: 3415488
BE Forecast - Q3 cells: 3415488
BE Forecast - Q2 cells: 3415488
BE Forecast - Q1 cells: 3415488
PRODUCT GOAL - FY cells: 3415488
PRODUCT GOAL - Q4 cells: 3415488
PRODUCT GOAL - Q3 cells: 3415488
PRODUCT GOAL - Q2 cells: 3415488
PRODUCT GOAL - Q1 cells: 3415488
FY21 Penetration Rate of Product cells: 3415488
FY20 Penetration Rate of Product cells: 3415488
Historicals: 3 Yr Average - FY cells: 3415488
Historicals: 3 Yr Average - Q4 cells: 3415488
Historicals: 3 Yr Average - Q3 cells: 3415488
Historicals: 3 Yr Average - Q2 cells: 3415488
Historicals: 3 Yr Average - Q1 cells: 3415488
Historicals: 2 Yr Average - FY cells: 3415488
Historicals: 2 Yr Average - Q4 cells: 3415488
Historicals: 2 Yr Average - Q3 cells: 3415488
Historicals: 2 Yr Average - Q2 cells: 3415488
Historicals: 2 Yr Average - Q1 cells: 3415488
FY21 Bookings - FY cells: 3415488
FY21 Bookings - Q4 cells: 3415488
FY21 Bookings - Q3 cells: 3415488
FY21 Bookings - Q2 cells: 3415488
FY21 Bookings - Q1 cells: 3415488
FY20 Bookings - FY cells: 3415488
FY20 Bookings - Q4 cells: 3415488
FY20 Bookings - Q3 cells: 3415488
FY20 Bookings - Q2 cells: 3415488
FY20 Bookings - Q1 cells: 3415488
FY19 Bookings - FY cells: 3415488
FY19 Bookings - Q4 cells: 3415488
FY19 Bookings - Q3 cells: 3415488
FY19 Bookings - Q2 cells: 3415488
FY19 Bookings - Q1 cells: 3415488
Level cells: 3415488
Goalable Property cells: 3415488
L6 cells: 2762784
L5 cells: 3234144
L4 cells: 3385824
L3 cells: 3412416
L2 cells: 3415104
L1 cells: 3415392
L0 cells: 3415488
YOY Growth % cells: 3415488
FY22 Automated Goal - FY cells: 3415488
FY22 Bookings - Q1 cells: 3415488
FY22 Expected Finish - Q2 cells: 3415488
XCAT FLag cells: 3415488
ELA Flag cells: 3415488
BP Flag cells: 3415488
1H Submission - Q1 cells: 3415488
1H Submission - Q2 cells: 3415488
1H Submission - Q3 cells: 3415488
1H Submission - Q4 cells: 3415488
1H Submission - FY cells: 3415488
FY22 Automated Goal - Q3 cells: 3415488
FY22 Automated Goal - Q4 cells: 3415488
Product Goal Status cells: 3415488
FY22 Automated Goal - Q1 cells: 3415488
FY22 Automated Goal - Q2 cells: 3415488
FY22 Y/Y Growth - 1H cells: 3415488
FY22 Y/Y Growth - 2H cells: 3415488

SHARE L2: 31 (0/31) rows successful, 0 (0/0) rows has warnings, 1 failed, 0 ignored
Cannot change code for list's top level item: 1

SBE TMS L3: 537 (0/537) rows successful, 0 ignored 

SBE TMS L3: 537 (0/537) rows successful, 0 ignored 

L1 cells: 15036 (15036 ignored)
L2 cells: 15036 (15036 ignored)
Internal Business Entity Description cells: 14868 (19116 ignored)
Internal Sub Business Entity Description cells: 14868 (19116 ignored)
TMS Level 1 cells: 15036 (19332 ignored)
TMS Level 2 cells: 15036 (19332 ignored)
2019 - FY cells: 15036 (19332 ignored)
2020 - FY cells: 15036 (19332 ignored)
2021 - FY cells: 15036 (19332 ignored)
FY20 - FY Growth % cells: 15036 (19332 ignored)
FY21 - FY Growth % cells: 15036 (19332 ignored)
FY22 - FY TMS Split % cells: 15036 (19332 ignored)
FY22 - FY Plan Numbers cells: 15036 (19332 ignored)
FY22 - FY TMS Split % Judge cells: 15036 (19332 ignored)
FY22 - FY Sub BE Target Gap cells: 15036 (19332 ignored)
FY22 - FY Growth % cells: 15036 (19332 ignored)
Filter cells: 0 (34368 ignored)
TMS Level 3 cells: 15036 (19332 ignored)

1 Line Item identifier(s) ("Week Identifier") were not mapped and ignored
FY22 Total Services FY cells: 853872
FY22 Total Services - Q4 cells: 853872
FY22 Total Services - Q3 cells: 853872
FY22 Total Services - Q2 cells: 853872
FY22 Total Services - Q1 cells: 853872
FY22 Total AS - FY cells: 853872
FY22 Total AS - Q4 cells: 853872
FY22 Total AS - Q3 cells: 853872
FY22 Total AS - Q2 cells: 853872
FY22 Total AS - Q1 cells: 853872
FY22 AS Override - FY cells: 853872
FY22 AS Override - Q4 cells: 853872
FY22 AS Override - Q3 cells: 853872
FY22 AS Override - Q2 cells: 853872
FY22 AS Override - Q1 cells: 853872
FY22 Total AS-T - FY cells: 853872
FY22 Total AS-T - Q4 cells: 853872
FY22 Total AS-T - Q3 cells: 853872
FY22 Total AS-T - Q2 cells: 853872
FY22 Total AS-T - Q1 cells: 853872
FY22 AS-T Override - FY cells: 853872
FY22 AS-T Override - Q4 cells: 853872
FY22 AS-T Override - Q3 cells: 853872
FY22 AS-T Override - Q2 cells: 853872
FY22 AS-T Override - Q1 cells: 853872
FY22 AS-T Growth % - FY cells: 853872
FY22 AS-T Growth % - Q4 cells: 853872
FY22 AS-T Growth % - Q3 cells: 853872
FY22 AS-T Growth % - Q2 cells: 853872
FY22 AS-T Growth % - Q1 cells: 853872
2 Yr Average AS-T - FY cells: 853872
2 Yr Average AS-T - Q4 cells: 853872
2 Yr Average AS-T - Q3 cells: 853872
2 Yr Average AS-T - Q2 cells: 853872
2 Yr Average AS-T - Q1 cells: 853872
FY21 AS-T - FY cells: 853872 (35578 ignored)
FY21 AS-T - Q4 cells: 853872 (35578 ignored)
FY21 AS-T - Q3 cells: 853872 (35578 ignored)
FY21 AS-T - Q2 cells: 853872 (35578 ignored)
FY21 AS-T - Q1 cells: 853872 (35578 ignored)
FY20 AS-T - FY cells: 853872 (35578 ignored)
FY20 AS-T - Q4 cells: 853872 (35578 ignored)
FY20 AS-T - Q3 cells: 853872 (35578 ignored)
FY20 AS-T - Q2 cells: 853872 (35578 ignored)
FY20 AS-T - Q1 cells: 853872 (35578 ignored)
3 Yr AverageAS-T Attach Pen Rate Override - FY cells: 853872
3 Yr Average AS-T Attach Pen Rate Override - Q4 cells: 853872
3 Yr Average AS-T Attach Pen Rate Override - Q3 cells: 853872
3 Yr Average AS-T Attach Pen Rate Override - Q2 cells: 853872
3 Yr Average AS-T Attach Pen Rate Override - Q1 cells: 853872
3 Yr Average AS-T Attach Pen Rate - FY cells: 853872
3 Yr Average AS-T Attach Pen Rate - Q4 cells: 853872
3 Yr Average AS-T Attach Pen Rate - Q3 cells: 853872
3 Yr Average AS-T Attach Pen Rate - Q2 cells: 853872
3 Yr Average AS-T Attach Pen Rate - Q1 cells: 853872
FY21 AS-T Attach Pen Rate - FY cells: 853872 (35578 ignored)
FY21 AS-T Attach Pen Rate - Q4 cells: 853872 (35578 ignored)
FY21 AS-T Attach Pen Rate - Q3 cells: 853872 (35578 ignored)
FY21 AS-T Attach Pen Rate - Q2 cells: 853872 (35578 ignored)
FY21 AS-T Attach Pen Rate - Q1 cells: 853872 (35578 ignored)
FY20 AS-T Attach Pen Rate - FY cells: 853872 (35578 ignored)
FY20 AS-T Attach Pen Rate - Q4 cells: 853872 (35578 ignored)
FY20 AS-T Attach Pen Rate - Q3 cells: 853872 (35578 ignored)
FY20 AS-T Attach Pen Rate - Q2 cells: 853872 (35578 ignored)
FY20 AS-T Attach Pen Rate - Q1 cells: 853872 (35578 ignored)
FY19 AS-T Attach Pen Rate - FY cells: 853872 (35578 ignored)
FY19 AS-T Attach Pen Rate - Q4 cells: 853872 (35578 ignored)
FY19 AS-T Attach Pen Rate - Q3 cells: 853872 (35578 ignored)
FY19 AS-T Attach Pen Rate - Q2 cells: 853872 (35578 ignored)
FY19 AS-T Attach Pen Rate - Q1 cells: 853872 (35578 ignored)
FY22 Product Goal (AS-T) - FY cells: 853872
FY22 Product Goal (AS-T) - Q4 cells: 853872
FY22 Product Goal (AS-T) - Q3 cells: 853872
FY22 Product Goal (AS-T) - Q2 cells: 853872
FY22 Product Goal (AS-T) - Q1 cells: 853872
FY22 Total AS-S - FY cells: 853872
FY22 Total AS-S - Q4 cells: 853872
FY22 Total AS-S - Q3 cells: 853872
FY22 Total AS-S - Q2 cells: 853872
FY22 Total AS-S - Q1 cells: 853872
FY22 AS-S Override - FY cells: 853872
FY22 AS-S Override - Q4 cells: 853872
FY22 AS-S Override - Q3 cells: 853872
FY22 AS-S Override - Q2 cells: 853872
FY22 AS-S Override - Q1 cells: 853872
FY21 AS-S - FY cells: 853872 (35578 ignored)
FY21 AS-S - Q4 cells: 853872 (35578 ignored)
FY21 AS-S - Q3 cells: 853872 (35578 ignored)
FY21 AS-S - Q2 cells: 853872 (35578 ignored)
FY21 AS-S - Q1 cells: 853872 (35578 ignored)
FY20 AS-S - FY cells: 853872 (35578 ignored)
FY20 AS-S - Q4 cells: 853872 (35578 ignored)
FY20 AS-S - Q3 cells: 853872 (35578 ignored)
FY20 AS-S - Q2 cells: 853872 (35578 ignored)
FY20  AS-S - Q1 cells: 853872 (35578 ignored)
FY22 Total TSS - FY cells: 853872
FY22 Total TSS - Q4 cells: 853872
FY22 Total TSS - Q3 cells: 853872
FY22 Total TSS - Q2 cells: 853872
FY22 Total TSS - Q1 cells: 853872
FY22 TSS Override - FY cells: 853872
FY22 TSS Override - Q4 cells: 853872
FY22 TSS Override - Q3 cells: 853872
FY22 TSS Override - Q2 cells: 853872
FY22 TSS Override - Q1 cells: 853872
FY22 TSS New Attach - FY cells: 853872
FY22 TSS New Attach - Q4 cells: 853872
FY22 TSS New Attach - Q3 cells: 853872
FY22 TSS New Attach - Q2 cells: 853872
FY22 TSS New Attach - Q1 cells: 853872
FY22 TSS New Attach Override - FY cells: 853872
FY22 TSS New Attach Override - Q4 cells: 853872
FY22 TSS New Attach Override - Q3 cells: 853872
FY22 TSS New Attach Override - Q2 cells: 853872
FY22 TSS New Attach Override - Q1 cells: 853872
2 Yr Average TSS Attach Pen Rate - FY cells: 853872
2 Yr Average TSS Attach Pen Rate - Q4 cells: 853872
2 Yr Average TSS Attach Pen Rate - Q3 cells: 853872
2 Yr Average TSS Attach Pen Rate - Q2 cells: 853872
2 Yr Average TSS Attach Pen Rate - Q1 cells: 853872
FY21 TSS Attach Pen Rate - FY cells: 853872 (35578 ignored)
FY21 TSS Attach Pen Rate - Q4 cells: 853872 (35578 ignored)
FY21 TSS Attach Pen Rate - Q3 cells: 853872 (35578 ignored)
FY21 TSS Attach Pen Rate - Q2 cells: 853872 (35578 ignored)
FY21 TSS Attach Pen Rate - Q1 cells: 853872 (35578 ignored)
FY20 TSS Attach Pen Rate - FY cells: 853872 (35578 ignored)
FY20 TSS Attach Pen Rate - Q4 cells: 853872 (35578 ignored)
FY20 TSS Attach Pen Rate - Q3 cells: 853872 (35578 ignored)
FY20 TSS Attach Pen Rate - Q2 cells: 853872 (35578 ignored)
FY20 TSS Attach Pen Rate - Q1 cells: 853872 (35578 ignored)
FY22 Attachable Product - FY cells: 853872
FY22 Attachable Product - Q4 cells: 853872
FY22 Attachable Product - Q3 cells: 853872
FY22 Attachable Product - Q2 cells: 853872
FY22 Attachable Product - Q1 cells: 853872
FY22 TSS Renew - FY cells: 853872
FY22 TSS Renew - Q4 cells: 853872
FY22 TSS Renew - Q3 cells: 853872
FY22 TSS Renew - Q2 cells: 853872
FY22 TSS Renew - Q1 cells: 853872
FY22 TSS Renew Override - FY cells: 853872
FY22 TSS Renew Override - Q4 cells: 853872
FY22 TSS Renew Override - Q3 cells: 853872
FY22 TSS Renew Override - Q2 cells: 853872
FY22 TSS Renew Override - Q1 cells: 853872
FY22 TSS RCR% Override - FY cells: 853872
FY22 TSS RCR% Override - Q4 cells: 853872
FY22 TSS RCR% Override - Q3 cells: 853872
FY22 TSS RCR% Override - Q2 cells: 853872
FY22 TSS RCR% Override - Q1 cells: 853872
2 Yr Average TSS RCR% - FY cells: 853872
2 Yr Average TSS RCR% - Q4 cells: 853872
2 Yr Average TSS RCR% - Q3 cells: 853872
2 Yr Average TSS RCR% - Q2 cells: 853872
2 Yr Average TSS RCR% - Q1 cells: 853872
FY21 TSS RCR% - FY cells: 853872 (35578 ignored)
FY21 TSS RCR% - Q4 cells: 853872 (35578 ignored)
FY21 TSS RCR% - Q3 cells: 853872 (35578 ignored)
FY21 TSS RCR% - Q2 cells: 853872 (35578 ignored)
FY21 TSS RCR% - Q1 cells: 853872 (35578 ignored)
FY20 TSS RCR% - FY cells: 853872 (35578 ignored)
FY20 TSS RCR% - Q4 cells: 853872 (35578 ignored)
FY20 TSS RCR% - Q3 cells: 853872 (35578 ignored)
FY20 TSS RCR% - Q2 cells: 853872 (35578 ignored)
FY20 TSS RCR% - Q1 cells: 853872 (35578 ignored)
FY22 TSS Renewal Base - FY cells: 853872
FY22 TSS Renewal Base - Q4 (Cisco Ready) cells: 853872
FY22 TSS Renewal Base - Q3 (Cisco Ready) cells: 853872
FY22 TSS Renewal Base - Q2 (Cisco Ready) cells: 853872
FY22 TSS Renewal Base - Q1 (Cisco Ready) cells: 853872
Level cells: 853872 (35578 ignored)
Node ID cells: 0 (889450 ignored)
L6 cells: 690696 (28779 ignored)
L5 cells: 808536 (33689 ignored)
L4 cells: 846456 (35269 ignored)
L3 cells: 853104 (35546 ignored)
L2 cells: 853776 (35574 ignored)
L1 cells: 853848 (35577 ignored)
L0 cells: 853872 (35578 ignored)
PEC cells: 853872
FY22 AS-S - Q1 cells: 853872 (35578 ignored)
FY22 AS-S - Q2 cells: 853872 (35578 ignored)
FY22 AS-T - Q1 cells: 853872 (35578 ignored)
FY22 AS-T - Q2 cells: 853872 (35578 ignored)
FY22 AS-S Renewal Base -  Q1 (Cisco Ready) cells: 853872
FY22 AS-S Renewal Base -  Q2 (Cisco Ready) cells: 853872
FY22 AS-S Renewal Base -  Q3 (Cisco Ready) cells: 853872
FY22 AS-S Renewal Base -  Q4 (Cisco Ready) cells: 853872
FY22 AS-S Renewal Base -  FY (Cisco Ready) cells: 853872
2 Yr Average AS-S RCR % - Q1 cells: 853872
2 Yr Average AS-S RCR % - Q2 cells: 853872
2 Yr Average AS-S RCR % - Q3 cells: 853872
2 Yr Average AS-S RCR % - Q4 cells: 853872
2 Yr Average AS-S RCR % - FY cells: 853872
2 Yr Average AS-S RCR % Override - Q1 cells: 853872
2 Yr Average AS-S RCR % Override - Q2 cells: 853872
2 Yr Average AS-S RCR % Override - Q3 cells: 853872
2 Yr Average AS-S RCR % Override - Q4 cells: 853872
2 Yr Average AS-S RCR % Override - FY cells: 853872
FY22 AS-S Renew Override - Q1 cells: 853872
FY22 AS-S Renew Override - Q2 cells: 853872
FY22 AS-S Renew Override - Q3 cells: 853872
FY22 AS-S Renew Override - Q4 cells: 853872
FY22 AS-S Renew Override - FY cells: 853872
AS-S Renew - Q1 cells: 853872
AS-S Renew - Q2 cells: 853872
AS-S Renew - Q3 cells: 853872
AS-S Renew - Q4 cells: 853872
AS-S Renew - FY cells: 853872
2 Yr Average AS-S New - Q1 cells: 853872
2 Yr Average AS-S New - Q2 cells: 853872
2 Yr Average AS-S New - Q3 cells: 853872
2 Yr Average AS-S New - Q4 cells: 853872
2 Yr Average AS-S New - FY cells: 853872
FY22 AS-S New Growth % - Q1 cells: 853872
FY22 AS-S New Growth % - Q2 cells: 853872
FY22 AS-S New Growth % - Q3 cells: 853872
FY22 AS-S New Growth % - Q4 cells: 853872
FY22 AS-S New Growth % - FY cells: 853872
FY22 AS-S New Override - Q1 cells: 853872
FY22 AS-S New Override - Q2 cells: 853872
FY22 AS-S New Override - Q3 cells: 853872
FY22 AS-S New Override - Q4 cells: 853872
FY22 AS-S New Override - FY cells: 853872
AS-S New - Q1 cells: 853872
AS-S New - Q2 cells: 853872
AS-S New - Q3 cells: 853872
AS-S New - Q4 cells: 853872
AS-S New - FY cells: 853872

24 Line Item identifier(s) ("Bookings - Xcat Q1", "Bookings - Xcat Q2", "Bookings - Xcat Q3", "Bookings - Xcat Q4", "Bookings - ELA Q1", "Bookings - ELA Q2", "Bookings - ELA Q3", "Bookings - ELA Q4", "Bookings - BP Q1", "Bookings - BP Q2", ...) were not mapped and ignored
Level cells: 1031762 (3415488 ignored)
XCAT- FY19 - Q1 cells: 1031762 (3415488 ignored)
XCAT- FY19 - Q2 cells: 1031762 (3415488 ignored)
XCAT- FY19 - Q3 cells: 1031762 (3415488 ignored)
XCAT- FY19 - Q4 cells: 1031762 (3415488 ignored)
ELA - FY19 -Q1 cells: 1031762 (3415488 ignored)
ELA - FY19 -Q2 cells: 1031762 (3415488 ignored)
ELA - FY19 -Q3 cells: 1031762 (3415488 ignored)
ELA - FY19 -Q4 cells: 1031762 (3415488 ignored)
BP - FY19 - Q1 cells: 1031762 (3415488 ignored)
BP - FY19 - Q2 cells: 1031762 (3415488 ignored)
BP - FY19 - Q3 cells: 1031762 (3415488 ignored)
BP - FY19 - Q4 cells: 1031762 (3415488 ignored)

24 Line Item identifier(s) ("Bookings - Xcat Q1", "Bookings - Xcat Q2", "Bookings - Xcat Q3", "Bookings - Xcat Q4", "Bookings - ELA Q1", "Bookings - ELA Q2", "Bookings - ELA Q3", "Bookings - ELA Q4", "Bookings - BP Q1", "Bookings - BP Q2", ...) were not mapped and ignored
Level cells: 1031762 (3415488 ignored)
XCAT- FY20 - Q1 cells: 1031762 (3415488 ignored)
XCAT- FY20 - Q2 cells: 1031762 (3415488 ignored)
XCAT- FY20 - Q3 cells: 1031762 (3415488 ignored)
XCAT- FY20 - Q4 cells: 1031762 (3415488 ignored)
ELA - FY20 -Q1 cells: 1031762 (3415488 ignored)
ELA - FY20 -Q2 cells: 1031762 (3415488 ignored)
ELA - FY20 -Q3 cells: 1031762 (3415488 ignored)
ELA - FY20 -Q4 cells: 1031762 (3415488 ignored)
BP - FY20 - Q1 cells: 1031762 (3415488 ignored)
BP - FY20 - Q2 cells: 1031762 (3415488 ignored)
BP - FY20 - Q3 cells: 1031762 (3415488 ignored)
BP - FY20 - Q4 cells: 1031762 (3415488 ignored)

24 Line Item identifier(s) ("Bookings - Xcat Q1", "Bookings - Xcat Q2", "Bookings - Xcat Q3", "Bookings - Xcat Q4", "Bookings - ELA Q1", "Bookings - ELA Q2", "Bookings - ELA Q3", "Bookings - ELA Q4", "Bookings - BP Q1", "Bookings - BP Q2", ...) were not mapped and ignored
Level cells: 1031762 (3415488 ignored)
XCAT- FY21 - Q1 cells: 1031762 (3415488 ignored)
XCAT- FY21 - Q2 cells: 1031762 (3415488 ignored)
XCAT- FY21 - Q3 cells: 1031762 (3415488 ignored)
XCAT- FY21 - Q4 cells: 1031762 (3415488 ignored)
ELA - FY21 -Q1 cells: 1031762 (3415488 ignored)
ELA - FY21 -Q2 cells: 1031762 (3415488 ignored)
ELA - FY21 -Q3 cells: 1031762 (3415488 ignored)
ELA - FY21 -Q4 cells: 1031762 (3415488 ignored)
BP - FY21 - Q1 cells: 1031762 (3415488 ignored)
BP - FY21 - Q2 cells: 1031762 (3415488 ignored)
BP - FY21 - Q3 cells: 1031762 (3415488 ignored)
BP - FY21 - Q4 cells: 1031762 (3415488 ignored)

24 Line Item identifier(s) ("Bookings - Xcat Q1", "Bookings - Xcat Q2", "Bookings - Xcat Q3", "Bookings - Xcat Q4", "Bookings - ELA Q1", "Bookings - ELA Q2", "Bookings - ELA Q3", "Bookings - ELA Q4", "Bookings - BP Q1", "Bookings - BP Q2", ...) were not mapped and ignored
Level cells: 1031762 (3415488 ignored)
XCAT- FY22 - Q1 cells: 1031762 (3415488 ignored)
XCAT- FY22- Q2 cells: 1031762 (3415488 ignored)
ELA - FY22 - Q1 cells: 1031762 (3415488 ignored)
ELA - FY22 - Q2 cells: 1031762 (3415488 ignored)
BP - FY22 - Q1 cells: 1031762 (3415488 ignored)
BP - FY22 - Q2 cells: 1031762 (3415488 ignored)
XCAT- FY22- Q4 cells: 1031762 (3415488 ignored)
XCAT- FY22- Q3 cells: 1031762 (3415488 ignored)
ELA - FY22 - Q4 cells: 1031762 (3415488 ignored)
ELA - FY22 - Q3 cells: 1031762 (3415488 ignored)
BP - FY22 - Q4 cells: 1031762 (3415488 ignored)
BP - FY22 - Q3 cells: 1031762 (3415488 ignored)

24 Line Item identifier(s) ("Bookings - Xcat Q1", "Bookings - Xcat Q2", "Bookings - Xcat Q3", "Bookings - Xcat Q4", "Bookings - ELA Q1", "Bookings - ELA Q2", "Bookings - ELA Q3", "Bookings - ELA Q4", "Bookings - BP Q1", "Bookings - BP Q2", ...) were not mapped and ignored
Level cells: 3415488 (1031762 ignored)
XCAT- FY19 - Q1 cells: 3415488 (1031762 ignored)
XCAT- FY19 - Q2 cells: 3415488 (1031762 ignored)
XCAT- FY19 - Q3 cells: 3415488 (1031762 ignored)
XCAT- FY19 - Q4 cells: 3415488 (1031762 ignored)
ELA - FY19 -Q1 cells: 3415488 (1031762 ignored)
ELA - FY19  -Q2 cells: 3415488 (1031762 ignored)
ELA - FY19 -Q3 cells: 3415488 (1031762 ignored)
ELA - FY19 -Q4 cells: 3415488 (1031762 ignored)
BP - FY19 - Q1 cells: 3415488 (1031762 ignored)
BP - FY19 - Q2 cells: 3415488 (1031762 ignored)
BP - FY19 - Q3 cells: 3415488 (1031762 ignored)
BP - FY19 - Q4 cells: 3415488 (1031762 ignored)

24 Line Item identifier(s) ("Bookings - Xcat Q1", "Bookings - Xcat Q2", "Bookings - Xcat Q3", "Bookings - Xcat Q4", "Bookings - ELA Q1", "Bookings - ELA Q2", "Bookings - ELA Q3", "Bookings - ELA Q4", "Bookings - BP Q1", "Bookings - BP Q2", ...) were not mapped and ignored
Level cells: 3415488 (1031762 ignored)
XCAT- FY20 - Q1 cells: 3415488 (1031762 ignored)
XCAT- FY20 - Q2 cells: 3415488 (1031762 ignored)
XCAT- FY20 - Q3 cells: 3415488 (1031762 ignored)
XCAT- FY20 - Q4 cells: 3415488 (1031762 ignored)
ELA - FY20 -Q1 cells: 3415488 (1031762 ignored)
ELA - FY20 -Q2 cells: 3415488 (1031762 ignored)
ELA - FY20 -Q3 cells: 3415488 (1031762 ignored)
ELA - FY20 -Q4 cells: 3415488 (1031762 ignored)
BP - FY20 - Q1 cells: 3415488 (1031762 ignored)
BP - FY20 - Q2 cells: 3415488 (1031762 ignored)
BP - FY20 - Q3 cells: 3415488 (1031762 ignored)
BP - FY20 - Q4 cells: 3415488 (1031762 ignored)

24 Line Item identifier(s) ("Bookings - Xcat Q1", "Bookings - Xcat Q2", "Bookings - Xcat Q3", "Bookings - Xcat Q4", "Bookings - ELA Q1", "Bookings - ELA Q2", "Bookings - ELA Q3", "Bookings - ELA Q4", "Bookings - BP Q1", "Bookings - BP Q2", ...) were not mapped and ignored
Level cells: 3425376 (3500 failed, 1034749 ignored)
XCAT- FY21 - Q1 cells: 3425376 (3500 failed, 1034749 ignored)
XCAT- FY21 - Q2 cells: 3425376 (3500 failed, 1034749 ignored)
XCAT- FY21 - Q3 cells: 3425376 (3500 failed, 1034749 ignored)
XCAT- FY21 - Q4 cells: 3425376 (3500 failed, 1034749 ignored)
ELA - FY21 -Q1 cells: 3425376 (3500 failed, 1034749 ignored)
ELA - FY21 -Q2 cells: 3425376 (3500 failed, 1034749 ignored)
ELA - FY21 -Q3 cells: 3425376 (3500 failed, 1034749 ignored)
ELA - FY21 -Q4 cells: 3425376 (3500 failed, 1034749 ignored)
BP - FY21 - Q1 cells: 3425376 (3500 failed, 1034749 ignored)
BP - FY21 - Q2 cells: 3425376 (3500 failed, 1034749 ignored)
BP - FY21 - Q3 cells: 3425376 (3500 failed, 1034749 ignored)
BP - FY21 - Q4 cells: 3425376 (3500 failed, 1034749 ignored)
Item not located in Share FLAT list: 45500

24 Line Item identifier(s) ("Bookings - Xcat Q1", "Bookings - Xcat Q2", "Bookings - Xcat Q3", "Bookings - Xcat Q4", "Bookings - ELA Q1", "Bookings - ELA Q2", "Bookings - ELA Q3", "Bookings - ELA Q4", "Bookings - BP Q1", "Bookings - BP Q2", ...) were not mapped and ignored
Level cells: 3424416 (3500 failed, 1034459 ignored)
XCAT- FY22 - Q1 cells: 3424416 (3500 failed, 1034459 ignored)
XCAT- FY22 - Q2 cells: 3424416 (3500 failed, 1034459 ignored)
ELA - FY22 -Q1 cells: 3424416 (3500 failed, 1034459 ignored)
ELA - FY22 -Q2 cells: 3424416 (3500 failed, 1034459 ignored)
BP - FY22 - Q1 cells: 3424416 (3500 failed, 1034459 ignored)
BP - FY22 - Q2 cells: 3424416 (3500 failed, 1034459 ignored)
XCAT- FY22 - Q4 cells: 3424416 (3500 failed, 1034459 ignored)
XCAT- FY22 - Q3 cells: 3424416 (3500 failed, 1034459 ignored)
ELA - FY22 -Q4 cells: 3424416 (3500 failed, 1034459 ignored)
ELA - FY22 -Q3 cells: 3424416 (3500 failed, 1034459 ignored)
BP - FY22 - Q4 cells: 3424416 (3500 failed, 1034459 ignored)
BP - FY22 - Q3 cells: 3424416 (3500 failed, 1034459 ignored)
Item not located in Share FLAT list: 45500


