8a81b010721f3bec01722c4420f878e0 5486F999A91246CF9D710D228864764F
cd /apps/sales/EA_SALES_Prod_860/DATA/SALES_ANAPLAN_OIC/work/anaplan-connect-1-3-3-3
./AnaplanClient.sh -user anpadmua.gen@cisco.com:L5EJNstptxpa8A7 -workspace 8a81b010721f3bec01722c4420f878e0 -model 5486F999A91246CF9D710D228864764F -file 'FF_NLG_TSS_MY.csv' -put '/apps/sales/EA_SALES_Prod_860/DATA/SALES_ANAPLAN_OIC/work/FF_NLG_TSS_MY.csv' -import 'TSS MY Pct Key from FF_NLG_TSS_MY.csv' -execute -output '/apps/sales/EA_SALES_Prod_860/DATA/SALES_ANAPLAN_OIC/work/NLG_TSS_MY_LIST.err.err' -import 'TSS MY Bookings Percent from FF_NLG_TSS_MY.csv' -execute -output '/apps/sales/EA_SALES_Prod_860/DATA/SALES_ANAPLAN_OIC/work/NLG_TSS_MY_MODULE.err.err'
The file "/apps/sales/EA_SALES_Prod_860/DATA/SALES_ANAPLAN_OIC/work/FF_NLG_TSS_MY.csv" has been uploaded as FF_NLG_TSS_MY.csv.
The operation was successful.
TSS MY Pct Key: 18285 (0/18285) rows successful, 0 ignored 

The operation was successful.
Node ID cells: 18285
Level ID cells: 18285
Structure Node Name cells: 18285
CY-2 Q1 cells: 18285
CY-2 Q2 cells: 18285
CY-2 Q3 cells: 18285
CY-2 Q4 cells: 18285
CY-1 Q1 cells: 18285
CY-1 Q2 cells: 18285
CY-1 Q3 cells: 18285
CY-1 Q4 cells: 18285
CY Q1 cells: 18285
CY Q2 cells: 18285
CY Q3 cells: 18285
CY Q4 cells: 18285

