8a81b011720f725f017212c44cdf788d EABF24B166F0404DA34A2E00D5E43FE3
cd /apps/sales/EA_SALES_Prod_860/DATA/SALES_ANAPLAN_OIC/work/anaplan-connect-1-3-3-3
./AnaplanClient.sh -user anpadmua.gen@cisco.com:L5EJNstptxpa8A7 -workspace 8a81b011720f725f017212c44cdf788d -model EABF24B166F0404DA34A2E00D5E43FE3 -file 'FF_NLG_DATA_REFRESH.csv' -put '/apps/sales/EA_SALES_Prod_860/DATA/SALES_ANAPLAN_OIC/work/FF_NLG_DATA_REFRESH_DAILY.csv' -import 'Data Refresh ID from FF_NLG_DATA_REFRESH.csv' -execute -output '/apps/sales/EA_SALES_Prod_860/DATA/SALES_ANAPLAN_OIC/work/NLG_AUDIT.err.err' -import 'NLG Data Refresh Dates from FF_NLG_DATA_REFRESH.csv' -execute -output '/apps/sales/EA_SALES_Prod_860/DATA/SALES_ANAPLAN_OIC/work/NLG_AUDIT.err.err'
The file "/apps/sales/EA_SALES_Prod_860/DATA/SALES_ANAPLAN_OIC/work/FF_NLG_DATA_REFRESH_DAILY.csv" has been uploaded as FF_NLG_DATA_REFRESH.csv.
The operation was successful.
Data Refresh ID: 4 (0/4) rows successful, 0 ignored 

The operation was successful.
JOB NAME cells: 4
JOB FREQUENCY cells: 4
LAST REFRESH DATE cells: 4

cd /apps/sales/EA_SALES_Prod_860/DATA/SALES_ANAPLAN_OIC/work/anaplan-connect-1-3-3-3
./AnaplanClient.sh -user anpadmua.gen@cisco.com:L5EJNstptxpa8A7 -workspace 8a868cd87a25f4cf017a54dbb22c16e3 -model 2FA3B2DE0B544E139FD6BB012D2DA513 -debug -process 'Date Update from HUB' -execute -output /apps/sales/EA_SALES_Prod_860/DATA/SALES_ANAPLAN_OIC/work/nlg_audit_error
Anaplan Connect 1.3.3-3
OpenJDK 64-Bit Server VM (Azul Systems, Inc.)/25.222-b10 (1.8.0_222)
Linux (amd64)/3.10.0-1160.11.1.el7.x86_64
The operation was successful.
NGCGI Job cells: 1
Email Job cells: 1
Bookings Data (DRR) cells: 1
SHARE Hierarchy cells: 1
PEC List cells: 1
BE / Sub-BE List cells: 1
Sub BE Dashboard cells: 1
OIC Goalsheet Data cells: 1
User Access Update cells: 1 (1 failed)
PID Forecast cells: 1
OMF Judge cells: 1
CISCO Ready cells: 1
Today's Date cells: 1
SFDC Commit Forecast cells: 1
Last Export Job Start cells: 1
Last Goal Import Job Start cells: 1
Last Export Job Completed (Generally takes 6 hrs after strt) cells: 1
Last Goal Import  Job Completed cells: 1
More than one value for non-numeric cell: 1


Dump file written to "/apps/sales/EA_SALES_Prod_860/DATA/SALES_ANAPLAN_OIC/work/nlg_audit_error/0-112000002349-Failures for Import 2349"
cd /apps/sales/EA_SALES_Prod_860/DATA/SALES_ANAPLAN_OIC/work/anaplan-connect-1-3-3-3
./AnaplanClient.sh -user anpadmua.gen@cisco.com:L5EJNstptxpa8A7 -workspace 8a81b00f7522c5c10175468b101b04a3 -model E96CB3D54EDB431EB055182029D566A9 -debug -process 'Date Update from HUB' -execute -output /apps/sales/EA_SALES_Prod_860/DATA/SALES_ANAPLAN_OIC/work/nlg_audit_error
Anaplan Connect 1.3.3-3
OpenJDK 64-Bit Server VM (Azul Systems, Inc.)/25.222-b10 (1.8.0_222)
Linux (amd64)/3.10.0-1160.11.1.el7.x86_64
The operation was successful.
NGCGI Job cells: 1 (1 failed)
Email Job cells: 1 (1 failed)
SHARE Hierarchy cells: 1
PEC List cells: 1
Sub BE Dashboard cells: 1
OIC Goalsheet Data cells: 1
User Access Update cells: 1 (1 failed)
PID Forecast cells: 1
OMF Judge cells: 1
Today's Date cells: 1 (1 failed)
SFDC Commit Forecast cells: 1
More than one value for non-numeric cell: 1
More than one value for non-numeric cell: 1
More than one value for non-numeric cell: 1
More than one value for non-numeric cell: 1


Dump file written to "/apps/sales/EA_SALES_Prod_860/DATA/SALES_ANAPLAN_OIC/work/nlg_audit_error/0-112000002349-Failures for Import 2349"
