8a81b010721f3bec01722c4420f878e0 5486F999A91246CF9D710D228864764F
cd /apps/sales/EA_SALES_Prod_860/DATA/SALES_ANAPLAN_OIC/work/anaplan-connect-1-3-3-3
./AnaplanClient.sh -user anpadmua.gen@cisco.com:L5EJNstptxpa8A7 -workspace 8a81b010721f3bec01722c4420f878e0 -model 5486F999A91246CF9D710D228864764F -file 'FF_NLG_TSS_SMALL_MY.csv' -put '/apps/sales/EA_SALES_Prod_860/DATA/SALES_ANAPLAN_OIC/work/FF_NLG_TSS_SMALL_MY.csv' -import 'TSS Small MY Pct Key from FF_NLG_TSS_SMALL_MY.csv' -execute -output '/apps/sales/EA_SALES_Prod_860/DATA/SALES_ANAPLAN_OIC/work/NLG_TSS_SMALL_MY_LIST.err.err' -import 'TSS Small MY Booking Percent from FF_NLG_TSS_SMALL_MY.csv' -execute -output '/apps/sales/EA_SALES_Prod_860/DATA/SALES_ANAPLAN_OIC/work/NLG_TSS_SMALL_MY_MODULE.err.err'
The file "/apps/sales/EA_SALES_Prod_860/DATA/SALES_ANAPLAN_OIC/work/FF_NLG_TSS_SMALL_MY.csv" has been uploaded as FF_NLG_TSS_SMALL_MY.csv.
The operation was successful.
TSS Small MY Pct Key: 14289 (0/14289) rows successful, 0 ignored 

The operation was successful.
Node ID cells: 14289
Level ID cells: 14289
Structure Node Name cells: 14289
CY-2 Q1 cells: 14289
CY-2 Q2 cells: 14289
CY-2 Q3 cells: 14289
CY-2 Q4 cells: 14289
CY-1 Q1 cells: 14289
CY-1 Q2 cells: 14289
CY-1 Q3 cells: 14289
CY-1 Q4 cells: 14289
CY Q1 cells: 14289
CY Q2 cells: 14289
CY Q3 cells: 14289
CY Q4 cells: 14289

