8a81b010721f3bec01722c4420f878e0 5486F999A91246CF9D710D228864764F
cd /apps/sales/EA_SALES_Prod_860/DATA/SALES_ANAPLAN_OIC/work/anaplan-connect-1-3-3-3
./AnaplanClient.sh -user anpadmua.gen@cisco.com:L5EJNstptxpa8A7 -workspace 8a81b010721f3bec01722c4420f878e0 -model 5486F999A91246CF9D710D228864764F -file 'FF_NLG_ATTACH_RATE.csv' -put '/apps/sales/EA_SALES_Prod_860/DATA/SALES_ANAPLAN_OIC/work/FF_NLG_ATTACH_RATE.csv' -import 'Attach Rate Key from FF_NLG_ATTACH_RATE.csv' -execute -output '/apps/sales/EA_SALES_Prod_860/DATA/SALES_ANAPLAN_OIC/work/ATTACH_RATE_LIST.err.err' -import 'Service Attach by Node from FF_NLG_ATTACH_RATE.csv' -execute -output '/apps/sales/EA_SALES_Prod_860/DATA/SALES_ANAPLAN_OIC/work/Attach_Rate_MODULE.err.err'
The file "/apps/sales/EA_SALES_Prod_860/DATA/SALES_ANAPLAN_OIC/work/FF_NLG_ATTACH_RATE.csv" has been uploaded as FF_NLG_ATTACH_RATE.csv.
The operation was successful.
Attach Rate Key: 17810 (17810/0) rows successful, 0 ignored 

The operation was successful.
Node ID cells: 17810
Level ID cells: 17810
Structure Node Name cells: 17810
2 Yr Avg CY Attach Rate Q1 cells: 17810
2 Yr Avg CY Attach Rate Q2 cells: 17810
2 Yr Avg CY Attach Rate Q3 cells: 17810
2 Yr Avg CY Attach Rate Q4 cells: 17810
2 Yr Avg CY Attach Pen Rate Q1 cells: 17810
2 Yr Avg CY Attach Pen Rate Q2 cells: 17810
2 Yr Avg CY Attach Pen Rate Q3 cells: 17810
2 Yr Avg CY Attach Pen Rate Q4 cells: 17810
CY-1 Q1 Attach Pen Rate cells: 17810
CY-1 Q2 Attach Pen Rate cells: 17810
CY-1 Q3 Attach Pen Rate cells: 17810
CY-1 Q4 Attach Pen Rate cells: 17810
CY Q1 Attach Pen Rate cells: 17810
CY Q2 Attach Pen Rate cells: 17810
CY Q3 Attach Pen Rate cells: 17810
CY Q4 Attach Pen Rate cells: 17810

