8a81b010721f3bec01722c4420f878e0 5486F999A91246CF9D710D228864764F
cd /apps/sales/EA_SALES_Prod_860/DATA/SALES_ANAPLAN_OIC/work/anaplan-connect-1-3-3-3
./AnaplanClient.sh -user anpadmua.gen@cisco.com:L5EJNstptxpa8A7 -workspace 8a81b010721f3bec01722c4420f878e0 -model 5486F999A91246CF9D710D228864764F -file 'FF_NLG_RENEWAL_RATE.csv' -put '/apps/sales/EA_SALES_Prod_860/DATA/SALES_ANAPLAN_OIC/work/FF_NLG_RENEWAL_RATE.csv' -import 'Renewal Rate Key from FF_NLG_RENEWAL_RATE.csv' -execute -output '/apps/sales/EA_SALES_Prod_860/DATA/SALES_ANAPLAN_OIC/work/RENEWAL_RATE_LIST.err.err' -import 'Service Renew Rate by Node from FF_NLG_RENEWAL_RATE.csv' -execute -output '/apps/sales/EA_SALES_Prod_860/DATA/SALES_ANAPLAN_OIC/work/Service_Renew_Rate_MODULE.err.err'
The file "/apps/sales/EA_SALES_Prod_860/DATA/SALES_ANAPLAN_OIC/work/FF_NLG_RENEWAL_RATE.csv" has been uploaded as FF_NLG_RENEWAL_RATE.csv.
The operation was successful.
Renewal Rate Key: 20608 (20608/0) rows successful, 0 ignored 

The operation was successful.
Node ID cells: 20608
Level ID cells: 20608
Structure Node Name cells: 20608
CY-2 Q1_RR_ACV cells: 20608
CY-2 Q2_RR_ACV cells: 20608
CY-2 Q3_RR_ACV cells: 20608
CY-2 Q4_RR_ACV cells: 20608
CY-1 Q1_RR_ACV cells: 20608
CY-1 Q2_RR_ACV cells: 20608
CY-1 Q3_RR_ACV cells: 20608
CY-1 Q4_RR_ACV cells: 20608
CY Q1_RR_ACV cells: 20608
CY Q2_RR_ACV cells: 20608
CY Q3_RR_ACV cells: 20608
CY Q4_RR_ACV cells: 20608
Service Category cells: 20608

