8a81b010721f3bec01722c4420f878e0 5486F999A91246CF9D710D228864764F
cd /apps/sales/EA_SALES_Prod_860/DATA/SALES_ANAPLAN_OIC/work/anaplan-connect-1-3-3-3
./AnaplanClient.sh -user anpadmua.gen@cisco.com:L5EJNstptxpa8A7 -workspace 8a81b010721f3bec01722c4420f878e0 -model 5486F999A91246CF9D710D228864764F -file 'FF_NLG_ADV_SVC_BKNGS.csv' -put '/apps/sales/EA_SALES_Prod_860/DATA/SALES_ANAPLAN_OIC/work/FF_NLG_ADV_SVC_BKNGS.csv' -import 'AS Bkngs Key from FF_NLG_ADV_SVC_BKNGS.csv' -execute -output '/apps/sales/EA_SALES_Prod_860/DATA/SALES_ANAPLAN_OIC/work/NODE_PEC_AS_BKNG_LIST.err.err' -import 'Adv SVC bkngs - No rollup from FF_NLG_ADV_SVC_BKNGS.csv' -execute -output '/apps/sales/EA_SALES_Prod_860/DATA/SALES_ANAPLAN_OIC/work/NODE_PEC_AS_BKNG_MODULE.err.err'
The file "/apps/sales/EA_SALES_Prod_860/DATA/SALES_ANAPLAN_OIC/work/FF_NLG_ADV_SVC_BKNGS.csv" has been uploaded as FF_NLG_ADV_SVC_BKNGS.csv.
The operation was successful.
AS Bkngs Key: 13370 (34/13336) rows successful, 0 ignored 

The operation was successful.
NODE_ID cells: 13370
LEVEL_ID cells: 13370
STRUCTURE_NODE_NAME cells: 13370
SERVICE_GROUP cells: 13370
PY2_Q1 cells: 7320
PY2_Q2 cells: 7320
PY2_Q3 cells: 7320
PY2_Q4 cells: 7320
PY1_Q1 cells: 7536
PY1_Q2 cells: 7536
PY1_Q3 cells: 7536
PY1_Q4 cells: 7536
CY_Q1 cells: 8030
CY_Q2 cells: 8030
CY_Q3 cells: 8030
CY_Q4 cells: 8030
FMV_FLAG cells: 13370
SALES_MOTION_CODE cells: 13370

