8a81b010721f3bec01722c4420f878e0 5486F999A91246CF9D710D228864764F
cd /apps/sales/EA_SALES_Prod_860/DATA/SALES_ANAPLAN_OIC/work/anaplan-connect-1-3-3-3
./AnaplanClient.sh -user anpadmua.gen@cisco.com:L5EJNstptxpa8A7 -workspace 8a81b010721f3bec01722c4420f878e0 -model 5486F999A91246CF9D710D228864764F -file 'FF_RSW_PEC_BKGS.csv' -put '/apps/sales/EA_SALES_Prod_860/DATA/SALES_ANAPLAN_OIC/work/FF_RSW_PEC_BKGS.csv' -import 'RSW Booking ID from FF_RSW_PEC_BKGS.csv' -execute -output '/apps/sales/EA_SALES_Prod_860/DATA/SALES_ANAPLAN_OIC/work/NODE_PEC_RSW_BKNG_LIST.err' -import 'HIstorical RSW Bookings from FF_RSW_PEC_BKGS.csv' -execute -output '/apps/sales/EA_SALES_Prod_860/DATA/SALES_ANAPLAN_OIC/work/NODE_PEC_RSW_BKNG.err'
The file "/apps/sales/EA_SALES_Prod_860/DATA/SALES_ANAPLAN_OIC/work/FF_RSW_PEC_BKGS.csv" has been uploaded as FF_RSW_PEC_BKGS.csv.
The operation was successful.
RSW Booking ID: 31451 (1856/29595) rows successful, 0 ignored 

The operation was successful.
NODE_ID cells: 31451
PEC cells: 31451
SERVICE_FLAG cells: 31451
PY-2 Q1 cells: 25986
PY-2 Q2 cells: 25986
PY-2 Q3 cells: 25986
PY-2 Q4 cells: 25986
PY-1 Q1 cells: 26367
PY-1 Q2 cells: 26367
PY-1 Q3 cells: 26367
PY-1 Q4 cells: 26367
CY Q1 cells: 27160
CY Q2 cells: 27160
CY Q3 cells: 27160
CY Q4 cells: 27160

