STATE cells: 3
COUNTRY cells: 4
POSTAL_CODE cells: 4
STATUS cells: 4
VM_DTL_DESC cells: 3
VM_SUB_DESC cells: 3
VM_TOP_DESC cells: 3
GU_NAME cells: 4
SFDC_ACCT_FLAG cells: 4

cd /apps/informatica/admin/SALES/EA_Sales_Prod_961/DATA/SALES_ANAPLAN_OIC/work/anaplan-connect-1-3-3-3
./AnaplanClient.sh -user anpadmua.gen@cisco.com:7GAVJjY34Ybnp9V -workspace 8a81b0106d31d556016d3c59c99941a9 -model 1DF1AF61970242EFAF7E7A2951C4140C -file FF_ANAPLAN_PARTY_DATA.csv -put '/apps/informatica/admin/SALES/EA_Sales_Prod_961/DATA/SALES_ANAPLAN_OIC/work/FF_ANAPLAN_PARTY_DATA.csv' -import 'Party Id from FF_ANAPLAN_PARTY_DATA.csv' -execute -output '/apps/informatica/admin/SALES/EA_Sales_Prod_961/SALES_ANAPLAN_OIC/work/party_list.err' -import 'Party Data from FF_ANAPLAN_PARTY_DATA.csv' -execute -output '/apps/informatica/admin/SALES/EA_Sales_Prod_961/DATA/SALES_ANAPLAN_OIC/work/party_module.err'
The file "/apps/informatica/admin/SALES/EA_Sales_Prod_961/DATA/SALES_ANAPLAN_OIC/work/FF_ANAPLAN_PARTY_DATA.csv" has been uploaded as FF_ANAPLAN_PARTY_DATA.csv.
The operation was successful.
Party Id: 4 (0/4) rows successful, 0 ignored 

The operation was successful.
PARTY_NAME cells: 4
HQ_BRANCH_IND cells: 4
PARENT_PARTY_ID cells: 4
GU_ID cells: 4
CITY cells: 4
STATE cells: 3
COUNTRY cells: 4
POSTAL_CODE cells: 4
STATUS cells: 4
VM_DTL_DESC cells: 3
VM_SUB_DESC cells: 3
VM_TOP_DESC cells: 3
GU_NAME cells: 4
SFDC_ACCT_FLAG cells: 4

cd /apps/informatica/admin/SALES/EA_Sales_Prod_961/DATA/SALES_ANAPLAN_OIC/work/anaplan-connect-1-3-3-3
./AnaplanClient.sh -user anpadmua.gen@cisco.com:7GAVJjY34Ybnp9V -workspace 8a81b0106d31d556016d3c59c99941a9 -model 1DF1AF61970242EFAF7E7A2951C4140C -file FF_ANAPLAN_PARTY_DATA.csv -put '/apps/informatica/admin/SALES/EA_Sales_Prod_961/DATA/SALES_ANAPLAN_OIC/work/FF_ANAPLAN_PARTY_DATA.csv' -import 'Party Id from FF_ANAPLAN_PARTY_DATA.csv' -execute -output '/apps/informatica/admin/SALES/EA_Sales_Prod_961/SALES_ANAPLAN_OIC/work/party_list.err' -import 'Party Data from FF_ANAPLAN_PARTY_DATA.csv' -execute -output '/apps/informatica/admin/SALES/EA_Sales_Prod_961/DATA/SALES_ANAPLAN_OIC/work/party_module.err'
The file "/apps/informatica/admin/SALES/EA_Sales_Prod_961/DATA/SALES_ANAPLAN_OIC/work/FF_ANAPLAN_PARTY_DATA.csv" has been uploaded as FF_ANAPLAN_PARTY_DATA.csv.
The operation was successful.
Party Id: 4 (0/4) rows successful, 0 ignored 

The operation was successful.
PARTY_NAME cells: 4
HQ_BRANCH_IND cells: 4
PARENT_PARTY_ID cells: 4
GU_ID cells: 4
CITY cells: 4
STATE cells: 3
COUNTRY cells: 4
POSTAL_CODE cells: 4
STATUS cells: 4
VM_DTL_DESC cells: 3
VM_SUB_DESC cells: 3
VM_TOP_DESC cells: 3
GU_NAME cells: 4
SFDC_ACCT_FLAG cells: 4

cd /apps/informatica/admin/SALES/EA_Sales_Prod_961/DATA/SALES_ANAPLAN_OIC/work/anaplan-connect-1-3-3-3
./AnaplanClient.sh -user anpadmua.gen@cisco.com:7GAVJjY34Ybnp9V -workspace 8a81b0106d31d556016d3c59c99941a9 -model 1DF1AF61970242EFAF7E7A2951C4140C -file FF_ANAPLAN_PARTY_DATA.csv -put '/apps/informatica/admin/SALES/EA_Sales_Prod_961/DATA/SALES_ANAPLAN_OIC/work/FF_ANAPLAN_PARTY_DATA.csv' -import 'Party Id from FF_ANAPLAN_PARTY_DATA.csv' -execute -output '/apps/informatica/admin/SALES/EA_Sales_Prod_961/SALES_ANAPLAN_OIC/work/party_list.err' -import 'Party Data from FF_ANAPLAN_PARTY_DATA.csv' -execute -output '/apps/informatica/admin/SALES/EA_Sales_Prod_961/DATA/SALES_ANAPLAN_OIC/work/party_module.err'
The file "/apps/informatica/admin/SALES/EA_Sales_Prod_961/DATA/SALES_ANAPLAN_OIC/work/FF_ANAPLAN_PARTY_DATA.csv" has been uploaded as FF_ANAPLAN_PARTY_DATA.csv.
The operation was successful.
Party Id: 4 (0/4) rows successful, 0 ignored 

The operation was successful.
PARTY_NAME cells: 4
HQ_BRANCH_IND cells: 4
PARENT_PARTY_ID cells: 4
GU_ID cells: 4
CITY cells: 4
STATE cells: 3
COUNTRY cells: 4
POSTAL_CODE cells: 4
STATUS cells: 4
VM_DTL_DESC cells: 3
VM_SUB_DESC cells: 3
VM_TOP_DESC cells: 3
GU_NAME cells: 4
SFDC_ACCT_FLAG cells: 4

cd /apps/informatica/admin/SALES/EA_Sales_Prod_961/DATA/SALES_ANAPLAN_OIC/work/anaplan-connect-1-3-3-3
./AnaplanClient.sh -user anpadmua.gen@cisco.com:7GAVJjY34Ybnp9V -workspace 8a81b0106d31d556016d3c59c99941a9 -model 1DF1AF61970242EFAF7E7A2951C4140C -file FF_ANAPLAN_PARTY_DATA.csv -put '/apps/informatica/admin/SALES/EA_Sales_Prod_961/DATA/SALES_ANAPLAN_OIC/work/FF_ANAPLAN_PARTY_DATA.csv' -import 'Party Id from FF_ANAPLAN_PARTY_DATA.csv' -execute -output '/apps/informatica/admin/SALES/EA_Sales_Prod_961/SALES_ANAPLAN_OIC/work/party_list.err' -import 'Party Data from FF_ANAPLAN_PARTY_DATA.csv' -execute -output '/apps/informatica/admin/SALES/EA_Sales_Prod_961/DATA/SALES_ANAPLAN_OIC/work/party_module.err'
The file "/apps/informatica/admin/SALES/EA_Sales_Prod_961/DATA/SALES_ANAPLAN_OIC/work/FF_ANAPLAN_PARTY_DATA.csv" has been uploaded as FF_ANAPLAN_PARTY_DATA.csv.
The operation was successful.
Party Id: 4 (0/4) rows successful, 0 ignored 

The operation was successful.
PARTY_NAME cells: 4
HQ_BRANCH_IND cells: 4
PARENT_PARTY_ID cells: 4
GU_ID cells: 4
CITY cells: 4
STATE cells: 3
COUNTRY cells: 4
POSTAL_CODE cells: 4
STATUS cells: 4
VM_DTL_DESC cells: 3
VM_SUB_DESC cells: 3
VM_TOP_DESC cells: 3
GU_NAME cells: 4
SFDC_ACCT_FLAG cells: 4

cd /apps/informatica/admin/SALES/EA_Sales_Prod_961/DATA/SALES_ANAPLAN_OIC/work/anaplan-connect-1-3-3-3
./AnaplanClient.sh -user anpadmua.gen@cisco.com:7GAVJjY34Ybnp9V -workspace 8a81b0106d31d556016d3c59c99941a9 -model 1DF1AF61970242EFAF7E7A2951C4140C -file FF_ANAPLAN_PARTY_DATA.csv -put '/apps/informatica/admin/SALES/EA_Sales_Prod_961/DATA/SALES_ANAPLAN_OIC/work/FF_ANAPLAN_PARTY_DATA.csv' -import 'Party Id from FF_ANAPLAN_PARTY_DATA.csv' -execute -output '/apps/informatica/admin/SALES/EA_Sales_Prod_961/SALES_ANAPLAN_OIC/work/party_list.err' -import 'Party Data from FF_ANAPLAN_PARTY_DATA.csv' -execute -output '/apps/informatica/admin/SALES/EA_Sales_Prod_961/DATA/SALES_ANAPLAN_OIC/work/party_module.err'
The file "/apps/informatica/admin/SALES/EA_Sales_Prod_961/DATA/SALES_ANAPLAN_OIC/work/FF_ANAPLAN_PARTY_DATA.csv" has been uploaded as FF_ANAPLAN_PARTY_DATA.csv.
The operation was successful.
Party Id: 4 (0/4) rows successful, 0 ignored 

The operation was successful.
PARTY_NAME cells: 4
HQ_BRANCH_IND cells: 4
PARENT_PARTY_ID cells: 4
GU_ID cells: 4
CITY cells: 4
STATE cells: 3
COUNTRY cells: 4
POSTAL_CODE cells: 4
STATUS cells: 4
VM_DTL_DESC cells: 3
VM_SUB_DESC cells: 3
VM_TOP_DESC cells: 3
GU_NAME cells: 4
SFDC_ACCT_FLAG cells: 4

cd /apps/informatica/admin/SALES/EA_Sales_Prod_961/DATA/SALES_ANAPLAN_OIC/work/anaplan-connect-1-3-3-3
./AnaplanClient.sh -user anpadmua.gen@cisco.com:3Td4ZSjMyGs9ecj -workspace 8a81b0106d31d556016d3c59c99941a9 -model 1DF1AF61970242EFAF7E7A2951C4140C -file FF_ANAPLAN_PARTY_DATA.csv -put '/apps/informatica/admin/SALES/EA_Sales_Prod_961/DATA/SALES_ANAPLAN_OIC/work/FF_ANAPLAN_PARTY_DATA.csv' -import 'Party Id from FF_ANAPLAN_PARTY_DATA.csv' -execute -output '/apps/informatica/admin/SALES/EA_Sales_Prod_961/SALES_ANAPLAN_OIC/work/party_list.err' -import 'Party Data from FF_ANAPLAN_PARTY_DATA.csv' -execute -output '/apps/informatica/admin/SALES/EA_Sales_Prod_961/DATA/SALES_ANAPLAN_OIC/work/party_module.err'
The file "/apps/informatica/admin/SALES/EA_Sales_Prod_961/DATA/SALES_ANAPLAN_OIC/work/FF_ANAPLAN_PARTY_DATA.csv" has been uploaded as FF_ANAPLAN_PARTY_DATA.csv.
The operation was successful.
Party Id: 4 (0/4) rows successful, 0 ignored 

The operation was successful.
PARTY_NAME cells: 4
HQ_BRANCH_IND cells: 4
PARENT_PARTY_ID cells: 4
GU_ID cells: 4
CITY cells: 4
STATE cells: 3
COUNTRY cells: 4
POSTAL_CODE cells: 4
STATUS cells: 4
VM_DTL_DESC cells: 3
VM_SUB_DESC cells: 3
VM_TOP_DESC cells: 3
GU_NAME cells: 4
SFDC_ACCT_FLAG cells: 4

cd /apps/informatica/admin/SALES/EA_Sales_Prod_961/DATA/SALES_ANAPLAN_OIC/work/anaplan-connect-1-3-3-3
./AnaplanClient.sh -user anpadmua.gen@cisco.com:3Td4ZSjMyGs9ecj -workspace 8a81b0106d31d556016d3c59c99941a9 -model 1DF1AF61970242EFAF7E7A2951C4140C -file FF_ANAPLAN_PARTY_DATA.csv -put '/apps/informatica/admin/SALES/EA_Sales_Prod_961/DATA/SALES_ANAPLAN_OIC/work/FF_ANAPLAN_PARTY_DATA.csv' -import 'Party Id from FF_ANAPLAN_PARTY_DATA.csv' -execute -output '/apps/informatica/admin/SALES/EA_Sales_Prod_961/SALES_ANAPLAN_OIC/work/party_list.err' -import 'Party Data from FF_ANAPLAN_PARTY_DATA.csv' -execute -output '/apps/informatica/admin/SALES/EA_Sales_Prod_961/DATA/SALES_ANAPLAN_OIC/work/party_module.err'
The file "/apps/informatica/admin/SALES/EA_Sales_Prod_961/DATA/SALES_ANAPLAN_OIC/work/FF_ANAPLAN_PARTY_DATA.csv" has been uploaded as FF_ANAPLAN_PARTY_DATA.csv.
The operation was successful.
Party Id: 4 (0/4) rows successful, 0 ignored 

The operation was successful.
PARTY_NAME cells: 4
HQ_BRANCH_IND cells: 4
PARENT_PARTY_ID cells: 4
GU_ID cells: 4
CITY cells: 4
STATE cells: 3
COUNTRY cells: 4
POSTAL_CODE cells: 4
STATUS cells: 4
VM_DTL_DESC cells: 3
VM_SUB_DESC cells: 3
VM_TOP_DESC cells: 3
GU_NAME cells: 4
SFDC_ACCT_FLAG cells: 4

cd /apps/informatica/admin/SALES/EA_Sales_Prod_961/DATA/SALES_ANAPLAN_OIC/work/anaplan-connect-1-3-3-3
./AnaplanClient.sh -user anpadmua.gen@cisco.com:3Td4ZSjMyGs9ecj -workspace 8a81b0106d31d556016d3c59c99941a9 -model 1DF1AF61970242EFAF7E7A2951C4140C -file FF_ANAPLAN_PARTY_DATA.csv -put '/apps/informatica/admin/SALES/EA_Sales_Prod_961/DATA/SALES_ANAPLAN_OIC/work/FF_ANAPLAN_PARTY_DATA.csv' -import 'Party Id from FF_ANAPLAN_PARTY_DATA.csv' -execute -output '/apps/informatica/admin/SALES/EA_Sales_Prod_961/SALES_ANAPLAN_OIC/work/party_list.err' -import 'Party Data from FF_ANAPLAN_PARTY_DATA.csv' -execute -output '/apps/informatica/admin/SALES/EA_Sales_Prod_961/DATA/SALES_ANAPLAN_OIC/work/party_module.err'
The file "/apps/informatica/admin/SALES/EA_Sales_Prod_961/DATA/SALES_ANAPLAN_OIC/work/FF_ANAPLAN_PARTY_DATA.csv" has been uploaded as FF_ANAPLAN_PARTY_DATA.csv.
The operation was successful.
Party Id: 4 (0/4) rows successful, 0 ignored 

The operation was successful.
PARTY_NAME cells: 4
HQ_BRANCH_IND cells: 4
PARENT_PARTY_ID cells: 4
GU_ID cells: 4
CITY cells: 4
STATE cells: 3
COUNTRY cells: 4
POSTAL_CODE cells: 4
STATUS cells: 4
VM_DTL_DESC cells: 3
VM_SUB_DESC cells: 3
VM_TOP_DESC cells: 3
GU_NAME cells: 4
SFDC_ACCT_FLAG cells: 4

cd /apps/informatica/admin/SALES/EA_Sales_Prod_961/DATA/SALES_ANAPLAN_OIC/work/anaplan-connect-1-3-3-3
./AnaplanClient.sh -user anpadmua.gen@cisco.com:3Td4ZSjMyGs9ecj -workspace 8a81b0106d31d556016d3c59c99941a9 -model 1DF1AF61970242EFAF7E7A2951C4140C -file FF_ANAPLAN_PARTY_DATA.csv -put '/apps/informatica/admin/SALES/EA_Sales_Prod_961/DATA/SALES_ANAPLAN_OIC/work/FF_ANAPLAN_PARTY_DATA.csv' -import 'Party Id from FF_ANAPLAN_PARTY_DATA.csv' -execute -output '/apps/informatica/admin/SALES/EA_Sales_Prod_961/SALES_ANAPLAN_OIC/work/party_list.err' -import 'Party Data from FF_ANAPLAN_PARTY_DATA.csv' -execute -output '/apps/informatica/admin/SALES/EA_Sales_Prod_961/DATA/SALES_ANAPLAN_OIC/work/party_module.err'
The file "/apps/informatica/admin/SALES/EA_Sales_Prod_961/DATA/SALES_ANAPLAN_OIC/work/FF_ANAPLAN_PARTY_DATA.csv" has been uploaded as FF_ANAPLAN_PARTY_DATA.csv.
The operation was successful.
Party Id: 4 (0/4) rows successful, 0 ignored 

The operation was successful.
PARTY_NAME cells: 4
HQ_BRANCH_IND cells: 4
PARENT_PARTY_ID cells: 4
GU_ID cells: 4
CITY cells: 4
STATE cells: 3
COUNTRY cells: 4
POSTAL_CODE cells: 4
STATUS cells: 4
VM_DTL_DESC cells: 3
VM_SUB_DESC cells: 3
VM_TOP_DESC cells: 3
GU_NAME cells: 4
SFDC_ACCT_FLAG cells: 4

cd /apps/informatica/admin/SALES/EA_Sales_Prod_961/DATA/SALES_ANAPLAN_OIC/work/anaplan-connect-1-3-3-3
./AnaplanClient.sh -user anpadmua.gen@cisco.com:3Td4ZSjMyGs9ecj -workspace 8a81b0106d31d556016d3c59c99941a9 -model 1DF1AF61970242EFAF7E7A2951C4140C -file FF_ANAPLAN_PARTY_DATA.csv -put '/apps/informatica/admin/SALES/EA_Sales_Prod_961/DATA/SALES_ANAPLAN_OIC/work/FF_ANAPLAN_PARTY_DATA.csv' -import 'Party Id from FF_ANAPLAN_PARTY_DATA.csv' -execute -output '/apps/informatica/admin/SALES/EA_Sales_Prod_961/SALES_ANAPLAN_OIC/work/party_list.err' -import 'Party Data from FF_ANAPLAN_PARTY_DATA.csv' -execute -output '/apps/informatica/admin/SALES/EA_Sales_Prod_961/DATA/SALES_ANAPLAN_OIC/work/party_module.err'
The file "/apps/informatica/admin/SALES/EA_Sales_Prod_961/DATA/SALES_ANAPLAN_OIC/work/FF_ANAPLAN_PARTY_DATA.csv" has been uploaded as FF_ANAPLAN_PARTY_DATA.csv.
The operation was successful.
Party Id: 4 (0/4) rows successful, 0 ignored 

The operation was successful.
PARTY_NAME cells: 4
HQ_BRANCH_IND cells: 4
PARENT_PARTY_ID cells: 4
GU_ID cells: 4
CITY cells: 4
STATE cells: 3
COUNTRY cells: 4
POSTAL_CODE cells: 4
STATUS cells: 4
VM_DTL_DESC cells: 3
VM_SUB_DESC cells: 3
VM_TOP_DESC cells: 3
GU_NAME cells: 4
SFDC_ACCT_FLAG cells: 4

cd /apps/informatica/admin/SALES/EA_Sales_Prod_961/DATA/SALES_ANAPLAN_OIC/work/anaplan-connect-1-3-3-3
./AnaplanClient.sh -user anpadmua.gen@cisco.com:L5EJNstptxpa7B5 -workspace 8a81b0106d31d556016d3c59c99941a9 -model 1DF1AF61970242EFAF7E7A2951C4140C -file FF_ANAPLAN_PARTY_DATA.csv -put '/apps/informatica/admin/SALES/EA_Sales_Prod_961/DATA/SALES_ANAPLAN_OIC/work/FF_ANAPLAN_PARTY_DATA.csv' -import 'Party Id from FF_ANAPLAN_PARTY_DATA.csv' -execute -output '/apps/informatica/admin/SALES/EA_Sales_Prod_961/SALES_ANAPLAN_OIC/work/party_list.err' -import 'Party Data from FF_ANAPLAN_PARTY_DATA.csv' -execute -output '/apps/informatica/admin/SALES/EA_Sales_Prod_961/DATA/SALES_ANAPLAN_OIC/work/party_module.err'
cd /apps/informatica/admin/SALES/EA_Sales_Prod_961/DATA/SALES_ANAPLAN_OIC/work/anaplan-connect-1-3-3-3
./AnaplanClient.sh -user anpadmua.gen@cisco.com:L5EJNstptxpa7B5 -workspace 8a81b0106d31d556016d3c59c99941a9 -model 1DF1AF61970242EFAF7E7A2951C4140C -file FF_ANAPLAN_PARTY_DATA.csv -put '/apps/informatica/admin/SALES/EA_Sales_Prod_961/DATA/SALES_ANAPLAN_OIC/work/FF_ANAPLAN_PARTY_DATA.csv' -import 'Party Id from FF_ANAPLAN_PARTY_DATA.csv' -execute -output '/apps/informatica/admin/SALES/EA_Sales_Prod_961/SALES_ANAPLAN_OIC/work/party_list.err' -import 'Party Data from FF_ANAPLAN_PARTY_DATA.csv' -execute -output '/apps/informatica/admin/SALES/EA_Sales_Prod_961/DATA/SALES_ANAPLAN_OIC/work/party_module.err'
The file "/apps/informatica/admin/SALES/EA_Sales_Prod_961/DATA/SALES_ANAPLAN_OIC/work/FF_ANAPLAN_PARTY_DATA.csv" has been uploaded as FF_ANAPLAN_PARTY_DATA.csv.
The operation was successful.
Party Id: 4 (0/4) rows successful, 0 ignored 

The operation was successful.
PARTY_NAME cells: 4
HQ_BRANCH_IND cells: 4
PARENT_PARTY_ID cells: 4
GU_ID cells: 4
CITY cells: 4
STATE cells: 3
COUNTRY cells: 4
POSTAL_CODE cells: 4
STATUS cells: 4
VM_DTL_DESC cells: 3
VM_SUB_DESC cells: 3
VM_TOP_DESC cells: 3
GU_NAME cells: 4
SFDC_ACCT_FLAG cells: 4

cd /apps/informatica/admin/SALES/EA_Sales_Prod_961/DATA/SALES_ANAPLAN_OIC/work/anaplan-connect-1-3-3-3
./AnaplanClient.sh -user anpadmua.gen@cisco.com:L5EJNstptxpa7B5 -workspace 8a81b0106d31d556016d3c59c99941a9 -model 1DF1AF61970242EFAF7E7A2951C4140C -file FF_ANAPLAN_PARTY_DATA.csv -put '/apps/informatica/admin/SALES/EA_Sales_Prod_961/DATA/SALES_ANAPLAN_OIC/work/FF_ANAPLAN_PARTY_DATA.csv' -import 'Party Id from FF_ANAPLAN_PARTY_DATA.csv' -execute -output '/apps/informatica/admin/SALES/EA_Sales_Prod_961/SALES_ANAPLAN_OIC/work/party_list.err' -import 'Party Data from FF_ANAPLAN_PARTY_DATA.csv' -execute -output '/apps/informatica/admin/SALES/EA_Sales_Prod_961/DATA/SALES_ANAPLAN_OIC/work/party_module.err'
The file "/apps/informatica/admin/SALES/EA_Sales_Prod_961/DATA/SALES_ANAPLAN_OIC/work/FF_ANAPLAN_PARTY_DATA.csv" has been uploaded as FF_ANAPLAN_PARTY_DATA.csv.
The operation was successful.
Party Id: 4 (0/4) rows successful, 0 ignored 

The operation was successful.
PARTY_NAME cells: 4
HQ_BRANCH_IND cells: 4
PARENT_PARTY_ID cells: 4
GU_ID cells: 4
CITY cells: 4
STATE cells: 3
COUNTRY cells: 4
POSTAL_CODE cells: 4
STATUS cells: 4
VM_DTL_DESC cells: 3
VM_SUB_DESC cells: 3
VM_TOP_DESC cells: 3
GU_NAME cells: 4
SFDC_ACCT_FLAG cells: 4

cd /apps/informatica/admin/SALES/EA_Sales_Prod_961/DATA/SALES_ANAPLAN_OIC/work/anaplan-connect-1-3-3-3
./AnaplanClient.sh -user anpadmua.gen@cisco.com:L5EJNstptxpa7B5 -workspace 8a81b0106d31d556016d3c59c99941a9 -model 1DF1AF61970242EFAF7E7A2951C4140C -file FF_ANAPLAN_PARTY_DATA.csv -put '/apps/informatica/admin/SALES/EA_Sales_Prod_961/DATA/SALES_ANAPLAN_OIC/work/FF_ANAPLAN_PARTY_DATA.csv' -import 'Party Id from FF_ANAPLAN_PARTY_DATA.csv' -execute -output '/apps/informatica/admin/SALES/EA_Sales_Prod_961/SALES_ANAPLAN_OIC/work/party_list.err' -import 'Party Data from FF_ANAPLAN_PARTY_DATA.csv' -execute -output '/apps/informatica/admin/SALES/EA_Sales_Prod_961/DATA/SALES_ANAPLAN_OIC/work/party_module.err'
The file "/apps/informatica/admin/SALES/EA_Sales_Prod_961/DATA/SALES_ANAPLAN_OIC/work/FF_ANAPLAN_PARTY_DATA.csv" has been uploaded as FF_ANAPLAN_PARTY_DATA.csv.
The operation was successful.
Party Id: 4 (0/4) rows successful, 0 ignored 

The operation was successful.
PARTY_NAME cells: 4
HQ_BRANCH_IND cells: 4
PARENT_PARTY_ID cells: 4
GU_ID cells: 4
CITY cells: 4
STATE cells: 3
COUNTRY cells: 4
POSTAL_CODE cells: 4
STATUS cells: 4
VM_DTL_DESC cells: 3
VM_SUB_DESC cells: 3
VM_TOP_DESC cells: 3
GU_NAME cells: 4
SFDC_ACCT_FLAG cells: 4

cd /apps/informatica/admin/SALES/EA_Sales_Prod_961/DATA/SALES_ANAPLAN_OIC/work/anaplan-connect-1-3-3-3
./AnaplanClient.sh -user anpadmua.gen@cisco.com:L5EJNstptxpa7B5 -workspace 8a81b0106d31d556016d3c59c99941a9 -model 1DF1AF61970242EFAF7E7A2951C4140C -file FF_ANAPLAN_PARTY_DATA.csv -put '/apps/informatica/admin/SALES/EA_Sales_Prod_961/DATA/SALES_ANAPLAN_OIC/work/FF_ANAPLAN_PARTY_DATA.csv' -import 'Party Id from FF_ANAPLAN_PARTY_DATA.csv' -execute -output '/apps/informatica/admin/SALES/EA_Sales_Prod_961/SALES_ANAPLAN_OIC/work/party_list.err' -import 'Party Data from FF_ANAPLAN_PARTY_DATA.csv' -execute -output '/apps/informatica/admin/SALES/EA_Sales_Prod_961/DATA/SALES_ANAPLAN_OIC/work/party_module.err'
The file "/apps/informatica/admin/SALES/EA_Sales_Prod_961/DATA/SALES_ANAPLAN_OIC/work/FF_ANAPLAN_PARTY_DATA.csv" has been uploaded as FF_ANAPLAN_PARTY_DATA.csv.
The operation was successful.
Party Id: 4 (0/4) rows successful, 0 ignored 

The operation was successful.
PARTY_NAME cells: 4
HQ_BRANCH_IND cells: 4
PARENT_PARTY_ID cells: 4
GU_ID cells: 4
CITY cells: 4
STATE cells: 3
COUNTRY cells: 4
POSTAL_CODE cells: 4
STATUS cells: 4
VM_DTL_DESC cells: 3
VM_SUB_DESC cells: 3
VM_TOP_DESC cells: 3
GU_NAME cells: 4
SFDC_ACCT_FLAG cells: 4

cd /apps/informatica/admin/SALES/EA_Sales_Prod_961/DATA/SALES_ANAPLAN_OIC/work/anaplan-connect-1-3-3-3
./AnaplanClient.sh -user anpadmua.gen@cisco.com:L5EJNstptxpa7B5 -workspace 8a81b0106d31d556016d3c59c99941a9 -model 1DF1AF61970242EFAF7E7A2951C4140C -file FF_ANAPLAN_PARTY_DATA.csv -put '/apps/informatica/admin/SALES/EA_Sales_Prod_961/DATA/SALES_ANAPLAN_OIC/work/FF_ANAPLAN_PARTY_DATA.csv' -import 'Party Id from FF_ANAPLAN_PARTY_DATA.csv' -execute -output '/apps/informatica/admin/SALES/EA_Sales_Prod_961/SALES_ANAPLAN_OIC/work/party_list.err' -import 'Party Data from FF_ANAPLAN_PARTY_DATA.csv' -execute -output '/apps/informatica/admin/SALES/EA_Sales_Prod_961/DATA/SALES_ANAPLAN_OIC/work/party_module.err'
The file "/apps/informatica/admin/SALES/EA_Sales_Prod_961/DATA/SALES_ANAPLAN_OIC/work/FF_ANAPLAN_PARTY_DATA.csv" has been uploaded as FF_ANAPLAN_PARTY_DATA.csv.
The operation was successful.
Party Id: 4 (0/4) rows successful, 0 ignored 

The operation was successful.
PARTY_NAME cells: 4
HQ_BRANCH_IND cells: 4
PARENT_PARTY_ID cells: 4
GU_ID cells: 4
CITY cells: 4
STATE cells: 3
COUNTRY cells: 4
POSTAL_CODE cells: 4
STATUS cells: 4
VM_DTL_DESC cells: 3
VM_SUB_DESC cells: 3
VM_TOP_DESC cells: 3
GU_NAME cells: 4
SFDC_ACCT_FLAG cells: 4

cd /apps/informatica/admin/SALES/EA_Sales_Prod_961/DATA/SALES_ANAPLAN_OIC/work/anaplan-connect-1-3-3-3
./AnaplanClient.sh -user anpadmua.gen@cisco.com:L5EJNstptxpa7B5 -workspace 8a81b0106d31d556016d3c59c99941a9 -model 1DF1AF61970242EFAF7E7A2951C4140C -file FF_ANAPLAN_PARTY_DATA.csv -put '/apps/informatica/admin/SALES/EA_Sales_Prod_961/DATA/SALES_ANAPLAN_OIC/work/FF_ANAPLAN_PARTY_DATA.csv' -import 'Party Id from FF_ANAPLAN_PARTY_DATA.csv' -execute -output '/apps/informatica/admin/SALES/EA_Sales_Prod_961/SALES_ANAPLAN_OIC/work/party_list.err' -import 'Party Data from FF_ANAPLAN_PARTY_DATA.csv' -execute -output '/apps/informatica/admin/SALES/EA_Sales_Prod_961/DATA/SALES_ANAPLAN_OIC/work/party_module.err'
The file "/apps/informatica/admin/SALES/EA_Sales_Prod_961/DATA/SALES_ANAPLAN_OIC/work/FF_ANAPLAN_PARTY_DATA.csv" has been uploaded as FF_ANAPLAN_PARTY_DATA.csv.
The operation was successful.
Party Id: 4 (0/4) rows successful, 0 ignored 

The operation was successful.
PARTY_NAME cells: 4
HQ_BRANCH_IND cells: 4
PARENT_PARTY_ID cells: 4
GU_ID cells: 4
CITY cells: 4
STATE cells: 3
COUNTRY cells: 4
POSTAL_CODE cells: 4
STATUS cells: 4
VM_DTL_DESC cells: 3
VM_SUB_DESC cells: 3
VM_TOP_DESC cells: 3
GU_NAME cells: 4
SFDC_ACCT_FLAG cells: 4

cd /apps/informatica/admin/SALES/EA_Sales_Prod_961/DATA/SALES_ANAPLAN_OIC/work/anaplan-connect-1-3-3-3
./AnaplanClient.sh -user anpadmua.gen@cisco.com:L5EJNstptxpa7B5 -workspace 8a81b0106d31d556016d3c59c99941a9 -model 1DF1AF61970242EFAF7E7A2951C4140C -file FF_ANAPLAN_PARTY_DATA.csv -put '/apps/informatica/admin/SALES/EA_Sales_Prod_961/DATA/SALES_ANAPLAN_OIC/work/FF_ANAPLAN_PARTY_DATA.csv' -import 'Party Id from FF_ANAPLAN_PARTY_DATA.csv' -execute -output '/apps/informatica/admin/SALES/EA_Sales_Prod_961/SALES_ANAPLAN_OIC/work/party_list.err' -import 'Party Data from FF_ANAPLAN_PARTY_DATA.csv' -execute -output '/apps/informatica/admin/SALES/EA_Sales_Prod_961/DATA/SALES_ANAPLAN_OIC/work/party_module.err'
The file "/apps/informatica/admin/SALES/EA_Sales_Prod_961/DATA/SALES_ANAPLAN_OIC/work/FF_ANAPLAN_PARTY_DATA.csv" has been uploaded as FF_ANAPLAN_PARTY_DATA.csv.
The operation was successful.
Party Id: 4 (0/4) rows successful, 0 ignored 

The operation was successful.
PARTY_NAME cells: 4
HQ_BRANCH_IND cells: 4
PARENT_PARTY_ID cells: 4
GU_ID cells: 4
CITY cells: 4
STATE cells: 3
COUNTRY cells: 4
POSTAL_CODE cells: 4
STATUS cells: 4
VM_DTL_DESC cells: 3
VM_SUB_DESC cells: 3
VM_TOP_DESC cells: 3
GU_NAME cells: 4
SFDC_ACCT_FLAG cells: 4

cd /apps/informatica/admin/SALES/EA_Sales_Prod_961/DATA/SALES_ANAPLAN_OIC/work/anaplan-connect-1-3-3-3
./AnaplanClient.sh -user anpadmua.gen@cisco.com:L5EJNstptxpa7B5 -workspace 8a81b0106d31d556016d3c59c99941a9 -model 1DF1AF61970242EFAF7E7A2951C4140C -file FF_ANAPLAN_PARTY_DATA.csv -put '/apps/informatica/admin/SALES/EA_Sales_Prod_961/DATA/SALES_ANAPLAN_OIC/work/FF_ANAPLAN_PARTY_DATA.csv' -import 'Party Id from FF_ANAPLAN_PARTY_DATA.csv' -execute -output '/apps/informatica/admin/SALES/EA_Sales_Prod_961/SALES_ANAPLAN_OIC/work/party_list.err' -import 'Party Data from FF_ANAPLAN_PARTY_DATA.csv' -execute -output '/apps/informatica/admin/SALES/EA_Sales_Prod_961/DATA/SALES_ANAPLAN_OIC/work/party_module.err'
The file "/apps/informatica/admin/SALES/EA_Sales_Prod_961/DATA/SALES_ANAPLAN_OIC/work/FF_ANAPLAN_PARTY_DATA.csv" has been uploaded as FF_ANAPLAN_PARTY_DATA.csv.
The operation was successful.
Party Id: 4 (0/4) rows successful, 0 ignored 

The operation was successful.
PARTY_NAME cells: 4
HQ_BRANCH_IND cells: 4
PARENT_PARTY_ID cells: 4
GU_ID cells: 4
CITY cells: 4
STATE cells: 3
COUNTRY cells: 4
POSTAL_CODE cells: 4
STATUS cells: 4
VM_DTL_DESC cells: 3
VM_SUB_DESC cells: 3
VM_TOP_DESC cells: 3
GU_NAME cells: 4
SFDC_ACCT_FLAG cells: 4

cd /apps/informatica/admin/SALES/EA_Sales_Prod_961/DATA/SALES_ANAPLAN_OIC/work/anaplan-connect-1-3-3-3
./AnaplanClient.sh -user anpadmua.gen@cisco.com:L5EJNstptxpa7B5 -workspace 8a81b0106d31d556016d3c59c99941a9 -model 1DF1AF61970242EFAF7E7A2951C4140C -file FF_ANAPLAN_PARTY_DATA.csv -put '/apps/informatica/admin/SALES/EA_Sales_Prod_961/DATA/SALES_ANAPLAN_OIC/work/FF_ANAPLAN_PARTY_DATA.csv' -import 'Party Id from FF_ANAPLAN_PARTY_DATA.csv' -execute -output '/apps/informatica/admin/SALES/EA_Sales_Prod_961/SALES_ANAPLAN_OIC/work/party_list.err' -import 'Party Data from FF_ANAPLAN_PARTY_DATA.csv' -execute -output '/apps/informatica/admin/SALES/EA_Sales_Prod_961/DATA/SALES_ANAPLAN_OIC/work/party_module.err'
The file "/apps/informatica/admin/SALES/EA_Sales_Prod_961/DATA/SALES_ANAPLAN_OIC/work/FF_ANAPLAN_PARTY_DATA.csv" has been uploaded as FF_ANAPLAN_PARTY_DATA.csv.
The operation was successful.
Party Id: 25354677 (401688/24952989) rows successful, 0 ignored 

The operation was successful.
PARTY_NAME cells: 25354677
HQ_BRANCH_IND cells: 25354677
PARENT_PARTY_ID cells: 17249833
GU_ID cells: 25354669
CITY cells: 25316083
COUNTY cells: 9895602
STATE cells: 22159895
COUNTRY cells: 25354677
POSTAL_CODE cells: 23964586
STATUS cells: 25354677
CONFLICT_TYPE cells: 186026
VM_DTL_DESC cells: 20149358
VM_SUB_DESC cells: 20149358
VM_TOP_DESC cells: 20149358
GU_NAME cells: 25354677
SFDC_ACCT_FLAG cells: 25354677

cd /apps/informatica/admin/SALES/EA_Sales_Prod_961/DATA/SALES_ANAPLAN_OIC/work/anaplan-connect-1-3-3-3
./AnaplanClient.sh -user anpadmua.gen@cisco.com:L5EJNstptxpa7B5 -workspace 8a81b0106d31d556016d3c59c99941a9 -model 1DF1AF61970242EFAF7E7A2951C4140C -file FF_ANAPLAN_PARTY_DATA.csv -put '/apps/informatica/admin/SALES/EA_Sales_Prod_961/DATA/SALES_ANAPLAN_OIC/work/FF_ANAPLAN_PARTY_DATA.csv' -import 'Party Id from FF_ANAPLAN_PARTY_DATA.csv' -execute -output '/apps/informatica/admin/SALES/EA_Sales_Prod_961/SALES_ANAPLAN_OIC/work/party_list.err' -import 'Party Data from FF_ANAPLAN_PARTY_DATA.csv' -execute -output '/apps/informatica/admin/SALES/EA_Sales_Prod_961/DATA/SALES_ANAPLAN_OIC/work/party_module.err'
The file "/apps/informatica/admin/SALES/EA_Sales_Prod_961/DATA/SALES_ANAPLAN_OIC/work/FF_ANAPLAN_PARTY_DATA.csv" has been uploaded as FF_ANAPLAN_PARTY_DATA.csv.
The operation was successful.
Party Id: 25358891 (4227/25354664) rows successful, 0 ignored 

The operation was successful.
PARTY_NAME cells: 25358891
HQ_BRANCH_IND cells: 25358891
PARENT_PARTY_ID cells: 17253921
GU_ID cells: 25358880
CITY cells: 25320280
COUNTY cells: 9897179
STATE cells: 22163284
COUNTRY cells: 25358891
POSTAL_CODE cells: 23968371
STATUS cells: 25358891
CONFLICT_TYPE cells: 185890
VM_DTL_DESC cells: 20151982
VM_SUB_DESC cells: 20151982
VM_TOP_DESC cells: 20151982
GU_NAME cells: 25358891
SFDC_ACCT_FLAG cells: 25358891

cd /apps/informatica/admin/SALES/EA_Sales_Prod_961/DATA/SALES_ANAPLAN_OIC/work/anaplan-connect-1-3-3-3
./AnaplanClient.sh -user anpadmua.gen@cisco.com:L5EJNstptxpa7B5 -workspace 8a81b0106d31d556016d3c59c99941a9 -model 1DF1AF61970242EFAF7E7A2951C4140C -file FF_ANAPLAN_PARTY_DATA.csv -put '/apps/informatica/admin/SALES/EA_Sales_Prod_961/DATA/SALES_ANAPLAN_OIC/work/FF_ANAPLAN_PARTY_DATA.csv' -import 'Party Id from FF_ANAPLAN_PARTY_DATA.csv' -execute -output '/apps/informatica/admin/SALES/EA_Sales_Prod_961/SALES_ANAPLAN_OIC/work/party_list.err' -import 'Party Data from FF_ANAPLAN_PARTY_DATA.csv' -execute -output '/apps/informatica/admin/SALES/EA_Sales_Prod_961/DATA/SALES_ANAPLAN_OIC/work/party_module.err'
cd /apps/informatica/admin/SALES/EA_Sales_Prod_961/DATA/SALES_ANAPLAN_OIC/work/anaplan-connect-1-3-3-3
./AnaplanClient.sh -user anpadmua.gen@cisco.com:L5EJNstptxpa7B5 -workspace 8a81b0106d31d556016d3c59c99941a9 -model 1DF1AF61970242EFAF7E7A2951C4140C -file FF_ANAPLAN_PARTY_DATA.csv -put '/apps/informatica/admin/SALES/EA_Sales_Prod_961/DATA/SALES_ANAPLAN_OIC/work/FF_ANAPLAN_PARTY_DATA.csv' -import 'Party Id from FF_ANAPLAN_PARTY_DATA.csv' -execute -output '/apps/informatica/admin/SALES/EA_Sales_Prod_961/SALES_ANAPLAN_OIC/work/party_list.err' -import 'Party Data from FF_ANAPLAN_PARTY_DATA.csv' -execute -output '/apps/informatica/admin/SALES/EA_Sales_Prod_961/DATA/SALES_ANAPLAN_OIC/work/party_module.err'
The file "/apps/informatica/admin/SALES/EA_Sales_Prod_961/DATA/SALES_ANAPLAN_OIC/work/FF_ANAPLAN_PARTY_DATA.csv" has been uploaded as FF_ANAPLAN_PARTY_DATA.csv.
The operation was successful.
Party Id: 25364551 (8904/25355647) rows successful, 0 ignored 

The operation was successful.
PARTY_NAME cells: 25364551
HQ_BRANCH_IND cells: 25364551
PARENT_PARTY_ID cells: 17259403
GU_ID cells: 25364531
CITY cells: 25325863
COUNTY cells: 9898074
STATE cells: 22167280
COUNTRY cells: 25364551
POSTAL_CODE cells: 23972731
STATUS cells: 25364551
CONFLICT_TYPE cells: 186522
VM_DTL_DESC cells: 20154605
VM_SUB_DESC cells: 20154605
VM_TOP_DESC cells: 20154605
GU_NAME cells: 25364551
SFDC_ACCT_FLAG cells: 25364551

cd /apps/informatica/admin/SALES/EA_Sales_Prod_961/DATA/SALES_ANAPLAN_OIC/work/anaplan-connect-1-3-3-3
./AnaplanClient.sh -user anpadmua.gen@cisco.com:L5EJNstptxpa7B5 -workspace 8a81b0106d31d556016d3c59c99941a9 -model 1DF1AF61970242EFAF7E7A2951C4140C -file FF_ANAPLAN_PARTY_DATA.csv -put '/apps/informatica/admin/SALES/EA_Sales_Prod_961/DATA/SALES_ANAPLAN_OIC/work/FF_ANAPLAN_PARTY_DATA.csv' -import 'Party Id from FF_ANAPLAN_PARTY_DATA.csv' -execute -output '/apps/informatica/admin/SALES/EA_Sales_Prod_961/SALES_ANAPLAN_OIC/work/party_list.err' -import 'Party Data from FF_ANAPLAN_PARTY_DATA.csv' -execute -output '/apps/informatica/admin/SALES/EA_Sales_Prod_961/DATA/SALES_ANAPLAN_OIC/work/party_module.err'
cd /apps/informatica/admin/SALES/EA_Sales_Prod_961/DATA/SALES_ANAPLAN_OIC/work/anaplan-connect-1-3-3-3
./AnaplanClient.sh -user anpadmua.gen@cisco.com:L5EJNstptxpa7B5 -workspace 8a81b0106d31d556016d3c59c99941a9 -model 1DF1AF61970242EFAF7E7A2951C4140C -file FF_ANAPLAN_PARTY_DATA.csv -put '/apps/informatica/admin/SALES/EA_Sales_Prod_961/DATA/SALES_ANAPLAN_OIC/work/FF_ANAPLAN_PARTY_DATA.csv' -import 'Party Id from FF_ANAPLAN_PARTY_DATA.csv' -execute -output '/apps/informatica/admin/SALES/EA_Sales_Prod_961/SALES_ANAPLAN_OIC/work/party_list.err' -import 'Party Data from FF_ANAPLAN_PARTY_DATA.csv' -execute -output '/apps/informatica/admin/SALES/EA_Sales_Prod_961/DATA/SALES_ANAPLAN_OIC/work/party_module.err'
cd /apps/informatica/admin/SALES/EA_Sales_Prod_961/DATA/SALES_ANAPLAN_OIC/work/anaplan-connect-1-3-3-3
./AnaplanClient.sh -user anpadmua.gen@cisco.com:L5EJNstptxpa7B5 -workspace 8a81b0106d31d556016d3c59c99941a9 -model 1DF1AF61970242EFAF7E7A2951C4140C -file FF_ANAPLAN_PARTY_DATA.csv -put '/apps/informatica/admin/SALES/EA_Sales_Prod_961/DATA/SALES_ANAPLAN_OIC/work/FF_ANAPLAN_PARTY_DATA.csv' -import 'Party Id from FF_ANAPLAN_PARTY_DATA.csv' -execute -output '/apps/informatica/admin/SALES/EA_Sales_Prod_961/SALES_ANAPLAN_OIC/work/party_list.err' -import 'Party Data from FF_ANAPLAN_PARTY_DATA.csv' -execute -output '/apps/informatica/admin/SALES/EA_Sales_Prod_961/DATA/SALES_ANAPLAN_OIC/work/party_module.err'
cd /apps/informatica/admin/SALES/EA_Sales_Prod_961/DATA/SALES_ANAPLAN_OIC/work/anaplan-connect-1-3-3-3
./AnaplanClient.sh -user anpadmua.gen@cisco.com:L5EJNstptxpa7B5 -workspace 8a81b0106d31d556016d3c59c99941a9 -model 1DF1AF61970242EFAF7E7A2951C4140C -file FF_ANAPLAN_PARTY_DATA.csv -put '/apps/informatica/admin/SALES/EA_Sales_Prod_961/DATA/SALES_ANAPLAN_OIC/work/FF_ANAPLAN_PARTY_DATA.csv' -import 'Party Id from FF_ANAPLAN_PARTY_DATA.csv' -execute -output '/apps/informatica/admin/SALES/EA_Sales_Prod_961/SALES_ANAPLAN_OIC/work/party_list.err' -import 'Party Data from FF_ANAPLAN_PARTY_DATA.csv' -execute -output '/apps/informatica/admin/SALES/EA_Sales_Prod_961/DATA/SALES_ANAPLAN_OIC/work/party_module.err'
cd /apps/informatica/admin/SALES/EA_Sales_Prod_961/DATA/SALES_ANAPLAN_OIC/work/anaplan-connect-1-3-3-3
./AnaplanClient.sh -user anpadmua.gen@cisco.com:L5EJNstptxpa7B5 -workspace 8a81b0106d31d556016d3c59c99941a9 -model 1DF1AF61970242EFAF7E7A2951C4140C -file FF_ANAPLAN_PARTY_DATA.csv -put '/apps/informatica/admin/SALES/EA_Sales_Prod_961/DATA/SALES_ANAPLAN_OIC/work/FF_ANAPLAN_PARTY_DATA.csv' -import 'Party Id from FF_ANAPLAN_PARTY_DATA.csv' -execute -output '/apps/informatica/admin/SALES/EA_Sales_Prod_961/SALES_ANAPLAN_OIC/work/party_list.err' -import 'Party Data from FF_ANAPLAN_PARTY_DATA.csv' -execute -output '/apps/informatica/admin/SALES/EA_Sales_Prod_961/DATA/SALES_ANAPLAN_OIC/work/party_module.err'
cd /apps/informatica/admin/SALES/EA_Sales_Prod_961/DATA/SALES_ANAPLAN_OIC/work/anaplan-connect-1-3-3-3
./AnaplanClient.sh -user anpadmua.gen@cisco.com:L5EJNstptxpa7B5 -workspace 8a81b0106d31d556016d3c59c99941a9 -model 1DF1AF61970242EFAF7E7A2951C4140C -file FF_ANAPLAN_PARTY_DATA.csv -put '/apps/informatica/admin/SALES/EA_Sales_Prod_961/DATA/SALES_ANAPLAN_OIC/work/FF_ANAPLAN_PARTY_DATA.csv' -import 'Party Id from FF_ANAPLAN_PARTY_DATA.csv' -execute -output '/apps/informatica/admin/SALES/EA_Sales_Prod_961/SALES_ANAPLAN_OIC/work/party_list.err' -import 'Party Data from FF_ANAPLAN_PARTY_DATA.csv' -execute -output '/apps/informatica/admin/SALES/EA_Sales_Prod_961/DATA/SALES_ANAPLAN_OIC/work/party_module.err'
cd /apps/informatica/admin/SALES/EA_Sales_Prod_961/DATA/SALES_ANAPLAN_OIC/work/anaplan-connect-1-3-3-3
./AnaplanClient.sh -user anpadmua.gen@cisco.com:L5EJNstptxpa7B5 -workspace 8a81b0106d31d556016d3c59c99941a9 -model 1DF1AF61970242EFAF7E7A2951C4140C -file FF_ANAPLAN_PARTY_DATA.csv -put '/apps/informatica/admin/SALES/EA_Sales_Prod_961/DATA/SALES_ANAPLAN_OIC/work/FF_ANAPLAN_PARTY_DATA.csv' -import 'Party Id from FF_ANAPLAN_PARTY_DATA.csv' -execute -output '/apps/informatica/admin/SALES/EA_Sales_Prod_961/SALES_ANAPLAN_OIC/work/party_list.err' -import 'Party Data from FF_ANAPLAN_PARTY_DATA.csv' -execute -output '/apps/informatica/admin/SALES/EA_Sales_Prod_961/DATA/SALES_ANAPLAN_OIC/work/party_module.err'
The file "/apps/informatica/admin/SALES/EA_Sales_Prod_961/DATA/SALES_ANAPLAN_OIC/work/FF_ANAPLAN_PARTY_DATA.csv" has been uploaded as FF_ANAPLAN_PARTY_DATA.csv.
The operation was successful.
Party Id: 25437901 (78810/25359091) rows successful, 0 ignored 

The operation was successful.
PARTY_NAME cells: 25437901
HQ_BRANCH_IND cells: 25437901
PARENT_PARTY_ID cells: 17331657
GU_ID cells: 25437896
CITY cells: 25398825
COUNTY cells: 9924060
STATE cells: 22224765
COUNTRY cells: 25437901
POSTAL_CODE cells: 24033640
STATUS cells: 25437901
CONFLICT_TYPE cells: 185243
VM_DTL_DESC cells: 20162714
VM_SUB_DESC cells: 20162714
VM_TOP_DESC cells: 20162714
GU_NAME cells: 25437901
SFDC_ACCT_FLAG cells: 25437901

cd /apps/informatica/admin/SALES/EA_Sales_Prod_961/DATA/SALES_ANAPLAN_OIC/work/anaplan-connect-1-3-3-3
./AnaplanClient.sh -user anpadmua.gen@cisco.com:L5EJNstptxpa7B5 -workspace 8a81b0106d31d556016d3c59c99941a9 -model 1DF1AF61970242EFAF7E7A2951C4140C -file FF_ANAPLAN_PARTY_DATA.csv -put '/apps/informatica/admin/SALES/EA_Sales_Prod_961/DATA/SALES_ANAPLAN_OIC/work/FF_ANAPLAN_PARTY_DATA.csv' -import 'Party Id from FF_ANAPLAN_PARTY_DATA.csv' -execute -output '/apps/informatica/admin/SALES/EA_Sales_Prod_961/SALES_ANAPLAN_OIC/work/party_list.err' -import 'Party Data from FF_ANAPLAN_PARTY_DATA.csv' -execute -output '/apps/informatica/admin/SALES/EA_Sales_Prod_961/DATA/SALES_ANAPLAN_OIC/work/party_module.err'
cd /apps/informatica/admin/SALES/EA_Sales_Prod_961/DATA/SALES_ANAPLAN_OIC/work/anaplan-connect-1-3-3-3
./AnaplanClient.sh -user anpadmua.gen@cisco.com:L5EJNstptxpa7B5 -workspace 8a81b0106d31d556016d3c59c99941a9 -model 1DF1AF61970242EFAF7E7A2951C4140C -file FF_ANAPLAN_PARTY_DATA.csv -put '/apps/informatica/admin/SALES/EA_Sales_Prod_961/DATA/SALES_ANAPLAN_OIC/work/FF_ANAPLAN_PARTY_DATA.csv' -import 'Party Id from FF_ANAPLAN_PARTY_DATA.csv' -execute -output '/apps/informatica/admin/SALES/EA_Sales_Prod_961/SALES_ANAPLAN_OIC/work/party_list.err' -import 'Party Data from FF_ANAPLAN_PARTY_DATA.csv' -execute -output '/apps/informatica/admin/SALES/EA_Sales_Prod_961/DATA/SALES_ANAPLAN_OIC/work/party_module.err'
The file "/apps/informatica/admin/SALES/EA_Sales_Prod_961/DATA/SALES_ANAPLAN_OIC/work/FF_ANAPLAN_PARTY_DATA.csv" has been uploaded as FF_ANAPLAN_PARTY_DATA.csv.
The operation was successful.
Party Id: 25453378 (16021/25437357) rows successful, 0 ignored 

The operation was successful.
PARTY_NAME cells: 25453378
HQ_BRANCH_IND cells: 25453378
PARENT_PARTY_ID cells: 17346525
GU_ID cells: 25453376
CITY cells: 25414227
COUNTY cells: 9930581
STATE cells: 22237220
COUNTRY cells: 25453378
POSTAL_CODE cells: 24047393
STATUS cells: 25453378
CONFLICT_TYPE cells: 184587
VM_DTL_DESC cells: 20196902
VM_SUB_DESC cells: 20196902
VM_TOP_DESC cells: 20196902
GU_NAME cells: 25453378
SFDC_ACCT_FLAG cells: 25453378

cd /apps/informatica/admin/SALES/EA_Sales_Prod_961/DATA/SALES_ANAPLAN_OIC/work/anaplan-connect-1-3-3-3
./AnaplanClient.sh -user anpadmua.gen@cisco.com:L5EJNstptxpa7B5 -workspace 8a81b0106d31d556016d3c59c99941a9 -model 1DF1AF61970242EFAF7E7A2951C4140C -file FF_ANAPLAN_PARTY_DATA.csv -put '/apps/informatica/admin/SALES/EA_Sales_Prod_961/DATA/SALES_ANAPLAN_OIC/work/FF_ANAPLAN_PARTY_DATA.csv' -import 'Party Id from FF_ANAPLAN_PARTY_DATA.csv' -execute -output '/apps/informatica/admin/SALES/EA_Sales_Prod_961/SALES_ANAPLAN_OIC/work/party_list.err' -import 'Party Data from FF_ANAPLAN_PARTY_DATA.csv' -execute -output '/apps/informatica/admin/SALES/EA_Sales_Prod_961/DATA/SALES_ANAPLAN_OIC/work/party_module.err'
The file "/apps/informatica/admin/SALES/EA_Sales_Prod_961/DATA/SALES_ANAPLAN_OIC/work/FF_ANAPLAN_PARTY_DATA.csv" has been uploaded as FF_ANAPLAN_PARTY_DATA.csv.
The operation was successful.
Party Id: 25463639 (10410/25453229) rows successful, 0 ignored 

The operation was successful.
PARTY_NAME cells: 25463639
HQ_BRANCH_IND cells: 25463639
PARENT_PARTY_ID cells: 17356383
GU_ID cells: 25463632
CITY cells: 25424412
COUNTY cells: 9934202
STATE cells: 22245244
COUNTRY cells: 25463639
POSTAL_CODE cells: 24056611
STATUS cells: 25463639
CONFLICT_TYPE cells: 182781
VM_DTL_DESC cells: 20201555
VM_SUB_DESC cells: 20201555
VM_TOP_DESC cells: 20201555
GU_NAME cells: 25463639
SFDC_ACCT_FLAG cells: 25463639

cd /apps/informatica/admin/SALES/EA_Sales_Prod_961/DATA/SALES_ANAPLAN_OIC/work/anaplan-connect-1-3-3-3
./AnaplanClient.sh -user anpadmua.gen@cisco.com:L5EJNstptxpa7B5 -workspace 8a81b0106d31d556016d3c59c99941a9 -model 1DF1AF61970242EFAF7E7A2951C4140C -file FF_ANAPLAN_PARTY_DATA.csv -put '/apps/informatica/admin/SALES/EA_Sales_Prod_961/DATA/SALES_ANAPLAN_OIC/work/FF_ANAPLAN_PARTY_DATA.csv' -import 'Party Id from FF_ANAPLAN_PARTY_DATA.csv' -execute -output '/apps/informatica/admin/SALES/EA_Sales_Prod_961/SALES_ANAPLAN_OIC/work/party_list.err' -import 'Party Data from FF_ANAPLAN_PARTY_DATA.csv' -execute -output '/apps/informatica/admin/SALES/EA_Sales_Prod_961/DATA/SALES_ANAPLAN_OIC/work/party_module.err'
The file "/apps/informatica/admin/SALES/EA_Sales_Prod_961/DATA/SALES_ANAPLAN_OIC/work/FF_ANAPLAN_PARTY_DATA.csv" has been uploaded as FF_ANAPLAN_PARTY_DATA.csv.
The operation was successful.
Party Id: 25483693 (20132/25463561) rows successful, 0 ignored 

The operation was successful.
PARTY_NAME cells: 25483693
HQ_BRANCH_IND cells: 25483693
PARENT_PARTY_ID cells: 17376932
GU_ID cells: 25483691
CITY cells: 25444395
COUNTY cells: 9941959
STATE cells: 22262400
COUNTRY cells: 25483693
POSTAL_CODE cells: 24070611
STATUS cells: 25483693
CONFLICT_TYPE cells: 184477
VM_DTL_DESC cells: 20422735
VM_SUB_DESC cells: 20422735
VM_TOP_DESC cells: 20422735
GU_NAME cells: 25483693
SFDC_ACCT_FLAG cells: 25483693

cd /apps/informatica/admin/SALES/EA_Sales_Prod_961/DATA/SALES_ANAPLAN_OIC/work/anaplan-connect-1-3-3-3
./AnaplanClient.sh -user anpadmua.gen@cisco.com:L5EJNstptxpa7B5 -workspace 8a81b0106d31d556016d3c59c99941a9 -model 1DF1AF61970242EFAF7E7A2951C4140C -file FF_ANAPLAN_PARTY_DATA.csv -put '/apps/informatica/admin/SALES/EA_Sales_Prod_961/DATA/SALES_ANAPLAN_OIC/work/FF_ANAPLAN_PARTY_DATA.csv' -import 'Party Id from FF_ANAPLAN_PARTY_DATA.csv' -execute -output '/apps/informatica/admin/SALES/EA_Sales_Prod_961/SALES_ANAPLAN_OIC/work/party_list.err' -import 'Party Data from FF_ANAPLAN_PARTY_DATA.csv' -execute -output '/apps/informatica/admin/SALES/EA_Sales_Prod_961/DATA/SALES_ANAPLAN_OIC/work/party_module.err'
The file "/apps/informatica/admin/SALES/EA_Sales_Prod_961/DATA/SALES_ANAPLAN_OIC/work/FF_ANAPLAN_PARTY_DATA.csv" has been uploaded as FF_ANAPLAN_PARTY_DATA.csv.
The operation was successful.
Party Id: 25499789 (16108/25483681) rows successful, 0 ignored 

The operation was successful.
PARTY_NAME cells: 25499789
HQ_BRANCH_IND cells: 25499789
PARENT_PARTY_ID cells: 17392801
GU_ID cells: 25499779
CITY cells: 25460441
COUNTY cells: 9947333
STATE cells: 22275930
COUNTRY cells: 25499789
POSTAL_CODE cells: 24082138
STATUS cells: 25499789
CONFLICT_TYPE cells: 183984
VM_DTL_DESC cells: 21113196
VM_SUB_DESC cells: 21113196
VM_TOP_DESC cells: 21113196
GU_NAME cells: 25499789
SFDC_ACCT_FLAG cells: 25499789

cd /apps/informatica/admin/SALES/EA_Sales_Prod_961/DATA/SALES_ANAPLAN_OIC/work/anaplan-connect-1-3-3-3
./AnaplanClient.sh -user anpadmua.gen@cisco.com:L5EJNstptxpa7B5 -workspace 8a81b0106d31d556016d3c59c99941a9 -model 1DF1AF61970242EFAF7E7A2951C4140C -file FF_ANAPLAN_PARTY_DATA.csv -put '/apps/informatica/admin/SALES/EA_Sales_Prod_961/DATA/SALES_ANAPLAN_OIC/work/FF_ANAPLAN_PARTY_DATA.csv' -import 'Party Id from FF_ANAPLAN_PARTY_DATA.csv' -execute -output '/apps/informatica/admin/SALES/EA_Sales_Prod_961/SALES_ANAPLAN_OIC/work/party_list.err' -import 'Party Data from FF_ANAPLAN_PARTY_DATA.csv' -execute -output '/apps/informatica/admin/SALES/EA_Sales_Prod_961/DATA/SALES_ANAPLAN_OIC/work/party_module.err'
The file "/apps/informatica/admin/SALES/EA_Sales_Prod_961/DATA/SALES_ANAPLAN_OIC/work/FF_ANAPLAN_PARTY_DATA.csv" has been uploaded as FF_ANAPLAN_PARTY_DATA.csv.
The operation was successful.
Party Id: 25507401 (7681/25499720) rows successful, 0 ignored 

The operation was successful.
PARTY_NAME cells: 25507401
HQ_BRANCH_IND cells: 25507401
PARENT_PARTY_ID cells: 17399965
GU_ID cells: 25507401
CITY cells: 25467963
COUNTY cells: 9950284
STATE cells: 22281940
COUNTRY cells: 25507401
POSTAL_CODE cells: 24088893
STATUS cells: 25507401
CONFLICT_TYPE cells: 182770
VM_DTL_DESC cells: 21993722
VM_SUB_DESC cells: 21993722
VM_TOP_DESC cells: 21993722
GU_NAME cells: 25507401
SFDC_ACCT_FLAG cells: 25507401

cd /apps/informatica/admin/SALES/EA_Sales_Prod_961/DATA/SALES_ANAPLAN_OIC/work/anaplan-connect-1-3-3-3
./AnaplanClient.sh -user anpadmua.gen@cisco.com:L5EJNstptxpa7B5 -workspace 8a81b0106d31d556016d3c59c99941a9 -model 1DF1AF61970242EFAF7E7A2951C4140C -file FF_ANAPLAN_PARTY_DATA.csv -put '/apps/informatica/admin/SALES/EA_Sales_Prod_961/DATA/SALES_ANAPLAN_OIC/work/FF_ANAPLAN_PARTY_DATA.csv' -import 'Party Id from FF_ANAPLAN_PARTY_DATA.csv' -execute -output '/apps/informatica/admin/SALES/EA_Sales_Prod_961/SALES_ANAPLAN_OIC/work/party_list.err' -import 'Party Data from FF_ANAPLAN_PARTY_DATA.csv' -execute -output '/apps/informatica/admin/SALES/EA_Sales_Prod_961/DATA/SALES_ANAPLAN_OIC/work/party_module.err'
The file "/apps/informatica/admin/SALES/EA_Sales_Prod_961/DATA/SALES_ANAPLAN_OIC/work/FF_ANAPLAN_PARTY_DATA.csv" has been uploaded as FF_ANAPLAN_PARTY_DATA.csv.
The operation was successful.
Party Id: 25516755 (9383/25507372) rows successful, 0 ignored 

The operation was successful.
PARTY_NAME cells: 25516755
HQ_BRANCH_IND cells: 25516755
PARENT_PARTY_ID cells: 17408903
GU_ID cells: 25516750
CITY cells: 25477255
COUNTY cells: 9953736
STATE cells: 22289277
COUNTRY cells: 25516755
POSTAL_CODE cells: 24097207
STATUS cells: 25516755
CONFLICT_TYPE cells: 182356
VM_DTL_DESC cells: 22065245
VM_SUB_DESC cells: 22065245
VM_TOP_DESC cells: 22065245
GU_NAME cells: 25516755
SFDC_ACCT_FLAG cells: 25516755

cd /apps/informatica/admin/SALES/EA_Sales_Prod_961/DATA/SALES_ANAPLAN_OIC/work/anaplan-connect-1-3-3-3
./AnaplanClient.sh -user anpadmua.gen@cisco.com:L5EJNstptxpa7B5 -workspace 8a81b0106d31d556016d3c59c99941a9 -model 1DF1AF61970242EFAF7E7A2951C4140C -file FF_ANAPLAN_PARTY_DATA.csv -put '/apps/informatica/admin/SALES/EA_Sales_Prod_961/DATA/SALES_ANAPLAN_OIC/work/FF_ANAPLAN_PARTY_DATA.csv' -import 'Party Id from FF_ANAPLAN_PARTY_DATA.csv' -execute -output '/apps/informatica/admin/SALES/EA_Sales_Prod_961/SALES_ANAPLAN_OIC/work/party_list.err' -import 'Party Data from FF_ANAPLAN_PARTY_DATA.csv' -execute -output '/apps/informatica/admin/SALES/EA_Sales_Prod_961/DATA/SALES_ANAPLAN_OIC/work/party_module.err'
The file "/apps/informatica/admin/SALES/EA_Sales_Prod_961/DATA/SALES_ANAPLAN_OIC/work/FF_ANAPLAN_PARTY_DATA.csv" has been uploaded as FF_ANAPLAN_PARTY_DATA.csv.
The operation was successful.
Party Id: 25524649 (7929/25516720) rows successful, 0 ignored 

The operation was successful.
PARTY_NAME cells: 25524649
HQ_BRANCH_IND cells: 25524649
PARENT_PARTY_ID cells: 17416076
GU_ID cells: 25524649
CITY cells: 25485095
COUNTY cells: 9956988
STATE cells: 22295588
COUNTRY cells: 25524649
POSTAL_CODE cells: 24104359
STATUS cells: 25524649
CONFLICT_TYPE cells: 182187
VM_DTL_DESC cells: 22068980
VM_SUB_DESC cells: 22068980
VM_TOP_DESC cells: 22068980
GU_NAME cells: 25524649
SFDC_ACCT_FLAG cells: 25524649

cd /apps/informatica/admin/SALES/EA_Sales_Prod_961/DATA/SALES_ANAPLAN_OIC/work/anaplan-connect-1-3-3-3
./AnaplanClient.sh -user anpadmua.gen@cisco.com:L5EJNstptxpa8A7 -workspace 8a81b0106d31d556016d3c59c99941a9 -model 1DF1AF61970242EFAF7E7A2951C4140C -file FF_ANAPLAN_PARTY_DATA.csv -put '/apps/informatica/admin/SALES/EA_Sales_Prod_961/DATA/SALES_ANAPLAN_OIC/work/FF_ANAPLAN_PARTY_DATA.csv' -import 'Party Id from FF_ANAPLAN_PARTY_DATA.csv' -execute -output '/apps/informatica/admin/SALES/EA_Sales_Prod_961/SALES_ANAPLAN_OIC/work/party_list.err' -import 'Party Data from FF_ANAPLAN_PARTY_DATA.csv' -execute -output '/apps/informatica/admin/SALES/EA_Sales_Prod_961/DATA/SALES_ANAPLAN_OIC/work/party_module.err'
The file "/apps/informatica/admin/SALES/EA_Sales_Prod_961/DATA/SALES_ANAPLAN_OIC/work/FF_ANAPLAN_PARTY_DATA.csv" has been uploaded as FF_ANAPLAN_PARTY_DATA.csv.
The operation was successful.
Party Id: 25533682 (9465/25524217) rows successful, 0 ignored 

The operation was successful.
PARTY_NAME cells: 25533682
HQ_BRANCH_IND cells: 25533682
PARENT_PARTY_ID cells: 17424010
GU_ID cells: 25533677
CITY cells: 25494061
COUNTY cells: 9960307
STATE cells: 22302677
COUNTRY cells: 25533682
POSTAL_CODE cells: 24112430
STATUS cells: 25533682
CONFLICT_TYPE cells: 183098
VM_DTL_DESC cells: 22075966
VM_SUB_DESC cells: 22075966
VM_TOP_DESC cells: 22075966
GU_NAME cells: 25533682
SFDC_ACCT_FLAG cells: 25533682

cd /apps/informatica/admin/SALES/EA_Sales_Prod_961/DATA/SALES_ANAPLAN_OIC/work/anaplan-connect-1-3-3-3
./AnaplanClient.sh -user anpadmua.gen@cisco.com:L5EJNstptxpa8A7 -workspace 8a81b0106d31d556016d3c59c99941a9 -model 1DF1AF61970242EFAF7E7A2951C4140C -file FF_ANAPLAN_PARTY_DATA.csv -put '/apps/informatica/admin/SALES/EA_Sales_Prod_961/DATA/SALES_ANAPLAN_OIC/work/FF_ANAPLAN_PARTY_DATA.csv' -import 'Party Id from FF_ANAPLAN_PARTY_DATA.csv' -execute -output '/apps/informatica/admin/SALES/EA_Sales_Prod_961/SALES_ANAPLAN_OIC/work/party_list.err' -import 'Party Data from FF_ANAPLAN_PARTY_DATA.csv' -execute -output '/apps/informatica/admin/SALES/EA_Sales_Prod_961/DATA/SALES_ANAPLAN_OIC/work/party_module.err'
The file "/apps/informatica/admin/SALES/EA_Sales_Prod_961/DATA/SALES_ANAPLAN_OIC/work/FF_ANAPLAN_PARTY_DATA.csv" has been uploaded as FF_ANAPLAN_PARTY_DATA.csv.
The operation was successful.
Party Id: 25541287 (7710/25533577) rows successful, 0 ignored 

The operation was successful.
PARTY_NAME cells: 25541287
HQ_BRANCH_IND cells: 25541287
PARENT_PARTY_ID cells: 17431017
GU_ID cells: 25541287
CITY cells: 25501626
COUNTY cells: 9963090
STATE cells: 22308717
COUNTRY cells: 25541287
POSTAL_CODE cells: 24119276
STATUS cells: 25541287
CONFLICT_TYPE cells: 181676
VM_DTL_DESC cells: 22081800
VM_SUB_DESC cells: 22081800
VM_TOP_DESC cells: 22081800
GU_NAME cells: 25541287
SFDC_ACCT_FLAG cells: 25541287

cd /apps/informatica/admin/SALES/EA_Sales_Prod_961/DATA/SALES_ANAPLAN_OIC/work/anaplan-connect-1-3-3-3
./AnaplanClient.sh -user anpadmua.gen@cisco.com:L5EJNstptxpa8A7 -workspace 8a81b0106d31d556016d3c59c99941a9 -model 1DF1AF61970242EFAF7E7A2951C4140C -file FF_ANAPLAN_PARTY_DATA.csv -put '/apps/informatica/admin/SALES/EA_Sales_Prod_961/DATA/SALES_ANAPLAN_OIC/work/FF_ANAPLAN_PARTY_DATA.csv' -import 'Party Id from FF_ANAPLAN_PARTY_DATA.csv' -execute -output '/apps/informatica/admin/SALES/EA_Sales_Prod_961/SALES_ANAPLAN_OIC/work/party_list.err' -import 'Party Data from FF_ANAPLAN_PARTY_DATA.csv' -execute -output '/apps/informatica/admin/SALES/EA_Sales_Prod_961/DATA/SALES_ANAPLAN_OIC/work/party_module.err'
The file "/apps/informatica/admin/SALES/EA_Sales_Prod_961/DATA/SALES_ANAPLAN_OIC/work/FF_ANAPLAN_PARTY_DATA.csv" has been uploaded as FF_ANAPLAN_PARTY_DATA.csv.
The operation was successful.
Party Id: 25552848 (11830/25541018) rows successful, 0 ignored 

The operation was successful.
PARTY_NAME cells: 25552848
HQ_BRANCH_IND cells: 25552848
PARENT_PARTY_ID cells: 17441230
GU_ID cells: 25552836
CITY cells: 25513121
COUNTY cells: 9968750
STATE cells: 22318407
COUNTRY cells: 25552848
POSTAL_CODE cells: 24129881
STATUS cells: 25552848
CONFLICT_TYPE cells: 186768
VM_DTL_DESC cells: 22090104
VM_SUB_DESC cells: 22090104
VM_TOP_DESC cells: 22090104
GU_NAME cells: 25552848
SFDC_ACCT_FLAG cells: 25552848

cd /apps/informatica/admin/SALES/EA_Sales_Prod_961/DATA/SALES_ANAPLAN_OIC/work/anaplan-connect-1-3-3-3
./AnaplanClient.sh -user anpadmua.gen@cisco.com:L5EJNstptxpa8A7 -workspace 8a81b0106d31d556016d3c59c99941a9 -model 1DF1AF61970242EFAF7E7A2951C4140C -file FF_ANAPLAN_PARTY_DATA.csv -put '/apps/informatica/admin/SALES/EA_Sales_Prod_961/DATA/SALES_ANAPLAN_OIC/work/FF_ANAPLAN_PARTY_DATA.csv' -import 'Party Id from FF_ANAPLAN_PARTY_DATA.csv' -execute -output '/apps/informatica/admin/SALES/EA_Sales_Prod_961/SALES_ANAPLAN_OIC/work/party_list.err' -import 'Party Data from FF_ANAPLAN_PARTY_DATA.csv' -execute -output '/apps/informatica/admin/SALES/EA_Sales_Prod_961/DATA/SALES_ANAPLAN_OIC/work/party_module.err'
The file "/apps/informatica/admin/SALES/EA_Sales_Prod_961/DATA/SALES_ANAPLAN_OIC/work/FF_ANAPLAN_PARTY_DATA.csv" has been uploaded as FF_ANAPLAN_PARTY_DATA.csv.
The operation was successful.
Party Id: 25560908 (8183/25552725) rows successful, 0 ignored 

The operation was successful.
PARTY_NAME cells: 25560908
HQ_BRANCH_IND cells: 25560908
PARENT_PARTY_ID cells: 17448740
GU_ID cells: 25560908
CITY cells: 25521129
COUNTY cells: 9972071
STATE cells: 22324943
COUNTRY cells: 25560908
POSTAL_CODE cells: 24137082
STATUS cells: 25560908
CONFLICT_TYPE cells: 186716
VM_DTL_DESC cells: 22095221
VM_SUB_DESC cells: 22095221
VM_TOP_DESC cells: 22095221
GU_NAME cells: 25560908
SFDC_ACCT_FLAG cells: 25560908

cd /apps/informatica/admin/SALES/EA_Sales_Prod_961/DATA/SALES_ANAPLAN_OIC/work/anaplan-connect-1-3-3-3
./AnaplanClient.sh -user anpadmua.gen@cisco.com:L5EJNstptxpa8A7 -workspace 8a81b0106d31d556016d3c59c99941a9 -model 1DF1AF61970242EFAF7E7A2951C4140C -file FF_ANAPLAN_PARTY_DATA.csv -put '/apps/informatica/admin/SALES/EA_Sales_Prod_961/DATA/SALES_ANAPLAN_OIC/work/FF_ANAPLAN_PARTY_DATA.csv' -import 'Party Id from FF_ANAPLAN_PARTY_DATA.csv' -execute -output '/apps/informatica/admin/SALES/EA_Sales_Prod_961/SALES_ANAPLAN_OIC/work/party_list.err' -import 'Party Data from FF_ANAPLAN_PARTY_DATA.csv' -execute -output '/apps/informatica/admin/SALES/EA_Sales_Prod_961/DATA/SALES_ANAPLAN_OIC/work/party_module.err'
The file "/apps/informatica/admin/SALES/EA_Sales_Prod_961/DATA/SALES_ANAPLAN_OIC/work/FF_ANAPLAN_PARTY_DATA.csv" has been uploaded as FF_ANAPLAN_PARTY_DATA.csv.
The operation was successful.
Party Id: 25569931 (9629/25560302) rows successful, 0 ignored 

The operation was successful.
PARTY_NAME cells: 25569931
HQ_BRANCH_IND cells: 25569931
PARENT_PARTY_ID cells: 17456968
GU_ID cells: 25569919
CITY cells: 25530074
COUNTY cells: 9975152
STATE cells: 22332081
COUNTRY cells: 25569931
POSTAL_CODE cells: 24145193
STATUS cells: 25569931
CONFLICT_TYPE cells: 182940
VM_DTL_DESC cells: 22097324
VM_SUB_DESC cells: 22097324
VM_TOP_DESC cells: 22097324
GU_NAME cells: 25569931
SFDC_ACCT_FLAG cells: 25569931

cd /apps/informatica/admin/SALES/EA_Sales_Prod_961/DATA/SALES_ANAPLAN_OIC/work/anaplan-connect-1-3-3-3
./AnaplanClient.sh -user anpadmua.gen@cisco.com:L5EJNstptxpa8A7 -workspace 8a81b0106d31d556016d3c59c99941a9 -model 1DF1AF61970242EFAF7E7A2951C4140C -file FF_ANAPLAN_PARTY_DATA.csv -put '/apps/informatica/admin/SALES/EA_Sales_Prod_961/DATA/SALES_ANAPLAN_OIC/work/FF_ANAPLAN_PARTY_DATA.csv' -import 'Party Id from FF_ANAPLAN_PARTY_DATA.csv' -execute -output '/apps/informatica/admin/SALES/EA_Sales_Prod_961/SALES_ANAPLAN_OIC/work/party_list.err' -import 'Party Data from FF_ANAPLAN_PARTY_DATA.csv' -execute -output '/apps/informatica/admin/SALES/EA_Sales_Prod_961/DATA/SALES_ANAPLAN_OIC/work/party_module.err'
The file "/apps/informatica/admin/SALES/EA_Sales_Prod_961/DATA/SALES_ANAPLAN_OIC/work/FF_ANAPLAN_PARTY_DATA.csv" has been uploaded as FF_ANAPLAN_PARTY_DATA.csv.
The operation was successful.
Party Id: 25579367 (9664/25569703) rows successful, 0 ignored 

The operation was successful.
PARTY_NAME cells: 25579367
HQ_BRANCH_IND cells: 25579367
PARENT_PARTY_ID cells: 17465832
GU_ID cells: 25579333
CITY cells: 25539420
COUNTY cells: 9978854
STATE cells: 22339644
COUNTRY cells: 25579367
POSTAL_CODE cells: 24153244
STATUS cells: 25579367
CONFLICT_TYPE cells: 182132
VM_DTL_DESC cells: 22103138
VM_SUB_DESC cells: 22103138
VM_TOP_DESC cells: 22103138
GU_NAME cells: 25579367
SFDC_ACCT_FLAG cells: 25579367

cd /apps/informatica/admin/SALES/EA_Sales_Prod_961/DATA/SALES_ANAPLAN_OIC/work/anaplan-connect-1-3-3-3
./AnaplanClient.sh -user anpadmua.gen@cisco.com:L5EJNstptxpa8A7 -workspace 8a81b0106d31d556016d3c59c99941a9 -model 1DF1AF61970242EFAF7E7A2951C4140C -file FF_ANAPLAN_PARTY_DATA.csv -put '/apps/informatica/admin/SALES/EA_Sales_Prod_961/DATA/SALES_ANAPLAN_OIC/work/FF_ANAPLAN_PARTY_DATA.csv' -import 'Party Id from FF_ANAPLAN_PARTY_DATA.csv' -execute -output '/apps/informatica/admin/SALES/EA_Sales_Prod_961/SALES_ANAPLAN_OIC/work/party_list.err' -import 'Party Data from FF_ANAPLAN_PARTY_DATA.csv' -execute -output '/apps/informatica/admin/SALES/EA_Sales_Prod_961/DATA/SALES_ANAPLAN_OIC/work/party_module.err'
The file "/apps/informatica/admin/SALES/EA_Sales_Prod_961/DATA/SALES_ANAPLAN_OIC/work/FF_ANAPLAN_PARTY_DATA.csv" has been uploaded as FF_ANAPLAN_PARTY_DATA.csv.
The operation was successful.
Party Id: 25590045 (10734/25579311) rows successful, 0 ignored 

The operation was successful.
PARTY_NAME cells: 25590045
HQ_BRANCH_IND cells: 25590045
PARENT_PARTY_ID cells: 17475701
GU_ID cells: 25590043
CITY cells: 25550013
COUNTY cells: 9982076
STATE cells: 22348355
COUNTRY cells: 25590045
POSTAL_CODE cells: 24161770
STATUS cells: 25590045
CONFLICT_TYPE cells: 182098
VM_DTL_DESC cells: 22110427
VM_SUB_DESC cells: 22110427
VM_TOP_DESC cells: 22110427
GU_NAME cells: 25590045
SFDC_ACCT_FLAG cells: 25590045

cd /apps/informatica/admin/SALES/EA_Sales_Prod_961/DATA/SALES_ANAPLAN_OIC/work/anaplan-connect-1-3-3-3
./AnaplanClient.sh -user anpadmua.gen@cisco.com:L5EJNstptxpa8A7 -workspace 8a81b0106d31d556016d3c59c99941a9 -model 1DF1AF61970242EFAF7E7A2951C4140C -file FF_ANAPLAN_PARTY_DATA.csv -put '/apps/informatica/admin/SALES/EA_Sales_Prod_961/DATA/SALES_ANAPLAN_OIC/work/FF_ANAPLAN_PARTY_DATA.csv' -import 'Party Id from FF_ANAPLAN_PARTY_DATA.csv' -execute -output '/apps/informatica/admin/SALES/EA_Sales_Prod_961/SALES_ANAPLAN_OIC/work/party_list.err' -import 'Party Data from FF_ANAPLAN_PARTY_DATA.csv' -execute -output '/apps/informatica/admin/SALES/EA_Sales_Prod_961/DATA/SALES_ANAPLAN_OIC/work/party_module.err'
The file "/apps/informatica/admin/SALES/EA_Sales_Prod_961/DATA/SALES_ANAPLAN_OIC/work/FF_ANAPLAN_PARTY_DATA.csv" has been uploaded as FF_ANAPLAN_PARTY_DATA.csv.
The operation was successful.
Party Id: 25606946 (17055/25589891) rows successful, 0 ignored 

The operation was successful.
PARTY_NAME cells: 25606946
HQ_BRANCH_IND cells: 25606946
PARENT_PARTY_ID cells: 17492110
GU_ID cells: 25606911
CITY cells: 25566881
COUNTY cells: 9987546
STATE cells: 22362860
COUNTRY cells: 25606946
POSTAL_CODE cells: 24172031
STATUS cells: 25606946
CONFLICT_TYPE cells: 182219
VM_DTL_DESC cells: 22116896
VM_SUB_DESC cells: 22116896
VM_TOP_DESC cells: 22116896
GU_NAME cells: 25606946
SFDC_ACCT_FLAG cells: 25606946

cd /apps/informatica/admin/SALES/EA_Sales_Prod_961/DATA/SALES_ANAPLAN_OIC/work/anaplan-connect-1-3-3-3
./AnaplanClient.sh -user anpadmua.gen@cisco.com:L5EJNstptxpa8A7 -workspace 8a81b0106d31d556016d3c59c99941a9 -model 1DF1AF61970242EFAF7E7A2951C4140C -file FF_ANAPLAN_PARTY_DATA.csv -put '/apps/informatica/admin/SALES/EA_Sales_Prod_961/DATA/SALES_ANAPLAN_OIC/work/FF_ANAPLAN_PARTY_DATA.csv' -import 'Party Id from FF_ANAPLAN_PARTY_DATA.csv' -execute -output '/apps/informatica/admin/SALES/EA_Sales_Prod_961/SALES_ANAPLAN_OIC/work/party_list.err' -import 'Party Data from FF_ANAPLAN_PARTY_DATA.csv' -execute -output '/apps/informatica/admin/SALES/EA_Sales_Prod_961/DATA/SALES_ANAPLAN_OIC/work/party_module.err'
The file "/apps/informatica/admin/SALES/EA_Sales_Prod_961/DATA/SALES_ANAPLAN_OIC/work/FF_ANAPLAN_PARTY_DATA.csv" has been uploaded as FF_ANAPLAN_PARTY_DATA.csv.
The operation was successful.
Party Id: 25618273 (11508/25606765) rows successful, 0 ignored 

The operation was successful.
PARTY_NAME cells: 25618273
HQ_BRANCH_IND cells: 25618273
PARENT_PARTY_ID cells: 17502793
GU_ID cells: 25618262
CITY cells: 25578131
COUNTY cells: 9991732
STATE cells: 22371980
COUNTRY cells: 25618273
POSTAL_CODE cells: 24182065
STATUS cells: 25618273
CONFLICT_TYPE cells: 182457
VM_DTL_DESC cells: 22126719
VM_SUB_DESC cells: 22126719
VM_TOP_DESC cells: 22126719
GU_NAME cells: 25618273
SFDC_ACCT_FLAG cells: 25618273

cd /apps/informatica/admin/SALES/EA_Sales_Prod_961/DATA/SALES_ANAPLAN_OIC/work/anaplan-connect-1-3-3-3
./AnaplanClient.sh -user anpadmua.gen@cisco.com:L5EJNstptxpa8A7 -workspace 8a81b0106d31d556016d3c59c99941a9 -model 1DF1AF61970242EFAF7E7A2951C4140C -file FF_ANAPLAN_PARTY_DATA.csv -put '/apps/informatica/admin/SALES/EA_Sales_Prod_961/DATA/SALES_ANAPLAN_OIC/work/FF_ANAPLAN_PARTY_DATA.csv' -import 'Party Id from FF_ANAPLAN_PARTY_DATA.csv' -execute -output '/apps/informatica/admin/SALES/EA_Sales_Prod_961/SALES_ANAPLAN_OIC/work/party_list.err' -import 'Party Data from FF_ANAPLAN_PARTY_DATA.csv' -execute -output '/apps/informatica/admin/SALES/EA_Sales_Prod_961/DATA/SALES_ANAPLAN_OIC/work/party_module.err'
The file "/apps/informatica/admin/SALES/EA_Sales_Prod_961/DATA/SALES_ANAPLAN_OIC/work/FF_ANAPLAN_PARTY_DATA.csv" has been uploaded as FF_ANAPLAN_PARTY_DATA.csv.
The operation was successful.
Party Id: 25640894 (22719/25618175) rows successful, 0 ignored 

The operation was successful.
PARTY_NAME cells: 25640894
HQ_BRANCH_IND cells: 25640894
PARENT_PARTY_ID cells: 17525183
GU_ID cells: 25640849
CITY cells: 25600674
COUNTY cells: 9995037
STATE cells: 22390809
COUNTRY cells: 25640894
POSTAL_CODE cells: 24190885
STATUS cells: 25640894
CONFLICT_TYPE cells: 182547
VM_DTL_DESC cells: 22138575
VM_SUB_DESC cells: 22138575
VM_TOP_DESC cells: 22138575
GU_NAME cells: 25640894
SFDC_ACCT_FLAG cells: 25640894

cd /apps/informatica/admin/SALES/EA_Sales_Prod_961/DATA/SALES_ANAPLAN_OIC/work/anaplan-connect-1-3-3-3
./AnaplanClient.sh -user anpadmua.gen@cisco.com:L5EJNstptxpa8A7 -workspace 8a81b0106d31d556016d3c59c99941a9 -model 1DF1AF61970242EFAF7E7A2951C4140C -file FF_ANAPLAN_PARTY_DATA.csv -put '/apps/informatica/admin/SALES/EA_Sales_Prod_961/DATA/SALES_ANAPLAN_OIC/work/FF_ANAPLAN_PARTY_DATA.csv' -import 'Party Id from FF_ANAPLAN_PARTY_DATA.csv' -execute -output '/apps/informatica/admin/SALES/EA_Sales_Prod_961/SALES_ANAPLAN_OIC/work/party_list.err' -import 'Party Data from FF_ANAPLAN_PARTY_DATA.csv' -execute -output '/apps/informatica/admin/SALES/EA_Sales_Prod_961/DATA/SALES_ANAPLAN_OIC/work/party_module.err'
The file "/apps/informatica/admin/SALES/EA_Sales_Prod_961/DATA/SALES_ANAPLAN_OIC/work/FF_ANAPLAN_PARTY_DATA.csv" has been uploaded as FF_ANAPLAN_PARTY_DATA.csv.
The operation was successful.
Party Id: 25652188 (11393/25640795) rows successful, 0 ignored 

The operation was successful.
PARTY_NAME cells: 25652188
HQ_BRANCH_IND cells: 25652188
PARENT_PARTY_ID cells: 17535703
GU_ID cells: 25652151
CITY cells: 25611889
COUNTY cells: 9998756
STATE cells: 22400154
COUNTRY cells: 25652188
POSTAL_CODE cells: 24199413
STATUS cells: 25652188
CONFLICT_TYPE cells: 181802
VM_DTL_DESC cells: 22145761
VM_SUB_DESC cells: 22145761
VM_TOP_DESC cells: 22145761
GU_NAME cells: 25652188
SFDC_ACCT_FLAG cells: 25652188

cd /apps/informatica/admin/SALES/EA_Sales_Prod_961/DATA/SALES_ANAPLAN_OIC/work/anaplan-connect-1-3-3-3
./AnaplanClient.sh -user anpadmua.gen@cisco.com:L5EJNstptxpa8A7 -workspace 8a81b0106d31d556016d3c59c99941a9 -model 1DF1AF61970242EFAF7E7A2951C4140C -file FF_ANAPLAN_PARTY_DATA.csv -put '/apps/informatica/admin/SALES/EA_Sales_Prod_961/DATA/SALES_ANAPLAN_OIC/work/FF_ANAPLAN_PARTY_DATA.csv' -import 'Party Id from FF_ANAPLAN_PARTY_DATA.csv' -execute -output '/apps/informatica/admin/SALES/EA_Sales_Prod_961/SALES_ANAPLAN_OIC/work/party_list.err' -import 'Party Data from FF_ANAPLAN_PARTY_DATA.csv' -execute -output '/apps/informatica/admin/SALES/EA_Sales_Prod_961/DATA/SALES_ANAPLAN_OIC/work/party_module.err'
The file "/apps/informatica/admin/SALES/EA_Sales_Prod_961/DATA/SALES_ANAPLAN_OIC/work/FF_ANAPLAN_PARTY_DATA.csv" has been uploaded as FF_ANAPLAN_PARTY_DATA.csv.
The operation was successful.
Party Id: 25659840 (7968/25651872) rows successful, 0 ignored 

The operation was successful.
PARTY_NAME cells: 25659840
HQ_BRANCH_IND cells: 25659840
PARENT_PARTY_ID cells: 17542435
GU_ID cells: 25659837
CITY cells: 25619516
COUNTY cells: 10001729
STATE cells: 22406349
COUNTRY cells: 25659840
POSTAL_CODE cells: 24206438
STATUS cells: 25659840
CONFLICT_TYPE cells: 181905
VM_DTL_DESC cells: 22151070
VM_SUB_DESC cells: 22151070
VM_TOP_DESC cells: 22151070
GU_NAME cells: 25659840
SFDC_ACCT_FLAG cells: 25659840

cd /apps/informatica/admin/SALES/EA_Sales_Prod_961/DATA/SALES_ANAPLAN_OIC/work/anaplan-connect-1-3-3-3
./AnaplanClient.sh -user anpadmua.gen@cisco.com:L5EJNstptxpa8A7 -workspace 8a81b0106d31d556016d3c59c99941a9 -model 1DF1AF61970242EFAF7E7A2951C4140C -file FF_ANAPLAN_PARTY_DATA.csv -put '/apps/informatica/admin/SALES/EA_Sales_Prod_961/DATA/SALES_ANAPLAN_OIC/work/FF_ANAPLAN_PARTY_DATA.csv' -import 'Party Id from FF_ANAPLAN_PARTY_DATA.csv' -execute -output '/apps/informatica/admin/SALES/EA_Sales_Prod_961/SALES_ANAPLAN_OIC/work/party_list.err' -import 'Party Data from FF_ANAPLAN_PARTY_DATA.csv' -execute -output '/apps/informatica/admin/SALES/EA_Sales_Prod_961/DATA/SALES_ANAPLAN_OIC/work/party_module.err'
The file "/apps/informatica/admin/SALES/EA_Sales_Prod_961/DATA/SALES_ANAPLAN_OIC/work/FF_ANAPLAN_PARTY_DATA.csv" has been uploaded as FF_ANAPLAN_PARTY_DATA.csv.
The operation was successful.
Party Id: 25670261 (10552/25659709) rows successful, 0 ignored 

The operation was successful.
PARTY_NAME cells: 25670261
HQ_BRANCH_IND cells: 25670261
PARENT_PARTY_ID cells: 17551995
GU_ID cells: 25670258
CITY cells: 25629844
COUNTY cells: 10005747
STATE cells: 22414683
COUNTRY cells: 25670261
POSTAL_CODE cells: 24215863
STATUS cells: 25670261
CONFLICT_TYPE cells: 181906
VM_DTL_DESC cells: 22157650
VM_SUB_DESC cells: 22157650
VM_TOP_DESC cells: 22157650
GU_NAME cells: 25670261
SFDC_ACCT_FLAG cells: 25670261

