cd /apps/informatica/admin/SALES/EA_Sales_Prod_961/DATA/SALES_ANAPLAN_OIC/work/anaplan-connect-1-3-3-3
./AnaplanClient.sh -user anpadmua.gen@cisco.com:L5EJNstptxpa8A7 -workspace 8a81b0106d31d556016d3c59c99941a9 -model 1DF1AF61970242EFAF7E7A2951C4140C -file FF_PIPELINE.csv -put '/apps/informatica/admin/SALES/EA_Sales_Prod_961/DATA/SALES_ANAPLAN_OIC/work/FF_PIPELINE_P1.csv' -import 'Opportunity_Int_ID from FF_PIPELINE.csv' -execute -output '/apps/informatica/admin/SALES/EA_Sales_Prod_961/SALES_ANAPLAN_OIC/work/Oppurtunity_Int_ID.err' -import 'Opportunity from FF_PIPELINE.csv' -execute -output '/apps/informatica/admin/SALES/EA_Sales_Prod_961/DATA/SALES_ANAPLAN_OIC/work/Opportunity.err'
The file "/apps/informatica/admin/SALES/EA_Sales_Prod_961/DATA/SALES_ANAPLAN_OIC/work/FF_PIPELINE_P1.csv" has been uploaded as FF_PIPELINE.csv.
The operation was successful.
Opportunity_Int_ID: 424955 (424955/0) rows successful, 0 ignored 

The operation was successful.
OPPORTUNITY_ID cells: 424955
OPPORTUNITY_NUMBER cells: 424413
OPPORTUNITY_NAME cells: 424955
OPPORTUNITY_STATUS cells: 424955
OPPORTUNITY_STAGE cells: 424955
SHARE_NODE_NAME cells: 419055
SHARE_TERRITORY_TYPE cells: 380971
SHARE_NODE_ID cells: 423125
SFDC_TERRITORY_NAME cells: 424955
DERIVED_SEGMENT cells: 423125
SALES_COVERAGE_MARKET_SEGMENT cells: 423126
SALES_COVERAGE_MARKET_SUB_SEG cells: 423126
OPPORTUNITY_TEAM_OR_AM_TYPE cells: 423186
FISCAL_QUARTER cells: 0 (424955 failed)
CURRENCY_CODE cells: 424955
PRODUCT_AMOUNT cells: 424955
SERVICE_AMOUNT cells: 424955
FORECAST_STATUS cells: 424955
SAV_ID cells: 262866
SAV_GROUP_NAME cells: 198249
MULTIYEAR_INDICATOR cells: 69
SERVICE_SOURCE cells: 424955
TECHNOLOGY_MERGED_NAME cells: 267991
SERVICE_MERGED_NAME cells: 209037
CR_PARTY_ID cells: 424572
VERTICAL_SUB cells: 386858
VERTICAL_DETAIL cells: 385331
VERTICAL_TOP cells: 386877
SFDC_ACCT_ID cells: 424955
SFDC_ACCOUNT_NAME cells: 424955
ADDRESS_LINE1 cells: 424730
CITY cells: 341582
COUNTRY cells: 424872
LINE_OF_BUSINESS cells: 139677
TOTAL_NO_OF_EMPLOYEES cells: 267017
NO_OF_PC_S cells: 79030
NO_OF_PHONES cells: 72714
SFDC_ACCOUNT_OWNER_USERID cells: 424907
SERVICE_AS_S cells: 424955
SERVICE_AS_T cells: 424955
SERVICE_TSS cells: 424955
Link Party Id cells: 257817
FUTURE_FLAG cells: 424955
Item not located in Forecast Quarter list: 424955

Dump file written to "/apps/informatica/admin/SALES/EA_Sales_Prod_961/DATA/SALES_ANAPLAN_OIC/work/Opportunity.err"
