20210728150204
cd /apps/informatica/admin/SALES/EA_Sales_Prod_961/DATA/SALES_ANAPLAN_OIC/work/anaplan-connect-1-3-3-3
./AnaplanClient.sh -user anpadmua.gen@cisco.com:L5EJNstptxpa8A7 -workspace 8a81b0106d31d556016d3c59c99941a9 -model 6918C7ACD5A44F24B1D37C8F457EBDFE -action 'DEL Sales Account ID' -execute -output '/apps/informatica/admin/SALES/EA_Sales_Prod_961/DATA/SALES_ANAPLAN_OIC/work/SAV_sales_accounts_delete.err'
The operation was successful.

cd /apps/informatica/admin/SALES/EA_Sales_Prod_961/DATA/SALES_ANAPLAN_OIC/work/anaplan-connect-1-3-3-3
./AnaplanClient.sh -user anpadmua.gen@cisco.com:L5EJNstptxpa8A7 -workspace 8a81b0106d31d556016d3c59c99941a9 -model 6918C7ACD5A44F24B1D37C8F457EBDFE -file ff_anaplan_sales_accounts.csv -put '/apps/informatica/admin/SALES/EA_Sales_Prod_961/DATA/SALES_ANAPLAN_OIC/work/ff_anaplan_sales_accounts.csv' -import 'SAVM Sales Account ID from ff_anaplan_sales_accounts.csv' -execute -output '/apps/informatica/admin/SALES/EA_Sales_Prod_961/SALES_ANAPLAN_OIC/work/SAV_sales_accounts_list.err' -import 'SAVM Sales Accounts Data from ff_anaplan_sales_accounts.csv' -execute -output '/apps/informatica/admin/SALES/EA_Sales_Prod_961/DATA/SALES_ANAPLAN_OIC/work/SAV_sales_accounts_module.err'
The file "/apps/informatica/admin/SALES/EA_Sales_Prod_961/DATA/SALES_ANAPLAN_OIC/work/ff_anaplan_sales_accounts.csv" has been uploaded as ff_anaplan_sales_accounts.csv.
The operation was successful.
Sales Account ID: 185146 (185146/0) rows successful, 0 ignored 

The operation was successful.
ACCOUNT_TYPE cells: 185146
ACCOUNT_SUB_TYPE cells: 185146
START_DATE cells: 185146
END_DATE cells: 185146
STATUS cells: 185146
NSC_START_DATE cells: 185146
NSC_END_DATE cells: 185146
ACCOUNT_NAME cells: 185146
SEGMENT_NAME cells: 71600
SUB_SEGMENT cells: 71600
VERTICAL_TOP cells: 127966
VERTICAL_SUB cells: 102301
PRIMARY_PARTY_ID cells: 24916
NSC_STATUS cells: 185146
SHARE_NODE_ID cells: 183914
NODE_START_DATE cells: 183914
NODE_END_DATE cells: 183914
NODE_STATUS cells: 183914
OWNER_ID cells: 181762
OWNER_START_DATE cells: 181762
OWNER_END_DATE cells: 181762
OWNER_STATUS cells: 181762
OWNERSHIP_STATUS cells: 183718
COVERAGE_LEVEL cells: 181323
COVERAGE_GB_ID cells: 183716
COVERAGE_GB_START_DATE cells: 183716
COVERAGE_GB_END_DATE cells: 183716
FLAG cells: 185146

