20210728150420
cd /apps/informatica/admin/SALES/EA_Sales_Prod_961/DATA/SALES_ANAPLAN_OIC/work/anaplan-connect-1-3-3-3
./AnaplanClient.sh -user anpadmua.gen@cisco.com:L5EJNstptxpa8A7 -workspace 8a81b0106d31d556016d3c59c99941a9 -model 6918C7ACD5A44F24B1D37C8F457EBDFE -action 'Delete SAVM Member ID' -execute -output '/apps/informatica/admin/SALES/EA_Sales_Prod_961/DATA/SALES_ANAPLAN_OIC/work/SAVM_business_view_delete.err'
The operation was successful.

cd /apps/informatica/admin/SALES/EA_Sales_Prod_961/DATA/SALES_ANAPLAN_OIC/work/anaplan-connect-1-3-3-3
./AnaplanClient.sh -user anpadmua.gen@cisco.com:L5EJNstptxpa8A7 -workspace 8a81b0106d31d556016d3c59c99941a9 -model 6918C7ACD5A44F24B1D37C8F457EBDFE -file ff_anaplan_business_view.csv -put '/apps/informatica/admin/SALES/EA_Sales_Prod_961/DATA/SALES_ANAPLAN_OIC/work/ff_anaplan_business_view.csv' -import 'SAVM Member ID from ff_anaplan_business_view.csv' -execute -output '/apps/informatica/admin/SALES/EA_Sales_Prod_961/SALES_ANAPLAN_OIC/work/SAVM_business_view_list.err' -import 'SAVM Business View from ff_anaplan_business_view.csv' -execute -output '/apps/informatica/admin/SALES/EA_Sales_Prod_961/DATA/SALES_ANAPLAN_OIC/work/SAVM_business_view_module.err'
The file "/apps/informatica/admin/SALES/EA_Sales_Prod_961/DATA/SALES_ANAPLAN_OIC/work/ff_anaplan_business_view.csv" has been uploaded as ff_anaplan_business_view.csv.
The operation was successful.
SAVM Member ID: 1054695 (1054695/0) rows successful, 0 ignored 

The operation was successful.
SALES_ACCT_ID cells: 1054695
LINK_PARTY_ID cells: 1054695
LINK_PARTY_TYPE cells: 1054695
INCLUDE_EXCLUDE_FLAG cells: 1054695
SPLIT_PCT cells: 1054695
SCOPE cells: 1041938
STATUS cells: 1054695
START_DATE cells: 1054695
END_DATE cells: 1054695
ACCOUNT_TYPE cells: 1054695
ACCOUNT_SUB_TYPE cells: 1054695
FLAG cells: 1054695

