20210906052653
cd /apps/informatica/admin/SALES/EA_Sales_Prod_961/DATA/SALES_ANAPLAN_OIC/work/anaplan-connect-1-3-3-3
./AnaplanClient.sh -user anpadmua.gen@cisco.com:L5EJNstptxpa8A7 -workspace 8a81b010721f3bec01722c4420f878e0 -model 5486F999A91246CF9D710D228864764F -action 'DEL Confirmed Node ID' -execute -output '/apps/informatica/admin/SALES/EA_Sales_Prod_961/DATA/SALES_ANAPLAN_OIC/work/share_nodes_delete.err'
The operation was successful.

cd /apps/informatica/admin/SALES/EA_Sales_Prod_961/DATA/SALES_ANAPLAN_OIC/work/anaplan-connect-1-3-3-3
./AnaplanClient.sh -user anpadmua.gen@cisco.com:L5EJNstptxpa8A7 -workspace 8a81b010721f3bec01722c4420f878e0 -model 5486F999A91246CF9D710D228864764F -file ff_anaplan_shr_nodes.csv -put '/apps/informatica/admin/SALES/EA_Sales_Prod_961/DATA/SALES_ANAPLAN_OIC/work/ff_anaplan_shr_nodes.csv' -import 'Confirmed Share Node ID from ff_anaplan_shr_nodes.csv' -execute -output '/apps/informatica/admin/SALES/EA_Sales_Prod_961/SALES_ANAPLAN_OIC/work/share_nodes_list.err' -import 'SHARE Nodes - Confirmed from ff_anaplan_shr_nodes.csv' -execute -output '/apps/informatica/admin/SALES/EA_Sales_Prod_961/DATA/SALES_ANAPLAN_OIC/work/share_nodes_module.err'
The file "/apps/informatica/admin/SALES/EA_Sales_Prod_961/DATA/SALES_ANAPLAN_OIC/work/ff_anaplan_shr_nodes.csv" has been uploaded as ff_anaplan_shr_nodes.csv.
The operation was successful.
Confirmed Share Node ID: 53990 (53990/0) rows successful, 0 ignored 

The operation was successful.
#STRUCTURE_NODE_ID cells: 53990
VERSION_ID cells: 53990
VERSION_NAME cells: 53990
VERSION_EFFECTIVE_DATE cells: 53990
STRUCTURE_TYPE_ID cells: 53990
STRUCTURE_TYPE_NAME cells: 53990
NODE_NAME cells: 51461
SEGMENT1 cells: 53990
ORIGINAL_NODE_ID cells: 2529
PARENT_NODE_ID cells: 53989
NODE_TYPE cells: 53990
LEVEL_ID cells: 53990
STRUCTURE_NODE_NAME cells: 53990
NODE_EFFECTIVE_DATE cells: 53990
COUNTRY_CODE cells: 51461
SALES_COVERAGE_ATTRIBUTE cells: 51461
SUBSALES_COVERAGE_ATTRIBUTE cells: 51461
EXTERNAL_THEATER_ATTRIBUTE cells: 51461
GLOBAL_LANDED_THEATER cells: 1541
GLOBAL_HQ_THEATER cells: 1401
CV_MARKET_VALUE cells: 757
PURE_OVERLAY cells: 53990
STRUCTURE_NODE_NAME_L1 cells: 53990
STRUCTURE_NODE_NAME_L2 cells: 53989
STRUCTURE_NODE_NAME_L3 cells: 53983
STRUCTURE_NODE_NAME_L4 cells: 53893
STRUCTURE_NODE_NAME_L5 cells: 53031
STRUCTURE_NODE_NAME_L6 cells: 49671
STRUCTURE_NODE_NAME_L7 cells: 40241
NODE_ID_LEVEL_1 cells: 53990
NODE_ID_LEVEL_2 cells: 53989
NODE_ID_LEVEL_3 cells: 53983
NODE_ID_LEVEL_4 cells: 53893
NODE_ID_LEVEL_5 cells: 53031
NODE_ID_LEVEL_6 cells: 49671
NODE_ID_LEVEL_7 cells: 40241
DUMMY_NODE_FLG cells: 53990

