PUBLIC_JOB_TITLE cells: 43491
BIZ_ROLE_ASSIGN_LIMIT cells: 43491
BIZ_ROLE_ID cells: 43491
BIZ_ROLE_NAME cells: 43491
ASSIGNMENT_LIMIT cells: 43491
BIZ_SUBROLE_ID cells: 43491
SUBROLE_NAME cells: 43491
BIZ_SUB_ROLE_DESC cells: 43491
COMMISIONABLE cells: 43491
SUB_ROLE_ASSIGN_LIMIT cells: 43491
FLAG cells: 43491

20210321151101
cd /apps/informatica/admin/SALES/EA_Sales_Prod_961/DATA/SALES_ANAPLAN_OIC/work/anaplan-connect-1-3-3-3
./AnaplanClient.sh -user anpadmua.gen@cisco.com:L5EJNstptxpa7B5 -workspace 8a81b0106d31d556016d3c59c99941a9 -model 1DF1AF61970242EFAF7E7A2951C4140C -action 'Delete Job Key' -execute -output '/apps/informatica/admin/SALES/EA_Sales_Prod_961/DATA/SALES_ANAPLAN_OIC/work/share_job_role_title_delete.err'
The operation was successful.

cd /apps/informatica/admin/SALES/EA_Sales_Prod_961/DATA/SALES_ANAPLAN_OIC/work/anaplan-connect-1-3-3-3
./AnaplanClient.sh -user anpadmua.gen@cisco.com:L5EJNstptxpa7B5 -workspace 8a81b0106d31d556016d3c59c99941a9 -model 1DF1AF61970242EFAF7E7A2951C4140C -file FF_SHR_JOB_ROLE_TITLE.csv -put '/apps/informatica/admin/SALES/EA_Sales_Prod_961/DATA/SALES_ANAPLAN_OIC/work/FF_SHR_JOB_ROLE_TITLE.csv' -import 'Job Title ID from FF_SHR_JOB_ROLE_TITLE.csv' -execute -output '/apps/informatica/admin/SALES/EA_Sales_Prod_961/SALES_ANAPLAN_OIC/work/share_job_role_title_list.err' -import 'Share Role Title from FF_SHR_JOB_ROLE_TITLE.csv' -execute -output '/apps/informatica/admin/SALES/EA_Sales_Prod_961/DATA/SALES_ANAPLAN_OIC/work/share_job_role_title_module.err'
The file "/apps/informatica/admin/SALES/EA_Sales_Prod_961/DATA/SALES_ANAPLAN_OIC/work/FF_SHR_JOB_ROLE_TITLE.csv" has been uploaded as FF_SHR_JOB_ROLE_TITLE.csv.
The operation was successful.
Job Key: 43491 (43491/0) rows successful, 0 ignored 

The operation was successful.
TITLE_DESCRIPTION cells: 43491
JOB_TITLE_ID cells: 43491
PUBLIC_JOB_TITLE cells: 43491
BIZ_ROLE_ASSIGN_LIMIT cells: 43491
BIZ_ROLE_ID cells: 43491
BIZ_ROLE_NAME cells: 43491
ASSIGNMENT_LIMIT cells: 43491
BIZ_SUBROLE_ID cells: 43491
SUBROLE_NAME cells: 43491
BIZ_SUB_ROLE_DESC cells: 43491
COMMISIONABLE cells: 43491
SUB_ROLE_ASSIGN_LIMIT cells: 43491
FLAG cells: 43491

20210324151142
cd /apps/informatica/admin/SALES/EA_Sales_Prod_961/DATA/SALES_ANAPLAN_OIC/work/anaplan-connect-1-3-3-3
./AnaplanClient.sh -user anpadmua.gen@cisco.com:L5EJNstptxpa7B5 -workspace 8a81b0106d31d556016d3c59c99941a9 -model 1DF1AF61970242EFAF7E7A2951C4140C -action 'Delete Job Key' -execute -output '/apps/informatica/admin/SALES/EA_Sales_Prod_961/DATA/SALES_ANAPLAN_OIC/work/share_job_role_title_delete.err'
The operation was successful.

cd /apps/informatica/admin/SALES/EA_Sales_Prod_961/DATA/SALES_ANAPLAN_OIC/work/anaplan-connect-1-3-3-3
./AnaplanClient.sh -user anpadmua.gen@cisco.com:L5EJNstptxpa7B5 -workspace 8a81b0106d31d556016d3c59c99941a9 -model 1DF1AF61970242EFAF7E7A2951C4140C -file FF_SHR_JOB_ROLE_TITLE.csv -put '/apps/informatica/admin/SALES/EA_Sales_Prod_961/DATA/SALES_ANAPLAN_OIC/work/FF_SHR_JOB_ROLE_TITLE.csv' -import 'Job Title ID from FF_SHR_JOB_ROLE_TITLE.csv' -execute -output '/apps/informatica/admin/SALES/EA_Sales_Prod_961/SALES_ANAPLAN_OIC/work/share_job_role_title_list.err' -import 'Share Role Title from FF_SHR_JOB_ROLE_TITLE.csv' -execute -output '/apps/informatica/admin/SALES/EA_Sales_Prod_961/DATA/SALES_ANAPLAN_OIC/work/share_job_role_title_module.err'
The file "/apps/informatica/admin/SALES/EA_Sales_Prod_961/DATA/SALES_ANAPLAN_OIC/work/FF_SHR_JOB_ROLE_TITLE.csv" has been uploaded as FF_SHR_JOB_ROLE_TITLE.csv.
The operation was successful.
Job Key: 43491 (43491/0) rows successful, 0 ignored 

The operation was successful.
TITLE_DESCRIPTION cells: 43491
JOB_TITLE_ID cells: 43491
PUBLIC_JOB_TITLE cells: 43491
BIZ_ROLE_ASSIGN_LIMIT cells: 43491
BIZ_ROLE_ID cells: 43491
BIZ_ROLE_NAME cells: 43491
ASSIGNMENT_LIMIT cells: 43491
BIZ_SUBROLE_ID cells: 43491
SUBROLE_NAME cells: 43491
BIZ_SUB_ROLE_DESC cells: 43491
COMMISIONABLE cells: 43491
SUB_ROLE_ASSIGN_LIMIT cells: 43491
FLAG cells: 43491

20210328151254
cd /apps/informatica/admin/SALES/EA_Sales_Prod_961/DATA/SALES_ANAPLAN_OIC/work/anaplan-connect-1-3-3-3
./AnaplanClient.sh -user anpadmua.gen@cisco.com:L5EJNstptxpa7B5 -workspace 8a81b0106d31d556016d3c59c99941a9 -model 1DF1AF61970242EFAF7E7A2951C4140C -action 'Delete Job Key' -execute -output '/apps/informatica/admin/SALES/EA_Sales_Prod_961/DATA/SALES_ANAPLAN_OIC/work/share_job_role_title_delete.err'
The operation was successful.

cd /apps/informatica/admin/SALES/EA_Sales_Prod_961/DATA/SALES_ANAPLAN_OIC/work/anaplan-connect-1-3-3-3
./AnaplanClient.sh -user anpadmua.gen@cisco.com:L5EJNstptxpa7B5 -workspace 8a81b0106d31d556016d3c59c99941a9 -model 1DF1AF61970242EFAF7E7A2951C4140C -file FF_SHR_JOB_ROLE_TITLE.csv -put '/apps/informatica/admin/SALES/EA_Sales_Prod_961/DATA/SALES_ANAPLAN_OIC/work/FF_SHR_JOB_ROLE_TITLE.csv' -import 'Job Title ID from FF_SHR_JOB_ROLE_TITLE.csv' -execute -output '/apps/informatica/admin/SALES/EA_Sales_Prod_961/SALES_ANAPLAN_OIC/work/share_job_role_title_list.err' -import 'Share Role Title from FF_SHR_JOB_ROLE_TITLE.csv' -execute -output '/apps/informatica/admin/SALES/EA_Sales_Prod_961/DATA/SALES_ANAPLAN_OIC/work/share_job_role_title_module.err'
The file "/apps/informatica/admin/SALES/EA_Sales_Prod_961/DATA/SALES_ANAPLAN_OIC/work/FF_SHR_JOB_ROLE_TITLE.csv" has been uploaded as FF_SHR_JOB_ROLE_TITLE.csv.
The operation was successful.
Job Key: 43493 (43493/0) rows successful, 0 ignored 

The operation was successful.
TITLE_DESCRIPTION cells: 43493
JOB_TITLE_ID cells: 43493
PUBLIC_JOB_TITLE cells: 43493
BIZ_ROLE_ASSIGN_LIMIT cells: 43493
BIZ_ROLE_ID cells: 43493
BIZ_ROLE_NAME cells: 43493
ASSIGNMENT_LIMIT cells: 43493
BIZ_SUBROLE_ID cells: 43493
SUBROLE_NAME cells: 43493
BIZ_SUB_ROLE_DESC cells: 43493
COMMISIONABLE cells: 43493
SUB_ROLE_ASSIGN_LIMIT cells: 43493
FLAG cells: 43493

20210331150940
cd /apps/informatica/admin/SALES/EA_Sales_Prod_961/DATA/SALES_ANAPLAN_OIC/work/anaplan-connect-1-3-3-3
./AnaplanClient.sh -user anpadmua.gen@cisco.com:L5EJNstptxpa7B5 -workspace 8a81b0106d31d556016d3c59c99941a9 -model 1DF1AF61970242EFAF7E7A2951C4140C -action 'Delete Job Key' -execute -output '/apps/informatica/admin/SALES/EA_Sales_Prod_961/DATA/SALES_ANAPLAN_OIC/work/share_job_role_title_delete.err'
The operation was successful.

cd /apps/informatica/admin/SALES/EA_Sales_Prod_961/DATA/SALES_ANAPLAN_OIC/work/anaplan-connect-1-3-3-3
./AnaplanClient.sh -user anpadmua.gen@cisco.com:L5EJNstptxpa7B5 -workspace 8a81b0106d31d556016d3c59c99941a9 -model 1DF1AF61970242EFAF7E7A2951C4140C -file FF_SHR_JOB_ROLE_TITLE.csv -put '/apps/informatica/admin/SALES/EA_Sales_Prod_961/DATA/SALES_ANAPLAN_OIC/work/FF_SHR_JOB_ROLE_TITLE.csv' -import 'Job Title ID from FF_SHR_JOB_ROLE_TITLE.csv' -execute -output '/apps/informatica/admin/SALES/EA_Sales_Prod_961/SALES_ANAPLAN_OIC/work/share_job_role_title_list.err' -import 'Share Role Title from FF_SHR_JOB_ROLE_TITLE.csv' -execute -output '/apps/informatica/admin/SALES/EA_Sales_Prod_961/DATA/SALES_ANAPLAN_OIC/work/share_job_role_title_module.err'
The file "/apps/informatica/admin/SALES/EA_Sales_Prod_961/DATA/SALES_ANAPLAN_OIC/work/FF_SHR_JOB_ROLE_TITLE.csv" has been uploaded as FF_SHR_JOB_ROLE_TITLE.csv.
The operation was successful.
Job Key: 43497 (43497/0) rows successful, 0 ignored 

The operation was successful.
TITLE_DESCRIPTION cells: 43497
JOB_TITLE_ID cells: 43497
PUBLIC_JOB_TITLE cells: 43497
BIZ_ROLE_ASSIGN_LIMIT cells: 43497
BIZ_ROLE_ID cells: 43497
BIZ_ROLE_NAME cells: 43497
ASSIGNMENT_LIMIT cells: 43497
BIZ_SUBROLE_ID cells: 43497
SUBROLE_NAME cells: 43497
BIZ_SUB_ROLE_DESC cells: 43497
COMMISIONABLE cells: 43497
SUB_ROLE_ASSIGN_LIMIT cells: 43497
FLAG cells: 43497

20210404151143
cd /apps/informatica/admin/SALES/EA_Sales_Prod_961/DATA/SALES_ANAPLAN_OIC/work/anaplan-connect-1-3-3-3
./AnaplanClient.sh -user anpadmua.gen@cisco.com:L5EJNstptxpa7B5 -workspace 8a81b0106d31d556016d3c59c99941a9 -model 1DF1AF61970242EFAF7E7A2951C4140C -action 'Delete Job Key' -execute -output '/apps/informatica/admin/SALES/EA_Sales_Prod_961/DATA/SALES_ANAPLAN_OIC/work/share_job_role_title_delete.err'
The operation was successful.

cd /apps/informatica/admin/SALES/EA_Sales_Prod_961/DATA/SALES_ANAPLAN_OIC/work/anaplan-connect-1-3-3-3
./AnaplanClient.sh -user anpadmua.gen@cisco.com:L5EJNstptxpa7B5 -workspace 8a81b0106d31d556016d3c59c99941a9 -model 1DF1AF61970242EFAF7E7A2951C4140C -file FF_SHR_JOB_ROLE_TITLE.csv -put '/apps/informatica/admin/SALES/EA_Sales_Prod_961/DATA/SALES_ANAPLAN_OIC/work/FF_SHR_JOB_ROLE_TITLE.csv' -import 'Job Title ID from FF_SHR_JOB_ROLE_TITLE.csv' -execute -output '/apps/informatica/admin/SALES/EA_Sales_Prod_961/SALES_ANAPLAN_OIC/work/share_job_role_title_list.err' -import 'Share Role Title from FF_SHR_JOB_ROLE_TITLE.csv' -execute -output '/apps/informatica/admin/SALES/EA_Sales_Prod_961/DATA/SALES_ANAPLAN_OIC/work/share_job_role_title_module.err'
The file "/apps/informatica/admin/SALES/EA_Sales_Prod_961/DATA/SALES_ANAPLAN_OIC/work/FF_SHR_JOB_ROLE_TITLE.csv" has been uploaded as FF_SHR_JOB_ROLE_TITLE.csv.
The operation was successful.
Job Key: 43503 (43503/0) rows successful, 0 ignored 

The operation was successful.
TITLE_DESCRIPTION cells: 43503
JOB_TITLE_ID cells: 43503
PUBLIC_JOB_TITLE cells: 43503
BIZ_ROLE_ASSIGN_LIMIT cells: 43503
BIZ_ROLE_ID cells: 43503
BIZ_ROLE_NAME cells: 43503
ASSIGNMENT_LIMIT cells: 43503
BIZ_SUBROLE_ID cells: 43503
SUBROLE_NAME cells: 43503
BIZ_SUB_ROLE_DESC cells: 43503
COMMISIONABLE cells: 43503
SUB_ROLE_ASSIGN_LIMIT cells: 43503
FLAG cells: 43503

20210407151257
cd /apps/informatica/admin/SALES/EA_Sales_Prod_961/DATA/SALES_ANAPLAN_OIC/work/anaplan-connect-1-3-3-3
./AnaplanClient.sh -user anpadmua.gen@cisco.com:L5EJNstptxpa7B5 -workspace 8a81b0106d31d556016d3c59c99941a9 -model 1DF1AF61970242EFAF7E7A2951C4140C -action 'Delete Job Key' -execute -output '/apps/informatica/admin/SALES/EA_Sales_Prod_961/DATA/SALES_ANAPLAN_OIC/work/share_job_role_title_delete.err'
The operation was successful.

cd /apps/informatica/admin/SALES/EA_Sales_Prod_961/DATA/SALES_ANAPLAN_OIC/work/anaplan-connect-1-3-3-3
./AnaplanClient.sh -user anpadmua.gen@cisco.com:L5EJNstptxpa7B5 -workspace 8a81b0106d31d556016d3c59c99941a9 -model 1DF1AF61970242EFAF7E7A2951C4140C -file FF_SHR_JOB_ROLE_TITLE.csv -put '/apps/informatica/admin/SALES/EA_Sales_Prod_961/DATA/SALES_ANAPLAN_OIC/work/FF_SHR_JOB_ROLE_TITLE.csv' -import 'Job Title ID from FF_SHR_JOB_ROLE_TITLE.csv' -execute -output '/apps/informatica/admin/SALES/EA_Sales_Prod_961/SALES_ANAPLAN_OIC/work/share_job_role_title_list.err' -import 'Share Role Title from FF_SHR_JOB_ROLE_TITLE.csv' -execute -output '/apps/informatica/admin/SALES/EA_Sales_Prod_961/DATA/SALES_ANAPLAN_OIC/work/share_job_role_title_module.err'
The file "/apps/informatica/admin/SALES/EA_Sales_Prod_961/DATA/SALES_ANAPLAN_OIC/work/FF_SHR_JOB_ROLE_TITLE.csv" has been uploaded as FF_SHR_JOB_ROLE_TITLE.csv.
The operation was successful.
Job Key: 43503 (43503/0) rows successful, 0 ignored 

The operation was successful.
TITLE_DESCRIPTION cells: 43503
JOB_TITLE_ID cells: 43503
PUBLIC_JOB_TITLE cells: 43503
BIZ_ROLE_ASSIGN_LIMIT cells: 43503
BIZ_ROLE_ID cells: 43503
BIZ_ROLE_NAME cells: 43503
ASSIGNMENT_LIMIT cells: 43503
BIZ_SUBROLE_ID cells: 43503
SUBROLE_NAME cells: 43503
BIZ_SUB_ROLE_DESC cells: 43503
COMMISIONABLE cells: 43503
SUB_ROLE_ASSIGN_LIMIT cells: 43503
FLAG cells: 43503

20210411151115
cd /apps/informatica/admin/SALES/EA_Sales_Prod_961/DATA/SALES_ANAPLAN_OIC/work/anaplan-connect-1-3-3-3
./AnaplanClient.sh -user anpadmua.gen@cisco.com:L5EJNstptxpa7B5 -workspace 8a81b0106d31d556016d3c59c99941a9 -model 1DF1AF61970242EFAF7E7A2951C4140C -action 'Delete Job Key' -execute -output '/apps/informatica/admin/SALES/EA_Sales_Prod_961/DATA/SALES_ANAPLAN_OIC/work/share_job_role_title_delete.err'
The operation was successful.

cd /apps/informatica/admin/SALES/EA_Sales_Prod_961/DATA/SALES_ANAPLAN_OIC/work/anaplan-connect-1-3-3-3
./AnaplanClient.sh -user anpadmua.gen@cisco.com:L5EJNstptxpa7B5 -workspace 8a81b0106d31d556016d3c59c99941a9 -model 1DF1AF61970242EFAF7E7A2951C4140C -file FF_SHR_JOB_ROLE_TITLE.csv -put '/apps/informatica/admin/SALES/EA_Sales_Prod_961/DATA/SALES_ANAPLAN_OIC/work/FF_SHR_JOB_ROLE_TITLE.csv' -import 'Job Title ID from FF_SHR_JOB_ROLE_TITLE.csv' -execute -output '/apps/informatica/admin/SALES/EA_Sales_Prod_961/SALES_ANAPLAN_OIC/work/share_job_role_title_list.err' -import 'Share Role Title from FF_SHR_JOB_ROLE_TITLE.csv' -execute -output '/apps/informatica/admin/SALES/EA_Sales_Prod_961/DATA/SALES_ANAPLAN_OIC/work/share_job_role_title_module.err'
The file "/apps/informatica/admin/SALES/EA_Sales_Prod_961/DATA/SALES_ANAPLAN_OIC/work/FF_SHR_JOB_ROLE_TITLE.csv" has been uploaded as FF_SHR_JOB_ROLE_TITLE.csv.
The operation was successful.
Job Key: 43503 (43503/0) rows successful, 0 ignored 

The operation was successful.
TITLE_DESCRIPTION cells: 43503
JOB_TITLE_ID cells: 43503
PUBLIC_JOB_TITLE cells: 43503
BIZ_ROLE_ASSIGN_LIMIT cells: 43503
BIZ_ROLE_ID cells: 43503
BIZ_ROLE_NAME cells: 43503
ASSIGNMENT_LIMIT cells: 43503
BIZ_SUBROLE_ID cells: 43503
SUBROLE_NAME cells: 43503
BIZ_SUB_ROLE_DESC cells: 43503
COMMISIONABLE cells: 43503
SUB_ROLE_ASSIGN_LIMIT cells: 43503
FLAG cells: 43503

20210414151041
cd /apps/informatica/admin/SALES/EA_Sales_Prod_961/DATA/SALES_ANAPLAN_OIC/work/anaplan-connect-1-3-3-3
./AnaplanClient.sh -user anpadmua.gen@cisco.com:L5EJNstptxpa7B5 -workspace 8a81b0106d31d556016d3c59c99941a9 -model 1DF1AF61970242EFAF7E7A2951C4140C -action 'Delete Job Key' -execute -output '/apps/informatica/admin/SALES/EA_Sales_Prod_961/DATA/SALES_ANAPLAN_OIC/work/share_job_role_title_delete.err'
The operation was successful.

cd /apps/informatica/admin/SALES/EA_Sales_Prod_961/DATA/SALES_ANAPLAN_OIC/work/anaplan-connect-1-3-3-3
./AnaplanClient.sh -user anpadmua.gen@cisco.com:L5EJNstptxpa7B5 -workspace 8a81b0106d31d556016d3c59c99941a9 -model 1DF1AF61970242EFAF7E7A2951C4140C -file FF_SHR_JOB_ROLE_TITLE.csv -put '/apps/informatica/admin/SALES/EA_Sales_Prod_961/DATA/SALES_ANAPLAN_OIC/work/FF_SHR_JOB_ROLE_TITLE.csv' -import 'Job Title ID from FF_SHR_JOB_ROLE_TITLE.csv' -execute -output '/apps/informatica/admin/SALES/EA_Sales_Prod_961/SALES_ANAPLAN_OIC/work/share_job_role_title_list.err' -import 'Share Role Title from FF_SHR_JOB_ROLE_TITLE.csv' -execute -output '/apps/informatica/admin/SALES/EA_Sales_Prod_961/DATA/SALES_ANAPLAN_OIC/work/share_job_role_title_module.err'
The file "/apps/informatica/admin/SALES/EA_Sales_Prod_961/DATA/SALES_ANAPLAN_OIC/work/FF_SHR_JOB_ROLE_TITLE.csv" has been uploaded as FF_SHR_JOB_ROLE_TITLE.csv.
The operation was successful.
Job Key: 43503 (43503/0) rows successful, 0 ignored 

The operation was successful.
TITLE_DESCRIPTION cells: 43503
JOB_TITLE_ID cells: 43503
PUBLIC_JOB_TITLE cells: 43503
BIZ_ROLE_ASSIGN_LIMIT cells: 43503
BIZ_ROLE_ID cells: 43503
BIZ_ROLE_NAME cells: 43503
ASSIGNMENT_LIMIT cells: 43503
BIZ_SUBROLE_ID cells: 43503
SUBROLE_NAME cells: 43503
BIZ_SUB_ROLE_DESC cells: 43503
COMMISIONABLE cells: 43503
SUB_ROLE_ASSIGN_LIMIT cells: 43503
FLAG cells: 43503

20210418151055
cd /apps/informatica/admin/SALES/EA_Sales_Prod_961/DATA/SALES_ANAPLAN_OIC/work/anaplan-connect-1-3-3-3
./AnaplanClient.sh -user anpadmua.gen@cisco.com:L5EJNstptxpa7B5 -workspace 8a81b0106d31d556016d3c59c99941a9 -model 1DF1AF61970242EFAF7E7A2951C4140C -action 'Delete Job Key' -execute -output '/apps/informatica/admin/SALES/EA_Sales_Prod_961/DATA/SALES_ANAPLAN_OIC/work/share_job_role_title_delete.err'
The operation was successful.

cd /apps/informatica/admin/SALES/EA_Sales_Prod_961/DATA/SALES_ANAPLAN_OIC/work/anaplan-connect-1-3-3-3
./AnaplanClient.sh -user anpadmua.gen@cisco.com:L5EJNstptxpa7B5 -workspace 8a81b0106d31d556016d3c59c99941a9 -model 1DF1AF61970242EFAF7E7A2951C4140C -file FF_SHR_JOB_ROLE_TITLE.csv -put '/apps/informatica/admin/SALES/EA_Sales_Prod_961/DATA/SALES_ANAPLAN_OIC/work/FF_SHR_JOB_ROLE_TITLE.csv' -import 'Job Title ID from FF_SHR_JOB_ROLE_TITLE.csv' -execute -output '/apps/informatica/admin/SALES/EA_Sales_Prod_961/SALES_ANAPLAN_OIC/work/share_job_role_title_list.err' -import 'Share Role Title from FF_SHR_JOB_ROLE_TITLE.csv' -execute -output '/apps/informatica/admin/SALES/EA_Sales_Prod_961/DATA/SALES_ANAPLAN_OIC/work/share_job_role_title_module.err'
The file "/apps/informatica/admin/SALES/EA_Sales_Prod_961/DATA/SALES_ANAPLAN_OIC/work/FF_SHR_JOB_ROLE_TITLE.csv" has been uploaded as FF_SHR_JOB_ROLE_TITLE.csv.
The operation was successful.
Job Key: 43503 (43503/0) rows successful, 0 ignored 

The operation was successful.
TITLE_DESCRIPTION cells: 43503
JOB_TITLE_ID cells: 43503
PUBLIC_JOB_TITLE cells: 43503
BIZ_ROLE_ASSIGN_LIMIT cells: 43503
BIZ_ROLE_ID cells: 43503
BIZ_ROLE_NAME cells: 43503
ASSIGNMENT_LIMIT cells: 43503
BIZ_SUBROLE_ID cells: 43503
SUBROLE_NAME cells: 43503
BIZ_SUB_ROLE_DESC cells: 43503
COMMISIONABLE cells: 43503
SUB_ROLE_ASSIGN_LIMIT cells: 43503
FLAG cells: 43503

20210421151138
cd /apps/informatica/admin/SALES/EA_Sales_Prod_961/DATA/SALES_ANAPLAN_OIC/work/anaplan-connect-1-3-3-3
./AnaplanClient.sh -user anpadmua.gen@cisco.com:L5EJNstptxpa7B5 -workspace 8a81b0106d31d556016d3c59c99941a9 -model 1DF1AF61970242EFAF7E7A2951C4140C -action 'Delete Job Key' -execute -output '/apps/informatica/admin/SALES/EA_Sales_Prod_961/DATA/SALES_ANAPLAN_OIC/work/share_job_role_title_delete.err'
The operation was successful.

cd /apps/informatica/admin/SALES/EA_Sales_Prod_961/DATA/SALES_ANAPLAN_OIC/work/anaplan-connect-1-3-3-3
./AnaplanClient.sh -user anpadmua.gen@cisco.com:L5EJNstptxpa7B5 -workspace 8a81b0106d31d556016d3c59c99941a9 -model 1DF1AF61970242EFAF7E7A2951C4140C -file FF_SHR_JOB_ROLE_TITLE.csv -put '/apps/informatica/admin/SALES/EA_Sales_Prod_961/DATA/SALES_ANAPLAN_OIC/work/FF_SHR_JOB_ROLE_TITLE.csv' -import 'Job Title ID from FF_SHR_JOB_ROLE_TITLE.csv' -execute -output '/apps/informatica/admin/SALES/EA_Sales_Prod_961/SALES_ANAPLAN_OIC/work/share_job_role_title_list.err' -import 'Share Role Title from FF_SHR_JOB_ROLE_TITLE.csv' -execute -output '/apps/informatica/admin/SALES/EA_Sales_Prod_961/DATA/SALES_ANAPLAN_OIC/work/share_job_role_title_module.err'
The file "/apps/informatica/admin/SALES/EA_Sales_Prod_961/DATA/SALES_ANAPLAN_OIC/work/FF_SHR_JOB_ROLE_TITLE.csv" has been uploaded as FF_SHR_JOB_ROLE_TITLE.csv.
The operation was successful.
Job Key: 43503 (43503/0) rows successful, 0 ignored 

The operation was successful.
TITLE_DESCRIPTION cells: 43503
JOB_TITLE_ID cells: 43503
PUBLIC_JOB_TITLE cells: 43503
BIZ_ROLE_ASSIGN_LIMIT cells: 43503
BIZ_ROLE_ID cells: 43503
BIZ_ROLE_NAME cells: 43503
ASSIGNMENT_LIMIT cells: 43503
BIZ_SUBROLE_ID cells: 43503
SUBROLE_NAME cells: 43503
BIZ_SUB_ROLE_DESC cells: 43503
COMMISIONABLE cells: 43503
SUB_ROLE_ASSIGN_LIMIT cells: 43503
FLAG cells: 43503

20210425151115
cd /apps/informatica/admin/SALES/EA_Sales_Prod_961/DATA/SALES_ANAPLAN_OIC/work/anaplan-connect-1-3-3-3
./AnaplanClient.sh -user anpadmua.gen@cisco.com:L5EJNstptxpa7B5 -workspace 8a81b0106d31d556016d3c59c99941a9 -model 1DF1AF61970242EFAF7E7A2951C4140C -action 'Delete Job Key' -execute -output '/apps/informatica/admin/SALES/EA_Sales_Prod_961/DATA/SALES_ANAPLAN_OIC/work/share_job_role_title_delete.err'
The operation was successful.

cd /apps/informatica/admin/SALES/EA_Sales_Prod_961/DATA/SALES_ANAPLAN_OIC/work/anaplan-connect-1-3-3-3
./AnaplanClient.sh -user anpadmua.gen@cisco.com:L5EJNstptxpa7B5 -workspace 8a81b0106d31d556016d3c59c99941a9 -model 1DF1AF61970242EFAF7E7A2951C4140C -file FF_SHR_JOB_ROLE_TITLE.csv -put '/apps/informatica/admin/SALES/EA_Sales_Prod_961/DATA/SALES_ANAPLAN_OIC/work/FF_SHR_JOB_ROLE_TITLE.csv' -import 'Job Title ID from FF_SHR_JOB_ROLE_TITLE.csv' -execute -output '/apps/informatica/admin/SALES/EA_Sales_Prod_961/SALES_ANAPLAN_OIC/work/share_job_role_title_list.err' -import 'Share Role Title from FF_SHR_JOB_ROLE_TITLE.csv' -execute -output '/apps/informatica/admin/SALES/EA_Sales_Prod_961/DATA/SALES_ANAPLAN_OIC/work/share_job_role_title_module.err'
The file "/apps/informatica/admin/SALES/EA_Sales_Prod_961/DATA/SALES_ANAPLAN_OIC/work/FF_SHR_JOB_ROLE_TITLE.csv" has been uploaded as FF_SHR_JOB_ROLE_TITLE.csv.
The operation was successful.
Job Key: 43503 (43503/0) rows successful, 0 ignored 

The operation was successful.
TITLE_DESCRIPTION cells: 43503
JOB_TITLE_ID cells: 43503
PUBLIC_JOB_TITLE cells: 43503
BIZ_ROLE_ASSIGN_LIMIT cells: 43503
BIZ_ROLE_ID cells: 43503
BIZ_ROLE_NAME cells: 43503
ASSIGNMENT_LIMIT cells: 43503
BIZ_SUBROLE_ID cells: 43503
SUBROLE_NAME cells: 43503
BIZ_SUB_ROLE_DESC cells: 43503
COMMISIONABLE cells: 43503
SUB_ROLE_ASSIGN_LIMIT cells: 43503
FLAG cells: 43503

20210428150912
cd /apps/informatica/admin/SALES/EA_Sales_Prod_961/DATA/SALES_ANAPLAN_OIC/work/anaplan-connect-1-3-3-3
./AnaplanClient.sh -user anpadmua.gen@cisco.com:L5EJNstptxpa7B5 -workspace 8a81b0106d31d556016d3c59c99941a9 -model 1DF1AF61970242EFAF7E7A2951C4140C -action 'Delete Job Key' -execute -output '/apps/informatica/admin/SALES/EA_Sales_Prod_961/DATA/SALES_ANAPLAN_OIC/work/share_job_role_title_delete.err'
The operation was successful.

cd /apps/informatica/admin/SALES/EA_Sales_Prod_961/DATA/SALES_ANAPLAN_OIC/work/anaplan-connect-1-3-3-3
./AnaplanClient.sh -user anpadmua.gen@cisco.com:L5EJNstptxpa7B5 -workspace 8a81b0106d31d556016d3c59c99941a9 -model 1DF1AF61970242EFAF7E7A2951C4140C -file FF_SHR_JOB_ROLE_TITLE.csv -put '/apps/informatica/admin/SALES/EA_Sales_Prod_961/DATA/SALES_ANAPLAN_OIC/work/FF_SHR_JOB_ROLE_TITLE.csv' -import 'Job Title ID from FF_SHR_JOB_ROLE_TITLE.csv' -execute -output '/apps/informatica/admin/SALES/EA_Sales_Prod_961/SALES_ANAPLAN_OIC/work/share_job_role_title_list.err' -import 'Share Role Title from FF_SHR_JOB_ROLE_TITLE.csv' -execute -output '/apps/informatica/admin/SALES/EA_Sales_Prod_961/DATA/SALES_ANAPLAN_OIC/work/share_job_role_title_module.err'
The file "/apps/informatica/admin/SALES/EA_Sales_Prod_961/DATA/SALES_ANAPLAN_OIC/work/FF_SHR_JOB_ROLE_TITLE.csv" has been uploaded as FF_SHR_JOB_ROLE_TITLE.csv.
The operation was successful.
Job Key: 43507 (43507/0) rows successful, 0 ignored 

The operation was successful.
TITLE_DESCRIPTION cells: 43507
JOB_TITLE_ID cells: 43507
PUBLIC_JOB_TITLE cells: 43507
BIZ_ROLE_ASSIGN_LIMIT cells: 43507
BIZ_ROLE_ID cells: 43507
BIZ_ROLE_NAME cells: 43507
ASSIGNMENT_LIMIT cells: 43507
BIZ_SUBROLE_ID cells: 43507
SUBROLE_NAME cells: 43507
BIZ_SUB_ROLE_DESC cells: 43507
COMMISIONABLE cells: 43507
SUB_ROLE_ASSIGN_LIMIT cells: 43507
FLAG cells: 43507

20210502151056
cd /apps/informatica/admin/SALES/EA_Sales_Prod_961/DATA/SALES_ANAPLAN_OIC/work/anaplan-connect-1-3-3-3
./AnaplanClient.sh -user anpadmua.gen@cisco.com:L5EJNstptxpa7B5 -workspace 8a81b0106d31d556016d3c59c99941a9 -model 1DF1AF61970242EFAF7E7A2951C4140C -action 'Delete Job Key' -execute -output '/apps/informatica/admin/SALES/EA_Sales_Prod_961/DATA/SALES_ANAPLAN_OIC/work/share_job_role_title_delete.err'
The operation was successful.

cd /apps/informatica/admin/SALES/EA_Sales_Prod_961/DATA/SALES_ANAPLAN_OIC/work/anaplan-connect-1-3-3-3
./AnaplanClient.sh -user anpadmua.gen@cisco.com:L5EJNstptxpa7B5 -workspace 8a81b0106d31d556016d3c59c99941a9 -model 1DF1AF61970242EFAF7E7A2951C4140C -file FF_SHR_JOB_ROLE_TITLE.csv -put '/apps/informatica/admin/SALES/EA_Sales_Prod_961/DATA/SALES_ANAPLAN_OIC/work/FF_SHR_JOB_ROLE_TITLE.csv' -import 'Job Title ID from FF_SHR_JOB_ROLE_TITLE.csv' -execute -output '/apps/informatica/admin/SALES/EA_Sales_Prod_961/SALES_ANAPLAN_OIC/work/share_job_role_title_list.err' -import 'Share Role Title from FF_SHR_JOB_ROLE_TITLE.csv' -execute -output '/apps/informatica/admin/SALES/EA_Sales_Prod_961/DATA/SALES_ANAPLAN_OIC/work/share_job_role_title_module.err'
The file "/apps/informatica/admin/SALES/EA_Sales_Prod_961/DATA/SALES_ANAPLAN_OIC/work/FF_SHR_JOB_ROLE_TITLE.csv" has been uploaded as FF_SHR_JOB_ROLE_TITLE.csv.
The operation was successful.
Job Key: 43507 (43507/0) rows successful, 0 ignored 

The operation was successful.
TITLE_DESCRIPTION cells: 43507
JOB_TITLE_ID cells: 43507
PUBLIC_JOB_TITLE cells: 43507
BIZ_ROLE_ASSIGN_LIMIT cells: 43507
BIZ_ROLE_ID cells: 43507
BIZ_ROLE_NAME cells: 43507
ASSIGNMENT_LIMIT cells: 43507
BIZ_SUBROLE_ID cells: 43507
SUBROLE_NAME cells: 43507
BIZ_SUB_ROLE_DESC cells: 43507
COMMISIONABLE cells: 43507
SUB_ROLE_ASSIGN_LIMIT cells: 43507
FLAG cells: 43507

20210509151224
cd /apps/informatica/admin/SALES/EA_Sales_Prod_961/DATA/SALES_ANAPLAN_OIC/work/anaplan-connect-1-3-3-3
./AnaplanClient.sh -user anpadmua.gen@cisco.com:L5EJNstptxpa7B5 -workspace 8a81b0106d31d556016d3c59c99941a9 -model 1DF1AF61970242EFAF7E7A2951C4140C -action 'Delete Job Key' -execute -output '/apps/informatica/admin/SALES/EA_Sales_Prod_961/DATA/SALES_ANAPLAN_OIC/work/share_job_role_title_delete.err'
The operation was successful.

cd /apps/informatica/admin/SALES/EA_Sales_Prod_961/DATA/SALES_ANAPLAN_OIC/work/anaplan-connect-1-3-3-3
./AnaplanClient.sh -user anpadmua.gen@cisco.com:L5EJNstptxpa7B5 -workspace 8a81b0106d31d556016d3c59c99941a9 -model 1DF1AF61970242EFAF7E7A2951C4140C -file FF_SHR_JOB_ROLE_TITLE.csv -put '/apps/informatica/admin/SALES/EA_Sales_Prod_961/DATA/SALES_ANAPLAN_OIC/work/FF_SHR_JOB_ROLE_TITLE.csv' -import 'Job Title ID from FF_SHR_JOB_ROLE_TITLE.csv' -execute -output '/apps/informatica/admin/SALES/EA_Sales_Prod_961/SALES_ANAPLAN_OIC/work/share_job_role_title_list.err' -import 'Share Role Title from FF_SHR_JOB_ROLE_TITLE.csv' -execute -output '/apps/informatica/admin/SALES/EA_Sales_Prod_961/DATA/SALES_ANAPLAN_OIC/work/share_job_role_title_module.err'
The file "/apps/informatica/admin/SALES/EA_Sales_Prod_961/DATA/SALES_ANAPLAN_OIC/work/FF_SHR_JOB_ROLE_TITLE.csv" has been uploaded as FF_SHR_JOB_ROLE_TITLE.csv.
The operation was successful.
Job Key: 43507 (43507/0) rows successful, 0 ignored 

The operation was successful.
TITLE_DESCRIPTION cells: 43507
JOB_TITLE_ID cells: 43507
PUBLIC_JOB_TITLE cells: 43507
BIZ_ROLE_ASSIGN_LIMIT cells: 43507
BIZ_ROLE_ID cells: 43507
BIZ_ROLE_NAME cells: 43507
ASSIGNMENT_LIMIT cells: 43507
BIZ_SUBROLE_ID cells: 43507
SUBROLE_NAME cells: 43507
BIZ_SUB_ROLE_DESC cells: 43507
COMMISIONABLE cells: 43507
SUB_ROLE_ASSIGN_LIMIT cells: 43507
FLAG cells: 43507

20210516150952
cd /apps/informatica/admin/SALES/EA_Sales_Prod_961/DATA/SALES_ANAPLAN_OIC/work/anaplan-connect-1-3-3-3
./AnaplanClient.sh -user anpadmua.gen@cisco.com:L5EJNstptxpa7B5 -workspace 8a81b0106d31d556016d3c59c99941a9 -model 1DF1AF61970242EFAF7E7A2951C4140C -action 'Delete Job Key' -execute -output '/apps/informatica/admin/SALES/EA_Sales_Prod_961/DATA/SALES_ANAPLAN_OIC/work/share_job_role_title_delete.err'
The operation was successful.

cd /apps/informatica/admin/SALES/EA_Sales_Prod_961/DATA/SALES_ANAPLAN_OIC/work/anaplan-connect-1-3-3-3
./AnaplanClient.sh -user anpadmua.gen@cisco.com:L5EJNstptxpa7B5 -workspace 8a81b0106d31d556016d3c59c99941a9 -model 1DF1AF61970242EFAF7E7A2951C4140C -file FF_SHR_JOB_ROLE_TITLE.csv -put '/apps/informatica/admin/SALES/EA_Sales_Prod_961/DATA/SALES_ANAPLAN_OIC/work/FF_SHR_JOB_ROLE_TITLE.csv' -import 'Job Title ID from FF_SHR_JOB_ROLE_TITLE.csv' -execute -output '/apps/informatica/admin/SALES/EA_Sales_Prod_961/SALES_ANAPLAN_OIC/work/share_job_role_title_list.err' -import 'Share Role Title from FF_SHR_JOB_ROLE_TITLE.csv' -execute -output '/apps/informatica/admin/SALES/EA_Sales_Prod_961/DATA/SALES_ANAPLAN_OIC/work/share_job_role_title_module.err'
The file "/apps/informatica/admin/SALES/EA_Sales_Prod_961/DATA/SALES_ANAPLAN_OIC/work/FF_SHR_JOB_ROLE_TITLE.csv" has been uploaded as FF_SHR_JOB_ROLE_TITLE.csv.
The operation was successful.
Job Key: 43507 (43507/0) rows successful, 0 ignored 

The operation was successful.
TITLE_DESCRIPTION cells: 43507
JOB_TITLE_ID cells: 43507
PUBLIC_JOB_TITLE cells: 43507
BIZ_ROLE_ASSIGN_LIMIT cells: 43507
BIZ_ROLE_ID cells: 43507
BIZ_ROLE_NAME cells: 43507
ASSIGNMENT_LIMIT cells: 43507
BIZ_SUBROLE_ID cells: 43507
SUBROLE_NAME cells: 43507
BIZ_SUB_ROLE_DESC cells: 43507
COMMISIONABLE cells: 43507
SUB_ROLE_ASSIGN_LIMIT cells: 43507
FLAG cells: 43507

20210519151110
cd /apps/informatica/admin/SALES/EA_Sales_Prod_961/DATA/SALES_ANAPLAN_OIC/work/anaplan-connect-1-3-3-3
./AnaplanClient.sh -user anpadmua.gen@cisco.com:L5EJNstptxpa7B5 -workspace 8a81b0106d31d556016d3c59c99941a9 -model 1DF1AF61970242EFAF7E7A2951C4140C -action 'Delete Job Key' -execute -output '/apps/informatica/admin/SALES/EA_Sales_Prod_961/DATA/SALES_ANAPLAN_OIC/work/share_job_role_title_delete.err'
The operation was successful.

cd /apps/informatica/admin/SALES/EA_Sales_Prod_961/DATA/SALES_ANAPLAN_OIC/work/anaplan-connect-1-3-3-3
./AnaplanClient.sh -user anpadmua.gen@cisco.com:L5EJNstptxpa7B5 -workspace 8a81b0106d31d556016d3c59c99941a9 -model 1DF1AF61970242EFAF7E7A2951C4140C -file FF_SHR_JOB_ROLE_TITLE.csv -put '/apps/informatica/admin/SALES/EA_Sales_Prod_961/DATA/SALES_ANAPLAN_OIC/work/FF_SHR_JOB_ROLE_TITLE.csv' -import 'Job Title ID from FF_SHR_JOB_ROLE_TITLE.csv' -execute -output '/apps/informatica/admin/SALES/EA_Sales_Prod_961/SALES_ANAPLAN_OIC/work/share_job_role_title_list.err' -import 'Share Role Title from FF_SHR_JOB_ROLE_TITLE.csv' -execute -output '/apps/informatica/admin/SALES/EA_Sales_Prod_961/DATA/SALES_ANAPLAN_OIC/work/share_job_role_title_module.err'
The file "/apps/informatica/admin/SALES/EA_Sales_Prod_961/DATA/SALES_ANAPLAN_OIC/work/FF_SHR_JOB_ROLE_TITLE.csv" has been uploaded as FF_SHR_JOB_ROLE_TITLE.csv.
The operation was successful.
Job Key: 43507 (43507/0) rows successful, 0 ignored 

The operation was successful.
TITLE_DESCRIPTION cells: 43507
JOB_TITLE_ID cells: 43507
PUBLIC_JOB_TITLE cells: 43507
BIZ_ROLE_ASSIGN_LIMIT cells: 43507
BIZ_ROLE_ID cells: 43507
BIZ_ROLE_NAME cells: 43507
ASSIGNMENT_LIMIT cells: 43507
BIZ_SUBROLE_ID cells: 43507
SUBROLE_NAME cells: 43507
BIZ_SUB_ROLE_DESC cells: 43507
COMMISIONABLE cells: 43507
SUB_ROLE_ASSIGN_LIMIT cells: 43507
FLAG cells: 43507

20210523151207
cd /apps/informatica/admin/SALES/EA_Sales_Prod_961/DATA/SALES_ANAPLAN_OIC/work/anaplan-connect-1-3-3-3
./AnaplanClient.sh -user anpadmua.gen@cisco.com:L5EJNstptxpa7B5 -workspace 8a81b0106d31d556016d3c59c99941a9 -model 1DF1AF61970242EFAF7E7A2951C4140C -action 'Delete Job Key' -execute -output '/apps/informatica/admin/SALES/EA_Sales_Prod_961/DATA/SALES_ANAPLAN_OIC/work/share_job_role_title_delete.err'
The operation was successful.

cd /apps/informatica/admin/SALES/EA_Sales_Prod_961/DATA/SALES_ANAPLAN_OIC/work/anaplan-connect-1-3-3-3
./AnaplanClient.sh -user anpadmua.gen@cisco.com:L5EJNstptxpa7B5 -workspace 8a81b0106d31d556016d3c59c99941a9 -model 1DF1AF61970242EFAF7E7A2951C4140C -file FF_SHR_JOB_ROLE_TITLE.csv -put '/apps/informatica/admin/SALES/EA_Sales_Prod_961/DATA/SALES_ANAPLAN_OIC/work/FF_SHR_JOB_ROLE_TITLE.csv' -import 'Job Title ID from FF_SHR_JOB_ROLE_TITLE.csv' -execute -output '/apps/informatica/admin/SALES/EA_Sales_Prod_961/SALES_ANAPLAN_OIC/work/share_job_role_title_list.err' -import 'Share Role Title from FF_SHR_JOB_ROLE_TITLE.csv' -execute -output '/apps/informatica/admin/SALES/EA_Sales_Prod_961/DATA/SALES_ANAPLAN_OIC/work/share_job_role_title_module.err'
The file "/apps/informatica/admin/SALES/EA_Sales_Prod_961/DATA/SALES_ANAPLAN_OIC/work/FF_SHR_JOB_ROLE_TITLE.csv" has been uploaded as FF_SHR_JOB_ROLE_TITLE.csv.
The operation was successful.
Job Key: 43507 (43507/0) rows successful, 0 ignored 

The operation was successful.
TITLE_DESCRIPTION cells: 43507
JOB_TITLE_ID cells: 43507
PUBLIC_JOB_TITLE cells: 43507
BIZ_ROLE_ASSIGN_LIMIT cells: 43507
BIZ_ROLE_ID cells: 43507
BIZ_ROLE_NAME cells: 43507
ASSIGNMENT_LIMIT cells: 43507
BIZ_SUBROLE_ID cells: 43507
SUBROLE_NAME cells: 43507
BIZ_SUB_ROLE_DESC cells: 43507
COMMISIONABLE cells: 43507
SUB_ROLE_ASSIGN_LIMIT cells: 43507
FLAG cells: 43507

20210526150900
cd /apps/informatica/admin/SALES/EA_Sales_Prod_961/DATA/SALES_ANAPLAN_OIC/work/anaplan-connect-1-3-3-3
./AnaplanClient.sh -user anpadmua.gen@cisco.com:L5EJNstptxpa7B5 -workspace 8a81b0106d31d556016d3c59c99941a9 -model 1DF1AF61970242EFAF7E7A2951C4140C -action 'Delete Job Key' -execute -output '/apps/informatica/admin/SALES/EA_Sales_Prod_961/DATA/SALES_ANAPLAN_OIC/work/share_job_role_title_delete.err'
The operation was successful.

cd /apps/informatica/admin/SALES/EA_Sales_Prod_961/DATA/SALES_ANAPLAN_OIC/work/anaplan-connect-1-3-3-3
./AnaplanClient.sh -user anpadmua.gen@cisco.com:L5EJNstptxpa7B5 -workspace 8a81b0106d31d556016d3c59c99941a9 -model 1DF1AF61970242EFAF7E7A2951C4140C -file FF_SHR_JOB_ROLE_TITLE.csv -put '/apps/informatica/admin/SALES/EA_Sales_Prod_961/DATA/SALES_ANAPLAN_OIC/work/FF_SHR_JOB_ROLE_TITLE.csv' -import 'Job Title ID from FF_SHR_JOB_ROLE_TITLE.csv' -execute -output '/apps/informatica/admin/SALES/EA_Sales_Prod_961/SALES_ANAPLAN_OIC/work/share_job_role_title_list.err' -import 'Share Role Title from FF_SHR_JOB_ROLE_TITLE.csv' -execute -output '/apps/informatica/admin/SALES/EA_Sales_Prod_961/DATA/SALES_ANAPLAN_OIC/work/share_job_role_title_module.err'
The file "/apps/informatica/admin/SALES/EA_Sales_Prod_961/DATA/SALES_ANAPLAN_OIC/work/FF_SHR_JOB_ROLE_TITLE.csv" has been uploaded as FF_SHR_JOB_ROLE_TITLE.csv.
The operation was successful.
Job Key: 43509 (43509/0) rows successful, 0 ignored 

The operation was successful.
TITLE_DESCRIPTION cells: 43509
JOB_TITLE_ID cells: 43509
PUBLIC_JOB_TITLE cells: 43509
BIZ_ROLE_ASSIGN_LIMIT cells: 43509
BIZ_ROLE_ID cells: 43509
BIZ_ROLE_NAME cells: 43509
ASSIGNMENT_LIMIT cells: 43509
BIZ_SUBROLE_ID cells: 43509
SUBROLE_NAME cells: 43509
BIZ_SUB_ROLE_DESC cells: 43509
COMMISIONABLE cells: 43509
SUB_ROLE_ASSIGN_LIMIT cells: 43509
FLAG cells: 43509

20210530151321
cd /apps/informatica/admin/SALES/EA_Sales_Prod_961/DATA/SALES_ANAPLAN_OIC/work/anaplan-connect-1-3-3-3
./AnaplanClient.sh -user anpadmua.gen@cisco.com:L5EJNstptxpa7B5 -workspace 8a81b0106d31d556016d3c59c99941a9 -model 1DF1AF61970242EFAF7E7A2951C4140C -action 'Delete Job Key' -execute -output '/apps/informatica/admin/SALES/EA_Sales_Prod_961/DATA/SALES_ANAPLAN_OIC/work/share_job_role_title_delete.err'
The operation was successful.

cd /apps/informatica/admin/SALES/EA_Sales_Prod_961/DATA/SALES_ANAPLAN_OIC/work/anaplan-connect-1-3-3-3
./AnaplanClient.sh -user anpadmua.gen@cisco.com:L5EJNstptxpa7B5 -workspace 8a81b0106d31d556016d3c59c99941a9 -model 1DF1AF61970242EFAF7E7A2951C4140C -file FF_SHR_JOB_ROLE_TITLE.csv -put '/apps/informatica/admin/SALES/EA_Sales_Prod_961/DATA/SALES_ANAPLAN_OIC/work/FF_SHR_JOB_ROLE_TITLE.csv' -import 'Job Title ID from FF_SHR_JOB_ROLE_TITLE.csv' -execute -output '/apps/informatica/admin/SALES/EA_Sales_Prod_961/SALES_ANAPLAN_OIC/work/share_job_role_title_list.err' -import 'Share Role Title from FF_SHR_JOB_ROLE_TITLE.csv' -execute -output '/apps/informatica/admin/SALES/EA_Sales_Prod_961/DATA/SALES_ANAPLAN_OIC/work/share_job_role_title_module.err'
The file "/apps/informatica/admin/SALES/EA_Sales_Prod_961/DATA/SALES_ANAPLAN_OIC/work/FF_SHR_JOB_ROLE_TITLE.csv" has been uploaded as FF_SHR_JOB_ROLE_TITLE.csv.
The operation was successful.
Job Key: 43509 (43509/0) rows successful, 0 ignored 

The operation was successful.
TITLE_DESCRIPTION cells: 43509
JOB_TITLE_ID cells: 43509
PUBLIC_JOB_TITLE cells: 43509
BIZ_ROLE_ASSIGN_LIMIT cells: 43509
BIZ_ROLE_ID cells: 43509
BIZ_ROLE_NAME cells: 43509
ASSIGNMENT_LIMIT cells: 43509
BIZ_SUBROLE_ID cells: 43509
SUBROLE_NAME cells: 43509
BIZ_SUB_ROLE_DESC cells: 43509
COMMISIONABLE cells: 43509
SUB_ROLE_ASSIGN_LIMIT cells: 43509
FLAG cells: 43509

20210602151128
cd /apps/informatica/admin/SALES/EA_Sales_Prod_961/DATA/SALES_ANAPLAN_OIC/work/anaplan-connect-1-3-3-3
./AnaplanClient.sh -user anpadmua.gen@cisco.com:L5EJNstptxpa7B5 -workspace 8a81b0106d31d556016d3c59c99941a9 -model 1DF1AF61970242EFAF7E7A2951C4140C -action 'Delete Job Key' -execute -output '/apps/informatica/admin/SALES/EA_Sales_Prod_961/DATA/SALES_ANAPLAN_OIC/work/share_job_role_title_delete.err'
The operation was successful.

cd /apps/informatica/admin/SALES/EA_Sales_Prod_961/DATA/SALES_ANAPLAN_OIC/work/anaplan-connect-1-3-3-3
./AnaplanClient.sh -user anpadmua.gen@cisco.com:L5EJNstptxpa7B5 -workspace 8a81b0106d31d556016d3c59c99941a9 -model 1DF1AF61970242EFAF7E7A2951C4140C -file FF_SHR_JOB_ROLE_TITLE.csv -put '/apps/informatica/admin/SALES/EA_Sales_Prod_961/DATA/SALES_ANAPLAN_OIC/work/FF_SHR_JOB_ROLE_TITLE.csv' -import 'Job Title ID from FF_SHR_JOB_ROLE_TITLE.csv' -execute -output '/apps/informatica/admin/SALES/EA_Sales_Prod_961/SALES_ANAPLAN_OIC/work/share_job_role_title_list.err' -import 'Share Role Title from FF_SHR_JOB_ROLE_TITLE.csv' -execute -output '/apps/informatica/admin/SALES/EA_Sales_Prod_961/DATA/SALES_ANAPLAN_OIC/work/share_job_role_title_module.err'
The file "/apps/informatica/admin/SALES/EA_Sales_Prod_961/DATA/SALES_ANAPLAN_OIC/work/FF_SHR_JOB_ROLE_TITLE.csv" has been uploaded as FF_SHR_JOB_ROLE_TITLE.csv.
The operation was successful.
Job Key: 43509 (43509/0) rows successful, 0 ignored 

The operation was successful.
TITLE_DESCRIPTION cells: 43509
JOB_TITLE_ID cells: 43509
PUBLIC_JOB_TITLE cells: 43509
BIZ_ROLE_ASSIGN_LIMIT cells: 43509
BIZ_ROLE_ID cells: 43509
BIZ_ROLE_NAME cells: 43509
ASSIGNMENT_LIMIT cells: 43509
BIZ_SUBROLE_ID cells: 43509
SUBROLE_NAME cells: 43509
BIZ_SUB_ROLE_DESC cells: 43509
COMMISIONABLE cells: 43509
SUB_ROLE_ASSIGN_LIMIT cells: 43509
FLAG cells: 43509

20210606151029
cd /apps/informatica/admin/SALES/EA_Sales_Prod_961/DATA/SALES_ANAPLAN_OIC/work/anaplan-connect-1-3-3-3
./AnaplanClient.sh -user anpadmua.gen@cisco.com:L5EJNstptxpa7B5 -workspace 8a81b0106d31d556016d3c59c99941a9 -model 1DF1AF61970242EFAF7E7A2951C4140C -action 'Delete Job Key' -execute -output '/apps/informatica/admin/SALES/EA_Sales_Prod_961/DATA/SALES_ANAPLAN_OIC/work/share_job_role_title_delete.err'
The operation was successful.

cd /apps/informatica/admin/SALES/EA_Sales_Prod_961/DATA/SALES_ANAPLAN_OIC/work/anaplan-connect-1-3-3-3
./AnaplanClient.sh -user anpadmua.gen@cisco.com:L5EJNstptxpa7B5 -workspace 8a81b0106d31d556016d3c59c99941a9 -model 1DF1AF61970242EFAF7E7A2951C4140C -file FF_SHR_JOB_ROLE_TITLE.csv -put '/apps/informatica/admin/SALES/EA_Sales_Prod_961/DATA/SALES_ANAPLAN_OIC/work/FF_SHR_JOB_ROLE_TITLE.csv' -import 'Job Title ID from FF_SHR_JOB_ROLE_TITLE.csv' -execute -output '/apps/informatica/admin/SALES/EA_Sales_Prod_961/SALES_ANAPLAN_OIC/work/share_job_role_title_list.err' -import 'Share Role Title from FF_SHR_JOB_ROLE_TITLE.csv' -execute -output '/apps/informatica/admin/SALES/EA_Sales_Prod_961/DATA/SALES_ANAPLAN_OIC/work/share_job_role_title_module.err'
The file "/apps/informatica/admin/SALES/EA_Sales_Prod_961/DATA/SALES_ANAPLAN_OIC/work/FF_SHR_JOB_ROLE_TITLE.csv" has been uploaded as FF_SHR_JOB_ROLE_TITLE.csv.
The operation was successful.
Job Key: 43509 (43509/0) rows successful, 0 ignored 

The operation was successful.
TITLE_DESCRIPTION cells: 43509
JOB_TITLE_ID cells: 43509
PUBLIC_JOB_TITLE cells: 43509
BIZ_ROLE_ASSIGN_LIMIT cells: 43509
BIZ_ROLE_ID cells: 43509
BIZ_ROLE_NAME cells: 43509
ASSIGNMENT_LIMIT cells: 43509
BIZ_SUBROLE_ID cells: 43509
SUBROLE_NAME cells: 43509
BIZ_SUB_ROLE_DESC cells: 43509
COMMISIONABLE cells: 43509
SUB_ROLE_ASSIGN_LIMIT cells: 43509
FLAG cells: 43509

20210609150907
cd /apps/informatica/admin/SALES/EA_Sales_Prod_961/DATA/SALES_ANAPLAN_OIC/work/anaplan-connect-1-3-3-3
./AnaplanClient.sh -user anpadmua.gen@cisco.com:L5EJNstptxpa7B5 -workspace 8a81b0106d31d556016d3c59c99941a9 -model 1DF1AF61970242EFAF7E7A2951C4140C -action 'Delete Job Key' -execute -output '/apps/informatica/admin/SALES/EA_Sales_Prod_961/DATA/SALES_ANAPLAN_OIC/work/share_job_role_title_delete.err'
The operation was successful.

cd /apps/informatica/admin/SALES/EA_Sales_Prod_961/DATA/SALES_ANAPLAN_OIC/work/anaplan-connect-1-3-3-3
./AnaplanClient.sh -user anpadmua.gen@cisco.com:L5EJNstptxpa7B5 -workspace 8a81b0106d31d556016d3c59c99941a9 -model 1DF1AF61970242EFAF7E7A2951C4140C -file FF_SHR_JOB_ROLE_TITLE.csv -put '/apps/informatica/admin/SALES/EA_Sales_Prod_961/DATA/SALES_ANAPLAN_OIC/work/FF_SHR_JOB_ROLE_TITLE.csv' -import 'Job Title ID from FF_SHR_JOB_ROLE_TITLE.csv' -execute -output '/apps/informatica/admin/SALES/EA_Sales_Prod_961/SALES_ANAPLAN_OIC/work/share_job_role_title_list.err' -import 'Share Role Title from FF_SHR_JOB_ROLE_TITLE.csv' -execute -output '/apps/informatica/admin/SALES/EA_Sales_Prod_961/DATA/SALES_ANAPLAN_OIC/work/share_job_role_title_module.err'
The file "/apps/informatica/admin/SALES/EA_Sales_Prod_961/DATA/SALES_ANAPLAN_OIC/work/FF_SHR_JOB_ROLE_TITLE.csv" has been uploaded as FF_SHR_JOB_ROLE_TITLE.csv.
The operation was successful.
Job Key: 43509 (43509/0) rows successful, 0 ignored 

The operation was successful.
TITLE_DESCRIPTION cells: 43509
JOB_TITLE_ID cells: 43509
PUBLIC_JOB_TITLE cells: 43509
BIZ_ROLE_ASSIGN_LIMIT cells: 43509
BIZ_ROLE_ID cells: 43509
BIZ_ROLE_NAME cells: 43509
ASSIGNMENT_LIMIT cells: 43509
BIZ_SUBROLE_ID cells: 43509
SUBROLE_NAME cells: 43509
BIZ_SUB_ROLE_DESC cells: 43509
COMMISIONABLE cells: 43509
SUB_ROLE_ASSIGN_LIMIT cells: 43509
FLAG cells: 43509

20210613151039
cd /apps/informatica/admin/SALES/EA_Sales_Prod_961/DATA/SALES_ANAPLAN_OIC/work/anaplan-connect-1-3-3-3
./AnaplanClient.sh -user anpadmua.gen@cisco.com:L5EJNstptxpa7B5 -workspace 8a81b0106d31d556016d3c59c99941a9 -model 1DF1AF61970242EFAF7E7A2951C4140C -action 'Delete Job Key' -execute -output '/apps/informatica/admin/SALES/EA_Sales_Prod_961/DATA/SALES_ANAPLAN_OIC/work/share_job_role_title_delete.err'
The operation was successful.

cd /apps/informatica/admin/SALES/EA_Sales_Prod_961/DATA/SALES_ANAPLAN_OIC/work/anaplan-connect-1-3-3-3
./AnaplanClient.sh -user anpadmua.gen@cisco.com:L5EJNstptxpa7B5 -workspace 8a81b0106d31d556016d3c59c99941a9 -model 1DF1AF61970242EFAF7E7A2951C4140C -file FF_SHR_JOB_ROLE_TITLE.csv -put '/apps/informatica/admin/SALES/EA_Sales_Prod_961/DATA/SALES_ANAPLAN_OIC/work/FF_SHR_JOB_ROLE_TITLE.csv' -import 'Job Title ID from FF_SHR_JOB_ROLE_TITLE.csv' -execute -output '/apps/informatica/admin/SALES/EA_Sales_Prod_961/SALES_ANAPLAN_OIC/work/share_job_role_title_list.err' -import 'Share Role Title from FF_SHR_JOB_ROLE_TITLE.csv' -execute -output '/apps/informatica/admin/SALES/EA_Sales_Prod_961/DATA/SALES_ANAPLAN_OIC/work/share_job_role_title_module.err'
The file "/apps/informatica/admin/SALES/EA_Sales_Prod_961/DATA/SALES_ANAPLAN_OIC/work/FF_SHR_JOB_ROLE_TITLE.csv" has been uploaded as FF_SHR_JOB_ROLE_TITLE.csv.
The operation was successful.
Job Key: 43509 (43509/0) rows successful, 0 ignored 

The operation was successful.
TITLE_DESCRIPTION cells: 43509
JOB_TITLE_ID cells: 43509
PUBLIC_JOB_TITLE cells: 43509
BIZ_ROLE_ASSIGN_LIMIT cells: 43509
BIZ_ROLE_ID cells: 43509
BIZ_ROLE_NAME cells: 43509
ASSIGNMENT_LIMIT cells: 43509
BIZ_SUBROLE_ID cells: 43509
SUBROLE_NAME cells: 43509
BIZ_SUB_ROLE_DESC cells: 43509
COMMISIONABLE cells: 43509
SUB_ROLE_ASSIGN_LIMIT cells: 43509
FLAG cells: 43509

20210616151140
cd /apps/informatica/admin/SALES/EA_Sales_Prod_961/DATA/SALES_ANAPLAN_OIC/work/anaplan-connect-1-3-3-3
./AnaplanClient.sh -user anpadmua.gen@cisco.com:L5EJNstptxpa8A7 -workspace 8a81b0106d31d556016d3c59c99941a9 -model 1DF1AF61970242EFAF7E7A2951C4140C -action 'Delete Job Key' -execute -output '/apps/informatica/admin/SALES/EA_Sales_Prod_961/DATA/SALES_ANAPLAN_OIC/work/share_job_role_title_delete.err'
The operation was successful.

cd /apps/informatica/admin/SALES/EA_Sales_Prod_961/DATA/SALES_ANAPLAN_OIC/work/anaplan-connect-1-3-3-3
./AnaplanClient.sh -user anpadmua.gen@cisco.com:L5EJNstptxpa8A7 -workspace 8a81b0106d31d556016d3c59c99941a9 -model 1DF1AF61970242EFAF7E7A2951C4140C -file FF_SHR_JOB_ROLE_TITLE.csv -put '/apps/informatica/admin/SALES/EA_Sales_Prod_961/DATA/SALES_ANAPLAN_OIC/work/FF_SHR_JOB_ROLE_TITLE.csv' -import 'Job Title ID from FF_SHR_JOB_ROLE_TITLE.csv' -execute -output '/apps/informatica/admin/SALES/EA_Sales_Prod_961/SALES_ANAPLAN_OIC/work/share_job_role_title_list.err' -import 'Share Role Title from FF_SHR_JOB_ROLE_TITLE.csv' -execute -output '/apps/informatica/admin/SALES/EA_Sales_Prod_961/DATA/SALES_ANAPLAN_OIC/work/share_job_role_title_module.err'
The file "/apps/informatica/admin/SALES/EA_Sales_Prod_961/DATA/SALES_ANAPLAN_OIC/work/FF_SHR_JOB_ROLE_TITLE.csv" has been uploaded as FF_SHR_JOB_ROLE_TITLE.csv.
The operation was successful.
Job Key: 43509 (43509/0) rows successful, 0 ignored 

The operation was successful.
TITLE_DESCRIPTION cells: 43509
JOB_TITLE_ID cells: 43509
PUBLIC_JOB_TITLE cells: 43509
BIZ_ROLE_ASSIGN_LIMIT cells: 43509
BIZ_ROLE_ID cells: 43509
BIZ_ROLE_NAME cells: 43509
ASSIGNMENT_LIMIT cells: 43509
BIZ_SUBROLE_ID cells: 43509
SUBROLE_NAME cells: 43509
BIZ_SUB_ROLE_DESC cells: 43509
COMMISIONABLE cells: 43509
SUB_ROLE_ASSIGN_LIMIT cells: 43509
FLAG cells: 43509

20210620151116
cd /apps/informatica/admin/SALES/EA_Sales_Prod_961/DATA/SALES_ANAPLAN_OIC/work/anaplan-connect-1-3-3-3
./AnaplanClient.sh -user anpadmua.gen@cisco.com:L5EJNstptxpa8A7 -workspace 8a81b0106d31d556016d3c59c99941a9 -model 1DF1AF61970242EFAF7E7A2951C4140C -action 'Delete Job Key' -execute -output '/apps/informatica/admin/SALES/EA_Sales_Prod_961/DATA/SALES_ANAPLAN_OIC/work/share_job_role_title_delete.err'
The operation was successful.

cd /apps/informatica/admin/SALES/EA_Sales_Prod_961/DATA/SALES_ANAPLAN_OIC/work/anaplan-connect-1-3-3-3
./AnaplanClient.sh -user anpadmua.gen@cisco.com:L5EJNstptxpa8A7 -workspace 8a81b0106d31d556016d3c59c99941a9 -model 1DF1AF61970242EFAF7E7A2951C4140C -file FF_SHR_JOB_ROLE_TITLE.csv -put '/apps/informatica/admin/SALES/EA_Sales_Prod_961/DATA/SALES_ANAPLAN_OIC/work/FF_SHR_JOB_ROLE_TITLE.csv' -import 'Job Title ID from FF_SHR_JOB_ROLE_TITLE.csv' -execute -output '/apps/informatica/admin/SALES/EA_Sales_Prod_961/SALES_ANAPLAN_OIC/work/share_job_role_title_list.err' -import 'Share Role Title from FF_SHR_JOB_ROLE_TITLE.csv' -execute -output '/apps/informatica/admin/SALES/EA_Sales_Prod_961/DATA/SALES_ANAPLAN_OIC/work/share_job_role_title_module.err'
The file "/apps/informatica/admin/SALES/EA_Sales_Prod_961/DATA/SALES_ANAPLAN_OIC/work/FF_SHR_JOB_ROLE_TITLE.csv" has been uploaded as FF_SHR_JOB_ROLE_TITLE.csv.
The operation was successful.
Job Key: 43509 (43509/0) rows successful, 0 ignored 

The operation was successful.
TITLE_DESCRIPTION cells: 43509
JOB_TITLE_ID cells: 43509
PUBLIC_JOB_TITLE cells: 43509
BIZ_ROLE_ASSIGN_LIMIT cells: 43509
BIZ_ROLE_ID cells: 43509
BIZ_ROLE_NAME cells: 43509
ASSIGNMENT_LIMIT cells: 43509
BIZ_SUBROLE_ID cells: 43509
SUBROLE_NAME cells: 43509
BIZ_SUB_ROLE_DESC cells: 43509
COMMISIONABLE cells: 43509
SUB_ROLE_ASSIGN_LIMIT cells: 43509
FLAG cells: 43509

20210623151203
cd /apps/informatica/admin/SALES/EA_Sales_Prod_961/DATA/SALES_ANAPLAN_OIC/work/anaplan-connect-1-3-3-3
./AnaplanClient.sh -user anpadmua.gen@cisco.com:L5EJNstptxpa8A7 -workspace 8a81b0106d31d556016d3c59c99941a9 -model 1DF1AF61970242EFAF7E7A2951C4140C -action 'Delete Job Key' -execute -output '/apps/informatica/admin/SALES/EA_Sales_Prod_961/DATA/SALES_ANAPLAN_OIC/work/share_job_role_title_delete.err'
The operation was successful.

cd /apps/informatica/admin/SALES/EA_Sales_Prod_961/DATA/SALES_ANAPLAN_OIC/work/anaplan-connect-1-3-3-3
./AnaplanClient.sh -user anpadmua.gen@cisco.com:L5EJNstptxpa8A7 -workspace 8a81b0106d31d556016d3c59c99941a9 -model 1DF1AF61970242EFAF7E7A2951C4140C -file FF_SHR_JOB_ROLE_TITLE.csv -put '/apps/informatica/admin/SALES/EA_Sales_Prod_961/DATA/SALES_ANAPLAN_OIC/work/FF_SHR_JOB_ROLE_TITLE.csv' -import 'Job Title ID from FF_SHR_JOB_ROLE_TITLE.csv' -execute -output '/apps/informatica/admin/SALES/EA_Sales_Prod_961/SALES_ANAPLAN_OIC/work/share_job_role_title_list.err' -import 'Share Role Title from FF_SHR_JOB_ROLE_TITLE.csv' -execute -output '/apps/informatica/admin/SALES/EA_Sales_Prod_961/DATA/SALES_ANAPLAN_OIC/work/share_job_role_title_module.err'
The file "/apps/informatica/admin/SALES/EA_Sales_Prod_961/DATA/SALES_ANAPLAN_OIC/work/FF_SHR_JOB_ROLE_TITLE.csv" has been uploaded as FF_SHR_JOB_ROLE_TITLE.csv.
The operation was successful.
Job Key: 43513 (43513/0) rows successful, 0 ignored 

The operation was successful.
TITLE_DESCRIPTION cells: 43513
JOB_TITLE_ID cells: 43513
PUBLIC_JOB_TITLE cells: 43513
BIZ_ROLE_ASSIGN_LIMIT cells: 43513
BIZ_ROLE_ID cells: 43513
BIZ_ROLE_NAME cells: 43513
ASSIGNMENT_LIMIT cells: 43513
BIZ_SUBROLE_ID cells: 43513
SUBROLE_NAME cells: 43513
BIZ_SUB_ROLE_DESC cells: 43513
COMMISIONABLE cells: 43513
SUB_ROLE_ASSIGN_LIMIT cells: 43513
FLAG cells: 43513

20210627151104
cd /apps/informatica/admin/SALES/EA_Sales_Prod_961/DATA/SALES_ANAPLAN_OIC/work/anaplan-connect-1-3-3-3
./AnaplanClient.sh -user anpadmua.gen@cisco.com:L5EJNstptxpa8A7 -workspace 8a81b0106d31d556016d3c59c99941a9 -model 1DF1AF61970242EFAF7E7A2951C4140C -action 'Delete Job Key' -execute -output '/apps/informatica/admin/SALES/EA_Sales_Prod_961/DATA/SALES_ANAPLAN_OIC/work/share_job_role_title_delete.err'
The operation was successful.

cd /apps/informatica/admin/SALES/EA_Sales_Prod_961/DATA/SALES_ANAPLAN_OIC/work/anaplan-connect-1-3-3-3
./AnaplanClient.sh -user anpadmua.gen@cisco.com:L5EJNstptxpa8A7 -workspace 8a81b0106d31d556016d3c59c99941a9 -model 1DF1AF61970242EFAF7E7A2951C4140C -file FF_SHR_JOB_ROLE_TITLE.csv -put '/apps/informatica/admin/SALES/EA_Sales_Prod_961/DATA/SALES_ANAPLAN_OIC/work/FF_SHR_JOB_ROLE_TITLE.csv' -import 'Job Title ID from FF_SHR_JOB_ROLE_TITLE.csv' -execute -output '/apps/informatica/admin/SALES/EA_Sales_Prod_961/SALES_ANAPLAN_OIC/work/share_job_role_title_list.err' -import 'Share Role Title from FF_SHR_JOB_ROLE_TITLE.csv' -execute -output '/apps/informatica/admin/SALES/EA_Sales_Prod_961/DATA/SALES_ANAPLAN_OIC/work/share_job_role_title_module.err'
The file "/apps/informatica/admin/SALES/EA_Sales_Prod_961/DATA/SALES_ANAPLAN_OIC/work/FF_SHR_JOB_ROLE_TITLE.csv" has been uploaded as FF_SHR_JOB_ROLE_TITLE.csv.
The operation was successful.
Job Key: 43513 (43513/0) rows successful, 0 ignored 

The operation was successful.
TITLE_DESCRIPTION cells: 43513
JOB_TITLE_ID cells: 43513
PUBLIC_JOB_TITLE cells: 43513
BIZ_ROLE_ASSIGN_LIMIT cells: 43513
BIZ_ROLE_ID cells: 43513
BIZ_ROLE_NAME cells: 43513
ASSIGNMENT_LIMIT cells: 43513
BIZ_SUBROLE_ID cells: 43513
SUBROLE_NAME cells: 43513
BIZ_SUB_ROLE_DESC cells: 43513
COMMISIONABLE cells: 43513
SUB_ROLE_ASSIGN_LIMIT cells: 43513
FLAG cells: 43513

20210630151340
cd /apps/informatica/admin/SALES/EA_Sales_Prod_961/DATA/SALES_ANAPLAN_OIC/work/anaplan-connect-1-3-3-3
./AnaplanClient.sh -user anpadmua.gen@cisco.com:L5EJNstptxpa8A7 -workspace 8a81b0106d31d556016d3c59c99941a9 -model 1DF1AF61970242EFAF7E7A2951C4140C -action 'Delete Job Key' -execute -output '/apps/informatica/admin/SALES/EA_Sales_Prod_961/DATA/SALES_ANAPLAN_OIC/work/share_job_role_title_delete.err'
The operation was successful.

cd /apps/informatica/admin/SALES/EA_Sales_Prod_961/DATA/SALES_ANAPLAN_OIC/work/anaplan-connect-1-3-3-3
./AnaplanClient.sh -user anpadmua.gen@cisco.com:L5EJNstptxpa8A7 -workspace 8a81b0106d31d556016d3c59c99941a9 -model 1DF1AF61970242EFAF7E7A2951C4140C -file FF_SHR_JOB_ROLE_TITLE.csv -put '/apps/informatica/admin/SALES/EA_Sales_Prod_961/DATA/SALES_ANAPLAN_OIC/work/FF_SHR_JOB_ROLE_TITLE.csv' -import 'Job Title ID from FF_SHR_JOB_ROLE_TITLE.csv' -execute -output '/apps/informatica/admin/SALES/EA_Sales_Prod_961/SALES_ANAPLAN_OIC/work/share_job_role_title_list.err' -import 'Share Role Title from FF_SHR_JOB_ROLE_TITLE.csv' -execute -output '/apps/informatica/admin/SALES/EA_Sales_Prod_961/DATA/SALES_ANAPLAN_OIC/work/share_job_role_title_module.err'
The file "/apps/informatica/admin/SALES/EA_Sales_Prod_961/DATA/SALES_ANAPLAN_OIC/work/FF_SHR_JOB_ROLE_TITLE.csv" has been uploaded as FF_SHR_JOB_ROLE_TITLE.csv.
The operation was successful.
Job Key: 43516 (43516/0) rows successful, 0 ignored 

The operation was successful.
TITLE_DESCRIPTION cells: 43516
JOB_TITLE_ID cells: 43516
PUBLIC_JOB_TITLE cells: 43516
BIZ_ROLE_ASSIGN_LIMIT cells: 43516
BIZ_ROLE_ID cells: 43516
BIZ_ROLE_NAME cells: 43516
ASSIGNMENT_LIMIT cells: 43516
BIZ_SUBROLE_ID cells: 43516
SUBROLE_NAME cells: 43516
BIZ_SUB_ROLE_DESC cells: 43516
COMMISIONABLE cells: 43516
SUB_ROLE_ASSIGN_LIMIT cells: 43516
FLAG cells: 43516

20210704151321
cd /apps/informatica/admin/SALES/EA_Sales_Prod_961/DATA/SALES_ANAPLAN_OIC/work/anaplan-connect-1-3-3-3
./AnaplanClient.sh -user anpadmua.gen@cisco.com:L5EJNstptxpa8A7 -workspace 8a81b0106d31d556016d3c59c99941a9 -model 1DF1AF61970242EFAF7E7A2951C4140C -action 'Delete Job Key' -execute -output '/apps/informatica/admin/SALES/EA_Sales_Prod_961/DATA/SALES_ANAPLAN_OIC/work/share_job_role_title_delete.err'
The operation was successful.

cd /apps/informatica/admin/SALES/EA_Sales_Prod_961/DATA/SALES_ANAPLAN_OIC/work/anaplan-connect-1-3-3-3
./AnaplanClient.sh -user anpadmua.gen@cisco.com:L5EJNstptxpa8A7 -workspace 8a81b0106d31d556016d3c59c99941a9 -model 1DF1AF61970242EFAF7E7A2951C4140C -file FF_SHR_JOB_ROLE_TITLE.csv -put '/apps/informatica/admin/SALES/EA_Sales_Prod_961/DATA/SALES_ANAPLAN_OIC/work/FF_SHR_JOB_ROLE_TITLE.csv' -import 'Job Title ID from FF_SHR_JOB_ROLE_TITLE.csv' -execute -output '/apps/informatica/admin/SALES/EA_Sales_Prod_961/SALES_ANAPLAN_OIC/work/share_job_role_title_list.err' -import 'Share Role Title from FF_SHR_JOB_ROLE_TITLE.csv' -execute -output '/apps/informatica/admin/SALES/EA_Sales_Prod_961/DATA/SALES_ANAPLAN_OIC/work/share_job_role_title_module.err'
The file "/apps/informatica/admin/SALES/EA_Sales_Prod_961/DATA/SALES_ANAPLAN_OIC/work/FF_SHR_JOB_ROLE_TITLE.csv" has been uploaded as FF_SHR_JOB_ROLE_TITLE.csv.
The operation was successful.
Job Key: 43516 (43516/0) rows successful, 0 ignored 

The operation was successful.
TITLE_DESCRIPTION cells: 43516
JOB_TITLE_ID cells: 43516
PUBLIC_JOB_TITLE cells: 43516
BIZ_ROLE_ASSIGN_LIMIT cells: 43516
BIZ_ROLE_ID cells: 43516
BIZ_ROLE_NAME cells: 43516
ASSIGNMENT_LIMIT cells: 43516
BIZ_SUBROLE_ID cells: 43516
SUBROLE_NAME cells: 43516
BIZ_SUB_ROLE_DESC cells: 43516
COMMISIONABLE cells: 43516
SUB_ROLE_ASSIGN_LIMIT cells: 43516
FLAG cells: 43516

20210707151119
cd /apps/informatica/admin/SALES/EA_Sales_Prod_961/DATA/SALES_ANAPLAN_OIC/work/anaplan-connect-1-3-3-3
./AnaplanClient.sh -user anpadmua.gen@cisco.com:L5EJNstptxpa8A7 -workspace 8a81b0106d31d556016d3c59c99941a9 -model 1DF1AF61970242EFAF7E7A2951C4140C -action 'Delete Job Key' -execute -output '/apps/informatica/admin/SALES/EA_Sales_Prod_961/DATA/SALES_ANAPLAN_OIC/work/share_job_role_title_delete.err'
The operation was successful.

cd /apps/informatica/admin/SALES/EA_Sales_Prod_961/DATA/SALES_ANAPLAN_OIC/work/anaplan-connect-1-3-3-3
./AnaplanClient.sh -user anpadmua.gen@cisco.com:L5EJNstptxpa8A7 -workspace 8a81b0106d31d556016d3c59c99941a9 -model 1DF1AF61970242EFAF7E7A2951C4140C -file FF_SHR_JOB_ROLE_TITLE.csv -put '/apps/informatica/admin/SALES/EA_Sales_Prod_961/DATA/SALES_ANAPLAN_OIC/work/FF_SHR_JOB_ROLE_TITLE.csv' -import 'Job Title ID from FF_SHR_JOB_ROLE_TITLE.csv' -execute -output '/apps/informatica/admin/SALES/EA_Sales_Prod_961/SALES_ANAPLAN_OIC/work/share_job_role_title_list.err' -import 'Share Role Title from FF_SHR_JOB_ROLE_TITLE.csv' -execute -output '/apps/informatica/admin/SALES/EA_Sales_Prod_961/DATA/SALES_ANAPLAN_OIC/work/share_job_role_title_module.err'
The file "/apps/informatica/admin/SALES/EA_Sales_Prod_961/DATA/SALES_ANAPLAN_OIC/work/FF_SHR_JOB_ROLE_TITLE.csv" has been uploaded as FF_SHR_JOB_ROLE_TITLE.csv.
The operation was successful.
Job Key: 43518 (43518/0) rows successful, 0 ignored 

The operation was successful.
TITLE_DESCRIPTION cells: 43518
JOB_TITLE_ID cells: 43518
PUBLIC_JOB_TITLE cells: 43518
BIZ_ROLE_ASSIGN_LIMIT cells: 43518
BIZ_ROLE_ID cells: 43518
BIZ_ROLE_NAME cells: 43518
ASSIGNMENT_LIMIT cells: 43518
BIZ_SUBROLE_ID cells: 43518
SUBROLE_NAME cells: 43518
BIZ_SUB_ROLE_DESC cells: 43518
COMMISIONABLE cells: 43518
SUB_ROLE_ASSIGN_LIMIT cells: 43518
FLAG cells: 43518

20210711151227
cd /apps/informatica/admin/SALES/EA_Sales_Prod_961/DATA/SALES_ANAPLAN_OIC/work/anaplan-connect-1-3-3-3
./AnaplanClient.sh -user anpadmua.gen@cisco.com:L5EJNstptxpa8A7 -workspace 8a81b0106d31d556016d3c59c99941a9 -model 1DF1AF61970242EFAF7E7A2951C4140C -action 'Delete Job Key' -execute -output '/apps/informatica/admin/SALES/EA_Sales_Prod_961/DATA/SALES_ANAPLAN_OIC/work/share_job_role_title_delete.err'
The operation was successful.

cd /apps/informatica/admin/SALES/EA_Sales_Prod_961/DATA/SALES_ANAPLAN_OIC/work/anaplan-connect-1-3-3-3
./AnaplanClient.sh -user anpadmua.gen@cisco.com:L5EJNstptxpa8A7 -workspace 8a81b0106d31d556016d3c59c99941a9 -model 1DF1AF61970242EFAF7E7A2951C4140C -file FF_SHR_JOB_ROLE_TITLE.csv -put '/apps/informatica/admin/SALES/EA_Sales_Prod_961/DATA/SALES_ANAPLAN_OIC/work/FF_SHR_JOB_ROLE_TITLE.csv' -import 'Job Title ID from FF_SHR_JOB_ROLE_TITLE.csv' -execute -output '/apps/informatica/admin/SALES/EA_Sales_Prod_961/SALES_ANAPLAN_OIC/work/share_job_role_title_list.err' -import 'Share Role Title from FF_SHR_JOB_ROLE_TITLE.csv' -execute -output '/apps/informatica/admin/SALES/EA_Sales_Prod_961/DATA/SALES_ANAPLAN_OIC/work/share_job_role_title_module.err'
The file "/apps/informatica/admin/SALES/EA_Sales_Prod_961/DATA/SALES_ANAPLAN_OIC/work/FF_SHR_JOB_ROLE_TITLE.csv" has been uploaded as FF_SHR_JOB_ROLE_TITLE.csv.
The operation was successful.
Job Key: 43758 (43758/0) rows successful, 0 ignored 

The operation was successful.
TITLE_DESCRIPTION cells: 43758
JOB_TITLE_ID cells: 43758
PUBLIC_JOB_TITLE cells: 43758
BIZ_ROLE_ASSIGN_LIMIT cells: 43758
BIZ_ROLE_ID cells: 43758
BIZ_ROLE_NAME cells: 43758
ASSIGNMENT_LIMIT cells: 43758
BIZ_SUBROLE_ID cells: 43758
SUBROLE_NAME cells: 43758
BIZ_SUB_ROLE_DESC cells: 43758
COMMISIONABLE cells: 43758
SUB_ROLE_ASSIGN_LIMIT cells: 43758
FLAG cells: 43758

20210714151116
cd /apps/informatica/admin/SALES/EA_Sales_Prod_961/DATA/SALES_ANAPLAN_OIC/work/anaplan-connect-1-3-3-3
./AnaplanClient.sh -user anpadmua.gen@cisco.com:L5EJNstptxpa8A7 -workspace 8a81b0106d31d556016d3c59c99941a9 -model 1DF1AF61970242EFAF7E7A2951C4140C -action 'Delete Job Key' -execute -output '/apps/informatica/admin/SALES/EA_Sales_Prod_961/DATA/SALES_ANAPLAN_OIC/work/share_job_role_title_delete.err'
The operation was successful.

cd /apps/informatica/admin/SALES/EA_Sales_Prod_961/DATA/SALES_ANAPLAN_OIC/work/anaplan-connect-1-3-3-3
./AnaplanClient.sh -user anpadmua.gen@cisco.com:L5EJNstptxpa8A7 -workspace 8a81b0106d31d556016d3c59c99941a9 -model 1DF1AF61970242EFAF7E7A2951C4140C -file FF_SHR_JOB_ROLE_TITLE.csv -put '/apps/informatica/admin/SALES/EA_Sales_Prod_961/DATA/SALES_ANAPLAN_OIC/work/FF_SHR_JOB_ROLE_TITLE.csv' -import 'Job Title ID from FF_SHR_JOB_ROLE_TITLE.csv' -execute -output '/apps/informatica/admin/SALES/EA_Sales_Prod_961/SALES_ANAPLAN_OIC/work/share_job_role_title_list.err' -import 'Share Role Title from FF_SHR_JOB_ROLE_TITLE.csv' -execute -output '/apps/informatica/admin/SALES/EA_Sales_Prod_961/DATA/SALES_ANAPLAN_OIC/work/share_job_role_title_module.err'
The file "/apps/informatica/admin/SALES/EA_Sales_Prod_961/DATA/SALES_ANAPLAN_OIC/work/FF_SHR_JOB_ROLE_TITLE.csv" has been uploaded as FF_SHR_JOB_ROLE_TITLE.csv.
The operation was successful.
Job Key: 43758 (43758/0) rows successful, 0 ignored 

The operation was successful.
TITLE_DESCRIPTION cells: 43758
JOB_TITLE_ID cells: 43758
PUBLIC_JOB_TITLE cells: 43758
BIZ_ROLE_ASSIGN_LIMIT cells: 43758
BIZ_ROLE_ID cells: 43758
BIZ_ROLE_NAME cells: 43758
ASSIGNMENT_LIMIT cells: 43758
BIZ_SUBROLE_ID cells: 43758
SUBROLE_NAME cells: 43758
BIZ_SUB_ROLE_DESC cells: 43758
COMMISIONABLE cells: 43758
SUB_ROLE_ASSIGN_LIMIT cells: 43758
FLAG cells: 43758

20210718151104
cd /apps/informatica/admin/SALES/EA_Sales_Prod_961/DATA/SALES_ANAPLAN_OIC/work/anaplan-connect-1-3-3-3
./AnaplanClient.sh -user anpadmua.gen@cisco.com:L5EJNstptxpa8A7 -workspace 8a81b0106d31d556016d3c59c99941a9 -model 1DF1AF61970242EFAF7E7A2951C4140C -action 'Delete Job Key' -execute -output '/apps/informatica/admin/SALES/EA_Sales_Prod_961/DATA/SALES_ANAPLAN_OIC/work/share_job_role_title_delete.err'
The operation was successful.

cd /apps/informatica/admin/SALES/EA_Sales_Prod_961/DATA/SALES_ANAPLAN_OIC/work/anaplan-connect-1-3-3-3
./AnaplanClient.sh -user anpadmua.gen@cisco.com:L5EJNstptxpa8A7 -workspace 8a81b0106d31d556016d3c59c99941a9 -model 1DF1AF61970242EFAF7E7A2951C4140C -file FF_SHR_JOB_ROLE_TITLE.csv -put '/apps/informatica/admin/SALES/EA_Sales_Prod_961/DATA/SALES_ANAPLAN_OIC/work/FF_SHR_JOB_ROLE_TITLE.csv' -import 'Job Title ID from FF_SHR_JOB_ROLE_TITLE.csv' -execute -output '/apps/informatica/admin/SALES/EA_Sales_Prod_961/SALES_ANAPLAN_OIC/work/share_job_role_title_list.err' -import 'Share Role Title from FF_SHR_JOB_ROLE_TITLE.csv' -execute -output '/apps/informatica/admin/SALES/EA_Sales_Prod_961/DATA/SALES_ANAPLAN_OIC/work/share_job_role_title_module.err'
The file "/apps/informatica/admin/SALES/EA_Sales_Prod_961/DATA/SALES_ANAPLAN_OIC/work/FF_SHR_JOB_ROLE_TITLE.csv" has been uploaded as FF_SHR_JOB_ROLE_TITLE.csv.
The operation was successful.
Job Key: 43758 (43758/0) rows successful, 0 ignored 

The operation was successful.
TITLE_DESCRIPTION cells: 43758
JOB_TITLE_ID cells: 43758
PUBLIC_JOB_TITLE cells: 43758
BIZ_ROLE_ASSIGN_LIMIT cells: 43758
BIZ_ROLE_ID cells: 43758
BIZ_ROLE_NAME cells: 43758
ASSIGNMENT_LIMIT cells: 43758
BIZ_SUBROLE_ID cells: 43758
SUBROLE_NAME cells: 43758
BIZ_SUB_ROLE_DESC cells: 43758
COMMISIONABLE cells: 43758
SUB_ROLE_ASSIGN_LIMIT cells: 43758
FLAG cells: 43758

20210721151212
cd /apps/informatica/admin/SALES/EA_Sales_Prod_961/DATA/SALES_ANAPLAN_OIC/work/anaplan-connect-1-3-3-3
./AnaplanClient.sh -user anpadmua.gen@cisco.com:L5EJNstptxpa8A7 -workspace 8a81b0106d31d556016d3c59c99941a9 -model 1DF1AF61970242EFAF7E7A2951C4140C -action 'Delete Job Key' -execute -output '/apps/informatica/admin/SALES/EA_Sales_Prod_961/DATA/SALES_ANAPLAN_OIC/work/share_job_role_title_delete.err'
The operation was successful.

cd /apps/informatica/admin/SALES/EA_Sales_Prod_961/DATA/SALES_ANAPLAN_OIC/work/anaplan-connect-1-3-3-3
./AnaplanClient.sh -user anpadmua.gen@cisco.com:L5EJNstptxpa8A7 -workspace 8a81b0106d31d556016d3c59c99941a9 -model 1DF1AF61970242EFAF7E7A2951C4140C -file FF_SHR_JOB_ROLE_TITLE.csv -put '/apps/informatica/admin/SALES/EA_Sales_Prod_961/DATA/SALES_ANAPLAN_OIC/work/FF_SHR_JOB_ROLE_TITLE.csv' -import 'Job Title ID from FF_SHR_JOB_ROLE_TITLE.csv' -execute -output '/apps/informatica/admin/SALES/EA_Sales_Prod_961/SALES_ANAPLAN_OIC/work/share_job_role_title_list.err' -import 'Share Role Title from FF_SHR_JOB_ROLE_TITLE.csv' -execute -output '/apps/informatica/admin/SALES/EA_Sales_Prod_961/DATA/SALES_ANAPLAN_OIC/work/share_job_role_title_module.err'
The file "/apps/informatica/admin/SALES/EA_Sales_Prod_961/DATA/SALES_ANAPLAN_OIC/work/FF_SHR_JOB_ROLE_TITLE.csv" has been uploaded as FF_SHR_JOB_ROLE_TITLE.csv.
The operation was successful.
Job Key: 43760 (43760/0) rows successful, 0 ignored 

The operation was successful.
TITLE_DESCRIPTION cells: 43760
JOB_TITLE_ID cells: 43760
PUBLIC_JOB_TITLE cells: 43760
BIZ_ROLE_ASSIGN_LIMIT cells: 43760
BIZ_ROLE_ID cells: 43760
BIZ_ROLE_NAME cells: 43760
ASSIGNMENT_LIMIT cells: 43760
BIZ_SUBROLE_ID cells: 43760
SUBROLE_NAME cells: 43760
BIZ_SUB_ROLE_DESC cells: 43760
COMMISIONABLE cells: 43760
SUB_ROLE_ASSIGN_LIMIT cells: 43760
FLAG cells: 43760

20210725151219
cd /apps/informatica/admin/SALES/EA_Sales_Prod_961/DATA/SALES_ANAPLAN_OIC/work/anaplan-connect-1-3-3-3
./AnaplanClient.sh -user anpadmua.gen@cisco.com:L5EJNstptxpa8A7 -workspace 8a81b0106d31d556016d3c59c99941a9 -model 1DF1AF61970242EFAF7E7A2951C4140C -action 'Delete Job Key' -execute -output '/apps/informatica/admin/SALES/EA_Sales_Prod_961/DATA/SALES_ANAPLAN_OIC/work/share_job_role_title_delete.err'
The operation was successful.

cd /apps/informatica/admin/SALES/EA_Sales_Prod_961/DATA/SALES_ANAPLAN_OIC/work/anaplan-connect-1-3-3-3
./AnaplanClient.sh -user anpadmua.gen@cisco.com:L5EJNstptxpa8A7 -workspace 8a81b0106d31d556016d3c59c99941a9 -model 1DF1AF61970242EFAF7E7A2951C4140C -file FF_SHR_JOB_ROLE_TITLE.csv -put '/apps/informatica/admin/SALES/EA_Sales_Prod_961/DATA/SALES_ANAPLAN_OIC/work/FF_SHR_JOB_ROLE_TITLE.csv' -import 'Job Title ID from FF_SHR_JOB_ROLE_TITLE.csv' -execute -output '/apps/informatica/admin/SALES/EA_Sales_Prod_961/SALES_ANAPLAN_OIC/work/share_job_role_title_list.err' -import 'Share Role Title from FF_SHR_JOB_ROLE_TITLE.csv' -execute -output '/apps/informatica/admin/SALES/EA_Sales_Prod_961/DATA/SALES_ANAPLAN_OIC/work/share_job_role_title_module.err'
The file "/apps/informatica/admin/SALES/EA_Sales_Prod_961/DATA/SALES_ANAPLAN_OIC/work/FF_SHR_JOB_ROLE_TITLE.csv" has been uploaded as FF_SHR_JOB_ROLE_TITLE.csv.
The operation was successful.
Job Key: 43760 (43760/0) rows successful, 0 ignored 

The operation was successful.
TITLE_DESCRIPTION cells: 43760
JOB_TITLE_ID cells: 43760
PUBLIC_JOB_TITLE cells: 43760
BIZ_ROLE_ASSIGN_LIMIT cells: 43760
BIZ_ROLE_ID cells: 43760
BIZ_ROLE_NAME cells: 43760
ASSIGNMENT_LIMIT cells: 43760
BIZ_SUBROLE_ID cells: 43760
SUBROLE_NAME cells: 43760
BIZ_SUB_ROLE_DESC cells: 43760
COMMISIONABLE cells: 43760
SUB_ROLE_ASSIGN_LIMIT cells: 43760
FLAG cells: 43760

20210728151907
cd /apps/informatica/admin/SALES/EA_Sales_Prod_961/DATA/SALES_ANAPLAN_OIC/work/anaplan-connect-1-3-3-3
./AnaplanClient.sh -user anpadmua.gen@cisco.com:L5EJNstptxpa8A7 -workspace 8a81b0106d31d556016d3c59c99941a9 -model 1DF1AF61970242EFAF7E7A2951C4140C -action 'Delete Job Key' -execute -output '/apps/informatica/admin/SALES/EA_Sales_Prod_961/DATA/SALES_ANAPLAN_OIC/work/share_job_role_title_delete.err'
The operation was successful.

cd /apps/informatica/admin/SALES/EA_Sales_Prod_961/DATA/SALES_ANAPLAN_OIC/work/anaplan-connect-1-3-3-3
./AnaplanClient.sh -user anpadmua.gen@cisco.com:L5EJNstptxpa8A7 -workspace 8a81b0106d31d556016d3c59c99941a9 -model 1DF1AF61970242EFAF7E7A2951C4140C -file FF_SHR_JOB_ROLE_TITLE.csv -put '/apps/informatica/admin/SALES/EA_Sales_Prod_961/DATA/SALES_ANAPLAN_OIC/work/FF_SHR_JOB_ROLE_TITLE.csv' -import 'Job Title ID from FF_SHR_JOB_ROLE_TITLE.csv' -execute -output '/apps/informatica/admin/SALES/EA_Sales_Prod_961/SALES_ANAPLAN_OIC/work/share_job_role_title_list.err' -import 'Share Role Title from FF_SHR_JOB_ROLE_TITLE.csv' -execute -output '/apps/informatica/admin/SALES/EA_Sales_Prod_961/DATA/SALES_ANAPLAN_OIC/work/share_job_role_title_module.err'
The file "/apps/informatica/admin/SALES/EA_Sales_Prod_961/DATA/SALES_ANAPLAN_OIC/work/FF_SHR_JOB_ROLE_TITLE.csv" has been uploaded as FF_SHR_JOB_ROLE_TITLE.csv.
The operation was successful.
Job Key: 43760 (43760/0) rows successful, 0 ignored 

The operation was successful.
TITLE_DESCRIPTION cells: 43760
JOB_TITLE_ID cells: 43760
PUBLIC_JOB_TITLE cells: 43760
BIZ_ROLE_ASSIGN_LIMIT cells: 43760
BIZ_ROLE_ID cells: 43760
BIZ_ROLE_NAME cells: 43760
ASSIGNMENT_LIMIT cells: 43760
BIZ_SUBROLE_ID cells: 43760
SUBROLE_NAME cells: 43760
BIZ_SUB_ROLE_DESC cells: 43760
COMMISIONABLE cells: 43760
SUB_ROLE_ASSIGN_LIMIT cells: 43760
FLAG cells: 43760

20210801151219
cd /apps/informatica/admin/SALES/EA_Sales_Prod_961/DATA/SALES_ANAPLAN_OIC/work/anaplan-connect-1-3-3-3
./AnaplanClient.sh -user anpadmua.gen@cisco.com:L5EJNstptxpa8A7 -workspace 8a81b0106d31d556016d3c59c99941a9 -model 1DF1AF61970242EFAF7E7A2951C4140C -action 'Delete Job Key' -execute -output '/apps/informatica/admin/SALES/EA_Sales_Prod_961/DATA/SALES_ANAPLAN_OIC/work/share_job_role_title_delete.err'
The operation was successful.

cd /apps/informatica/admin/SALES/EA_Sales_Prod_961/DATA/SALES_ANAPLAN_OIC/work/anaplan-connect-1-3-3-3
./AnaplanClient.sh -user anpadmua.gen@cisco.com:L5EJNstptxpa8A7 -workspace 8a81b0106d31d556016d3c59c99941a9 -model 1DF1AF61970242EFAF7E7A2951C4140C -file FF_SHR_JOB_ROLE_TITLE.csv -put '/apps/informatica/admin/SALES/EA_Sales_Prod_961/DATA/SALES_ANAPLAN_OIC/work/FF_SHR_JOB_ROLE_TITLE.csv' -import 'Job Title ID from FF_SHR_JOB_ROLE_TITLE.csv' -execute -output '/apps/informatica/admin/SALES/EA_Sales_Prod_961/SALES_ANAPLAN_OIC/work/share_job_role_title_list.err' -import 'Share Role Title from FF_SHR_JOB_ROLE_TITLE.csv' -execute -output '/apps/informatica/admin/SALES/EA_Sales_Prod_961/DATA/SALES_ANAPLAN_OIC/work/share_job_role_title_module.err'
The file "/apps/informatica/admin/SALES/EA_Sales_Prod_961/DATA/SALES_ANAPLAN_OIC/work/FF_SHR_JOB_ROLE_TITLE.csv" has been uploaded as FF_SHR_JOB_ROLE_TITLE.csv.
The operation was successful.
Job Key: 43760 (43760/0) rows successful, 0 ignored 

The operation was successful.
TITLE_DESCRIPTION cells: 43760
JOB_TITLE_ID cells: 43760
PUBLIC_JOB_TITLE cells: 43760
BIZ_ROLE_ASSIGN_LIMIT cells: 43760
BIZ_ROLE_ID cells: 43760
BIZ_ROLE_NAME cells: 43760
ASSIGNMENT_LIMIT cells: 43760
BIZ_SUBROLE_ID cells: 43760
SUBROLE_NAME cells: 43760
BIZ_SUB_ROLE_DESC cells: 43760
COMMISIONABLE cells: 43760
SUB_ROLE_ASSIGN_LIMIT cells: 43760
FLAG cells: 43760

20210804151101
cd /apps/informatica/admin/SALES/EA_Sales_Prod_961/DATA/SALES_ANAPLAN_OIC/work/anaplan-connect-1-3-3-3
./AnaplanClient.sh -user anpadmua.gen@cisco.com:L5EJNstptxpa8A7 -workspace 8a81b0106d31d556016d3c59c99941a9 -model 1DF1AF61970242EFAF7E7A2951C4140C -action 'Delete Job Key' -execute -output '/apps/informatica/admin/SALES/EA_Sales_Prod_961/DATA/SALES_ANAPLAN_OIC/work/share_job_role_title_delete.err'
The operation was successful.

cd /apps/informatica/admin/SALES/EA_Sales_Prod_961/DATA/SALES_ANAPLAN_OIC/work/anaplan-connect-1-3-3-3
./AnaplanClient.sh -user anpadmua.gen@cisco.com:L5EJNstptxpa8A7 -workspace 8a81b0106d31d556016d3c59c99941a9 -model 1DF1AF61970242EFAF7E7A2951C4140C -file FF_SHR_JOB_ROLE_TITLE.csv -put '/apps/informatica/admin/SALES/EA_Sales_Prod_961/DATA/SALES_ANAPLAN_OIC/work/FF_SHR_JOB_ROLE_TITLE.csv' -import 'Job Title ID from FF_SHR_JOB_ROLE_TITLE.csv' -execute -output '/apps/informatica/admin/SALES/EA_Sales_Prod_961/SALES_ANAPLAN_OIC/work/share_job_role_title_list.err' -import 'Share Role Title from FF_SHR_JOB_ROLE_TITLE.csv' -execute -output '/apps/informatica/admin/SALES/EA_Sales_Prod_961/DATA/SALES_ANAPLAN_OIC/work/share_job_role_title_module.err'
The file "/apps/informatica/admin/SALES/EA_Sales_Prod_961/DATA/SALES_ANAPLAN_OIC/work/FF_SHR_JOB_ROLE_TITLE.csv" has been uploaded as FF_SHR_JOB_ROLE_TITLE.csv.
The operation was successful.
Job Key: 43761 (43761/0) rows successful, 0 ignored 

The operation was successful.
TITLE_DESCRIPTION cells: 43761
JOB_TITLE_ID cells: 43761
PUBLIC_JOB_TITLE cells: 43761
BIZ_ROLE_ASSIGN_LIMIT cells: 43761
BIZ_ROLE_ID cells: 43761
BIZ_ROLE_NAME cells: 43761
ASSIGNMENT_LIMIT cells: 43761
BIZ_SUBROLE_ID cells: 43761
SUBROLE_NAME cells: 43761
BIZ_SUB_ROLE_DESC cells: 43761
COMMISIONABLE cells: 43761
SUB_ROLE_ASSIGN_LIMIT cells: 43761
FLAG cells: 43761

