20210830001842
cd /apps/informatica/admin/SALES/EA_Sales_Prod_961/DATA/SALES_ANAPLAN_OIC/work/anaplan-connect-1-3-3-3
./AnaplanClient.sh -user anpadmua.gen@cisco.com:L5EJNstptxpa8A7 -workspace 8a81b0106d31d556016d3c59c99941a9 -model 1DF1AF61970242EFAF7E7A2951C4140C -action 'Delete Share Node Relationship ID' -execute -output '/apps/informatica/admin/SALES/EA_Sales_Prod_961/DATA/SALES_ANAPLAN_OIC/work/share_assignments_delete.err'
The operation was successful.

cd /apps/informatica/admin/SALES/EA_Sales_Prod_961/DATA/SALES_ANAPLAN_OIC/work/anaplan-connect-1-3-3-3
./AnaplanClient.sh -user anpadmua.gen@cisco.com:L5EJNstptxpa8A7 -workspace 8a81b0106d31d556016d3c59c99941a9 -model 1DF1AF61970242EFAF7E7A2951C4140C -file ff_anaplan_shr_assignments.csv -put '/apps/informatica/admin/SALES/EA_Sales_Prod_961/DATA/SALES_ANAPLAN_OIC/work/ff_anaplan_shr_assignments.csv' -import 'Share Node Relationship ID ff_anaplan_shr_assignments.csv' -execute -output '/apps/informatica/admin/SALES/EA_Sales_Prod_961/SALES_ANAPLAN_OIC/work/share_assignments_list.err' -import 'Share Assignments from ff_anaplan_shr_assignments.csv' -execute -output '/apps/informatica/admin/SALES/EA_Sales_Prod_961/DATA/SALES_ANAPLAN_OIC/work/share_assignments_module.err'
The file "/apps/informatica/admin/SALES/EA_Sales_Prod_961/DATA/SALES_ANAPLAN_OIC/work/ff_anaplan_shr_assignments.csv" has been uploaded as ff_anaplan_shr_assignments.csv.
The operation was successful.
Share Node Relationship ID: 865516 (865516/0) rows successful, 0 ignored 

The operation was successful.
NODE_ID cells: 865516
EMPLOYEE_ID cells: 865516
EFFECTIVE_DATE cells: 865516
EXPIRATION_DATE cells: 7536
TERRITORY_TYPE_CODE cells: 865516
TERRITORY_TYPE_NAME cells: 865516
ROLE_SUBROLE_NAME cells: 865516
OBSOLETE cells: 865516
RELATIONSHIP_TYPE cells: 865516
SPECIALIZATION cells: 284364
FORECASTABLE cells: 669521
DSA_REVIEW_SUPPORT cells: 115359
DSA_APPROVER cells: 115185
SCCT_CLAIMS_APPROVER cells: 114776
SCCT_CHANGE_APPROVER cells: 1885
SCCT_INITIATOR cells: 114681
TA_ACCESS cells: 1475
DISCOUNT_AUTH_THRESHOLD_MAX cells: 116921
AUTH_THRESHOLD_IN_THOUS_MAX cells: 116921
DISCOUNT_AUTH_THRESHOLD_MIN cells: 116921
AUTH_THRESHOLD_IN_THOUS_MIN cells: 116921
COUNTRY_ISO_CODE cells: 91
REALLOC_IS_ENABLED cells: 76
REALLOC_AFTER_NUM_OF_DAYS cells: 76
INSIDE_SALES cells: 131627
FLAG cells: 865516
ORGANIZATION_NAME cells: 865516
PRIMARY_ORG_NAME cells: 723228
VALID_ROLE cells: 865516
REASON_CODE cells: 865516

