20210729001504
cd /apps/informatica/admin/SALES/EA_Sales_Prod_961/DATA/SALES_ANAPLAN_OIC/work/anaplan-connect-1-3-3-3
./AnaplanClient.sh -user anpadmua.gen@cisco.com:L5EJNstptxpa8A7 -workspace 8a81b0106d31d556016d3c59c99941a9 -model 1DF1AF61970242EFAF7E7A2951C4140C -action 'Delete Share Relationship ID' -execute -output '/apps/informatica/admin/SALES/EA_Sales_Prod_961/DATA/SALES_ANAPLAN_OIC/work/share_teams_delete.err'
The operation was successful.

cd /apps/informatica/admin/SALES/EA_Sales_Prod_961/DATA/SALES_ANAPLAN_OIC/work/anaplan-connect-1-3-3-3
./AnaplanClient.sh -user anpadmua.gen@cisco.com:L5EJNstptxpa8A7 -workspace 8a81b0106d31d556016d3c59c99941a9 -model 1DF1AF61970242EFAF7E7A2951C4140C -file ff_anaplan_shr_team_members.csv -put '/apps/informatica/admin/SALES/EA_Sales_Prod_961/DATA/SALES_ANAPLAN_OIC/work/ff_anaplan_shr_team_members.csv' -import 'Share Relationship ID from ff_anaplan_shr_team_members.csv' -execute -output '/apps/informatica/admin/SALES/EA_Sales_Prod_961/SALES_ANAPLAN_OIC/work/share_teams_list.err' -import 'Share Team Members from ff_anaplan_shr_team_members.csv' -execute -output '/apps/informatica/admin/SALES/EA_Sales_Prod_961/DATA/SALES_ANAPLAN_OIC/work/share_teams_module.err'
The file "/apps/informatica/admin/SALES/EA_Sales_Prod_961/DATA/SALES_ANAPLAN_OIC/work/ff_anaplan_shr_team_members.csv" has been uploaded as ff_anaplan_shr_team_members.csv.
The operation was successful.
Share Relationship ID: 83331 (83331/0) rows successful, 0 ignored 

The operation was successful.
NON_EMPLOYEE_ID cells: 83331
NON_EMPLOYEE_NAME cells: 83331
EMPLOYEE_ID cells: 83331
EMPLOYEE_FULL_NAME cells: 83331
EMAIL cells: 83331
EFFECTIVE_DATE cells: 83331
EXPIRATION_DATE cells: 4698
OBSOLETE cells: 83331
SPLIT_PERCENT cells: 83331
FLAG cells: 83331

