8a81b010721f3bec01722c4420f878e0 5486F999A91246CF9D710D228864764F
cd /apps/sales/EA_SALES_Prod_860/DATA/SALES_ANAPLAN_OIC/work/anaplan-connect-1-3-3-3
./AnaplanClient.sh -user anpadmua.gen@cisco.com:L5EJNstptxpa8A7 -workspace 8a81b010721f3bec01722c4420f878e0 -model 5486F999A91246CF9D710D228864764F -file 'FF_TMS_BESBE_PEC_BKG_DATA.txt' -put '/apps/sales/EA_SALES_Prod_860/DATA/SALES_ANAPLAN_OIC/work/FF_TMS_BESBE_PEC_BKG_DATA.txt' -import 'Tms_bebkg_id from FF_TMS_BESBE_PEC_BKG_DATA.txt' -execute -output '/apps/sales/EA_SALES_Prod_860/DATA/SALES_ANAPLAN_OIC/work/TMS_SBE_BKG.err.err' -import 'Node TMS SBE BOOKING from FF_TMS_BESBE_PEC_BKG_DATA.txt' -execute -output '/apps/sales/EA_SALES_Prod_860/DATA/SALES_ANAPLAN_OIC/work/TMS_SBE_BKG_MODULE.err.err'
The file "/apps/sales/EA_SALES_Prod_860/DATA/SALES_ANAPLAN_OIC/work/FF_TMS_BESBE_PEC_BKG_DATA.txt" has been uploaded as FF_TMS_BESBE_PEC_BKG_DATA.txt.
The operation was successful.
Tms_sbe_bkg_id: 861614 (861614/0) rows successful, 0 ignored 

The operation was successful.
NODE_ID cells: 861614
LEVEL_ID cells: 861614
STRUCTURE_NODE_NAME cells: 861614
STRUCTURE_NODE_NAME_L1 cells: 861614
STRUCTURE_NODE_NAME_L2 cells: 861614
STRUCTURE_NODE_NAME_L3 cells: 860537
STRUCTURE_NODE_NAME_L4 cells: 858466
STRUCTURE_NODE_NAME_L5 cells: 851327
STRUCTURE_NODE_NAME_L6 cells: 843835
STRUCTURE_NODE_NAME_L7 cells: 831711
BUSINESS_ENTITY_NAME cells: 861614
SUB_BUSINESS_ENTITY_NAME cells: 861614
AT_LEVEL_1 cells: 861614
AT_LEVEL_2 cells: 861614
AT_LEVEL_3 cells: 861614
PY2_BOOK_NET cells: 532213
PY1_BOOK_NET cells: 565877
CY_BOOK_NET cells: 562597

