
L6: 46288 (0/46288) rows successful, 0 ignored 

L7: 4168 (0/4168) rows successful, 0 ignored 

L8: 1212 (0/1212) rows successful, 0 ignored 

L6: 38807 (0/38807) rows successful, 0 ignored 

Failed to locate saved view 'TPX SAV-Node IDS'.'Export SAVs under L1 to TPX'








cd /apps/sales/EA_SALES_Prod_860/DATA/SALES_ANAPLAN_OIC/work/anaplan-connect-1-3-3-3
./AnaplanClient.sh -user anpadmua.gen@cisco.com:L5EJNstptxpa8A7 -workspace 8a81b00e6ee246a8016f584e8a576ad8 -model 21AFB617F1574F26BED27B2CC80E5534 -debug -process 'DAILY RUN 1 : L1 - L6' -execute -output /apps/sales/EA_SALES_Prod_860/DATA/SALES_ANAPLAN_OIC/work/DAILY_RUN1_HUB
Anaplan Connect 1.3.3-3
Java HotSpot(TM) 64-Bit Server VM (Oracle Corporation)/25.181-b13 (1.8.0_181)
Linux (amd64)/3.10.0-1160.11.1.el7.x86_64
The operation failed.
Failed to locate saved view 'TPX SAV-Node IDS'.'Export SAVs under L1 to TPX'
L1: 3 (0/3) rows successful, 0 ignored 

L2: 63 (0/63) rows successful, 0 ignored 

L3: 878 (0/878) rows successful, 0 ignored 

L4: 3455 (0/3455) rows successful, 0 ignored 

L5: 9401 (0/9401) rows successful, 0 ignored 

L6: 46288 (0/46288) rows successful, 0 ignored 

L7: 4168 (0/4168) rows successful, 0 ignored 

L8: 1212 (0/1212) rows successful, 0 ignored 

L6: 38807 (0/38807) rows successful, 0 ignored 

Failed to locate saved view 'TPX SAV-Node IDS'.'Export SAVs under L1 to TPX'








cd /apps/sales/EA_SALES_Prod_860/DATA/SALES_ANAPLAN_OIC/work/anaplan-connect-1-3-3-3
./AnaplanClient.sh -user anpadmua.gen@cisco.com:L5EJNstptxpa8A7 -workspace 8a81b00e6ee246a8016f584e8a576ad8 -model 21AFB617F1574F26BED27B2CC80E5534 -debug -process 'DAILY RUN 1 : L1 - L6' -execute -output /apps/sales/EA_SALES_Prod_860/DATA/SALES_ANAPLAN_OIC/work/DAILY_RUN1_HUB
Anaplan Connect 1.3.3-3
Java HotSpot(TM) 64-Bit Server VM (Oracle Corporation)/25.181-b13 (1.8.0_181)
Linux (amd64)/3.10.0-1160.11.1.el7.x86_64
The operation failed.
Failed to locate saved view 'TPX SAV-Node IDS'.'Export SAVs under L1 to TPX'
L1: 3 (0/3) rows successful, 0 ignored 

L2: 63 (0/63) rows successful, 0 ignored 

L3: 878 (0/878) rows successful, 0 ignored 

L4: 3455 (0/3455) rows successful, 0 ignored 

L5: 9401 (0/9401) rows successful, 0 ignored 

L6: 46288 (0/46288) rows successful, 0 ignored 

L7: 4168 (0/4168) rows successful, 0 ignored 

L8: 1212 (0/1212) rows successful, 0 ignored 

L6: 38807 (0/38807) rows successful, 0 ignored 

Failed to locate saved view 'TPX SAV-Node IDS'.'Export SAVs under L1 to TPX'








cd /apps/sales/EA_SALES_Prod_860/DATA/SALES_ANAPLAN_OIC/work/anaplan-connect-1-3-3-3
./AnaplanClient.sh -user anpadmua.gen@cisco.com:L5EJNstptxpa8A7 -workspace 8a81b00e6ee246a8016f584e8a576ad8 -model 21AFB617F1574F26BED27B2CC80E5534 -debug -process 'REFRESH: Today Date from HUB' -execute -output /apps/sales/EA_SALES_Prod_860/DATA/SALES_ANAPLAN_OIC/work/TODAYS_DATE_HUB
Anaplan Connect 1.3.3-3
Java HotSpot(TM) 64-Bit Server VM (Oracle Corporation)/25.181-b13 (1.8.0_181)
Linux (amd64)/3.10.0-1160.11.1.el7.x86_64
The operation was successful.
Todays Date cells: 1


cd /apps/sales/EA_SALES_Prod_860/DATA/SALES_ANAPLAN_OIC/work/anaplan-connect-1-3-3-3
./AnaplanClient.sh -user anpadmua.gen@cisco.com:L5EJNstptxpa8A7 -workspace 8a81b00e6ee246a8016f584e8a576ad8 -model 21AFB617F1574F26BED27B2CC80E5534 -debug -process 'DAILY RUN 1 : L1 - L6' -execute -output /apps/sales/EA_SALES_Prod_860/DATA/SALES_ANAPLAN_OIC/work/DAILY_RUN1_HUB
Anaplan Connect 1.3.3-3
Java HotSpot(TM) 64-Bit Server VM (Oracle Corporation)/25.181-b13 (1.8.0_181)
Linux (amd64)/3.10.0-1160.11.1.el7.x86_64
The operation failed.
Failed to locate saved view 'TPX SAV-Node IDS'.'Export SAVs under L1 to TPX'
L1: 3 (0/3) rows successful, 0 ignored 

L2: 63 (0/63) rows successful, 0 ignored 

L3: 878 (0/878) rows successful, 0 ignored 

L4: 3455 (0/3455) rows successful, 0 ignored 

L5: 9401 (0/9401) rows successful, 0 ignored 

L6: 46288 (0/46288) rows successful, 0 ignored 

L7: 4168 (0/4168) rows successful, 0 ignored 

L8: 1212 (0/1212) rows successful, 0 ignored 

L6: 38807 (0/38807) rows successful, 0 ignored 

Failed to locate saved view 'TPX SAV-Node IDS'.'Export SAVs under L1 to TPX'








cd /apps/sales/EA_SALES_Prod_860/DATA/SALES_ANAPLAN_OIC/work/anaplan-connect-1-3-3-3
./AnaplanClient.sh -user anpadmua.gen@cisco.com:L5EJNstptxpa8A7 -workspace 8a81b00e6ee246a8016f584e8a576ad8 -model 21AFB617F1574F26BED27B2CC80E5534 -debug -process 'DAILY RUN 1 : L1 - L6' -execute -output /apps/sales/EA_SALES_Prod_860/DATA/SALES_ANAPLAN_OIC/work/DAILY_RUN1_HUB
Anaplan Connect 1.3.3-3
Java HotSpot(TM) 64-Bit Server VM (Oracle Corporation)/25.181-b13 (1.8.0_181)
Linux (amd64)/3.10.0-1160.11.1.el7.x86_64
The operation failed.
Failed to locate saved view 'TPX SAV-Node IDS'.'Export SAVs under L1 to TPX'
L1: 3 (0/3) rows successful, 0 ignored 

L2: 63 (0/63) rows successful, 0 ignored 

L3: 878 (0/878) rows successful, 0 ignored 

L4: 3455 (0/3455) rows successful, 0 ignored 

L5: 9401 (0/9401) rows successful, 0 ignored 

L6: 46288 (0/46288) rows successful, 0 ignored 

L7: 4168 (0/4168) rows successful, 0 ignored 

L8: 1212 (0/1212) rows successful, 0 ignored 

L6: 38807 (0/38807) rows successful, 0 ignored 

Failed to locate saved view 'TPX SAV-Node IDS'.'Export SAVs under L1 to TPX'








cd /apps/sales/EA_SALES_Prod_860/DATA/SALES_ANAPLAN_OIC/work/anaplan-connect-1-3-3-3
./AnaplanClient.sh -user anpadmua.gen@cisco.com:L5EJNstptxpa8A7 -workspace 8a81b00e6ee246a8016f584e8a576ad8 -model 21AFB617F1574F26BED27B2CC80E5534 -debug -process 'DAILY RUN 1 : L1 - L6' -execute -output /apps/sales/EA_SALES_Prod_860/DATA/SALES_ANAPLAN_OIC/work/DAILY_RUN1_HUB
Anaplan Connect 1.3.3-3
Java HotSpot(TM) 64-Bit Server VM (Oracle Corporation)/25.181-b13 (1.8.0_181)
Linux (amd64)/3.10.0-1160.11.1.el7.x86_64
The operation failed.
Failed to locate saved view 'TPX SAV-Node IDS'.'Export SAVs under L1 to TPX'
L1: 3 (0/3) rows successful, 0 ignored 

L2: 63 (0/63) rows successful, 0 ignored 

L3: 878 (0/878) rows successful, 0 ignored 

L4: 3455 (0/3455) rows successful, 0 ignored 

L5: 9401 (0/9401) rows successful, 0 ignored 

L6: 46288 (0/46288) rows successful, 0 ignored 

L7: 4168 (0/4168) rows successful, 0 ignored 

L8: 1212 (0/1212) rows successful, 0 ignored 

L6: 38807 (0/38807) rows successful, 0 ignored 

Failed to locate saved view 'TPX SAV-Node IDS'.'Export SAVs under L1 to TPX'








cd /apps/sales/EA_SALES_Prod_860/DATA/SALES_ANAPLAN_OIC/work/anaplan-connect-1-3-3-3
./AnaplanClient.sh -user anpadmua.gen@cisco.com:L5EJNstptxpa8A7 -workspace 8a81b00e6ee246a8016f584e8a576ad8 -model 21AFB617F1574F26BED27B2CC80E5534 -debug -process 'DAILY RUN 1 : L1 - L6' -execute -output /apps/sales/EA_SALES_Prod_860/DATA/SALES_ANAPLAN_OIC/work/DAILY_RUN1_HUB
Anaplan Connect 1.3.3-3
Java HotSpot(TM) 64-Bit Server VM (Oracle Corporation)/25.181-b13 (1.8.0_181)
Linux (amd64)/3.10.0-1160.11.1.el7.x86_64
The operation failed.
Failed to locate saved view 'TPX SAV-Node IDS'.'Export SAVs under L1 to TPX'
L1: 3 (0/3) rows successful, 0 ignored 

L2: 63 (0/63) rows successful, 0 ignored 

L3: 878 (0/878) rows successful, 0 ignored 

L4: 3455 (0/3455) rows successful, 0 ignored 

L5: 9401 (0/9401) rows successful, 0 ignored 

L6: 46288 (0/46288) rows successful, 0 ignored 

L7: 4168 (0/4168) rows successful, 0 ignored 

L8: 1212 (0/1212) rows successful, 0 ignored 

L6: 38807 (0/38807) rows successful, 0 ignored 

Failed to locate saved view 'TPX SAV-Node IDS'.'Export SAVs under L1 to TPX'








cd /apps/sales/EA_SALES_Prod_860/DATA/SALES_ANAPLAN_OIC/work/anaplan-connect-1-3-3-3
./AnaplanClient.sh -user anpadmua.gen@cisco.com:L5EJNstptxpa8A7 -workspace 8a81b00e6ee246a8016f584e8a576ad8 -model 21AFB617F1574F26BED27B2CC80E5534 -debug -process 'DAILY RUN 1 : L1 - L6' -execute -output /apps/sales/EA_SALES_Prod_860/DATA/SALES_ANAPLAN_OIC/work/DAILY_RUN1_HUB
Anaplan Connect 1.3.3-3
Java HotSpot(TM) 64-Bit Server VM (Oracle Corporation)/25.181-b13 (1.8.0_181)
Linux (amd64)/3.10.0-1160.11.1.el7.x86_64
The operation failed.
Failed to locate saved view 'TPX SAV-Node IDS'.'Export SAVs under L1 to TPX'
L1: 3 (0/3) rows successful, 0 ignored 

L2: 63 (0/63) rows successful, 0 ignored 

L3: 878 (0/878) rows successful, 0 ignored 

L4: 3455 (0/3455) rows successful, 0 ignored 

L5: 9401 (0/9401) rows successful, 0 ignored 

L6: 46288 (0/46288) rows successful, 0 ignored 

L7: 4168 (0/4168) rows successful, 0 ignored 

L8: 1212 (0/1212) rows successful, 0 ignored 

L6: 38807 (0/38807) rows successful, 0 ignored 

Failed to locate saved view 'TPX SAV-Node IDS'.'Export SAVs under L1 to TPX'








cd /apps/sales/EA_SALES_Prod_860/DATA/SALES_ANAPLAN_OIC/work/anaplan-connect-1-3-3-3
./AnaplanClient.sh -user anpadmua.gen@cisco.com:L5EJNstptxpa8A7 -workspace 8a81b00e6ee246a8016f584e8a576ad8 -model 21AFB617F1574F26BED27B2CC80E5534 -debug -process 'REFRESH: Today Date from HUB' -execute -output /apps/sales/EA_SALES_Prod_860/DATA/SALES_ANAPLAN_OIC/work/TODAYS_DATE_HUB
Anaplan Connect 1.3.3-3
Java HotSpot(TM) 64-Bit Server VM (Oracle Corporation)/25.181-b13 (1.8.0_181)
Linux (amd64)/3.10.0-1160.11.1.el7.x86_64
The operation was successful.
Todays Date cells: 1


cd /apps/sales/EA_SALES_Prod_860/DATA/SALES_ANAPLAN_OIC/work/anaplan-connect-1-3-3-3
./AnaplanClient.sh -user anpadmua.gen@cisco.com:L5EJNstptxpa8A7 -workspace 8a81b00e6ee246a8016f584e8a576ad8 -model 21AFB617F1574F26BED27B2CC80E5534 -debug -process 'DAILY RUN 1 : L1 - L6' -execute -output /apps/sales/EA_SALES_Prod_860/DATA/SALES_ANAPLAN_OIC/work/DAILY_RUN1_HUB
Anaplan Connect 1.3.3-3
Java HotSpot(TM) 64-Bit Server VM (Oracle Corporation)/25.181-b13 (1.8.0_181)
Linux (amd64)/3.10.0-1160.11.1.el7.x86_64
The operation failed.
Failed to locate saved view 'TPX SAV-Node IDS'.'Export SAVs under L1 to TPX'
L1: 3 (0/3) rows successful, 0 ignored 

L2: 63 (0/63) rows successful, 0 ignored 

L3: 878 (0/878) rows successful, 0 ignored 

L4: 3455 (0/3455) rows successful, 0 ignored 

L5: 9401 (0/9401) rows successful, 0 ignored 

L6: 46288 (0/46288) rows successful, 0 ignored 

L7: 4168 (0/4168) rows successful, 0 ignored 

L8: 1212 (0/1212) rows successful, 0 ignored 

L6: 38807 (0/38807) rows successful, 0 ignored 

Failed to locate saved view 'TPX SAV-Node IDS'.'Export SAVs under L1 to TPX'








cd /apps/sales/EA_SALES_Prod_860/DATA/SALES_ANAPLAN_OIC/work/anaplan-connect-1-3-3-3
./AnaplanClient.sh -user anpadmua.gen@cisco.com:L5EJNstptxpa8A7 -workspace 8a81b00e6ee246a8016f584e8a576ad8 -model 8E61CA5254194B8DBFDAAEC2E807436D -debug -process 'STEP 8: Bookings Refresh' -execute -output /apps/sales/EA_SALES_Prod_860/DATA/SALES_ANAPLAN_OIC/work/BOOKINGS_REFRESH
Anaplan Connect 1.3.3-3
Java HotSpot(TM) 64-Bit Server VM (Oracle Corporation)/25.181-b13 (1.8.0_181)
Linux (amd64)/3.10.0-1160.11.1.el7.x86_64
No dump file is available.
cd /apps/sales/EA_SALES_Prod_860/DATA/SALES_ANAPLAN_OIC/work/anaplan-connect-1-3-3-3
./AnaplanClient.sh -user anpadmua.gen@cisco.com:L5EJNstptxpa8A7 -workspace 8a81b00e6ee246a8016f584e8a576ad8 -model 8E61CA5254194B8DBFDAAEC2E807436D -debug -process 'Wallet Data Refresh' -execute -output /apps/sales/EA_SALES_Prod_860/DATA/SALES_ANAPLAN_OIC/work/BOOKINGS_REFRESH
Anaplan Connect 1.3.3-3
Java HotSpot(TM) 64-Bit Server VM (Oracle Corporation)/25.181-b13 (1.8.0_181)
Linux (amd64)/3.10.0-1160.11.1.el7.x86_64
No dump file is available.
cd /apps/sales/EA_SALES_Prod_860/DATA/SALES_ANAPLAN_OIC/work/anaplan-connect-1-3-3-3
./AnaplanClient.sh -user anpadmua.gen@cisco.com:L5EJNstptxpa8A7 -workspace 8a81b0106d31d556016d3c59c99941a9 -model 6918C7ACD5A44F24B1D37C8F457EBDFE -debug -process 'Create TPX Inactive Flag' -execute -output /apps/sales/EA_SALES_Prod_860/DATA/SALES_ANAPLAN_OIC/work/Create_TPX_Inactive_Flag
Anaplan Connect 1.3.3-3
Java HotSpot(TM) 64-Bit Server VM (Oracle Corporation)/25.181-b13 (1.8.0_181)
Linux (amd64)/3.10.0-1160.11.1.el7.x86_64
The operation was successful.
Parties from TPX for Finding Inactive: 1473727 (1473727/0) rows successful, 3 ignored 
Another row has already been processed with this key: 3

SAVs from TPX for Finding Inactive: 182318 (182318/0) rows successful, 0 ignored 


Dump file written to "/apps/sales/EA_SALES_Prod_860/DATA/SALES_ANAPLAN_OIC/work/Create_TPX_Inactive_Flag/0-112000000322-Failures for Import 322"
cd /apps/sales/EA_SALES_Prod_860/DATA/SALES_ANAPLAN_OIC/work/anaplan-connect-1-3-3-3
./AnaplanClient.sh -user anpadmua.gen@cisco.com:L5EJNstptxpa8A7 -workspace 8a81b0106d31d556016d3c59c99941a9 -model 1DF1AF61970242EFAF7E7A2951C4140C -debug -process 'TPX Retrieve booked parties from TPX' -execute -output /apps/sales/EA_SALES_Prod_860/DATA/SALES_ANAPLAN_OIC/work/Create_TPX_Inactive_Flag
Anaplan Connect 1.3.3-3
Java HotSpot(TM) 64-Bit Server VM (Oracle Corporation)/25.181-b13 (1.8.0_181)
Linux (amd64)/3.10.0-1160.11.1.el7.x86_64
No dump file is available.
cd /apps/sales/EA_SALES_Prod_860/DATA/SALES_ANAPLAN_OIC/work/anaplan-connect-1-3-3-3
./AnaplanClient.sh -user anpadmua.gen@cisco.com:L5EJNstptxpa8A7 -workspace 8a81b00e6ee246a8016f584e8a576ad8 -model 8E61CA5254194B8DBFDAAEC2E807436D -debug -process 'DAILY RUN 2: Adding Inactive Flag to All Element TypesBOOKINGS_REFRESH_DAILYRUN2' -execute -output /apps/sales/EA_SALES_Prod_860/DATA/SALES_ANAPLAN_OIC/work/
Anaplan Connect 1.3.3-3
Java HotSpot(TM) 64-Bit Server VM (Oracle Corporation)/25.181-b13 (1.8.0_181)
Linux (amd64)/3.10.0-1160.11.1.el7.x86_64
No dump file is available.
cd /apps/sales/EA_SALES_Prod_860/DATA/SALES_ANAPLAN_OIC/work/anaplan-connect-1-3-3-3
./AnaplanClient.sh -user anpadmua.gen@cisco.com:L5EJNstptxpa8A7 -workspace 8a81b0106d31d556016d3c59c99941a9 -model 6918C7ACD5A44F24B1D37C8F457EBDFE -debug -process 'Delete TPX Inactive Flag' -execute -output /apps/sales/EA_SALES_Prod_860/DATA/SALES_ANAPLAN_OIC/work/Delete_TPX_Inactive_Flag
Anaplan Connect 1.3.3-3
Java HotSpot(TM) 64-Bit Server VM (Oracle Corporation)/25.181-b13 (1.8.0_181)
Linux (amd64)/3.10.0-1160.11.1.el7.x86_64
The operation was successful.




cd /apps/sales/EA_SALES_Prod_860/DATA/SALES_ANAPLAN_OIC/work/anaplan-connect-1-3-3-3
./AnaplanClient.sh -user anpadmua.gen@cisco.com:L5EJNstptxpa8A7 -workspace 8a81b0106d31d556016d3c59c99941a9 -model 1DF1AF61970242EFAF7E7A2951C4140C -debug -process 'Clear TPX Party Inactive Engine List' -execute -output /apps/sales/EA_SALES_Prod_860/DATA/SALES_ANAPLAN_OIC/work/Create_TPX_Inactive_Flag
Anaplan Connect 1.3.3-3
Java HotSpot(TM) 64-Bit Server VM (Oracle Corporation)/25.181-b13 (1.8.0_181)
Linux (amd64)/3.10.0-1160.11.1.el7.x86_64
No dump file is available.
cd /apps/sales/EA_SALES_Prod_860/DATA/SALES_ANAPLAN_OIC/work/anaplan-connect-1-3-3-3
./AnaplanClient.sh -user anpadmua.gen@cisco.com:L5EJNstptxpa8A7 -workspace 8a81b00e6ee246a8016f584e8a576ad8 -model 21AFB617F1574F26BED27B2CC80E5534 -debug -process 'DAILY RUN 1 : L1 - L6' -execute -output /apps/sales/EA_SALES_Prod_860/DATA/SALES_ANAPLAN_OIC/work/DAILY_RUN1_HUB
Anaplan Connect 1.3.3-3
Java HotSpot(TM) 64-Bit Server VM (Oracle Corporation)/25.181-b13 (1.8.0_181)
Linux (amd64)/3.10.0-1160.11.1.el7.x86_64
The operation failed.
Failed to locate saved view 'TPX SAV-Node IDS'.'Export SAVs under L1 to TPX'
L1: 3 (0/3) rows successful, 0 ignored 

L2: 63 (0/63) rows successful, 0 ignored 

L3: 878 (0/878) rows successful, 0 ignored 

L4: 3455 (0/3455) rows successful, 0 ignored 

L5: 9401 (0/9401) rows successful, 0 ignored 

L6: 46288 (0/46288) rows successful, 0 ignored 

L7: 4168 (0/4168) rows successful, 0 ignored 

L8: 1212 (0/1212) rows successful, 0 ignored 

L6: 38807 (0/38807) rows successful, 0 ignored 

Failed to locate saved view 'TPX SAV-Node IDS'.'Export SAVs under L1 to TPX'








cd /apps/sales/EA_SALES_Prod_860/DATA/SALES_ANAPLAN_OIC/work/anaplan-connect-1-3-3-3
./AnaplanClient.sh -user anpadmua.gen@cisco.com:L5EJNstptxpa8A7 -workspace 8a81b00e6ee246a8016f584e8a576ad8 -model 21AFB617F1574F26BED27B2CC80E5534 -debug -process 'DAILY RUN 1 : L1 - L6' -execute -output /apps/sales/EA_SALES_Prod_860/DATA/SALES_ANAPLAN_OIC/work/DAILY_RUN1_HUB
Anaplan Connect 1.3.3-3
Java HotSpot(TM) 64-Bit Server VM (Oracle Corporation)/25.181-b13 (1.8.0_181)
Linux (amd64)/3.10.0-1160.11.1.el7.x86_64
The operation failed.
Failed to locate saved view 'TPX SAV-Node IDS'.'Export SAVs under L1 to TPX'
L1: 3 (0/3) rows successful, 0 ignored 

L2: 63 (0/63) rows successful, 0 ignored 

L3: 878 (0/878) rows successful, 0 ignored 

L4: 3455 (0/3455) rows successful, 0 ignored 

L5: 9401 (0/9401) rows successful, 0 ignored 

L6: 46288 (0/46288) rows successful, 0 ignored 

L7: 4168 (0/4168) rows successful, 0 ignored 

L8: 1212 (0/1212) rows successful, 0 ignored 

L6: 38807 (0/38807) rows successful, 0 ignored 

Failed to locate saved view 'TPX SAV-Node IDS'.'Export SAVs under L1 to TPX'








cd /apps/sales/EA_SALES_Prod_860/DATA/SALES_ANAPLAN_OIC/work/anaplan-connect-1-3-3-3
./AnaplanClient.sh -user anpadmua.gen@cisco.com:L5EJNstptxpa8A7 -workspace 8a81b00e6ee246a8016f584e8a576ad8 -model 21AFB617F1574F26BED27B2CC80E5534 -debug -process 'DAILY RUN 1 : L1 - L6' -execute -output /apps/sales/EA_SALES_Prod_860/DATA/SALES_ANAPLAN_OIC/work/DAILY_RUN1_HUB
Anaplan Connect 1.3.3-3
Java HotSpot(TM) 64-Bit Server VM (Oracle Corporation)/25.181-b13 (1.8.0_181)
Linux (amd64)/3.10.0-1160.11.1.el7.x86_64
The operation failed.
Failed to locate saved view 'TPX SAV-Node IDS'.'Export SAVs under L1 to TPX'
L1: 3 (0/3) rows successful, 0 ignored 

L2: 63 (0/63) rows successful, 0 ignored 

L3: 878 (0/878) rows successful, 0 ignored 

L4: 3455 (0/3455) rows successful, 0 ignored 

L5: 9401 (0/9401) rows successful, 0 ignored 

L6: 46288 (0/46288) rows successful, 0 ignored 

L7: 4168 (0/4168) rows successful, 0 ignored 

L8: 1212 (0/1212) rows successful, 0 ignored 

L6: 38807 (0/38807) rows successful, 0 ignored 

Failed to locate saved view 'TPX SAV-Node IDS'.'Export SAVs under L1 to TPX'








cd /apps/sales/EA_SALES_Prod_860/DATA/SALES_ANAPLAN_OIC/work/anaplan-connect-1-3-3-3
./AnaplanClient.sh -user anpadmua.gen@cisco.com:L5EJNstptxpa8A7 -workspace 8a81b00e6ee246a8016f584e8a576ad8 -model 21AFB617F1574F26BED27B2CC80E5534 -debug -process 'DAILY RUN 1 : L1 - L6' -execute -output /apps/sales/EA_SALES_Prod_860/DATA/SALES_ANAPLAN_OIC/work/DAILY_RUN1_HUB
Anaplan Connect 1.3.3-3
Java HotSpot(TM) 64-Bit Server VM (Oracle Corporation)/25.181-b13 (1.8.0_181)
Linux (amd64)/3.10.0-1160.11.1.el7.x86_64
The operation failed.
Failed to locate saved view 'TPX SAV-Node IDS'.'Export SAVs under L1 to TPX'
L1: 3 (0/3) rows successful, 0 ignored 

L2: 63 (0/63) rows successful, 0 ignored 

L3: 878 (0/878) rows successful, 0 ignored 

L4: 3455 (0/3455) rows successful, 0 ignored 

L5: 9401 (0/9401) rows successful, 0 ignored 

L6: 46288 (0/46288) rows successful, 0 ignored 

L7: 4168 (0/4168) rows successful, 0 ignored 

L8: 1212 (0/1212) rows successful, 0 ignored 

L6: 38807 (0/38807) rows successful, 0 ignored 

Failed to locate saved view 'TPX SAV-Node IDS'.'Export SAVs under L1 to TPX'








cd /apps/sales/EA_SALES_Prod_860/DATA/SALES_ANAPLAN_OIC/work/anaplan-connect-1-3-3-3
./AnaplanClient.sh -user anpadmua.gen@cisco.com:L5EJNstptxpa8A7 -workspace 8a81b00e6ee246a8016f584e8a576ad8 -model 21AFB617F1574F26BED27B2CC80E5534 -debug -process 'REFRESH: Today Date from HUB' -execute -output /apps/sales/EA_SALES_Prod_860/DATA/SALES_ANAPLAN_OIC/work/TODAYS_DATE_HUB
Anaplan Connect 1.3.3-3
Java HotSpot(TM) 64-Bit Server VM (Oracle Corporation)/25.181-b13 (1.8.0_181)
Linux (amd64)/3.10.0-1160.11.1.el7.x86_64
The operation was successful.
Todays Date cells: 1


cd /apps/sales/EA_SALES_Prod_860/DATA/SALES_ANAPLAN_OIC/work/anaplan-connect-1-3-3-3
./AnaplanClient.sh -user anpadmua.gen@cisco.com:L5EJNstptxpa8A7 -workspace 8a81b00e6ee246a8016f584e8a576ad8 -model 21AFB617F1574F26BED27B2CC80E5534 -debug -process 'DAILY RUN 1 : L1 - L6' -execute -output /apps/sales/EA_SALES_Prod_860/DATA/SALES_ANAPLAN_OIC/work/DAILY_RUN1_HUB
Anaplan Connect 1.3.3-3
Java HotSpot(TM) 64-Bit Server VM (Oracle Corporation)/25.181-b13 (1.8.0_181)
Linux (amd64)/3.10.0-1160.11.1.el7.x86_64
The operation failed.
Failed to locate saved view 'TPX SAV-Node IDS'.'Export SAVs under L1 to TPX'
L1: 3 (0/3) rows successful, 0 ignored 

L2: 63 (0/63) rows successful, 0 ignored 

L3: 878 (0/878) rows successful, 0 ignored 

L4: 3455 (0/3455) rows successful, 0 ignored 

L5: 9401 (0/9401) rows successful, 0 ignored 

L6: 46288 (0/46288) rows successful, 0 ignored 

L7: 4168 (0/4168) rows successful, 0 ignored 

L8: 1212 (0/1212) rows successful, 0 ignored 

L6: 38807 (0/38807) rows successful, 0 ignored 

Failed to locate saved view 'TPX SAV-Node IDS'.'Export SAVs under L1 to TPX'








cd /apps/sales/EA_SALES_Prod_860/DATA/SALES_ANAPLAN_OIC/work/anaplan-connect-1-3-3-3
./AnaplanClient.sh -user anpadmua.gen@cisco.com:L5EJNstptxpa8A7 -workspace 8a81b00e6ee246a8016f584e8a576ad8 -model 21AFB617F1574F26BED27B2CC80E5534 -debug -process 'DAILY RUN 1 : L1 - L6' -execute -output /apps/sales/EA_SALES_Prod_860/DATA/SALES_ANAPLAN_OIC/work/DAILY_RUN1_HUB
Anaplan Connect 1.3.3-3
Java HotSpot(TM) 64-Bit Server VM (Oracle Corporation)/25.181-b13 (1.8.0_181)
Linux (amd64)/3.10.0-1160.11.1.el7.x86_64
The operation failed.
Failed to locate saved view 'TPX SAV-Node IDS'.'Export SAVs under L1 to TPX'
L1: 3 (0/3) rows successful, 0 ignored 

L2: 63 (0/63) rows successful, 0 ignored 

L3: 878 (0/878) rows successful, 0 ignored 

L4: 3455 (0/3455) rows successful, 0 ignored 

L5: 9401 (0/9401) rows successful, 0 ignored 

L6: 46288 (0/46288) rows successful, 0 ignored 

L7: 4168 (0/4168) rows successful, 0 ignored 

L8: 1212 (0/1212) rows successful, 0 ignored 

L6: 38807 (0/38807) rows successful, 0 ignored 

Failed to locate saved view 'TPX SAV-Node IDS'.'Export SAVs under L1 to TPX'








cd /apps/sales/EA_SALES_Prod_860/DATA/SALES_ANAPLAN_OIC/work/anaplan-connect-1-3-3-3
./AnaplanClient.sh -user anpadmua.gen@cisco.com:L5EJNstptxpa8A7 -workspace 8a81b00e6ee246a8016f584e8a576ad8 -model 21AFB617F1574F26BED27B2CC80E5534 -debug -process 'DAILY RUN 1 : L1 - L6' -execute -output /apps/sales/EA_SALES_Prod_860/DATA/SALES_ANAPLAN_OIC/work/DAILY_RUN1_HUB
Anaplan Connect 1.3.3-3
Java HotSpot(TM) 64-Bit Server VM (Oracle Corporation)/25.181-b13 (1.8.0_181)
Linux (amd64)/3.10.0-1160.11.1.el7.x86_64
The operation failed.
Failed to locate saved view 'TPX SAV-Node IDS'.'Export SAVs under L1 to TPX'
L1: 3 (0/3) rows successful, 0 ignored 

L2: 63 (0/63) rows successful, 0 ignored 

L3: 878 (0/878) rows successful, 0 ignored 

L4: 3455 (0/3455) rows successful, 0 ignored 

L5: 9401 (0/9401) rows successful, 0 ignored 

L6: 46288 (0/46288) rows successful, 0 ignored 

L7: 4168 (0/4168) rows successful, 0 ignored 

L8: 1212 (0/1212) rows successful, 0 ignored 

L6: 38807 (0/38807) rows successful, 0 ignored 

Failed to locate saved view 'TPX SAV-Node IDS'.'Export SAVs under L1 to TPX'








cd /apps/sales/EA_SALES_Prod_860/DATA/SALES_ANAPLAN_OIC/work/anaplan-connect-1-3-3-3
./AnaplanClient.sh -user anpadmua.gen@cisco.com:L5EJNstptxpa8A7 -workspace 8a81b00e6ee246a8016f584e8a576ad8 -model 21AFB617F1574F26BED27B2CC80E5534 -debug -process 'DAILY RUN 1 : L1 - L6' -execute -output /apps/sales/EA_SALES_Prod_860/DATA/SALES_ANAPLAN_OIC/work/DAILY_RUN1_HUB
Anaplan Connect 1.3.3-3
Java HotSpot(TM) 64-Bit Server VM (Oracle Corporation)/25.181-b13 (1.8.0_181)
Linux (amd64)/3.10.0-1160.11.1.el7.x86_64
The operation failed.
Failed to locate saved view 'TPX SAV-Node IDS'.'Export SAVs under L1 to TPX'
L1: 3 (0/3) rows successful, 0 ignored 

L2: 63 (0/63) rows successful, 0 ignored 

L3: 878 (0/878) rows successful, 0 ignored 

L4: 3455 (0/3455) rows successful, 0 ignored 

L5: 9401 (0/9401) rows successful, 0 ignored 

L6: 46288 (0/46288) rows successful, 0 ignored 

L7: 4168 (0/4168) rows successful, 0 ignored 

L8: 1212 (0/1212) rows successful, 0 ignored 

L6: 38807 (0/38807) rows successful, 0 ignored 

Failed to locate saved view 'TPX SAV-Node IDS'.'Export SAVs under L1 to TPX'








cd /apps/sales/EA_SALES_Prod_860/DATA/SALES_ANAPLAN_OIC/work/anaplan-connect-1-3-3-3
./AnaplanClient.sh -user anpadmua.gen@cisco.com:L5EJNstptxpa8A7 -workspace 8a81b00e6ee246a8016f584e8a576ad8 -model 21AFB617F1574F26BED27B2CC80E5534 -debug -process 'DAILY RUN 1 : L1 - L6' -execute -output /apps/sales/EA_SALES_Prod_860/DATA/SALES_ANAPLAN_OIC/work/DAILY_RUN1_HUB
Anaplan Connect 1.3.3-3
Java HotSpot(TM) 64-Bit Server VM (Oracle Corporation)/25.181-b13 (1.8.0_181)
Linux (amd64)/3.10.0-1160.11.1.el7.x86_64
The operation failed.
Failed to locate saved view 'TPX SAV-Node IDS'.'Export SAVs under L1 to TPX'
L1: 3 (0/3) rows successful, 0 ignored 

L2: 63 (0/63) rows successful, 0 ignored 

L3: 878 (0/878) rows successful, 0 ignored 

L4: 3455 (0/3455) rows successful, 0 ignored 

L5: 9401 (0/9401) rows successful, 0 ignored 

L6: 46288 (0/46288) rows successful, 0 ignored 

L7: 4168 (0/4168) rows successful, 0 ignored 

L8: 1212 (0/1212) rows successful, 0 ignored 

L6: 38807 (0/38807) rows successful, 0 ignored 

Failed to locate saved view 'TPX SAV-Node IDS'.'Export SAVs under L1 to TPX'








cd /apps/sales/EA_SALES_Prod_860/DATA/SALES_ANAPLAN_OIC/work/anaplan-connect-1-3-3-3
./AnaplanClient.sh -user anpadmua.gen@cisco.com:L5EJNstptxpa8A7 -workspace 8a81b00e6ee246a8016f584e8a576ad8 -model 21AFB617F1574F26BED27B2CC80E5534 -debug -process 'REFRESH: Today Date from HUB' -execute -output /apps/sales/EA_SALES_Prod_860/DATA/SALES_ANAPLAN_OIC/work/TODAYS_DATE_HUB
Anaplan Connect 1.3.3-3
Java HotSpot(TM) 64-Bit Server VM (Oracle Corporation)/25.181-b13 (1.8.0_181)
Linux (amd64)/3.10.0-1160.11.1.el7.x86_64
The operation was successful.
Todays Date cells: 1


cd /apps/sales/EA_SALES_Prod_860/DATA/SALES_ANAPLAN_OIC/work/anaplan-connect-1-3-3-3
./AnaplanClient.sh -user anpadmua.gen@cisco.com:L5EJNstptxpa8A7 -workspace 8a81b00e6ee246a8016f584e8a576ad8 -model 21AFB617F1574F26BED27B2CC80E5534 -debug -process 'DAILY RUN 1 : L1 - L6' -execute -output /apps/sales/EA_SALES_Prod_860/DATA/SALES_ANAPLAN_OIC/work/DAILY_RUN1_HUB
Anaplan Connect 1.3.3-3
Java HotSpot(TM) 64-Bit Server VM (Oracle Corporation)/25.181-b13 (1.8.0_181)
Linux (amd64)/3.10.0-1160.11.1.el7.x86_64
The operation failed.
Failed to locate saved view 'TPX SAV-Node IDS'.'Export SAVs under L1 to TPX'
L1: 3 (0/3) rows successful, 0 ignored 

L2: 63 (0/63) rows successful, 0 ignored 

L3: 878 (0/878) rows successful, 0 ignored 

L4: 3455 (0/3455) rows successful, 0 ignored 

L5: 9401 (0/9401) rows successful, 0 ignored 

L6: 46288 (0/46288) rows successful, 0 ignored 

L7: 4168 (0/4168) rows successful, 0 ignored 

L8: 1212 (0/1212) rows successful, 0 ignored 

L6: 38807 (0/38807) rows successful, 0 ignored 

Failed to locate saved view 'TPX SAV-Node IDS'.'Export SAVs under L1 to TPX'








cd /apps/sales/EA_SALES_Prod_860/DATA/SALES_ANAPLAN_OIC/work/anaplan-connect-1-3-3-3
./AnaplanClient.sh -user anpadmua.gen@cisco.com:L5EJNstptxpa8A7 -workspace 8a81b00e6ee246a8016f584e8a576ad8 -model 21AFB617F1574F26BED27B2CC80E5534 -debug -process 'DAILY RUN 1 : L1 - L6' -execute -output /apps/sales/EA_SALES_Prod_860/DATA/SALES_ANAPLAN_OIC/work/DAILY_RUN1_HUB
Anaplan Connect 1.3.3-3
Java HotSpot(TM) 64-Bit Server VM (Oracle Corporation)/25.181-b13 (1.8.0_181)
Linux (amd64)/3.10.0-1160.11.1.el7.x86_64
The operation failed.
Failed to locate saved view 'TPX SAV-Node IDS'.'Export SAVs under L1 to TPX'
L1: 3 (0/3) rows successful, 0 ignored 

L2: 63 (0/63) rows successful, 0 ignored 

L3: 878 (0/878) rows successful, 0 ignored 

L4: 3455 (0/3455) rows successful, 0 ignored 

L5: 9401 (0/9401) rows successful, 0 ignored 

L6: 46288 (0/46288) rows successful, 0 ignored 

L7: 4168 (0/4168) rows successful, 0 ignored 

L8: 1212 (0/1212) rows successful, 0 ignored 

L6: 38807 (0/38807) rows successful, 0 ignored 

Failed to locate saved view 'TPX SAV-Node IDS'.'Export SAVs under L1 to TPX'








cd /apps/sales/EA_SALES_Prod_860/DATA/SALES_ANAPLAN_OIC/work/anaplan-connect-1-3-3-3
./AnaplanClient.sh -user anpadmua.gen@cisco.com:L5EJNstptxpa8A7 -workspace 8a81b00e6ee246a8016f584e8a576ad8 -model 21AFB617F1574F26BED27B2CC80E5534 -debug -process 'DAILY RUN 1 : L1 - L6' -execute -output /apps/sales/EA_SALES_Prod_860/DATA/SALES_ANAPLAN_OIC/work/DAILY_RUN1_HUB
Anaplan Connect 1.3.3-3
Java HotSpot(TM) 64-Bit Server VM (Oracle Corporation)/25.181-b13 (1.8.0_181)
Linux (amd64)/3.10.0-1160.11.1.el7.x86_64
The operation failed.
Failed to locate saved view 'TPX SAV-Node IDS'.'Export SAVs under L1 to TPX'
L1: 3 (0/3) rows successful, 0 ignored 

L2: 63 (0/63) rows successful, 0 ignored 

L3: 878 (0/878) rows successful, 0 ignored 

L4: 3455 (0/3455) rows successful, 0 ignored 

L5: 9401 (0/9401) rows successful, 0 ignored 

L6: 46288 (0/46288) rows successful, 0 ignored 

L7: 4168 (0/4168) rows successful, 0 ignored 

L8: 1212 (0/1212) rows successful, 0 ignored 

L6: 38807 (0/38807) rows successful, 0 ignored 

Failed to locate saved view 'TPX SAV-Node IDS'.'Export SAVs under L1 to TPX'








cd /apps/sales/EA_SALES_Prod_860/DATA/SALES_ANAPLAN_OIC/work/anaplan-connect-1-3-3-3
./AnaplanClient.sh -user anpadmua.gen@cisco.com:L5EJNstptxpa8A7 -workspace 8a81b00e6ee246a8016f584e8a576ad8 -model 21AFB617F1574F26BED27B2CC80E5534 -debug -process 'DAILY RUN 1 : L1 - L6' -execute -output /apps/sales/EA_SALES_Prod_860/DATA/SALES_ANAPLAN_OIC/work/DAILY_RUN1_HUB
Anaplan Connect 1.3.3-3
Java HotSpot(TM) 64-Bit Server VM (Oracle Corporation)/25.181-b13 (1.8.0_181)
Linux (amd64)/3.10.0-1160.11.1.el7.x86_64
The operation failed.
Failed to locate saved view 'TPX SAV-Node IDS'.'Export SAVs under L1 to TPX'
L1: 3 (0/3) rows successful, 0 ignored 

L2: 63 (0/63) rows successful, 0 ignored 

L3: 878 (0/878) rows successful, 0 ignored 

L4: 3455 (0/3455) rows successful, 0 ignored 

L5: 9401 (0/9401) rows successful, 0 ignored 

L6: 46288 (0/46288) rows successful, 0 ignored 

L7: 4168 (0/4168) rows successful, 0 ignored 

L8: 1212 (0/1212) rows successful, 0 ignored 

L6: 38807 (0/38807) rows successful, 0 ignored 

Failed to locate saved view 'TPX SAV-Node IDS'.'Export SAVs under L1 to TPX'








cd /apps/sales/EA_SALES_Prod_860/DATA/SALES_ANAPLAN_OIC/work/anaplan-connect-1-3-3-3
./AnaplanClient.sh -user anpadmua.gen@cisco.com:L5EJNstptxpa8A7 -workspace 8a81b00e6ee246a8016f584e8a576ad8 -model 21AFB617F1574F26BED27B2CC80E5534 -debug -process 'DAILY RUN 1 : L1 - L6' -execute -output /apps/sales/EA_SALES_Prod_860/DATA/SALES_ANAPLAN_OIC/work/DAILY_RUN1_HUB
Anaplan Connect 1.3.3-3
Java HotSpot(TM) 64-Bit Server VM (Oracle Corporation)/25.181-b13 (1.8.0_181)
Linux (amd64)/3.10.0-1160.11.1.el7.x86_64
The operation failed.
Failed to locate saved view 'TPX SAV-Node IDS'.'Export SAVs under L1 to TPX'
L1: 3 (0/3) rows successful, 0 ignored 

L2: 63 (0/63) rows successful, 0 ignored 

L3: 878 (0/878) rows successful, 0 ignored 

L4: 3455 (0/3455) rows successful, 0 ignored 

L5: 9401 (0/9401) rows successful, 0 ignored 

L6: 46288 (0/46288) rows successful, 0 ignored 

L7: 4168 (0/4168) rows successful, 0 ignored 

L8: 1212 (0/1212) rows successful, 0 ignored 

L6: 38807 (0/38807) rows successful, 0 ignored 

Failed to locate saved view 'TPX SAV-Node IDS'.'Export SAVs under L1 to TPX'








cd /apps/sales/EA_SALES_Prod_860/DATA/SALES_ANAPLAN_OIC/work/anaplan-connect-1-3-3-3
./AnaplanClient.sh -user anpadmua.gen@cisco.com:L5EJNstptxpa8A7 -workspace 8a81b00e6ee246a8016f584e8a576ad8 -model 21AFB617F1574F26BED27B2CC80E5534 -debug -process 'REFRESH: Today Date from HUB' -execute -output /apps/sales/EA_SALES_Prod_860/DATA/SALES_ANAPLAN_OIC/work/TODAYS_DATE_HUB
Anaplan Connect 1.3.3-3
Java HotSpot(TM) 64-Bit Server VM (Oracle Corporation)/25.181-b13 (1.8.0_181)
Linux (amd64)/3.10.0-1160.11.1.el7.x86_64
The operation was successful.
Todays Date cells: 1


cd /apps/sales/EA_SALES_Prod_860/DATA/SALES_ANAPLAN_OIC/work/anaplan-connect-1-3-3-3
./AnaplanClient.sh -user anpadmua.gen@cisco.com:L5EJNstptxpa8A7 -workspace 8a81b00e6ee246a8016f584e8a576ad8 -model 21AFB617F1574F26BED27B2CC80E5534 -debug -process 'DAILY RUN 1 : L1 - L6' -execute -output /apps/sales/EA_SALES_Prod_860/DATA/SALES_ANAPLAN_OIC/work/DAILY_RUN1_HUB
Anaplan Connect 1.3.3-3
Java HotSpot(TM) 64-Bit Server VM (Oracle Corporation)/25.181-b13 (1.8.0_181)
Linux (amd64)/3.10.0-1160.11.1.el7.x86_64
The operation failed.
Failed to locate saved view 'TPX SAV-Node IDS'.'Export SAVs under L1 to TPX'
L1: 3 (0/3) rows successful, 0 ignored 

L2: 63 (0/63) rows successful, 0 ignored 

L3: 878 (0/878) rows successful, 0 ignored 

L4: 3455 (0/3455) rows successful, 0 ignored 

L5: 9401 (0/9401) rows successful, 0 ignored 

L6: 46288 (0/46288) rows successful, 0 ignored 

L7: 4168 (0/4168) rows successful, 0 ignored 

L8: 1212 (0/1212) rows successful, 0 ignored 

L6: 38807 (0/38807) rows successful, 0 ignored 

Failed to locate saved view 'TPX SAV-Node IDS'.'Export SAVs under L1 to TPX'








cd /apps/sales/EA_SALES_Prod_860/DATA/SALES_ANAPLAN_OIC/work/anaplan-connect-1-3-3-3
./AnaplanClient.sh -user anpadmua.gen@cisco.com:L5EJNstptxpa8A7 -workspace 8a81b00e6ee246a8016f584e8a576ad8 -model 21AFB617F1574F26BED27B2CC80E5534 -debug -process 'DAILY RUN 1 : L1 - L6' -execute -output /apps/sales/EA_SALES_Prod_860/DATA/SALES_ANAPLAN_OIC/work/DAILY_RUN1_HUB
Anaplan Connect 1.3.3-3
Java HotSpot(TM) 64-Bit Server VM (Oracle Corporation)/25.181-b13 (1.8.0_181)
Linux (amd64)/3.10.0-1160.11.1.el7.x86_64
The operation failed.
Failed to locate saved view 'TPX SAV-Node IDS'.'Export SAVs under L1 to TPX'
L1: 3 (0/3) rows successful, 0 ignored 

L2: 63 (0/63) rows successful, 0 ignored 

L3: 878 (0/878) rows successful, 0 ignored 

L4: 3455 (0/3455) rows successful, 0 ignored 

L5: 9401 (0/9401) rows successful, 0 ignored 

L6: 46288 (0/46288) rows successful, 0 ignored 

L7: 4168 (0/4168) rows successful, 0 ignored 

L8: 1212 (0/1212) rows successful, 0 ignored 

L6: 38807 (0/38807) rows successful, 0 ignored 

Failed to locate saved view 'TPX SAV-Node IDS'.'Export SAVs under L1 to TPX'








cd /apps/sales/EA_SALES_Prod_860/DATA/SALES_ANAPLAN_OIC/work/anaplan-connect-1-3-3-3
./AnaplanClient.sh -user anpadmua.gen@cisco.com:L5EJNstptxpa8A7 -workspace 8a81b00e6ee246a8016f584e8a576ad8 -model 21AFB617F1574F26BED27B2CC80E5534 -debug -process 'DAILY RUN 1 : L1 - L6' -execute -output /apps/sales/EA_SALES_Prod_860/DATA/SALES_ANAPLAN_OIC/work/DAILY_RUN1_HUB
Anaplan Connect 1.3.3-3
Java HotSpot(TM) 64-Bit Server VM (Oracle Corporation)/25.181-b13 (1.8.0_181)
Linux (amd64)/3.10.0-1160.11.1.el7.x86_64
The operation failed.
Failed to locate saved view 'TPX SAV-Node IDS'.'Export SAVs under L1 to TPX'
L1: 3 (0/3) rows successful, 0 ignored 

L2: 63 (0/63) rows successful, 0 ignored 

L3: 878 (0/878) rows successful, 0 ignored 

L4: 3455 (0/3455) rows successful, 0 ignored 

L5: 9401 (0/9401) rows successful, 0 ignored 

L6: 46288 (0/46288) rows successful, 0 ignored 

L7: 4168 (0/4168) rows successful, 0 ignored 

L8: 1212 (0/1212) rows successful, 0 ignored 

L6: 38807 (0/38807) rows successful, 0 ignored 

Failed to locate saved view 'TPX SAV-Node IDS'.'Export SAVs under L1 to TPX'








cd /apps/sales/EA_SALES_Prod_860/DATA/SALES_ANAPLAN_OIC/work/anaplan-connect-1-3-3-3
./AnaplanClient.sh -user anpadmua.gen@cisco.com:L5EJNstptxpa8A7 -workspace 8a81b00e6ee246a8016f584e8a576ad8 -model 21AFB617F1574F26BED27B2CC80E5534 -debug -process 'DAILY RUN 1 : L1 - L6' -execute -output /apps/sales/EA_SALES_Prod_860/DATA/SALES_ANAPLAN_OIC/work/DAILY_RUN1_HUB
Anaplan Connect 1.3.3-3
Java HotSpot(TM) 64-Bit Server VM (Oracle Corporation)/25.181-b13 (1.8.0_181)
Linux (amd64)/3.10.0-1160.11.1.el7.x86_64
The operation failed.
Failed to locate saved view 'TPX SAV-Node IDS'.'Export SAVs under L1 to TPX'
L1: 3 (0/3) rows successful, 0 ignored 

L2: 63 (0/63) rows successful, 0 ignored 

L3: 878 (0/878) rows successful, 0 ignored 

L4: 3455 (0/3455) rows successful, 0 ignored 

L5: 9401 (0/9401) rows successful, 0 ignored 

L6: 46288 (0/46288) rows successful, 0 ignored 

L7: 4168 (0/4168) rows successful, 0 ignored 

L8: 1212 (0/1212) rows successful, 0 ignored 

L6: 38807 (0/38807) rows successful, 0 ignored 

Failed to locate saved view 'TPX SAV-Node IDS'.'Export SAVs under L1 to TPX'








