WEEK RUN 07/05/21
cd /apps/sales/EA_SALES_Prod_860/DATA/SALES_ANAPLAN_OIC/work/anaplan-connect-1-3-3-3
./AnaplanClient.sh -user anpadmua.gen@cisco.com:L5EJNstptxpa8A7 -workspace 8a81b0116d56a740016d65d5b2f440cf -model 60AC45026DCA4F24A6D99206FA3BBA7C -export 'Planning Forecast Workbook Extract-NEW' -execute -get /apps/sales/EA_SALES_Prod_860/DATA/SALES_ANAPLAN_OIC/work/Work_Book_NLG_Planning.csv
The operation was successful.

The server file Planning Forecast Workbook Extract-NEW has been downloaded to /apps/sales/EA_SALES_Prod_860/DATA/SALES_ANAPLAN_OIC/work/Work_Book_NLG_Planning.csv
cd /apps/sales/EA_SALES_Prod_860/DATA/SALES_ANAPLAN_OIC/work/anaplan-connect-1-3-3-3
./AnaplanClient.sh -user anpadmua.gen@cisco.com:L5EJNstptxpa8A7 -workspace 8a81b0116d56a740016d65d5b2f440cf -model 60AC45026DCA4F24A6D99206FA3BBA7C -export 'Goaling Workbook Extract - NEW' -execute -get /apps/sales/EA_SALES_Prod_860/DATA/SALES_ANAPLAN_OIC/work/Work_Book_NLG_Goaling.csv
The operation was successful.

The server file Goaling Workbook Extract - NEW has been downloaded to /apps/sales/EA_SALES_Prod_860/DATA/SALES_ANAPLAN_OIC/work/Work_Book_NLG_Goaling.csv
cd /apps/sales/EA_SALES_Prod_860/DATA/SALES_ANAPLAN_OIC/work/anaplan-connect-1-3-3-3
./AnaplanClient.sh -user anpadmua.gen@cisco.com:L5EJNstptxpa8A7 -workspace 8a81b0116d56a740016d65d5b2f440cf -model 60AC45026DCA4F24A6D99206FA3BBA7C -export 'TMS Forecasting Workbook Extract' -execute -get /apps/sales/EA_SALES_Prod_860/DATA/SALES_ANAPLAN_OIC/work/Work_Book_NLG_TMS.csv
The operation was successful.

The server file TMS Forecasting Workbook Extract has been downloaded to /apps/sales/EA_SALES_Prod_860/DATA/SALES_ANAPLAN_OIC/work/Work_Book_NLG_TMS.csv
cd /apps/sales/EA_SALES_Prod_860/DATA/SALES_ANAPLAN_OIC/work/anaplan-connect-1-3-3-3
./AnaplanClient.sh -user anpadmua.gen@cisco.com:L5EJNstptxpa8A7 -workspace 8a81b0116d56a740016d65d5b2f440cf -model 60AC45026DCA4F24A6D99206FA3BBA7C -export 'Service Forecast Workbook Extract - New' -execute -get /apps/sales/EA_SALES_Prod_860/DATA/SALES_ANAPLAN_OIC/work/Work_Book_NLG_Service.csv
The operation was successful.

The server file Service Forecast Workbook Extract - New has been downloaded to /apps/sales/EA_SALES_Prod_860/DATA/SALES_ANAPLAN_OIC/work/Work_Book_NLG_Service.csv
WEEK RUN 07/05/21
cd /apps/sales/EA_SALES_Prod_860/DATA/SALES_ANAPLAN_OIC/work/anaplan-connect-1-3-3-3
./AnaplanClient.sh -user anpadmua.gen@cisco.com:L5EJNstptxpa8A7 -workspace 8a868cd87a25f4cf017a54d776c515d7 -model 463B0A00F8FD4FE5839943BCC68D074E -export 'Planning Forecast Workbook Extract-NEW' -execute -get /apps/sales/EA_SALES_Prod_860/DATA/SALES_ANAPLAN_OIC/work/Work_Book_NLG_Planning.csv
The operation was successful.

The server file Planning Forecast Workbook Extract-NEW has been downloaded to /apps/sales/EA_SALES_Prod_860/DATA/SALES_ANAPLAN_OIC/work/Work_Book_NLG_Planning.csv
cd /apps/sales/EA_SALES_Prod_860/DATA/SALES_ANAPLAN_OIC/work/anaplan-connect-1-3-3-3
./AnaplanClient.sh -user anpadmua.gen@cisco.com:L5EJNstptxpa8A7 -workspace 8a868cd87a25f4cf017a54d776c515d7 -model 463B0A00F8FD4FE5839943BCC68D074E -export 'Goaling Workbook Extract - NEW' -execute -get /apps/sales/EA_SALES_Prod_860/DATA/SALES_ANAPLAN_OIC/work/Work_Book_NLG_Goaling.csv
The operation was successful.

The server file Goaling Workbook Extract - NEW has been downloaded to /apps/sales/EA_SALES_Prod_860/DATA/SALES_ANAPLAN_OIC/work/Work_Book_NLG_Goaling.csv
cd /apps/sales/EA_SALES_Prod_860/DATA/SALES_ANAPLAN_OIC/work/anaplan-connect-1-3-3-3
./AnaplanClient.sh -user anpadmua.gen@cisco.com:L5EJNstptxpa8A7 -workspace 8a868cd87a25f4cf017a54d776c515d7 -model 463B0A00F8FD4FE5839943BCC68D074E -export 'TMS Forecasting Workbook Extract' -execute -get /apps/sales/EA_SALES_Prod_860/DATA/SALES_ANAPLAN_OIC/work/Work_Book_NLG_TMS.csv
The operation was successful.

The server file TMS Forecasting Workbook Extract has been downloaded to /apps/sales/EA_SALES_Prod_860/DATA/SALES_ANAPLAN_OIC/work/Work_Book_NLG_TMS.csv
cd /apps/sales/EA_SALES_Prod_860/DATA/SALES_ANAPLAN_OIC/work/anaplan-connect-1-3-3-3
./AnaplanClient.sh -user anpadmua.gen@cisco.com:L5EJNstptxpa8A7 -workspace 8a868cd87a25f4cf017a54d776c515d7 -model 463B0A00F8FD4FE5839943BCC68D074E -export 'Service Forecast Workbook Extract - New' -execute -get /apps/sales/EA_SALES_Prod_860/DATA/SALES_ANAPLAN_OIC/work/Work_Book_NLG_Service.csv
The operation was successful.

The server file Service Forecast Workbook Extract - New has been downloaded to /apps/sales/EA_SALES_Prod_860/DATA/SALES_ANAPLAN_OIC/work/Work_Book_NLG_Service.csv
WEEK RUN 07/06/21
cd /apps/sales/EA_SALES_Prod_860/DATA/SALES_ANAPLAN_OIC/work/anaplan-connect-1-3-3-3
./AnaplanClient.sh -user anpadmua.gen@cisco.com:L5EJNstptxpa8A7 -workspace 8a868cd87a25f4cf017a54d776c515d7 -model 463B0A00F8FD4FE5839943BCC68D074E -export 'Planning Forecast Workbook Extract-NEW' -execute -get /apps/sales/EA_SALES_Prod_860/DATA/SALES_ANAPLAN_OIC/work/Work_Book_NLG_Planning.csv
The operation was successful.

The server file Planning Forecast Workbook Extract-NEW has been downloaded to /apps/sales/EA_SALES_Prod_860/DATA/SALES_ANAPLAN_OIC/work/Work_Book_NLG_Planning.csv
cd /apps/sales/EA_SALES_Prod_860/DATA/SALES_ANAPLAN_OIC/work/anaplan-connect-1-3-3-3
./AnaplanClient.sh -user anpadmua.gen@cisco.com:L5EJNstptxpa8A7 -workspace 8a868cd87a25f4cf017a54d776c515d7 -model 463B0A00F8FD4FE5839943BCC68D074E -export 'Goaling Workbook Extract - NEW' -execute -get /apps/sales/EA_SALES_Prod_860/DATA/SALES_ANAPLAN_OIC/work/Work_Book_NLG_Goaling.csv
The operation was successful.

The server file Goaling Workbook Extract - NEW has been downloaded to /apps/sales/EA_SALES_Prod_860/DATA/SALES_ANAPLAN_OIC/work/Work_Book_NLG_Goaling.csv
cd /apps/sales/EA_SALES_Prod_860/DATA/SALES_ANAPLAN_OIC/work/anaplan-connect-1-3-3-3
./AnaplanClient.sh -user anpadmua.gen@cisco.com:L5EJNstptxpa8A7 -workspace 8a868cd87a25f4cf017a54d776c515d7 -model 463B0A00F8FD4FE5839943BCC68D074E -export 'TMS Forecasting Workbook Extract' -execute -get /apps/sales/EA_SALES_Prod_860/DATA/SALES_ANAPLAN_OIC/work/Work_Book_NLG_TMS.csv
The operation was successful.

The server file TMS Forecasting Workbook Extract has been downloaded to /apps/sales/EA_SALES_Prod_860/DATA/SALES_ANAPLAN_OIC/work/Work_Book_NLG_TMS.csv
cd /apps/sales/EA_SALES_Prod_860/DATA/SALES_ANAPLAN_OIC/work/anaplan-connect-1-3-3-3
./AnaplanClient.sh -user anpadmua.gen@cisco.com:L5EJNstptxpa8A7 -workspace 8a868cd87a25f4cf017a54d776c515d7 -model 463B0A00F8FD4FE5839943BCC68D074E -export 'Service Forecast Workbook Extract - New' -execute -get /apps/sales/EA_SALES_Prod_860/DATA/SALES_ANAPLAN_OIC/work/Work_Book_NLG_Service.csv
The operation was successful.

The server file Service Forecast Workbook Extract - New has been downloaded to /apps/sales/EA_SALES_Prod_860/DATA/SALES_ANAPLAN_OIC/work/Work_Book_NLG_Service.csv
WEEK RUN 07/08/21
cd /apps/sales/EA_SALES_Prod_860/DATA/SALES_ANAPLAN_OIC/work/anaplan-connect-1-3-3-3
./AnaplanClient.sh -user anpadmua.gen@cisco.com:L5EJNstptxpa8A7 -workspace 8a868cd87a25f4cf017a54d776c515d7 -model 463B0A00F8FD4FE5839943BCC68D074E -export 'Planning Forecast Workbook Extract-NEW' -execute -get /apps/sales/EA_SALES_Prod_860/DATA/SALES_ANAPLAN_OIC/work/Work_Book_NLG_Planning.csv
The operation was successful.

The server file Planning Forecast Workbook Extract-NEW has been downloaded to /apps/sales/EA_SALES_Prod_860/DATA/SALES_ANAPLAN_OIC/work/Work_Book_NLG_Planning.csv
cd /apps/sales/EA_SALES_Prod_860/DATA/SALES_ANAPLAN_OIC/work/anaplan-connect-1-3-3-3
./AnaplanClient.sh -user anpadmua.gen@cisco.com:L5EJNstptxpa8A7 -workspace 8a868cd87a25f4cf017a54d776c515d7 -model 463B0A00F8FD4FE5839943BCC68D074E -export 'Goaling Workbook Extract - NEW' -execute -get /apps/sales/EA_SALES_Prod_860/DATA/SALES_ANAPLAN_OIC/work/Work_Book_NLG_Goaling.csv
The operation was successful.

The server file Goaling Workbook Extract - NEW has been downloaded to /apps/sales/EA_SALES_Prod_860/DATA/SALES_ANAPLAN_OIC/work/Work_Book_NLG_Goaling.csv
cd /apps/sales/EA_SALES_Prod_860/DATA/SALES_ANAPLAN_OIC/work/anaplan-connect-1-3-3-3
./AnaplanClient.sh -user anpadmua.gen@cisco.com:L5EJNstptxpa8A7 -workspace 8a868cd87a25f4cf017a54d776c515d7 -model 463B0A00F8FD4FE5839943BCC68D074E -export 'TMS Forecasting Workbook Extract' -execute -get /apps/sales/EA_SALES_Prod_860/DATA/SALES_ANAPLAN_OIC/work/Work_Book_NLG_TMS.csv
The operation was successful.

The server file TMS Forecasting Workbook Extract has been downloaded to /apps/sales/EA_SALES_Prod_860/DATA/SALES_ANAPLAN_OIC/work/Work_Book_NLG_TMS.csv
cd /apps/sales/EA_SALES_Prod_860/DATA/SALES_ANAPLAN_OIC/work/anaplan-connect-1-3-3-3
./AnaplanClient.sh -user anpadmua.gen@cisco.com:L5EJNstptxpa8A7 -workspace 8a868cd87a25f4cf017a54d776c515d7 -model 463B0A00F8FD4FE5839943BCC68D074E -export 'Service Forecast Workbook Extract - New' -execute -get /apps/sales/EA_SALES_Prod_860/DATA/SALES_ANAPLAN_OIC/work/Work_Book_NLG_Service.csv
The operation was successful.

The server file Service Forecast Workbook Extract - New has been downloaded to /apps/sales/EA_SALES_Prod_860/DATA/SALES_ANAPLAN_OIC/work/Work_Book_NLG_Service.csv
WEEK RUN 07/08/21
cd /apps/sales/EA_SALES_Prod_860/DATA/SALES_ANAPLAN_OIC/work/anaplan-connect-1-3-3-3
./AnaplanClient.sh -user anpadmua.gen@cisco.com:L5EJNstptxpa8A7 -workspace 8a868cd87a25f4cf017a54d776c515d7 -model 463B0A00F8FD4FE5839943BCC68D074E -export 'Planning Forecast Workbook Extract-NEW' -execute -get /apps/sales/EA_SALES_Prod_860/DATA/SALES_ANAPLAN_OIC/work/Work_Book_NLG_Planning.csv
The operation was successful.

The server file Planning Forecast Workbook Extract-NEW has been downloaded to /apps/sales/EA_SALES_Prod_860/DATA/SALES_ANAPLAN_OIC/work/Work_Book_NLG_Planning.csv
cd /apps/sales/EA_SALES_Prod_860/DATA/SALES_ANAPLAN_OIC/work/anaplan-connect-1-3-3-3
./AnaplanClient.sh -user anpadmua.gen@cisco.com:L5EJNstptxpa8A7 -workspace 8a868cd87a25f4cf017a54d776c515d7 -model 463B0A00F8FD4FE5839943BCC68D074E -export 'Goaling Workbook Extract - NEW' -execute -get /apps/sales/EA_SALES_Prod_860/DATA/SALES_ANAPLAN_OIC/work/Work_Book_NLG_Goaling.csv
The operation was successful.

The server file Goaling Workbook Extract - NEW has been downloaded to /apps/sales/EA_SALES_Prod_860/DATA/SALES_ANAPLAN_OIC/work/Work_Book_NLG_Goaling.csv
cd /apps/sales/EA_SALES_Prod_860/DATA/SALES_ANAPLAN_OIC/work/anaplan-connect-1-3-3-3
./AnaplanClient.sh -user anpadmua.gen@cisco.com:L5EJNstptxpa8A7 -workspace 8a868cd87a25f4cf017a54d776c515d7 -model 463B0A00F8FD4FE5839943BCC68D074E -export 'TMS Forecasting Workbook Extract' -execute -get /apps/sales/EA_SALES_Prod_860/DATA/SALES_ANAPLAN_OIC/work/Work_Book_NLG_TMS.csv
The operation was successful.

The server file TMS Forecasting Workbook Extract has been downloaded to /apps/sales/EA_SALES_Prod_860/DATA/SALES_ANAPLAN_OIC/work/Work_Book_NLG_TMS.csv
cd /apps/sales/EA_SALES_Prod_860/DATA/SALES_ANAPLAN_OIC/work/anaplan-connect-1-3-3-3
./AnaplanClient.sh -user anpadmua.gen@cisco.com:L5EJNstptxpa8A7 -workspace 8a868cd87a25f4cf017a54d776c515d7 -model 463B0A00F8FD4FE5839943BCC68D074E -export 'Service Forecast Workbook Extract - New' -execute -get /apps/sales/EA_SALES_Prod_860/DATA/SALES_ANAPLAN_OIC/work/Work_Book_NLG_Service.csv
The operation was successful.

The server file Service Forecast Workbook Extract - New has been downloaded to /apps/sales/EA_SALES_Prod_860/DATA/SALES_ANAPLAN_OIC/work/Work_Book_NLG_Service.csv
WEEK RUN 07/12/21
cd /apps/sales/EA_SALES_Prod_860/DATA/SALES_ANAPLAN_OIC/work/anaplan-connect-1-3-3-3
./AnaplanClient.sh -user anpadmua.gen@cisco.com:L5EJNstptxpa8A7 -workspace 8a868cd87a25f4cf017a54d776c515d7 -model 463B0A00F8FD4FE5839943BCC68D074E -export 'Planning Forecast Workbook Extract-NEW' -execute -get /apps/sales/EA_SALES_Prod_860/DATA/SALES_ANAPLAN_OIC/work/Work_Book_NLG_Planning.csv
The operation was successful.

The server file Planning Forecast Workbook Extract-NEW has been downloaded to /apps/sales/EA_SALES_Prod_860/DATA/SALES_ANAPLAN_OIC/work/Work_Book_NLG_Planning.csv
cd /apps/sales/EA_SALES_Prod_860/DATA/SALES_ANAPLAN_OIC/work/anaplan-connect-1-3-3-3
./AnaplanClient.sh -user anpadmua.gen@cisco.com:L5EJNstptxpa8A7 -workspace 8a868cd87a25f4cf017a54d776c515d7 -model 463B0A00F8FD4FE5839943BCC68D074E -export 'Goaling Workbook Extract - NEW' -execute -get /apps/sales/EA_SALES_Prod_860/DATA/SALES_ANAPLAN_OIC/work/Work_Book_NLG_Goaling.csv
The operation was successful.

The server file Goaling Workbook Extract - NEW has been downloaded to /apps/sales/EA_SALES_Prod_860/DATA/SALES_ANAPLAN_OIC/work/Work_Book_NLG_Goaling.csv
cd /apps/sales/EA_SALES_Prod_860/DATA/SALES_ANAPLAN_OIC/work/anaplan-connect-1-3-3-3
./AnaplanClient.sh -user anpadmua.gen@cisco.com:L5EJNstptxpa8A7 -workspace 8a868cd87a25f4cf017a54d776c515d7 -model 463B0A00F8FD4FE5839943BCC68D074E -export 'TMS Forecasting Workbook Extract' -execute -get /apps/sales/EA_SALES_Prod_860/DATA/SALES_ANAPLAN_OIC/work/Work_Book_NLG_TMS.csv
The operation was successful.

The server file TMS Forecasting Workbook Extract has been downloaded to /apps/sales/EA_SALES_Prod_860/DATA/SALES_ANAPLAN_OIC/work/Work_Book_NLG_TMS.csv
cd /apps/sales/EA_SALES_Prod_860/DATA/SALES_ANAPLAN_OIC/work/anaplan-connect-1-3-3-3
./AnaplanClient.sh -user anpadmua.gen@cisco.com:L5EJNstptxpa8A7 -workspace 8a868cd87a25f4cf017a54d776c515d7 -model 463B0A00F8FD4FE5839943BCC68D074E -export 'Service Forecast Workbook Extract - New' -execute -get /apps/sales/EA_SALES_Prod_860/DATA/SALES_ANAPLAN_OIC/work/Work_Book_NLG_Service.csv
The operation was successful.

The server file Service Forecast Workbook Extract - New has been downloaded to /apps/sales/EA_SALES_Prod_860/DATA/SALES_ANAPLAN_OIC/work/Work_Book_NLG_Service.csv
WEEK RUN 07/15/21
cd /apps/sales/EA_SALES_Prod_860/DATA/SALES_ANAPLAN_OIC/work/anaplan-connect-1-3-3-3
./AnaplanClient.sh -user anpadmua.gen@cisco.com:L5EJNstptxpa8A7 -workspace 8a868cd87a25f4cf017a54d776c515d7 -model 463B0A00F8FD4FE5839943BCC68D074E -export 'Planning Forecast Workbook Extract-NEW' -execute -get /apps/sales/EA_SALES_Prod_860/DATA/SALES_ANAPLAN_OIC/work/Work_Book_NLG_Planning.csv
The operation was successful.

The server file Planning Forecast Workbook Extract-NEW has been downloaded to /apps/sales/EA_SALES_Prod_860/DATA/SALES_ANAPLAN_OIC/work/Work_Book_NLG_Planning.csv
cd /apps/sales/EA_SALES_Prod_860/DATA/SALES_ANAPLAN_OIC/work/anaplan-connect-1-3-3-3
./AnaplanClient.sh -user anpadmua.gen@cisco.com:L5EJNstptxpa8A7 -workspace 8a868cd87a25f4cf017a54d776c515d7 -model 463B0A00F8FD4FE5839943BCC68D074E -export 'Goaling Workbook Extract - NEW' -execute -get /apps/sales/EA_SALES_Prod_860/DATA/SALES_ANAPLAN_OIC/work/Work_Book_NLG_Goaling.csv
The operation was successful.

The server file Goaling Workbook Extract - NEW has been downloaded to /apps/sales/EA_SALES_Prod_860/DATA/SALES_ANAPLAN_OIC/work/Work_Book_NLG_Goaling.csv
cd /apps/sales/EA_SALES_Prod_860/DATA/SALES_ANAPLAN_OIC/work/anaplan-connect-1-3-3-3
./AnaplanClient.sh -user anpadmua.gen@cisco.com:L5EJNstptxpa8A7 -workspace 8a868cd87a25f4cf017a54d776c515d7 -model 463B0A00F8FD4FE5839943BCC68D074E -export 'TMS Forecasting Workbook Extract' -execute -get /apps/sales/EA_SALES_Prod_860/DATA/SALES_ANAPLAN_OIC/work/Work_Book_NLG_TMS.csv
The operation was successful.

The server file TMS Forecasting Workbook Extract has been downloaded to /apps/sales/EA_SALES_Prod_860/DATA/SALES_ANAPLAN_OIC/work/Work_Book_NLG_TMS.csv
cd /apps/sales/EA_SALES_Prod_860/DATA/SALES_ANAPLAN_OIC/work/anaplan-connect-1-3-3-3
./AnaplanClient.sh -user anpadmua.gen@cisco.com:L5EJNstptxpa8A7 -workspace 8a868cd87a25f4cf017a54d776c515d7 -model 463B0A00F8FD4FE5839943BCC68D074E -export 'Service Forecast Workbook Extract - New' -execute -get /apps/sales/EA_SALES_Prod_860/DATA/SALES_ANAPLAN_OIC/work/Work_Book_NLG_Service.csv
The operation was successful.

The server file Service Forecast Workbook Extract - New has been downloaded to /apps/sales/EA_SALES_Prod_860/DATA/SALES_ANAPLAN_OIC/work/Work_Book_NLG_Service.csv
WEEK RUN 07/15/21
cd /apps/sales/EA_SALES_Prod_860/DATA/SALES_ANAPLAN_OIC/work/anaplan-connect-1-3-3-3
./AnaplanClient.sh -user anpadmua.gen@cisco.com:L5EJNstptxpa8A7 -workspace 8a868cd87a25f4cf017a54d776c515d7 -model 463B0A00F8FD4FE5839943BCC68D074E -export 'Planning Forecast Workbook Extract-NEW' -execute -get /apps/sales/EA_SALES_Prod_860/DATA/SALES_ANAPLAN_OIC/work/Work_Book_NLG_Planning.csv
The operation was successful.

The server file Planning Forecast Workbook Extract-NEW has been downloaded to /apps/sales/EA_SALES_Prod_860/DATA/SALES_ANAPLAN_OIC/work/Work_Book_NLG_Planning.csv
cd /apps/sales/EA_SALES_Prod_860/DATA/SALES_ANAPLAN_OIC/work/anaplan-connect-1-3-3-3
./AnaplanClient.sh -user anpadmua.gen@cisco.com:L5EJNstptxpa8A7 -workspace 8a868cd87a25f4cf017a54d776c515d7 -model 463B0A00F8FD4FE5839943BCC68D074E -export 'Goaling Workbook Extract - NEW' -execute -get /apps/sales/EA_SALES_Prod_860/DATA/SALES_ANAPLAN_OIC/work/Work_Book_NLG_Goaling.csv
The operation was successful.

The server file Goaling Workbook Extract - NEW has been downloaded to /apps/sales/EA_SALES_Prod_860/DATA/SALES_ANAPLAN_OIC/work/Work_Book_NLG_Goaling.csv
cd /apps/sales/EA_SALES_Prod_860/DATA/SALES_ANAPLAN_OIC/work/anaplan-connect-1-3-3-3
./AnaplanClient.sh -user anpadmua.gen@cisco.com:L5EJNstptxpa8A7 -workspace 8a868cd87a25f4cf017a54d776c515d7 -model 463B0A00F8FD4FE5839943BCC68D074E -export 'TMS Forecasting Workbook Extract' -execute -get /apps/sales/EA_SALES_Prod_860/DATA/SALES_ANAPLAN_OIC/work/Work_Book_NLG_TMS.csv
The operation was successful.

The server file TMS Forecasting Workbook Extract has been downloaded to /apps/sales/EA_SALES_Prod_860/DATA/SALES_ANAPLAN_OIC/work/Work_Book_NLG_TMS.csv
cd /apps/sales/EA_SALES_Prod_860/DATA/SALES_ANAPLAN_OIC/work/anaplan-connect-1-3-3-3
./AnaplanClient.sh -user anpadmua.gen@cisco.com:L5EJNstptxpa8A7 -workspace 8a868cd87a25f4cf017a54d776c515d7 -model 463B0A00F8FD4FE5839943BCC68D074E -export 'Service Forecast Workbook Extract - New' -execute -get /apps/sales/EA_SALES_Prod_860/DATA/SALES_ANAPLAN_OIC/work/Work_Book_NLG_Service.csv
The operation was successful.

The server file Service Forecast Workbook Extract - New has been downloaded to /apps/sales/EA_SALES_Prod_860/DATA/SALES_ANAPLAN_OIC/work/Work_Book_NLG_Service.csv
WEEK RUN 07/19/21
cd /apps/sales/EA_SALES_Prod_860/DATA/SALES_ANAPLAN_OIC/work/anaplan-connect-1-3-3-3
./AnaplanClient.sh -user anpadmua.gen@cisco.com:L5EJNstptxpa8A7 -workspace 8a868cd87a25f4cf017a54d776c515d7 -model 463B0A00F8FD4FE5839943BCC68D074E -export 'Planning Forecast Workbook Extract-NEW' -execute -get /apps/sales/EA_SALES_Prod_860/DATA/SALES_ANAPLAN_OIC/work/Work_Book_NLG_Planning.csv
The operation was successful.

The server file Planning Forecast Workbook Extract-NEW has been downloaded to /apps/sales/EA_SALES_Prod_860/DATA/SALES_ANAPLAN_OIC/work/Work_Book_NLG_Planning.csv
cd /apps/sales/EA_SALES_Prod_860/DATA/SALES_ANAPLAN_OIC/work/anaplan-connect-1-3-3-3
./AnaplanClient.sh -user anpadmua.gen@cisco.com:L5EJNstptxpa8A7 -workspace 8a868cd87a25f4cf017a54d776c515d7 -model 463B0A00F8FD4FE5839943BCC68D074E -export 'Goaling Workbook Extract - NEW' -execute -get /apps/sales/EA_SALES_Prod_860/DATA/SALES_ANAPLAN_OIC/work/Work_Book_NLG_Goaling.csv
The operation was successful.

The server file Goaling Workbook Extract - NEW has been downloaded to /apps/sales/EA_SALES_Prod_860/DATA/SALES_ANAPLAN_OIC/work/Work_Book_NLG_Goaling.csv
cd /apps/sales/EA_SALES_Prod_860/DATA/SALES_ANAPLAN_OIC/work/anaplan-connect-1-3-3-3
./AnaplanClient.sh -user anpadmua.gen@cisco.com:L5EJNstptxpa8A7 -workspace 8a868cd87a25f4cf017a54d776c515d7 -model 463B0A00F8FD4FE5839943BCC68D074E -export 'TMS Forecasting Workbook Extract' -execute -get /apps/sales/EA_SALES_Prod_860/DATA/SALES_ANAPLAN_OIC/work/Work_Book_NLG_TMS.csv
The operation was successful.

The server file TMS Forecasting Workbook Extract has been downloaded to /apps/sales/EA_SALES_Prod_860/DATA/SALES_ANAPLAN_OIC/work/Work_Book_NLG_TMS.csv
cd /apps/sales/EA_SALES_Prod_860/DATA/SALES_ANAPLAN_OIC/work/anaplan-connect-1-3-3-3
./AnaplanClient.sh -user anpadmua.gen@cisco.com:L5EJNstptxpa8A7 -workspace 8a868cd87a25f4cf017a54d776c515d7 -model 463B0A00F8FD4FE5839943BCC68D074E -export 'Service Forecast Workbook Extract - New' -execute -get /apps/sales/EA_SALES_Prod_860/DATA/SALES_ANAPLAN_OIC/work/Work_Book_NLG_Service.csv
The operation was successful.

The server file Service Forecast Workbook Extract - New has been downloaded to /apps/sales/EA_SALES_Prod_860/DATA/SALES_ANAPLAN_OIC/work/Work_Book_NLG_Service.csv
WEEK RUN 07/19/21
cd /apps/sales/EA_SALES_Prod_860/DATA/SALES_ANAPLAN_OIC/work/anaplan-connect-1-3-3-3
./AnaplanClient.sh -user anpadmua.gen@cisco.com:L5EJNstptxpa8A7 -workspace 8a868cd87a25f4cf017a54d776c515d7 -model 463B0A00F8FD4FE5839943BCC68D074E -export 'Planning Forecast Workbook Extract-NEW' -execute -get /apps/sales/EA_SALES_Prod_860/DATA/SALES_ANAPLAN_OIC/work/Work_Book_NLG_Planning.csv
The operation was successful.

The server file Planning Forecast Workbook Extract-NEW has been downloaded to /apps/sales/EA_SALES_Prod_860/DATA/SALES_ANAPLAN_OIC/work/Work_Book_NLG_Planning.csv
cd /apps/sales/EA_SALES_Prod_860/DATA/SALES_ANAPLAN_OIC/work/anaplan-connect-1-3-3-3
./AnaplanClient.sh -user anpadmua.gen@cisco.com:L5EJNstptxpa8A7 -workspace 8a868cd87a25f4cf017a54d776c515d7 -model 463B0A00F8FD4FE5839943BCC68D074E -export 'Goaling Workbook Extract - NEW' -execute -get /apps/sales/EA_SALES_Prod_860/DATA/SALES_ANAPLAN_OIC/work/Work_Book_NLG_Goaling.csv
The operation was successful.

The server file Goaling Workbook Extract - NEW has been downloaded to /apps/sales/EA_SALES_Prod_860/DATA/SALES_ANAPLAN_OIC/work/Work_Book_NLG_Goaling.csv
cd /apps/sales/EA_SALES_Prod_860/DATA/SALES_ANAPLAN_OIC/work/anaplan-connect-1-3-3-3
./AnaplanClient.sh -user anpadmua.gen@cisco.com:L5EJNstptxpa8A7 -workspace 8a868cd87a25f4cf017a54d776c515d7 -model 463B0A00F8FD4FE5839943BCC68D074E -export 'TMS Forecasting Workbook Extract' -execute -get /apps/sales/EA_SALES_Prod_860/DATA/SALES_ANAPLAN_OIC/work/Work_Book_NLG_TMS.csv
The operation was successful.

The server file TMS Forecasting Workbook Extract has been downloaded to /apps/sales/EA_SALES_Prod_860/DATA/SALES_ANAPLAN_OIC/work/Work_Book_NLG_TMS.csv
cd /apps/sales/EA_SALES_Prod_860/DATA/SALES_ANAPLAN_OIC/work/anaplan-connect-1-3-3-3
./AnaplanClient.sh -user anpadmua.gen@cisco.com:L5EJNstptxpa8A7 -workspace 8a868cd87a25f4cf017a54d776c515d7 -model 463B0A00F8FD4FE5839943BCC68D074E -export 'Service Forecast Workbook Extract - New' -execute -get /apps/sales/EA_SALES_Prod_860/DATA/SALES_ANAPLAN_OIC/work/Work_Book_NLG_Service.csv
The operation was successful.

The server file Service Forecast Workbook Extract - New has been downloaded to /apps/sales/EA_SALES_Prod_860/DATA/SALES_ANAPLAN_OIC/work/Work_Book_NLG_Service.csv
WEEK RUN 07/22/21
cd /apps/sales/EA_SALES_Prod_860/DATA/SALES_ANAPLAN_OIC/work/anaplan-connect-1-3-3-3
./AnaplanClient.sh -user anpadmua.gen@cisco.com:L5EJNstptxpa8A7 -workspace 8a868cd87a25f4cf017a54d776c515d7 -model 463B0A00F8FD4FE5839943BCC68D074E -export 'Planning Forecast Workbook Extract-NEW' -execute -get /apps/sales/EA_SALES_Prod_860/DATA/SALES_ANAPLAN_OIC/work/Work_Book_NLG_Planning.csv
The operation was successful.

The server file Planning Forecast Workbook Extract-NEW has been downloaded to /apps/sales/EA_SALES_Prod_860/DATA/SALES_ANAPLAN_OIC/work/Work_Book_NLG_Planning.csv
cd /apps/sales/EA_SALES_Prod_860/DATA/SALES_ANAPLAN_OIC/work/anaplan-connect-1-3-3-3
./AnaplanClient.sh -user anpadmua.gen@cisco.com:L5EJNstptxpa8A7 -workspace 8a868cd87a25f4cf017a54d776c515d7 -model 463B0A00F8FD4FE5839943BCC68D074E -export 'Goaling Workbook Extract - NEW' -execute -get /apps/sales/EA_SALES_Prod_860/DATA/SALES_ANAPLAN_OIC/work/Work_Book_NLG_Goaling.csv
The operation was successful.

The server file Goaling Workbook Extract - NEW has been downloaded to /apps/sales/EA_SALES_Prod_860/DATA/SALES_ANAPLAN_OIC/work/Work_Book_NLG_Goaling.csv
cd /apps/sales/EA_SALES_Prod_860/DATA/SALES_ANAPLAN_OIC/work/anaplan-connect-1-3-3-3
./AnaplanClient.sh -user anpadmua.gen@cisco.com:L5EJNstptxpa8A7 -workspace 8a868cd87a25f4cf017a54d776c515d7 -model 463B0A00F8FD4FE5839943BCC68D074E -export 'TMS Forecasting Workbook Extract' -execute -get /apps/sales/EA_SALES_Prod_860/DATA/SALES_ANAPLAN_OIC/work/Work_Book_NLG_TMS.csv
The operation was successful.

The server file TMS Forecasting Workbook Extract has been downloaded to /apps/sales/EA_SALES_Prod_860/DATA/SALES_ANAPLAN_OIC/work/Work_Book_NLG_TMS.csv
cd /apps/sales/EA_SALES_Prod_860/DATA/SALES_ANAPLAN_OIC/work/anaplan-connect-1-3-3-3
./AnaplanClient.sh -user anpadmua.gen@cisco.com:L5EJNstptxpa8A7 -workspace 8a868cd87a25f4cf017a54d776c515d7 -model 463B0A00F8FD4FE5839943BCC68D074E -export 'Service Forecast Workbook Extract - New' -execute -get /apps/sales/EA_SALES_Prod_860/DATA/SALES_ANAPLAN_OIC/work/Work_Book_NLG_Service.csv
The operation was successful.

The server file Service Forecast Workbook Extract - New has been downloaded to /apps/sales/EA_SALES_Prod_860/DATA/SALES_ANAPLAN_OIC/work/Work_Book_NLG_Service.csv
WEEK RUN 07/26/21
cd /apps/sales/EA_SALES_Prod_860/DATA/SALES_ANAPLAN_OIC/work/anaplan-connect-1-3-3-3
./AnaplanClient.sh -user anpadmua.gen@cisco.com:L5EJNstptxpa8A7 -workspace 8a868cd87a25f4cf017a54d776c515d7 -model 463B0A00F8FD4FE5839943BCC68D074E -export 'Planning Forecast Workbook Extract-NEW' -execute -get /apps/sales/EA_SALES_Prod_860/DATA/SALES_ANAPLAN_OIC/work/Work_Book_NLG_Planning.csv
The operation was successful.

The server file Planning Forecast Workbook Extract-NEW has been downloaded to /apps/sales/EA_SALES_Prod_860/DATA/SALES_ANAPLAN_OIC/work/Work_Book_NLG_Planning.csv
cd /apps/sales/EA_SALES_Prod_860/DATA/SALES_ANAPLAN_OIC/work/anaplan-connect-1-3-3-3
./AnaplanClient.sh -user anpadmua.gen@cisco.com:L5EJNstptxpa8A7 -workspace 8a868cd87a25f4cf017a54d776c515d7 -model 463B0A00F8FD4FE5839943BCC68D074E -export 'Goaling Workbook Extract - NEW' -execute -get /apps/sales/EA_SALES_Prod_860/DATA/SALES_ANAPLAN_OIC/work/Work_Book_NLG_Goaling.csv
The operation was successful.

The server file Goaling Workbook Extract - NEW has been downloaded to /apps/sales/EA_SALES_Prod_860/DATA/SALES_ANAPLAN_OIC/work/Work_Book_NLG_Goaling.csv
cd /apps/sales/EA_SALES_Prod_860/DATA/SALES_ANAPLAN_OIC/work/anaplan-connect-1-3-3-3
./AnaplanClient.sh -user anpadmua.gen@cisco.com:L5EJNstptxpa8A7 -workspace 8a868cd87a25f4cf017a54d776c515d7 -model 463B0A00F8FD4FE5839943BCC68D074E -export 'TMS Forecasting Workbook Extract' -execute -get /apps/sales/EA_SALES_Prod_860/DATA/SALES_ANAPLAN_OIC/work/Work_Book_NLG_TMS.csv
The operation was successful.

The server file TMS Forecasting Workbook Extract has been downloaded to /apps/sales/EA_SALES_Prod_860/DATA/SALES_ANAPLAN_OIC/work/Work_Book_NLG_TMS.csv
cd /apps/sales/EA_SALES_Prod_860/DATA/SALES_ANAPLAN_OIC/work/anaplan-connect-1-3-3-3
./AnaplanClient.sh -user anpadmua.gen@cisco.com:L5EJNstptxpa8A7 -workspace 8a868cd87a25f4cf017a54d776c515d7 -model 463B0A00F8FD4FE5839943BCC68D074E -export 'Service Forecast Workbook Extract - New' -execute -get /apps/sales/EA_SALES_Prod_860/DATA/SALES_ANAPLAN_OIC/work/Work_Book_NLG_Service.csv
The operation was successful.

The server file Service Forecast Workbook Extract - New has been downloaded to /apps/sales/EA_SALES_Prod_860/DATA/SALES_ANAPLAN_OIC/work/Work_Book_NLG_Service.csv
WEEK RUN 07/29/21
cd /apps/sales/EA_SALES_Prod_860/DATA/SALES_ANAPLAN_OIC/work/anaplan-connect-1-3-3-3
./AnaplanClient.sh -user anpadmua.gen@cisco.com:L5EJNstptxpa8A7 -workspace 8a868cd87a25f4cf017a54d776c515d7 -model 463B0A00F8FD4FE5839943BCC68D074E -export 'Planning Forecast Workbook Extract-NEW' -execute -get /apps/sales/EA_SALES_Prod_860/DATA/SALES_ANAPLAN_OIC/work/Work_Book_NLG_Planning.csv
The operation was successful.

The server file Planning Forecast Workbook Extract-NEW has been downloaded to /apps/sales/EA_SALES_Prod_860/DATA/SALES_ANAPLAN_OIC/work/Work_Book_NLG_Planning.csv
cd /apps/sales/EA_SALES_Prod_860/DATA/SALES_ANAPLAN_OIC/work/anaplan-connect-1-3-3-3
./AnaplanClient.sh -user anpadmua.gen@cisco.com:L5EJNstptxpa8A7 -workspace 8a868cd87a25f4cf017a54d776c515d7 -model 463B0A00F8FD4FE5839943BCC68D074E -export 'Goaling Workbook Extract - NEW' -execute -get /apps/sales/EA_SALES_Prod_860/DATA/SALES_ANAPLAN_OIC/work/Work_Book_NLG_Goaling.csv
The operation was successful.

The server file Goaling Workbook Extract - NEW has been downloaded to /apps/sales/EA_SALES_Prod_860/DATA/SALES_ANAPLAN_OIC/work/Work_Book_NLG_Goaling.csv
cd /apps/sales/EA_SALES_Prod_860/DATA/SALES_ANAPLAN_OIC/work/anaplan-connect-1-3-3-3
./AnaplanClient.sh -user anpadmua.gen@cisco.com:L5EJNstptxpa8A7 -workspace 8a868cd87a25f4cf017a54d776c515d7 -model 463B0A00F8FD4FE5839943BCC68D074E -export 'TMS Forecasting Workbook Extract' -execute -get /apps/sales/EA_SALES_Prod_860/DATA/SALES_ANAPLAN_OIC/work/Work_Book_NLG_TMS.csv
The operation was successful.

The server file TMS Forecasting Workbook Extract has been downloaded to /apps/sales/EA_SALES_Prod_860/DATA/SALES_ANAPLAN_OIC/work/Work_Book_NLG_TMS.csv
cd /apps/sales/EA_SALES_Prod_860/DATA/SALES_ANAPLAN_OIC/work/anaplan-connect-1-3-3-3
./AnaplanClient.sh -user anpadmua.gen@cisco.com:L5EJNstptxpa8A7 -workspace 8a868cd87a25f4cf017a54d776c515d7 -model 463B0A00F8FD4FE5839943BCC68D074E -export 'Service Forecast Workbook Extract - New' -execute -get /apps/sales/EA_SALES_Prod_860/DATA/SALES_ANAPLAN_OIC/work/Work_Book_NLG_Service.csv
The operation was successful.

The server file Service Forecast Workbook Extract - New has been downloaded to /apps/sales/EA_SALES_Prod_860/DATA/SALES_ANAPLAN_OIC/work/Work_Book_NLG_Service.csv
WEEK RUN 08/02/21
cd /apps/sales/EA_SALES_Prod_860/DATA/SALES_ANAPLAN_OIC/work/anaplan-connect-1-3-3-3
./AnaplanClient.sh -user anpadmua.gen@cisco.com:L5EJNstptxpa8A7 -workspace 8a868cd87a25f4cf017a54d776c515d7 -model 463B0A00F8FD4FE5839943BCC68D074E -export 'Planning Forecast Workbook Extract-NEW' -execute -get /apps/sales/EA_SALES_Prod_860/DATA/SALES_ANAPLAN_OIC/work/Work_Book_NLG_Planning.csv
The operation was successful.

The server file Planning Forecast Workbook Extract-NEW has been downloaded to /apps/sales/EA_SALES_Prod_860/DATA/SALES_ANAPLAN_OIC/work/Work_Book_NLG_Planning.csv
cd /apps/sales/EA_SALES_Prod_860/DATA/SALES_ANAPLAN_OIC/work/anaplan-connect-1-3-3-3
./AnaplanClient.sh -user anpadmua.gen@cisco.com:L5EJNstptxpa8A7 -workspace 8a868cd87a25f4cf017a54d776c515d7 -model 463B0A00F8FD4FE5839943BCC68D074E -export 'Goaling Workbook Extract - NEW' -execute -get /apps/sales/EA_SALES_Prod_860/DATA/SALES_ANAPLAN_OIC/work/Work_Book_NLG_Goaling.csv
The operation was successful.

The server file Goaling Workbook Extract - NEW has been downloaded to /apps/sales/EA_SALES_Prod_860/DATA/SALES_ANAPLAN_OIC/work/Work_Book_NLG_Goaling.csv
cd /apps/sales/EA_SALES_Prod_860/DATA/SALES_ANAPLAN_OIC/work/anaplan-connect-1-3-3-3
./AnaplanClient.sh -user anpadmua.gen@cisco.com:L5EJNstptxpa8A7 -workspace 8a868cd87a25f4cf017a54d776c515d7 -model 463B0A00F8FD4FE5839943BCC68D074E -export 'TMS Forecasting Workbook Extract' -execute -get /apps/sales/EA_SALES_Prod_860/DATA/SALES_ANAPLAN_OIC/work/Work_Book_NLG_TMS.csv
The operation was successful.

The server file TMS Forecasting Workbook Extract has been downloaded to /apps/sales/EA_SALES_Prod_860/DATA/SALES_ANAPLAN_OIC/work/Work_Book_NLG_TMS.csv
cd /apps/sales/EA_SALES_Prod_860/DATA/SALES_ANAPLAN_OIC/work/anaplan-connect-1-3-3-3
./AnaplanClient.sh -user anpadmua.gen@cisco.com:L5EJNstptxpa8A7 -workspace 8a868cd87a25f4cf017a54d776c515d7 -model 463B0A00F8FD4FE5839943BCC68D074E -export 'Service Forecast Workbook Extract - New' -execute -get /apps/sales/EA_SALES_Prod_860/DATA/SALES_ANAPLAN_OIC/work/Work_Book_NLG_Service.csv
The operation was successful.

The server file Service Forecast Workbook Extract - New has been downloaded to /apps/sales/EA_SALES_Prod_860/DATA/SALES_ANAPLAN_OIC/work/Work_Book_NLG_Service.csv
WEEK RUN 08/04/21
cd /apps/sales/EA_SALES_Prod_860/DATA/SALES_ANAPLAN_OIC/work/anaplan-connect-1-3-3-3
./AnaplanClient.sh -user anpadmua.gen@cisco.com:L5EJNstptxpa8A7 -workspace 8a868cd87a25f4cf017a54d776c515d7 -model 463B0A00F8FD4FE5839943BCC68D074E -export 'Planning Forecast Workbook Extract-NEW' -execute -get /apps/sales/EA_SALES_Prod_860/DATA/SALES_ANAPLAN_OIC/work/Work_Book_NLG_Planning.csv
The operation was successful.

The server file Planning Forecast Workbook Extract-NEW has been downloaded to /apps/sales/EA_SALES_Prod_860/DATA/SALES_ANAPLAN_OIC/work/Work_Book_NLG_Planning.csv
cd /apps/sales/EA_SALES_Prod_860/DATA/SALES_ANAPLAN_OIC/work/anaplan-connect-1-3-3-3
./AnaplanClient.sh -user anpadmua.gen@cisco.com:L5EJNstptxpa8A7 -workspace 8a868cd87a25f4cf017a54d776c515d7 -model 463B0A00F8FD4FE5839943BCC68D074E -export 'Goaling Workbook Extract - NEW' -execute -get /apps/sales/EA_SALES_Prod_860/DATA/SALES_ANAPLAN_OIC/work/Work_Book_NLG_Goaling.csv
The operation was successful.

The server file Goaling Workbook Extract - NEW has been downloaded to /apps/sales/EA_SALES_Prod_860/DATA/SALES_ANAPLAN_OIC/work/Work_Book_NLG_Goaling.csv
cd /apps/sales/EA_SALES_Prod_860/DATA/SALES_ANAPLAN_OIC/work/anaplan-connect-1-3-3-3
./AnaplanClient.sh -user anpadmua.gen@cisco.com:L5EJNstptxpa8A7 -workspace 8a868cd87a25f4cf017a54d776c515d7 -model 463B0A00F8FD4FE5839943BCC68D074E -export 'TMS Forecasting Workbook Extract' -execute -get /apps/sales/EA_SALES_Prod_860/DATA/SALES_ANAPLAN_OIC/work/Work_Book_NLG_TMS.csv
The operation was successful.

The server file TMS Forecasting Workbook Extract has been downloaded to /apps/sales/EA_SALES_Prod_860/DATA/SALES_ANAPLAN_OIC/work/Work_Book_NLG_TMS.csv
cd /apps/sales/EA_SALES_Prod_860/DATA/SALES_ANAPLAN_OIC/work/anaplan-connect-1-3-3-3
./AnaplanClient.sh -user anpadmua.gen@cisco.com:L5EJNstptxpa8A7 -workspace 8a868cd87a25f4cf017a54d776c515d7 -model 463B0A00F8FD4FE5839943BCC68D074E -export 'Service Forecast Workbook Extract - New' -execute -get /apps/sales/EA_SALES_Prod_860/DATA/SALES_ANAPLAN_OIC/work/Work_Book_NLG_Service.csv
The operation was successful.

The server file Service Forecast Workbook Extract - New has been downloaded to /apps/sales/EA_SALES_Prod_860/DATA/SALES_ANAPLAN_OIC/work/Work_Book_NLG_Service.csv
WEEK RUN 08/05/21
cd /apps/sales/EA_SALES_Prod_860/DATA/SALES_ANAPLAN_OIC/work/anaplan-connect-1-3-3-3
./AnaplanClient.sh -user anpadmua.gen@cisco.com:L5EJNstptxpa8A7 -workspace 8a868cd87a25f4cf017a54d776c515d7 -model 463B0A00F8FD4FE5839943BCC68D074E -export 'Planning Forecast Workbook Extract-NEW' -execute -get /apps/sales/EA_SALES_Prod_860/DATA/SALES_ANAPLAN_OIC/work/Work_Book_NLG_Planning.csv
The operation was successful.

The server file Planning Forecast Workbook Extract-NEW has been downloaded to /apps/sales/EA_SALES_Prod_860/DATA/SALES_ANAPLAN_OIC/work/Work_Book_NLG_Planning.csv
cd /apps/sales/EA_SALES_Prod_860/DATA/SALES_ANAPLAN_OIC/work/anaplan-connect-1-3-3-3
./AnaplanClient.sh -user anpadmua.gen@cisco.com:L5EJNstptxpa8A7 -workspace 8a868cd87a25f4cf017a54d776c515d7 -model 463B0A00F8FD4FE5839943BCC68D074E -export 'Goaling Workbook Extract - NEW' -execute -get /apps/sales/EA_SALES_Prod_860/DATA/SALES_ANAPLAN_OIC/work/Work_Book_NLG_Goaling.csv
The operation was successful.

The server file Goaling Workbook Extract - NEW has been downloaded to /apps/sales/EA_SALES_Prod_860/DATA/SALES_ANAPLAN_OIC/work/Work_Book_NLG_Goaling.csv
cd /apps/sales/EA_SALES_Prod_860/DATA/SALES_ANAPLAN_OIC/work/anaplan-connect-1-3-3-3
./AnaplanClient.sh -user anpadmua.gen@cisco.com:L5EJNstptxpa8A7 -workspace 8a868cd87a25f4cf017a54d776c515d7 -model 463B0A00F8FD4FE5839943BCC68D074E -export 'TMS Forecasting Workbook Extract' -execute -get /apps/sales/EA_SALES_Prod_860/DATA/SALES_ANAPLAN_OIC/work/Work_Book_NLG_TMS.csv
The operation was successful.

The server file TMS Forecasting Workbook Extract has been downloaded to /apps/sales/EA_SALES_Prod_860/DATA/SALES_ANAPLAN_OIC/work/Work_Book_NLG_TMS.csv
cd /apps/sales/EA_SALES_Prod_860/DATA/SALES_ANAPLAN_OIC/work/anaplan-connect-1-3-3-3
./AnaplanClient.sh -user anpadmua.gen@cisco.com:L5EJNstptxpa8A7 -workspace 8a868cd87a25f4cf017a54d776c515d7 -model 463B0A00F8FD4FE5839943BCC68D074E -export 'Service Forecast Workbook Extract - New' -execute -get /apps/sales/EA_SALES_Prod_860/DATA/SALES_ANAPLAN_OIC/work/Work_Book_NLG_Service.csv
The operation was successful.

The server file Service Forecast Workbook Extract - New has been downloaded to /apps/sales/EA_SALES_Prod_860/DATA/SALES_ANAPLAN_OIC/work/Work_Book_NLG_Service.csv
WEEK RUN 08/10/21
cd /apps/sales/EA_SALES_Prod_860/DATA/SALES_ANAPLAN_OIC/work/anaplan-connect-1-3-3-3
./AnaplanClient.sh -user anpadmua.gen@cisco.com:L5EJNstptxpa8A7 -workspace 8a868cd87a25f4cf017a54d776c515d7 -model 463B0A00F8FD4FE5839943BCC68D074E -export 'Planning Forecast Workbook Extract-NEW' -execute -get /apps/sales/EA_SALES_Prod_860/DATA/SALES_ANAPLAN_OIC/work/Work_Book_NLG_Planning.csv
The operation was successful.

The server file Planning Forecast Workbook Extract-NEW has been downloaded to /apps/sales/EA_SALES_Prod_860/DATA/SALES_ANAPLAN_OIC/work/Work_Book_NLG_Planning.csv
cd /apps/sales/EA_SALES_Prod_860/DATA/SALES_ANAPLAN_OIC/work/anaplan-connect-1-3-3-3
./AnaplanClient.sh -user anpadmua.gen@cisco.com:L5EJNstptxpa8A7 -workspace 8a868cd87a25f4cf017a54d776c515d7 -model 463B0A00F8FD4FE5839943BCC68D074E -export 'Goaling Workbook Extract - NEW' -execute -get /apps/sales/EA_SALES_Prod_860/DATA/SALES_ANAPLAN_OIC/work/Work_Book_NLG_Goaling.csv
The operation was successful.

The server file Goaling Workbook Extract - NEW has been downloaded to /apps/sales/EA_SALES_Prod_860/DATA/SALES_ANAPLAN_OIC/work/Work_Book_NLG_Goaling.csv
cd /apps/sales/EA_SALES_Prod_860/DATA/SALES_ANAPLAN_OIC/work/anaplan-connect-1-3-3-3
./AnaplanClient.sh -user anpadmua.gen@cisco.com:L5EJNstptxpa8A7 -workspace 8a868cd87a25f4cf017a54d776c515d7 -model 463B0A00F8FD4FE5839943BCC68D074E -export 'TMS Forecasting Workbook Extract' -execute -get /apps/sales/EA_SALES_Prod_860/DATA/SALES_ANAPLAN_OIC/work/Work_Book_NLG_TMS.csv
The operation was successful.

The server file TMS Forecasting Workbook Extract has been downloaded to /apps/sales/EA_SALES_Prod_860/DATA/SALES_ANAPLAN_OIC/work/Work_Book_NLG_TMS.csv
cd /apps/sales/EA_SALES_Prod_860/DATA/SALES_ANAPLAN_OIC/work/anaplan-connect-1-3-3-3
./AnaplanClient.sh -user anpadmua.gen@cisco.com:L5EJNstptxpa8A7 -workspace 8a868cd87a25f4cf017a54d776c515d7 -model 463B0A00F8FD4FE5839943BCC68D074E -export 'Service Forecast Workbook Extract - New' -execute -get /apps/sales/EA_SALES_Prod_860/DATA/SALES_ANAPLAN_OIC/work/Work_Book_NLG_Service.csv
The operation was successful.

The server file Service Forecast Workbook Extract - New has been downloaded to /apps/sales/EA_SALES_Prod_860/DATA/SALES_ANAPLAN_OIC/work/Work_Book_NLG_Service.csv
WEEK RUN 08/11/21
cd /apps/sales/EA_SALES_Prod_860/DATA/SALES_ANAPLAN_OIC/work/anaplan-connect-1-3-3-3
./AnaplanClient.sh -user anpadmua.gen@cisco.com:L5EJNstptxpa8A7 -workspace 8a868cd87a25f4cf017a54d776c515d7 -model 463B0A00F8FD4FE5839943BCC68D074E -export 'Planning Forecast Workbook Extract-NEW' -execute -get /apps/sales/EA_SALES_Prod_860/DATA/SALES_ANAPLAN_OIC/work/Work_Book_NLG_Planning.csv
The operation was successful.

The server file Planning Forecast Workbook Extract-NEW has been downloaded to /apps/sales/EA_SALES_Prod_860/DATA/SALES_ANAPLAN_OIC/work/Work_Book_NLG_Planning.csv
cd /apps/sales/EA_SALES_Prod_860/DATA/SALES_ANAPLAN_OIC/work/anaplan-connect-1-3-3-3
./AnaplanClient.sh -user anpadmua.gen@cisco.com:L5EJNstptxpa8A7 -workspace 8a868cd87a25f4cf017a54d776c515d7 -model 463B0A00F8FD4FE5839943BCC68D074E -export 'Goaling Workbook Extract - NEW' -execute -get /apps/sales/EA_SALES_Prod_860/DATA/SALES_ANAPLAN_OIC/work/Work_Book_NLG_Goaling.csv
The operation was successful.

The server file Goaling Workbook Extract - NEW has been downloaded to /apps/sales/EA_SALES_Prod_860/DATA/SALES_ANAPLAN_OIC/work/Work_Book_NLG_Goaling.csv
cd /apps/sales/EA_SALES_Prod_860/DATA/SALES_ANAPLAN_OIC/work/anaplan-connect-1-3-3-3
./AnaplanClient.sh -user anpadmua.gen@cisco.com:L5EJNstptxpa8A7 -workspace 8a868cd87a25f4cf017a54d776c515d7 -model 463B0A00F8FD4FE5839943BCC68D074E -export 'TMS Forecasting Workbook Extract' -execute -get /apps/sales/EA_SALES_Prod_860/DATA/SALES_ANAPLAN_OIC/work/Work_Book_NLG_TMS.csv
The operation was successful.

The server file TMS Forecasting Workbook Extract has been downloaded to /apps/sales/EA_SALES_Prod_860/DATA/SALES_ANAPLAN_OIC/work/Work_Book_NLG_TMS.csv
cd /apps/sales/EA_SALES_Prod_860/DATA/SALES_ANAPLAN_OIC/work/anaplan-connect-1-3-3-3
./AnaplanClient.sh -user anpadmua.gen@cisco.com:L5EJNstptxpa8A7 -workspace 8a868cd87a25f4cf017a54d776c515d7 -model 463B0A00F8FD4FE5839943BCC68D074E -export 'Service Forecast Workbook Extract - New' -execute -get /apps/sales/EA_SALES_Prod_860/DATA/SALES_ANAPLAN_OIC/work/Work_Book_NLG_Service.csv
The operation was successful.

The server file Service Forecast Workbook Extract - New has been downloaded to /apps/sales/EA_SALES_Prod_860/DATA/SALES_ANAPLAN_OIC/work/Work_Book_NLG_Service.csv
WEEK RUN 08/12/21
cd /apps/sales/EA_SALES_Prod_860/DATA/SALES_ANAPLAN_OIC/work/anaplan-connect-1-3-3-3
./AnaplanClient.sh -user anpadmua.gen@cisco.com:L5EJNstptxpa8A7 -workspace 8a868cd87a25f4cf017a54d776c515d7 -model 463B0A00F8FD4FE5839943BCC68D074E -export 'Planning Forecast Workbook Extract-NEW' -execute -get /apps/sales/EA_SALES_Prod_860/DATA/SALES_ANAPLAN_OIC/work/Work_Book_NLG_Planning.csv
The operation was successful.

The server file Planning Forecast Workbook Extract-NEW has been downloaded to /apps/sales/EA_SALES_Prod_860/DATA/SALES_ANAPLAN_OIC/work/Work_Book_NLG_Planning.csv
cd /apps/sales/EA_SALES_Prod_860/DATA/SALES_ANAPLAN_OIC/work/anaplan-connect-1-3-3-3
./AnaplanClient.sh -user anpadmua.gen@cisco.com:L5EJNstptxpa8A7 -workspace 8a868cd87a25f4cf017a54d776c515d7 -model 463B0A00F8FD4FE5839943BCC68D074E -export 'Goaling Workbook Extract - NEW' -execute -get /apps/sales/EA_SALES_Prod_860/DATA/SALES_ANAPLAN_OIC/work/Work_Book_NLG_Goaling.csv
The operation was successful.

The server file Goaling Workbook Extract - NEW has been downloaded to /apps/sales/EA_SALES_Prod_860/DATA/SALES_ANAPLAN_OIC/work/Work_Book_NLG_Goaling.csv
cd /apps/sales/EA_SALES_Prod_860/DATA/SALES_ANAPLAN_OIC/work/anaplan-connect-1-3-3-3
./AnaplanClient.sh -user anpadmua.gen@cisco.com:L5EJNstptxpa8A7 -workspace 8a868cd87a25f4cf017a54d776c515d7 -model 463B0A00F8FD4FE5839943BCC68D074E -export 'TMS Forecasting Workbook Extract' -execute -get /apps/sales/EA_SALES_Prod_860/DATA/SALES_ANAPLAN_OIC/work/Work_Book_NLG_TMS.csv
The operation was successful.

The server file TMS Forecasting Workbook Extract has been downloaded to /apps/sales/EA_SALES_Prod_860/DATA/SALES_ANAPLAN_OIC/work/Work_Book_NLG_TMS.csv
cd /apps/sales/EA_SALES_Prod_860/DATA/SALES_ANAPLAN_OIC/work/anaplan-connect-1-3-3-3
./AnaplanClient.sh -user anpadmua.gen@cisco.com:L5EJNstptxpa8A7 -workspace 8a868cd87a25f4cf017a54d776c515d7 -model 463B0A00F8FD4FE5839943BCC68D074E -export 'Service Forecast Workbook Extract - New' -execute -get /apps/sales/EA_SALES_Prod_860/DATA/SALES_ANAPLAN_OIC/work/Work_Book_NLG_Service.csv
The operation was successful.

The server file Service Forecast Workbook Extract - New has been downloaded to /apps/sales/EA_SALES_Prod_860/DATA/SALES_ANAPLAN_OIC/work/Work_Book_NLG_Service.csv
WEEK RUN 08/16/21
cd /apps/sales/EA_SALES_Prod_860/DATA/SALES_ANAPLAN_OIC/work/anaplan-connect-1-3-3-3
./AnaplanClient.sh -user anpadmua.gen@cisco.com:L5EJNstptxpa8A7 -workspace 8a868cd87a25f4cf017a54d776c515d7 -model 463B0A00F8FD4FE5839943BCC68D074E -export 'Planning Forecast Workbook Extract-NEW' -execute -get /apps/sales/EA_SALES_Prod_860/DATA/SALES_ANAPLAN_OIC/work/Work_Book_NLG_Planning.csv
cd /apps/sales/EA_SALES_Prod_860/DATA/SALES_ANAPLAN_OIC/work/anaplan-connect-1-3-3-3
./AnaplanClient.sh -user anpadmua.gen@cisco.com:L5EJNstptxpa8A7 -workspace 8a868cd87a25f4cf017a54d776c515d7 -model 463B0A00F8FD4FE5839943BCC68D074E -export 'Goaling Workbook Extract - NEW' -execute -get /apps/sales/EA_SALES_Prod_860/DATA/SALES_ANAPLAN_OIC/work/Work_Book_NLG_Goaling.csv
cd /apps/sales/EA_SALES_Prod_860/DATA/SALES_ANAPLAN_OIC/work/anaplan-connect-1-3-3-3
./AnaplanClient.sh -user anpadmua.gen@cisco.com:L5EJNstptxpa8A7 -workspace 8a868cd87a25f4cf017a54d776c515d7 -model 463B0A00F8FD4FE5839943BCC68D074E -export 'TMS Forecasting Workbook Extract' -execute -get /apps/sales/EA_SALES_Prod_860/DATA/SALES_ANAPLAN_OIC/work/Work_Book_NLG_TMS.csv
The operation was successful.

The server file TMS Forecasting Workbook Extract has been downloaded to /apps/sales/EA_SALES_Prod_860/DATA/SALES_ANAPLAN_OIC/work/Work_Book_NLG_TMS.csv
cd /apps/sales/EA_SALES_Prod_860/DATA/SALES_ANAPLAN_OIC/work/anaplan-connect-1-3-3-3
./AnaplanClient.sh -user anpadmua.gen@cisco.com:L5EJNstptxpa8A7 -workspace 8a868cd87a25f4cf017a54d776c515d7 -model 463B0A00F8FD4FE5839943BCC68D074E -export 'Service Forecast Workbook Extract - New' -execute -get /apps/sales/EA_SALES_Prod_860/DATA/SALES_ANAPLAN_OIC/work/Work_Book_NLG_Service.csv
The operation was successful.

The server file Service Forecast Workbook Extract - New has been downloaded to /apps/sales/EA_SALES_Prod_860/DATA/SALES_ANAPLAN_OIC/work/Work_Book_NLG_Service.csv
WEEK RUN 08/16/21
cd /apps/sales/EA_SALES_Prod_860/DATA/SALES_ANAPLAN_OIC/work/anaplan-connect-1-3-3-3
./AnaplanClient.sh -user anpadmua.gen@cisco.com:L5EJNstptxpa8A7 -workspace 8a868cd87a25f4cf017a54d776c515d7 -model 463B0A00F8FD4FE5839943BCC68D074E -export 'Planning Forecast Workbook Extract-NEW' -execute -get /apps/sales/EA_SALES_Prod_860/DATA/SALES_ANAPLAN_OIC/work/Work_Book_NLG_Planning.csv
The operation was successful.

The server file Planning Forecast Workbook Extract-NEW has been downloaded to /apps/sales/EA_SALES_Prod_860/DATA/SALES_ANAPLAN_OIC/work/Work_Book_NLG_Planning.csv
cd /apps/sales/EA_SALES_Prod_860/DATA/SALES_ANAPLAN_OIC/work/anaplan-connect-1-3-3-3
./AnaplanClient.sh -user anpadmua.gen@cisco.com:L5EJNstptxpa8A7 -workspace 8a868cd87a25f4cf017a54d776c515d7 -model 463B0A00F8FD4FE5839943BCC68D074E -export 'Goaling Workbook Extract - NEW' -execute -get /apps/sales/EA_SALES_Prod_860/DATA/SALES_ANAPLAN_OIC/work/Work_Book_NLG_Goaling.csv
The operation was successful.

The server file Goaling Workbook Extract - NEW has been downloaded to /apps/sales/EA_SALES_Prod_860/DATA/SALES_ANAPLAN_OIC/work/Work_Book_NLG_Goaling.csv
cd /apps/sales/EA_SALES_Prod_860/DATA/SALES_ANAPLAN_OIC/work/anaplan-connect-1-3-3-3
./AnaplanClient.sh -user anpadmua.gen@cisco.com:L5EJNstptxpa8A7 -workspace 8a868cd87a25f4cf017a54d776c515d7 -model 463B0A00F8FD4FE5839943BCC68D074E -export 'TMS Forecasting Workbook Extract' -execute -get /apps/sales/EA_SALES_Prod_860/DATA/SALES_ANAPLAN_OIC/work/Work_Book_NLG_TMS.csv
The operation was successful.

The server file TMS Forecasting Workbook Extract has been downloaded to /apps/sales/EA_SALES_Prod_860/DATA/SALES_ANAPLAN_OIC/work/Work_Book_NLG_TMS.csv
cd /apps/sales/EA_SALES_Prod_860/DATA/SALES_ANAPLAN_OIC/work/anaplan-connect-1-3-3-3
./AnaplanClient.sh -user anpadmua.gen@cisco.com:L5EJNstptxpa8A7 -workspace 8a868cd87a25f4cf017a54d776c515d7 -model 463B0A00F8FD4FE5839943BCC68D074E -export 'Service Forecast Workbook Extract - New' -execute -get /apps/sales/EA_SALES_Prod_860/DATA/SALES_ANAPLAN_OIC/work/Work_Book_NLG_Service.csv
The operation was successful.

The server file Service Forecast Workbook Extract - New has been downloaded to /apps/sales/EA_SALES_Prod_860/DATA/SALES_ANAPLAN_OIC/work/Work_Book_NLG_Service.csv
WEEK RUN 08/16/21
cd /apps/sales/EA_SALES_Prod_860/DATA/SALES_ANAPLAN_OIC/work/anaplan-connect-1-3-3-3
./AnaplanClient.sh -user anpadmua.gen@cisco.com:L5EJNstptxpa8A7 -workspace 8a868cd87a25f4cf017a54d776c515d7 -model 463B0A00F8FD4FE5839943BCC68D074E -export 'Planning Forecast Workbook Extract-NEW' -execute -get /apps/sales/EA_SALES_Prod_860/DATA/SALES_ANAPLAN_OIC/work/Work_Book_NLG_Planning.csv
The operation was successful.

The server file Planning Forecast Workbook Extract-NEW has been downloaded to /apps/sales/EA_SALES_Prod_860/DATA/SALES_ANAPLAN_OIC/work/Work_Book_NLG_Planning.csv
cd /apps/sales/EA_SALES_Prod_860/DATA/SALES_ANAPLAN_OIC/work/anaplan-connect-1-3-3-3
./AnaplanClient.sh -user anpadmua.gen@cisco.com:L5EJNstptxpa8A7 -workspace 8a868cd87a25f4cf017a54d776c515d7 -model 463B0A00F8FD4FE5839943BCC68D074E -export 'Goaling Workbook Extract - NEW' -execute -get /apps/sales/EA_SALES_Prod_860/DATA/SALES_ANAPLAN_OIC/work/Work_Book_NLG_Goaling.csv
The operation was successful.

The server file Goaling Workbook Extract - NEW has been downloaded to /apps/sales/EA_SALES_Prod_860/DATA/SALES_ANAPLAN_OIC/work/Work_Book_NLG_Goaling.csv
cd /apps/sales/EA_SALES_Prod_860/DATA/SALES_ANAPLAN_OIC/work/anaplan-connect-1-3-3-3
./AnaplanClient.sh -user anpadmua.gen@cisco.com:L5EJNstptxpa8A7 -workspace 8a868cd87a25f4cf017a54d776c515d7 -model 463B0A00F8FD4FE5839943BCC68D074E -export 'TMS Forecasting Workbook Extract' -execute -get /apps/sales/EA_SALES_Prod_860/DATA/SALES_ANAPLAN_OIC/work/Work_Book_NLG_TMS.csv
The operation was successful.

The server file TMS Forecasting Workbook Extract has been downloaded to /apps/sales/EA_SALES_Prod_860/DATA/SALES_ANAPLAN_OIC/work/Work_Book_NLG_TMS.csv
cd /apps/sales/EA_SALES_Prod_860/DATA/SALES_ANAPLAN_OIC/work/anaplan-connect-1-3-3-3
./AnaplanClient.sh -user anpadmua.gen@cisco.com:L5EJNstptxpa8A7 -workspace 8a868cd87a25f4cf017a54d776c515d7 -model 463B0A00F8FD4FE5839943BCC68D074E -export 'Service Forecast Workbook Extract - New' -execute -get /apps/sales/EA_SALES_Prod_860/DATA/SALES_ANAPLAN_OIC/work/Work_Book_NLG_Service.csv
The operation was successful.

The server file Service Forecast Workbook Extract - New has been downloaded to /apps/sales/EA_SALES_Prod_860/DATA/SALES_ANAPLAN_OIC/work/Work_Book_NLG_Service.csv
WEEK RUN 08/23/21
cd /apps/sales/EA_SALES_Prod_860/DATA/SALES_ANAPLAN_OIC/work/anaplan-connect-1-3-3-3
./AnaplanClient.sh -user anpadmua.gen@cisco.com:L5EJNstptxpa8A7 -workspace 8a868cd87a25f4cf017a54d776c515d7 -model 463B0A00F8FD4FE5839943BCC68D074E -export 'Planning Forecast Workbook Extract-NEW' -execute -get /apps/sales/EA_SALES_Prod_860/DATA/SALES_ANAPLAN_OIC/work/Work_Book_NLG_Planning.csv
cd /apps/sales/EA_SALES_Prod_860/DATA/SALES_ANAPLAN_OIC/work/anaplan-connect-1-3-3-3
./AnaplanClient.sh -user anpadmua.gen@cisco.com:L5EJNstptxpa8A7 -workspace 8a868cd87a25f4cf017a54d776c515d7 -model 463B0A00F8FD4FE5839943BCC68D074E -export 'Goaling Workbook Extract - NEW' -execute -get /apps/sales/EA_SALES_Prod_860/DATA/SALES_ANAPLAN_OIC/work/Work_Book_NLG_Goaling.csv
cd /apps/sales/EA_SALES_Prod_860/DATA/SALES_ANAPLAN_OIC/work/anaplan-connect-1-3-3-3
./AnaplanClient.sh -user anpadmua.gen@cisco.com:L5EJNstptxpa8A7 -workspace 8a868cd87a25f4cf017a54d776c515d7 -model 463B0A00F8FD4FE5839943BCC68D074E -export 'TMS Forecasting Workbook Extract' -execute -get /apps/sales/EA_SALES_Prod_860/DATA/SALES_ANAPLAN_OIC/work/Work_Book_NLG_TMS.csv
The operation was successful.

The server file TMS Forecasting Workbook Extract has been downloaded to /apps/sales/EA_SALES_Prod_860/DATA/SALES_ANAPLAN_OIC/work/Work_Book_NLG_TMS.csv
cd /apps/sales/EA_SALES_Prod_860/DATA/SALES_ANAPLAN_OIC/work/anaplan-connect-1-3-3-3
./AnaplanClient.sh -user anpadmua.gen@cisco.com:L5EJNstptxpa8A7 -workspace 8a868cd87a25f4cf017a54d776c515d7 -model 463B0A00F8FD4FE5839943BCC68D074E -export 'Service Forecast Workbook Extract - New' -execute -get /apps/sales/EA_SALES_Prod_860/DATA/SALES_ANAPLAN_OIC/work/Work_Book_NLG_Service.csv
The operation was successful.

WEEK RUN 08/25/21
cd /apps/sales/EA_SALES_Prod_860/DATA/SALES_ANAPLAN_OIC/work/anaplan-connect-1-3-3-3
./AnaplanClient.sh -user anpadmua.gen@cisco.com:L5EJNstptxpa8A7 -workspace 8a868cd87a25f4cf017a54d776c515d7 -model 463B0A00F8FD4FE5839943BCC68D074E -export 'Planning Forecast Workbook Extract-NEW' -execute -get /apps/sales/EA_SALES_Prod_860/DATA/SALES_ANAPLAN_OIC/work/Work_Book_NLG_Planning.csv
The operation was successful.

The server file Planning Forecast Workbook Extract-NEW has been downloaded to /apps/sales/EA_SALES_Prod_860/DATA/SALES_ANAPLAN_OIC/work/Work_Book_NLG_Planning.csv
cd /apps/sales/EA_SALES_Prod_860/DATA/SALES_ANAPLAN_OIC/work/anaplan-connect-1-3-3-3
./AnaplanClient.sh -user anpadmua.gen@cisco.com:L5EJNstptxpa8A7 -workspace 8a868cd87a25f4cf017a54d776c515d7 -model 463B0A00F8FD4FE5839943BCC68D074E -export 'Goaling Workbook Extract - NEW' -execute -get /apps/sales/EA_SALES_Prod_860/DATA/SALES_ANAPLAN_OIC/work/Work_Book_NLG_Goaling.csv
The operation was successful.

The server file Goaling Workbook Extract - NEW has been downloaded to /apps/sales/EA_SALES_Prod_860/DATA/SALES_ANAPLAN_OIC/work/Work_Book_NLG_Goaling.csv
cd /apps/sales/EA_SALES_Prod_860/DATA/SALES_ANAPLAN_OIC/work/anaplan-connect-1-3-3-3
./AnaplanClient.sh -user anpadmua.gen@cisco.com:L5EJNstptxpa8A7 -workspace 8a868cd87a25f4cf017a54d776c515d7 -model 463B0A00F8FD4FE5839943BCC68D074E -export 'TMS Forecasting Workbook Extract' -execute -get /apps/sales/EA_SALES_Prod_860/DATA/SALES_ANAPLAN_OIC/work/Work_Book_NLG_TMS.csv
The operation was successful.

The server file TMS Forecasting Workbook Extract has been downloaded to /apps/sales/EA_SALES_Prod_860/DATA/SALES_ANAPLAN_OIC/work/Work_Book_NLG_TMS.csv
cd /apps/sales/EA_SALES_Prod_860/DATA/SALES_ANAPLAN_OIC/work/anaplan-connect-1-3-3-3
./AnaplanClient.sh -user anpadmua.gen@cisco.com:L5EJNstptxpa8A7 -workspace 8a868cd87a25f4cf017a54d776c515d7 -model 463B0A00F8FD4FE5839943BCC68D074E -export 'Service Forecast Workbook Extract - New' -execute -get /apps/sales/EA_SALES_Prod_860/DATA/SALES_ANAPLAN_OIC/work/Work_Book_NLG_Service.csv
The operation was successful.

The server file Service Forecast Workbook Extract - New has been downloaded to /apps/sales/EA_SALES_Prod_860/DATA/SALES_ANAPLAN_OIC/work/Work_Book_NLG_Service.csv
WEEK RUN 08/26/21
cd /apps/sales/EA_SALES_Prod_860/DATA/SALES_ANAPLAN_OIC/work/anaplan-connect-1-3-3-3
./AnaplanClient.sh -user anpadmua.gen@cisco.com:L5EJNstptxpa8A7 -workspace 8a868cd87a25f4cf017a54d776c515d7 -model 463B0A00F8FD4FE5839943BCC68D074E -export 'Planning Forecast Workbook Extract-NEW' -execute -get /apps/sales/EA_SALES_Prod_860/DATA/SALES_ANAPLAN_OIC/work/Work_Book_NLG_Planning.csv
The operation was successful.

The server file Planning Forecast Workbook Extract-NEW has been downloaded to /apps/sales/EA_SALES_Prod_860/DATA/SALES_ANAPLAN_OIC/work/Work_Book_NLG_Planning.csv
cd /apps/sales/EA_SALES_Prod_860/DATA/SALES_ANAPLAN_OIC/work/anaplan-connect-1-3-3-3
./AnaplanClient.sh -user anpadmua.gen@cisco.com:L5EJNstptxpa8A7 -workspace 8a868cd87a25f4cf017a54d776c515d7 -model 463B0A00F8FD4FE5839943BCC68D074E -export 'Goaling Workbook Extract - NEW' -execute -get /apps/sales/EA_SALES_Prod_860/DATA/SALES_ANAPLAN_OIC/work/Work_Book_NLG_Goaling.csv
The operation was successful.

The server file Goaling Workbook Extract - NEW has been downloaded to /apps/sales/EA_SALES_Prod_860/DATA/SALES_ANAPLAN_OIC/work/Work_Book_NLG_Goaling.csv
cd /apps/sales/EA_SALES_Prod_860/DATA/SALES_ANAPLAN_OIC/work/anaplan-connect-1-3-3-3
./AnaplanClient.sh -user anpadmua.gen@cisco.com:L5EJNstptxpa8A7 -workspace 8a868cd87a25f4cf017a54d776c515d7 -model 463B0A00F8FD4FE5839943BCC68D074E -export 'TMS Forecasting Workbook Extract' -execute -get /apps/sales/EA_SALES_Prod_860/DATA/SALES_ANAPLAN_OIC/work/Work_Book_NLG_TMS.csv
The operation was successful.

The server file TMS Forecasting Workbook Extract has been downloaded to /apps/sales/EA_SALES_Prod_860/DATA/SALES_ANAPLAN_OIC/work/Work_Book_NLG_TMS.csv
cd /apps/sales/EA_SALES_Prod_860/DATA/SALES_ANAPLAN_OIC/work/anaplan-connect-1-3-3-3
./AnaplanClient.sh -user anpadmua.gen@cisco.com:L5EJNstptxpa8A7 -workspace 8a868cd87a25f4cf017a54d776c515d7 -model 463B0A00F8FD4FE5839943BCC68D074E -export 'Service Forecast Workbook Extract - New' -execute -get /apps/sales/EA_SALES_Prod_860/DATA/SALES_ANAPLAN_OIC/work/Work_Book_NLG_Service.csv
The operation was successful.

The server file Service Forecast Workbook Extract - New has been downloaded to /apps/sales/EA_SALES_Prod_860/DATA/SALES_ANAPLAN_OIC/work/Work_Book_NLG_Service.csv
WEEK RUN 08/26/21
cd /apps/sales/EA_SALES_Prod_860/DATA/SALES_ANAPLAN_OIC/work/anaplan-connect-1-3-3-3
./AnaplanClient.sh -user anpadmua.gen@cisco.com:L5EJNstptxpa8A7 -workspace 8a868cd87a25f4cf017a54d776c515d7 -model 463B0A00F8FD4FE5839943BCC68D074E -export 'Planning Forecast Workbook Extract-NEW' -execute -get /apps/sales/EA_SALES_Prod_860/DATA/SALES_ANAPLAN_OIC/work/Work_Book_NLG_Planning.csv
The operation was successful.

The server file Planning Forecast Workbook Extract-NEW has been downloaded to /apps/sales/EA_SALES_Prod_860/DATA/SALES_ANAPLAN_OIC/work/Work_Book_NLG_Planning.csv
cd /apps/sales/EA_SALES_Prod_860/DATA/SALES_ANAPLAN_OIC/work/anaplan-connect-1-3-3-3
./AnaplanClient.sh -user anpadmua.gen@cisco.com:L5EJNstptxpa8A7 -workspace 8a868cd87a25f4cf017a54d776c515d7 -model 463B0A00F8FD4FE5839943BCC68D074E -export 'Goaling Workbook Extract - NEW' -execute -get /apps/sales/EA_SALES_Prod_860/DATA/SALES_ANAPLAN_OIC/work/Work_Book_NLG_Goaling.csv
The operation was successful.

The server file Goaling Workbook Extract - NEW has been downloaded to /apps/sales/EA_SALES_Prod_860/DATA/SALES_ANAPLAN_OIC/work/Work_Book_NLG_Goaling.csv
cd /apps/sales/EA_SALES_Prod_860/DATA/SALES_ANAPLAN_OIC/work/anaplan-connect-1-3-3-3
./AnaplanClient.sh -user anpadmua.gen@cisco.com:L5EJNstptxpa8A7 -workspace 8a868cd87a25f4cf017a54d776c515d7 -model 463B0A00F8FD4FE5839943BCC68D074E -export 'TMS Forecasting Workbook Extract' -execute -get /apps/sales/EA_SALES_Prod_860/DATA/SALES_ANAPLAN_OIC/work/Work_Book_NLG_TMS.csv
The operation was successful.

The server file TMS Forecasting Workbook Extract has been downloaded to /apps/sales/EA_SALES_Prod_860/DATA/SALES_ANAPLAN_OIC/work/Work_Book_NLG_TMS.csv
cd /apps/sales/EA_SALES_Prod_860/DATA/SALES_ANAPLAN_OIC/work/anaplan-connect-1-3-3-3
./AnaplanClient.sh -user anpadmua.gen@cisco.com:L5EJNstptxpa8A7 -workspace 8a868cd87a25f4cf017a54d776c515d7 -model 463B0A00F8FD4FE5839943BCC68D074E -export 'Service Forecast Workbook Extract - New' -execute -get /apps/sales/EA_SALES_Prod_860/DATA/SALES_ANAPLAN_OIC/work/Work_Book_NLG_Service.csv
The operation was successful.

The server file Service Forecast Workbook Extract - New has been downloaded to /apps/sales/EA_SALES_Prod_860/DATA/SALES_ANAPLAN_OIC/work/Work_Book_NLG_Service.csv
WEEK RUN 08/30/21
cd /apps/sales/EA_SALES_Prod_860/DATA/SALES_ANAPLAN_OIC/work/anaplan-connect-1-3-3-3
./AnaplanClient.sh -user anpadmua.gen@cisco.com:L5EJNstptxpa8A7 -workspace 8a868cd87a25f4cf017a54d776c515d7 -model 463B0A00F8FD4FE5839943BCC68D074E -export 'Planning Forecast Workbook Extract-NEW' -execute -get /apps/sales/EA_SALES_Prod_860/DATA/SALES_ANAPLAN_OIC/work/Work_Book_NLG_Planning.csv
The operation was successful.

The server file Planning Forecast Workbook Extract-NEW has been downloaded to /apps/sales/EA_SALES_Prod_860/DATA/SALES_ANAPLAN_OIC/work/Work_Book_NLG_Planning.csv
cd /apps/sales/EA_SALES_Prod_860/DATA/SALES_ANAPLAN_OIC/work/anaplan-connect-1-3-3-3
./AnaplanClient.sh -user anpadmua.gen@cisco.com:L5EJNstptxpa8A7 -workspace 8a868cd87a25f4cf017a54d776c515d7 -model 463B0A00F8FD4FE5839943BCC68D074E -export 'Goaling Workbook Extract - NEW' -execute -get /apps/sales/EA_SALES_Prod_860/DATA/SALES_ANAPLAN_OIC/work/Work_Book_NLG_Goaling.csv
The operation was successful.

The server file Goaling Workbook Extract - NEW has been downloaded to /apps/sales/EA_SALES_Prod_860/DATA/SALES_ANAPLAN_OIC/work/Work_Book_NLG_Goaling.csv
cd /apps/sales/EA_SALES_Prod_860/DATA/SALES_ANAPLAN_OIC/work/anaplan-connect-1-3-3-3
./AnaplanClient.sh -user anpadmua.gen@cisco.com:L5EJNstptxpa8A7 -workspace 8a868cd87a25f4cf017a54d776c515d7 -model 463B0A00F8FD4FE5839943BCC68D074E -export 'TMS Forecasting Workbook Extract' -execute -get /apps/sales/EA_SALES_Prod_860/DATA/SALES_ANAPLAN_OIC/work/Work_Book_NLG_TMS.csv
The operation was successful.

The server file TMS Forecasting Workbook Extract has been downloaded to /apps/sales/EA_SALES_Prod_860/DATA/SALES_ANAPLAN_OIC/work/Work_Book_NLG_TMS.csv
cd /apps/sales/EA_SALES_Prod_860/DATA/SALES_ANAPLAN_OIC/work/anaplan-connect-1-3-3-3
./AnaplanClient.sh -user anpadmua.gen@cisco.com:L5EJNstptxpa8A7 -workspace 8a868cd87a25f4cf017a54d776c515d7 -model 463B0A00F8FD4FE5839943BCC68D074E -export 'Service Forecast Workbook Extract - New' -execute -get /apps/sales/EA_SALES_Prod_860/DATA/SALES_ANAPLAN_OIC/work/Work_Book_NLG_Service.csv
The operation was successful.

The server file Service Forecast Workbook Extract - New has been downloaded to /apps/sales/EA_SALES_Prod_860/DATA/SALES_ANAPLAN_OIC/work/Work_Book_NLG_Service.csv
WEEK RUN 08/30/21
cd /apps/sales/EA_SALES_Prod_860/DATA/SALES_ANAPLAN_OIC/work/anaplan-connect-1-3-3-3
./AnaplanClient.sh -user anpadmua.gen@cisco.com:L5EJNstptxpa8A7 -workspace 8a868cd87a25f4cf017a54d776c515d7 -model 463B0A00F8FD4FE5839943BCC68D074E -export 'Planning Forecast Workbook Extract-NEW' -execute -get /apps/sales/EA_SALES_Prod_860/DATA/SALES_ANAPLAN_OIC/work/Work_Book_NLG_Planning.csv
The operation was successful.

The server file Planning Forecast Workbook Extract-NEW has been downloaded to /apps/sales/EA_SALES_Prod_860/DATA/SALES_ANAPLAN_OIC/work/Work_Book_NLG_Planning.csv
cd /apps/sales/EA_SALES_Prod_860/DATA/SALES_ANAPLAN_OIC/work/anaplan-connect-1-3-3-3
./AnaplanClient.sh -user anpadmua.gen@cisco.com:L5EJNstptxpa8A7 -workspace 8a868cd87a25f4cf017a54d776c515d7 -model 463B0A00F8FD4FE5839943BCC68D074E -export 'Goaling Workbook Extract - NEW' -execute -get /apps/sales/EA_SALES_Prod_860/DATA/SALES_ANAPLAN_OIC/work/Work_Book_NLG_Goaling.csv
The operation was successful.

The server file Goaling Workbook Extract - NEW has been downloaded to /apps/sales/EA_SALES_Prod_860/DATA/SALES_ANAPLAN_OIC/work/Work_Book_NLG_Goaling.csv
cd /apps/sales/EA_SALES_Prod_860/DATA/SALES_ANAPLAN_OIC/work/anaplan-connect-1-3-3-3
./AnaplanClient.sh -user anpadmua.gen@cisco.com:L5EJNstptxpa8A7 -workspace 8a868cd87a25f4cf017a54d776c515d7 -model 463B0A00F8FD4FE5839943BCC68D074E -export 'TMS Forecasting Workbook Extract' -execute -get /apps/sales/EA_SALES_Prod_860/DATA/SALES_ANAPLAN_OIC/work/Work_Book_NLG_TMS.csv
The operation was successful.

The server file TMS Forecasting Workbook Extract has been downloaded to /apps/sales/EA_SALES_Prod_860/DATA/SALES_ANAPLAN_OIC/work/Work_Book_NLG_TMS.csv
cd /apps/sales/EA_SALES_Prod_860/DATA/SALES_ANAPLAN_OIC/work/anaplan-connect-1-3-3-3
./AnaplanClient.sh -user anpadmua.gen@cisco.com:L5EJNstptxpa8A7 -workspace 8a868cd87a25f4cf017a54d776c515d7 -model 463B0A00F8FD4FE5839943BCC68D074E -export 'Service Forecast Workbook Extract - New' -execute -get /apps/sales/EA_SALES_Prod_860/DATA/SALES_ANAPLAN_OIC/work/Work_Book_NLG_Service.csv
The operation was successful.

The server file Service Forecast Workbook Extract - New has been downloaded to /apps/sales/EA_SALES_Prod_860/DATA/SALES_ANAPLAN_OIC/work/Work_Book_NLG_Service.csv
