DAILY RUN 06/30/21
cd /apps/sales/EA_SALES_Prod_860/DATA/SALES_ANAPLAN_OIC/work/anaplan-connect-1-3-3-3
./AnaplanClient.sh -user anpadmua.gen@cisco.com:L5EJNstptxpa8A7 -workspace 8a81b0127122eab9017135e305d61914 -model DE477349B5854B18A63DD51584E5BC33 -export 'Forecast Weightage DB Extract' -execute -get /apps/sales/EA_SALES_Prod_860/DATA/SALES_ANAPLAN_OIC/work/Work_Book_Fcst_Weightage.csv
The operation was successful.

The server file Forecast Weightage DB Extract has been downloaded to /apps/sales/EA_SALES_Prod_860/DATA/SALES_ANAPLAN_OIC/work/Work_Book_Fcst_Weightage.csv
DAILY RUN 07/01/21
cd /apps/sales/EA_SALES_Prod_860/DATA/SALES_ANAPLAN_OIC/work/anaplan-connect-1-3-3-3
./AnaplanClient.sh -user anpadmua.gen@cisco.com:L5EJNstptxpa8A7 -workspace 8a81b0127122eab9017135e305d61914 -model DE477349B5854B18A63DD51584E5BC33 -export 'Forecast Weightage DB Extract' -execute -get /apps/sales/EA_SALES_Prod_860/DATA/SALES_ANAPLAN_OIC/work/Work_Book_Fcst_Weightage.csv
The operation was successful.

The server file Forecast Weightage DB Extract has been downloaded to /apps/sales/EA_SALES_Prod_860/DATA/SALES_ANAPLAN_OIC/work/Work_Book_Fcst_Weightage.csv
DAILY RUN 07/03/21
cd /apps/sales/EA_SALES_Prod_860/DATA/SALES_ANAPLAN_OIC/work/anaplan-connect-1-3-3-3
./AnaplanClient.sh -user anpadmua.gen@cisco.com:L5EJNstptxpa8A7 -workspace 8a81b0127122eab9017135e305d61914
8a868cd87a25f4cf017a54dbb22c16e3 -model DE477349B5854B18A63DD51584E5BC33
2FA3B2DE0B544E139FD6BB012D2DA513 -export 'Forecast Weightage DB Extract' -execute -get /apps/sales/EA_SALES_Prod_860/DATA/SALES_ANAPLAN_OIC/work/Work_Book_Fcst_Weightage.csv
DAILY RUN 07/03/21
cd /apps/sales/EA_SALES_Prod_860/DATA/SALES_ANAPLAN_OIC/work/anaplan-connect-1-3-3-3
./AnaplanClient.sh -user anpadmua.gen@cisco.com:L5EJNstptxpa8A7 -workspace 8a81b0127122eab9017135e305d61914
nkatakdh -model DE477349B5854B18A63DD51584E5BC33
##FY22_NLG -export 'Forecast Weightage DB Extract' -execute -get /apps/sales/EA_SALES_Prod_860/DATA/SALES_ANAPLAN_OIC/work/Work_Book_Fcst_Weightage.csv
DAILY RUN 07/05/21
cd /apps/sales/EA_SALES_Prod_860/DATA/SALES_ANAPLAN_OIC/work/anaplan-connect-1-3-3-3
./AnaplanClient.sh -user anpadmua.gen@cisco.com:L5EJNstptxpa8A7 -workspace 8a81b0127122eab9017135e305d61914
nkatakdh -model DE477349B5854B18A63DD51584E5BC33
##FY22_NLG -export 'Forecast Weightage DB Extract' -execute -get /apps/sales/EA_SALES_Prod_860/DATA/SALES_ANAPLAN_OIC/work/Work_Book_Fcst_Weightage.csv
DAILY RUN 07/05/21
cd /apps/sales/EA_SALES_Prod_860/DATA/SALES_ANAPLAN_OIC/work/anaplan-connect-1-3-3-3
./AnaplanClient.sh -user anpadmua.gen@cisco.com:L5EJNstptxpa8A7 -workspace 8a81b0127122eab9017135e305d61914
8a868cd87a25f4cf017a54dbb22c16e3 -model DE477349B5854B18A63DD51584E5BC33
2FA3B2DE0B544E139FD6BB012D2DA513 -export 'Forecast Weightage DB Extract' -execute -get /apps/sales/EA_SALES_Prod_860/DATA/SALES_ANAPLAN_OIC/work/Work_Book_Fcst_Weightage.csv
WEEK RUN 07/05/21
cd /apps/sales/EA_SALES_Prod_860/DATA/SALES_ANAPLAN_OIC/work/anaplan-connect-1-3-3-3
./AnaplanClient.sh -user anpadmua.gen@cisco.com:L5EJNstptxpa8A7 -workspace 8a81b0127122eab9017135e305d61914 -model DE477349B5854B18A63DD51584E5BC33 -export 'Forecast Weightage DB Extract' -execute -get /apps/sales/EA_SALES_Prod_860/DATA/SALES_ANAPLAN_OIC/work/Work_Book_Fcst_Weightage.csv
The operation was successful.

The server file Forecast Weightage DB Extract has been downloaded to /apps/sales/EA_SALES_Prod_860/DATA/SALES_ANAPLAN_OIC/work/Work_Book_Fcst_Weightage.csv
DAILY RUN 07/05/21
cd /apps/sales/EA_SALES_Prod_860/DATA/SALES_ANAPLAN_OIC/work/anaplan-connect-1-3-3-3
./AnaplanClient.sh -user anpadmua.gen@cisco.com:L5EJNstptxpa8A7 -workspace 8a81b0127122eab9017135e305d61914 -model DE477349B5854B18A63DD51584E5BC33 -export 'Forecast Weightage DB Extract' -execute -get /apps/sales/EA_SALES_Prod_860/DATA/SALES_ANAPLAN_OIC/work/Work_Book_Fcst_Weightage.csv
The operation was successful.

The server file Forecast Weightage DB Extract has been downloaded to /apps/sales/EA_SALES_Prod_860/DATA/SALES_ANAPLAN_OIC/work/Work_Book_Fcst_Weightage.csv
WEEK RUN 07/05/21
cd /apps/sales/EA_SALES_Prod_860/DATA/SALES_ANAPLAN_OIC/work/anaplan-connect-1-3-3-3
./AnaplanClient.sh -user anpadmua.gen@cisco.com:L5EJNstptxpa8A7 -workspace 8a868cd87a25f4cf017a54dbb22c16e3 -model 2FA3B2DE0B544E139FD6BB012D2DA513 -export 'Forecast Weightage DB Extract' -execute -get /apps/sales/EA_SALES_Prod_860/DATA/SALES_ANAPLAN_OIC/work/Work_Book_Fcst_Weightage.csv
The operation was successful.

The server file Forecast Weightage DB Extract has been downloaded to /apps/sales/EA_SALES_Prod_860/DATA/SALES_ANAPLAN_OIC/work/Work_Book_Fcst_Weightage.csv
WEEK RUN 07/06/21
cd /apps/sales/EA_SALES_Prod_860/DATA/SALES_ANAPLAN_OIC/work/anaplan-connect-1-3-3-3
./AnaplanClient.sh -user anpadmua.gen@cisco.com:L5EJNstptxpa8A7 -workspace 8a868cd87a25f4cf017a54dbb22c16e3 -model 2FA3B2DE0B544E139FD6BB012D2DA513 -export 'Forecast Weightage DB Extract' -execute -get /apps/sales/EA_SALES_Prod_860/DATA/SALES_ANAPLAN_OIC/work/Work_Book_Fcst_Weightage.csv
The operation was successful.

The server file Forecast Weightage DB Extract has been downloaded to /apps/sales/EA_SALES_Prod_860/DATA/SALES_ANAPLAN_OIC/work/Work_Book_Fcst_Weightage.csv
DAILY RUN 07/07/21
cd /apps/sales/EA_SALES_Prod_860/DATA/SALES_ANAPLAN_OIC/work/anaplan-connect-1-3-3-3
./AnaplanClient.sh -user anpadmua.gen@cisco.com:L5EJNstptxpa8A7 -workspace 8a868cd87a25f4cf017a54dbb22c16e3 -model 2FA3B2DE0B544E139FD6BB012D2DA513 -export 'Forecast Weightage DB Extract' -execute -get /apps/sales/EA_SALES_Prod_860/DATA/SALES_ANAPLAN_OIC/work/Work_Book_Fcst_Weightage.csv
The operation was successful.

The server file Forecast Weightage DB Extract has been downloaded to /apps/sales/EA_SALES_Prod_860/DATA/SALES_ANAPLAN_OIC/work/Work_Book_Fcst_Weightage.csv
WEEK RUN 07/08/21
cd /apps/sales/EA_SALES_Prod_860/DATA/SALES_ANAPLAN_OIC/work/anaplan-connect-1-3-3-3
./AnaplanClient.sh -user anpadmua.gen@cisco.com:L5EJNstptxpa8A7 -workspace 8a868cd87a25f4cf017a54dbb22c16e3 -model 2FA3B2DE0B544E139FD6BB012D2DA513 -export 'Forecast Weightage DB Extract' -execute -get /apps/sales/EA_SALES_Prod_860/DATA/SALES_ANAPLAN_OIC/work/Work_Book_Fcst_Weightage.csv
The operation was successful.

The server file Forecast Weightage DB Extract has been downloaded to /apps/sales/EA_SALES_Prod_860/DATA/SALES_ANAPLAN_OIC/work/Work_Book_Fcst_Weightage.csv
WEEK RUN 07/08/21
cd /apps/sales/EA_SALES_Prod_860/DATA/SALES_ANAPLAN_OIC/work/anaplan-connect-1-3-3-3
./AnaplanClient.sh -user anpadmua.gen@cisco.com:L5EJNstptxpa8A7 -workspace 8a868cd87a25f4cf017a54dbb22c16e3 -model 2FA3B2DE0B544E139FD6BB012D2DA513 -export 'Forecast Weightage DB Extract' -execute -get /apps/sales/EA_SALES_Prod_860/DATA/SALES_ANAPLAN_OIC/work/Work_Book_Fcst_Weightage.csv
The operation was successful.

The server file Forecast Weightage DB Extract has been downloaded to /apps/sales/EA_SALES_Prod_860/DATA/SALES_ANAPLAN_OIC/work/Work_Book_Fcst_Weightage.csv
DAILY RUN 07/08/21
cd /apps/sales/EA_SALES_Prod_860/DATA/SALES_ANAPLAN_OIC/work/anaplan-connect-1-3-3-3
./AnaplanClient.sh -user anpadmua.gen@cisco.com:L5EJNstptxpa8A7 -workspace 8a868cd87a25f4cf017a54dbb22c16e3 -model 2FA3B2DE0B544E139FD6BB012D2DA513 -export 'Forecast Weightage DB Extract' -execute -get /apps/sales/EA_SALES_Prod_860/DATA/SALES_ANAPLAN_OIC/work/Work_Book_Fcst_Weightage.csv
The operation was successful.

The server file Forecast Weightage DB Extract has been downloaded to /apps/sales/EA_SALES_Prod_860/DATA/SALES_ANAPLAN_OIC/work/Work_Book_Fcst_Weightage.csv
DAILY RUN 07/09/21
cd /apps/sales/EA_SALES_Prod_860/DATA/SALES_ANAPLAN_OIC/work/anaplan-connect-1-3-3-3
./AnaplanClient.sh -user anpadmua.gen@cisco.com:L5EJNstptxpa8A7 -workspace 8a868cd87a25f4cf017a54dbb22c16e3 -model 2FA3B2DE0B544E139FD6BB012D2DA513 -export 'Forecast Weightage DB Extract' -execute -get /apps/sales/EA_SALES_Prod_860/DATA/SALES_ANAPLAN_OIC/work/Work_Book_Fcst_Weightage.csv
The operation was successful.

The server file Forecast Weightage DB Extract has been downloaded to /apps/sales/EA_SALES_Prod_860/DATA/SALES_ANAPLAN_OIC/work/Work_Book_Fcst_Weightage.csv
DAILY RUN 07/09/21
cd /apps/sales/EA_SALES_Prod_860/DATA/SALES_ANAPLAN_OIC/work/anaplan-connect-1-3-3-3
./AnaplanClient.sh -user anpadmua.gen@cisco.com:L5EJNstptxpa8A7 -workspace 8a868cd87a25f4cf017a54dbb22c16e3 -model 2FA3B2DE0B544E139FD6BB012D2DA513 -export 'Forecast Weightage DB Extract' -execute -get /apps/sales/EA_SALES_Prod_860/DATA/SALES_ANAPLAN_OIC/work/Work_Book_Fcst_Weightage.csv
The operation was successful.

The server file Forecast Weightage DB Extract has been downloaded to /apps/sales/EA_SALES_Prod_860/DATA/SALES_ANAPLAN_OIC/work/Work_Book_Fcst_Weightage.csv
DAILY RUN 07/10/21
cd /apps/sales/EA_SALES_Prod_860/DATA/SALES_ANAPLAN_OIC/work/anaplan-connect-1-3-3-3
./AnaplanClient.sh -user anpadmua.gen@cisco.com:L5EJNstptxpa8A7 -workspace 8a868cd87a25f4cf017a54dbb22c16e3 -model 2FA3B2DE0B544E139FD6BB012D2DA513 -export 'Forecast Weightage DB Extract' -execute -get /apps/sales/EA_SALES_Prod_860/DATA/SALES_ANAPLAN_OIC/work/Work_Book_Fcst_Weightage.csv
The operation was successful.

The server file Forecast Weightage DB Extract has been downloaded to /apps/sales/EA_SALES_Prod_860/DATA/SALES_ANAPLAN_OIC/work/Work_Book_Fcst_Weightage.csv
DAILY RUN 07/10/21
cd /apps/sales/EA_SALES_Prod_860/DATA/SALES_ANAPLAN_OIC/work/anaplan-connect-1-3-3-3
./AnaplanClient.sh -user anpadmua.gen@cisco.com:L5EJNstptxpa8A7 -workspace 8a868cd87a25f4cf017a54dbb22c16e3 -model 2FA3B2DE0B544E139FD6BB012D2DA513 -export 'Forecast Weightage DB Extract' -execute -get /apps/sales/EA_SALES_Prod_860/DATA/SALES_ANAPLAN_OIC/work/Work_Book_Fcst_Weightage.csv
The operation was successful.

The server file Forecast Weightage DB Extract has been downloaded to /apps/sales/EA_SALES_Prod_860/DATA/SALES_ANAPLAN_OIC/work/Work_Book_Fcst_Weightage.csv
DAILY RUN 07/11/21
cd /apps/sales/EA_SALES_Prod_860/DATA/SALES_ANAPLAN_OIC/work/anaplan-connect-1-3-3-3
./AnaplanClient.sh -user anpadmua.gen@cisco.com:L5EJNstptxpa8A7 -workspace 8a868cd87a25f4cf017a54dbb22c16e3 -model 2FA3B2DE0B544E139FD6BB012D2DA513 -export 'Forecast Weightage DB Extract' -execute -get /apps/sales/EA_SALES_Prod_860/DATA/SALES_ANAPLAN_OIC/work/Work_Book_Fcst_Weightage.csv
The operation was successful.

The server file Forecast Weightage DB Extract has been downloaded to /apps/sales/EA_SALES_Prod_860/DATA/SALES_ANAPLAN_OIC/work/Work_Book_Fcst_Weightage.csv
DAILY RUN 07/11/21
cd /apps/sales/EA_SALES_Prod_860/DATA/SALES_ANAPLAN_OIC/work/anaplan-connect-1-3-3-3
./AnaplanClient.sh -user anpadmua.gen@cisco.com:L5EJNstptxpa8A7 -workspace 8a868cd87a25f4cf017a54dbb22c16e3 -model 2FA3B2DE0B544E139FD6BB012D2DA513 -export 'Forecast Weightage DB Extract' -execute -get /apps/sales/EA_SALES_Prod_860/DATA/SALES_ANAPLAN_OIC/work/Work_Book_Fcst_Weightage.csv
The operation was successful.

The server file Forecast Weightage DB Extract has been downloaded to /apps/sales/EA_SALES_Prod_860/DATA/SALES_ANAPLAN_OIC/work/Work_Book_Fcst_Weightage.csv
WEEK RUN 07/12/21
cd /apps/sales/EA_SALES_Prod_860/DATA/SALES_ANAPLAN_OIC/work/anaplan-connect-1-3-3-3
./AnaplanClient.sh -user anpadmua.gen@cisco.com:L5EJNstptxpa8A7 -workspace 8a868cd87a25f4cf017a54dbb22c16e3 -model 2FA3B2DE0B544E139FD6BB012D2DA513 -export 'Forecast Weightage DB Extract' -execute -get /apps/sales/EA_SALES_Prod_860/DATA/SALES_ANAPLAN_OIC/work/Work_Book_Fcst_Weightage.csv
The operation was successful.

The server file Forecast Weightage DB Extract has been downloaded to /apps/sales/EA_SALES_Prod_860/DATA/SALES_ANAPLAN_OIC/work/Work_Book_Fcst_Weightage.csv
DAILY RUN 07/12/21
cd /apps/sales/EA_SALES_Prod_860/DATA/SALES_ANAPLAN_OIC/work/anaplan-connect-1-3-3-3
./AnaplanClient.sh -user anpadmua.gen@cisco.com:L5EJNstptxpa8A7 -workspace 8a868cd87a25f4cf017a54dbb22c16e3 -model 2FA3B2DE0B544E139FD6BB012D2DA513 -export 'Forecast Weightage DB Extract' -execute -get /apps/sales/EA_SALES_Prod_860/DATA/SALES_ANAPLAN_OIC/work/Work_Book_Fcst_Weightage.csv
The operation was successful.

The server file Forecast Weightage DB Extract has been downloaded to /apps/sales/EA_SALES_Prod_860/DATA/SALES_ANAPLAN_OIC/work/Work_Book_Fcst_Weightage.csv
DAILY RUN 07/13/21
cd /apps/sales/EA_SALES_Prod_860/DATA/SALES_ANAPLAN_OIC/work/anaplan-connect-1-3-3-3
./AnaplanClient.sh -user anpadmua.gen@cisco.com:L5EJNstptxpa8A7 -workspace 8a868cd87a25f4cf017a54dbb22c16e3 -model 2FA3B2DE0B544E139FD6BB012D2DA513 -export 'Forecast Weightage DB Extract' -execute -get /apps/sales/EA_SALES_Prod_860/DATA/SALES_ANAPLAN_OIC/work/Work_Book_Fcst_Weightage.csv
The operation was successful.

The server file Forecast Weightage DB Extract has been downloaded to /apps/sales/EA_SALES_Prod_860/DATA/SALES_ANAPLAN_OIC/work/Work_Book_Fcst_Weightage.csv
DAILY RUN 07/13/21
cd /apps/sales/EA_SALES_Prod_860/DATA/SALES_ANAPLAN_OIC/work/anaplan-connect-1-3-3-3
./AnaplanClient.sh -user anpadmua.gen@cisco.com:L5EJNstptxpa8A7 -workspace 8a868cd87a25f4cf017a54dbb22c16e3 -model 2FA3B2DE0B544E139FD6BB012D2DA513 -export 'Forecast Weightage DB Extract' -execute -get /apps/sales/EA_SALES_Prod_860/DATA/SALES_ANAPLAN_OIC/work/Work_Book_Fcst_Weightage.csv
The operation was successful.

The server file Forecast Weightage DB Extract has been downloaded to /apps/sales/EA_SALES_Prod_860/DATA/SALES_ANAPLAN_OIC/work/Work_Book_Fcst_Weightage.csv
DAILY RUN 07/14/21
cd /apps/sales/EA_SALES_Prod_860/DATA/SALES_ANAPLAN_OIC/work/anaplan-connect-1-3-3-3
./AnaplanClient.sh -user anpadmua.gen@cisco.com:L5EJNstptxpa8A7 -workspace 8a868cd87a25f4cf017a54dbb22c16e3 -model 2FA3B2DE0B544E139FD6BB012D2DA513 -export 'Forecast Weightage DB Extract' -execute -get /apps/sales/EA_SALES_Prod_860/DATA/SALES_ANAPLAN_OIC/work/Work_Book_Fcst_Weightage.csv
The operation was successful.

The server file Forecast Weightage DB Extract has been downloaded to /apps/sales/EA_SALES_Prod_860/DATA/SALES_ANAPLAN_OIC/work/Work_Book_Fcst_Weightage.csv
DAILY RUN 07/14/21
cd /apps/sales/EA_SALES_Prod_860/DATA/SALES_ANAPLAN_OIC/work/anaplan-connect-1-3-3-3
./AnaplanClient.sh -user anpadmua.gen@cisco.com:L5EJNstptxpa8A7 -workspace 8a868cd87a25f4cf017a54dbb22c16e3 -model 2FA3B2DE0B544E139FD6BB012D2DA513 -export 'Forecast Weightage DB Extract' -execute -get /apps/sales/EA_SALES_Prod_860/DATA/SALES_ANAPLAN_OIC/work/Work_Book_Fcst_Weightage.csv
The operation was successful.

The server file Forecast Weightage DB Extract has been downloaded to /apps/sales/EA_SALES_Prod_860/DATA/SALES_ANAPLAN_OIC/work/Work_Book_Fcst_Weightage.csv
WEEK RUN 07/15/21
cd /apps/sales/EA_SALES_Prod_860/DATA/SALES_ANAPLAN_OIC/work/anaplan-connect-1-3-3-3
./AnaplanClient.sh -user anpadmua.gen@cisco.com:L5EJNstptxpa8A7 -workspace 8a868cd87a25f4cf017a54dbb22c16e3 -model 2FA3B2DE0B544E139FD6BB012D2DA513 -export 'Forecast Weightage DB Extract' -execute -get /apps/sales/EA_SALES_Prod_860/DATA/SALES_ANAPLAN_OIC/work/Work_Book_Fcst_Weightage.csv
The operation was successful.

The server file Forecast Weightage DB Extract has been downloaded to /apps/sales/EA_SALES_Prod_860/DATA/SALES_ANAPLAN_OIC/work/Work_Book_Fcst_Weightage.csv
WEEK RUN 07/15/21
cd /apps/sales/EA_SALES_Prod_860/DATA/SALES_ANAPLAN_OIC/work/anaplan-connect-1-3-3-3
./AnaplanClient.sh -user anpadmua.gen@cisco.com:L5EJNstptxpa8A7 -workspace 8a868cd87a25f4cf017a54dbb22c16e3 -model 2FA3B2DE0B544E139FD6BB012D2DA513 -export 'Forecast Weightage DB Extract' -execute -get /apps/sales/EA_SALES_Prod_860/DATA/SALES_ANAPLAN_OIC/work/Work_Book_Fcst_Weightage.csv
The operation was successful.

The server file Forecast Weightage DB Extract has been downloaded to /apps/sales/EA_SALES_Prod_860/DATA/SALES_ANAPLAN_OIC/work/Work_Book_Fcst_Weightage.csv
DAILY RUN 07/15/21
cd /apps/sales/EA_SALES_Prod_860/DATA/SALES_ANAPLAN_OIC/work/anaplan-connect-1-3-3-3
./AnaplanClient.sh -user anpadmua.gen@cisco.com:L5EJNstptxpa8A7 -workspace 8a868cd87a25f4cf017a54dbb22c16e3 -model 2FA3B2DE0B544E139FD6BB012D2DA513 -export 'Forecast Weightage DB Extract' -execute -get /apps/sales/EA_SALES_Prod_860/DATA/SALES_ANAPLAN_OIC/work/Work_Book_Fcst_Weightage.csv
The operation was successful.

The server file Forecast Weightage DB Extract has been downloaded to /apps/sales/EA_SALES_Prod_860/DATA/SALES_ANAPLAN_OIC/work/Work_Book_Fcst_Weightage.csv
DAILY RUN 07/16/21
cd /apps/sales/EA_SALES_Prod_860/DATA/SALES_ANAPLAN_OIC/work/anaplan-connect-1-3-3-3
./AnaplanClient.sh -user anpadmua.gen@cisco.com:L5EJNstptxpa8A7 -workspace 8a868cd87a25f4cf017a54dbb22c16e3 -model 2FA3B2DE0B544E139FD6BB012D2DA513 -export 'Forecast Weightage DB Extract' -execute -get /apps/sales/EA_SALES_Prod_860/DATA/SALES_ANAPLAN_OIC/work/Work_Book_Fcst_Weightage.csv
The operation was successful.

The server file Forecast Weightage DB Extract has been downloaded to /apps/sales/EA_SALES_Prod_860/DATA/SALES_ANAPLAN_OIC/work/Work_Book_Fcst_Weightage.csv
DAILY RUN 07/16/21
cd /apps/sales/EA_SALES_Prod_860/DATA/SALES_ANAPLAN_OIC/work/anaplan-connect-1-3-3-3
./AnaplanClient.sh -user anpadmua.gen@cisco.com:L5EJNstptxpa8A7 -workspace 8a868cd87a25f4cf017a54dbb22c16e3 -model 2FA3B2DE0B544E139FD6BB012D2DA513 -export 'Forecast Weightage DB Extract' -execute -get /apps/sales/EA_SALES_Prod_860/DATA/SALES_ANAPLAN_OIC/work/Work_Book_Fcst_Weightage.csv
The operation was successful.

The server file Forecast Weightage DB Extract has been downloaded to /apps/sales/EA_SALES_Prod_860/DATA/SALES_ANAPLAN_OIC/work/Work_Book_Fcst_Weightage.csv
DAILY RUN 07/17/21
cd /apps/sales/EA_SALES_Prod_860/DATA/SALES_ANAPLAN_OIC/work/anaplan-connect-1-3-3-3
./AnaplanClient.sh -user anpadmua.gen@cisco.com:L5EJNstptxpa8A7 -workspace 8a868cd87a25f4cf017a54dbb22c16e3 -model 2FA3B2DE0B544E139FD6BB012D2DA513 -export 'Forecast Weightage DB Extract' -execute -get /apps/sales/EA_SALES_Prod_860/DATA/SALES_ANAPLAN_OIC/work/Work_Book_Fcst_Weightage.csv
The operation was successful.

The server file Forecast Weightage DB Extract has been downloaded to /apps/sales/EA_SALES_Prod_860/DATA/SALES_ANAPLAN_OIC/work/Work_Book_Fcst_Weightage.csv
DAILY RUN 07/17/21
cd /apps/sales/EA_SALES_Prod_860/DATA/SALES_ANAPLAN_OIC/work/anaplan-connect-1-3-3-3
./AnaplanClient.sh -user anpadmua.gen@cisco.com:L5EJNstptxpa8A7 -workspace 8a868cd87a25f4cf017a54dbb22c16e3 -model 2FA3B2DE0B544E139FD6BB012D2DA513 -export 'Forecast Weightage DB Extract' -execute -get /apps/sales/EA_SALES_Prod_860/DATA/SALES_ANAPLAN_OIC/work/Work_Book_Fcst_Weightage.csv
DAILY RUN 07/18/21
cd /apps/sales/EA_SALES_Prod_860/DATA/SALES_ANAPLAN_OIC/work/anaplan-connect-1-3-3-3
./AnaplanClient.sh -user anpadmua.gen@cisco.com:L5EJNstptxpa8A7 -workspace 8a868cd87a25f4cf017a54dbb22c16e3 -model 2FA3B2DE0B544E139FD6BB012D2DA513 -export 'Forecast Weightage DB Extract' -execute -get /apps/sales/EA_SALES_Prod_860/DATA/SALES_ANAPLAN_OIC/work/Work_Book_Fcst_Weightage.csv
The operation was successful.

The server file Forecast Weightage DB Extract has been downloaded to /apps/sales/EA_SALES_Prod_860/DATA/SALES_ANAPLAN_OIC/work/Work_Book_Fcst_Weightage.csv
DAILY RUN 07/18/21
cd /apps/sales/EA_SALES_Prod_860/DATA/SALES_ANAPLAN_OIC/work/anaplan-connect-1-3-3-3
./AnaplanClient.sh -user anpadmua.gen@cisco.com:L5EJNstptxpa8A7 -workspace 8a868cd87a25f4cf017a54dbb22c16e3 -model 2FA3B2DE0B544E139FD6BB012D2DA513 -export 'Forecast Weightage DB Extract' -execute -get /apps/sales/EA_SALES_Prod_860/DATA/SALES_ANAPLAN_OIC/work/Work_Book_Fcst_Weightage.csv
The operation was successful.

The server file Forecast Weightage DB Extract has been downloaded to /apps/sales/EA_SALES_Prod_860/DATA/SALES_ANAPLAN_OIC/work/Work_Book_Fcst_Weightage.csv
WEEK RUN 07/19/21
cd /apps/sales/EA_SALES_Prod_860/DATA/SALES_ANAPLAN_OIC/work/anaplan-connect-1-3-3-3
./AnaplanClient.sh -user anpadmua.gen@cisco.com:L5EJNstptxpa8A7 -workspace 8a868cd87a25f4cf017a54dbb22c16e3 -model 2FA3B2DE0B544E139FD6BB012D2DA513 -export 'Forecast Weightage DB Extract' -execute -get /apps/sales/EA_SALES_Prod_860/DATA/SALES_ANAPLAN_OIC/work/Work_Book_Fcst_Weightage.csv
The operation was successful.

The server file Forecast Weightage DB Extract has been downloaded to /apps/sales/EA_SALES_Prod_860/DATA/SALES_ANAPLAN_OIC/work/Work_Book_Fcst_Weightage.csv
DAILY RUN 07/19/21
cd /apps/sales/EA_SALES_Prod_860/DATA/SALES_ANAPLAN_OIC/work/anaplan-connect-1-3-3-3
./AnaplanClient.sh -user anpadmua.gen@cisco.com:L5EJNstptxpa8A7 -workspace 8a868cd87a25f4cf017a54dbb22c16e3 -model 2FA3B2DE0B544E139FD6BB012D2DA513 -export 'Forecast Weightage DB Extract' -execute -get /apps/sales/EA_SALES_Prod_860/DATA/SALES_ANAPLAN_OIC/work/Work_Book_Fcst_Weightage.csv
The operation was successful.

The server file Forecast Weightage DB Extract has been downloaded to /apps/sales/EA_SALES_Prod_860/DATA/SALES_ANAPLAN_OIC/work/Work_Book_Fcst_Weightage.csv
WEEK RUN 07/19/21
cd /apps/sales/EA_SALES_Prod_860/DATA/SALES_ANAPLAN_OIC/work/anaplan-connect-1-3-3-3
./AnaplanClient.sh -user anpadmua.gen@cisco.com:L5EJNstptxpa8A7 -workspace 8a868cd87a25f4cf017a54dbb22c16e3 -model 2FA3B2DE0B544E139FD6BB012D2DA513 -export 'Forecast Weightage DB Extract' -execute -get /apps/sales/EA_SALES_Prod_860/DATA/SALES_ANAPLAN_OIC/work/Work_Book_Fcst_Weightage.csv
The operation was successful.

The server file Forecast Weightage DB Extract has been downloaded to /apps/sales/EA_SALES_Prod_860/DATA/SALES_ANAPLAN_OIC/work/Work_Book_Fcst_Weightage.csv
DAILY RUN 07/20/21
cd /apps/sales/EA_SALES_Prod_860/DATA/SALES_ANAPLAN_OIC/work/anaplan-connect-1-3-3-3
./AnaplanClient.sh -user anpadmua.gen@cisco.com:L5EJNstptxpa8A7 -workspace 8a868cd87a25f4cf017a54dbb22c16e3 -model 2FA3B2DE0B544E139FD6BB012D2DA513 -export 'Forecast Weightage DB Extract' -execute -get /apps/sales/EA_SALES_Prod_860/DATA/SALES_ANAPLAN_OIC/work/Work_Book_Fcst_Weightage.csv
The operation was successful.

The server file Forecast Weightage DB Extract has been downloaded to /apps/sales/EA_SALES_Prod_860/DATA/SALES_ANAPLAN_OIC/work/Work_Book_Fcst_Weightage.csv
DAILY RUN 07/20/21
cd /apps/sales/EA_SALES_Prod_860/DATA/SALES_ANAPLAN_OIC/work/anaplan-connect-1-3-3-3
./AnaplanClient.sh -user anpadmua.gen@cisco.com:L5EJNstptxpa8A7 -workspace 8a868cd87a25f4cf017a54dbb22c16e3 -model 2FA3B2DE0B544E139FD6BB012D2DA513 -export 'Forecast Weightage DB Extract' -execute -get /apps/sales/EA_SALES_Prod_860/DATA/SALES_ANAPLAN_OIC/work/Work_Book_Fcst_Weightage.csv
The operation was successful.

The server file Forecast Weightage DB Extract has been downloaded to /apps/sales/EA_SALES_Prod_860/DATA/SALES_ANAPLAN_OIC/work/Work_Book_Fcst_Weightage.csv
DAILY RUN 07/21/21
cd /apps/sales/EA_SALES_Prod_860/DATA/SALES_ANAPLAN_OIC/work/anaplan-connect-1-3-3-3
./AnaplanClient.sh -user anpadmua.gen@cisco.com:L5EJNstptxpa8A7 -workspace 8a868cd87a25f4cf017a54dbb22c16e3 -model 2FA3B2DE0B544E139FD6BB012D2DA513 -export 'Forecast Weightage DB Extract' -execute -get /apps/sales/EA_SALES_Prod_860/DATA/SALES_ANAPLAN_OIC/work/Work_Book_Fcst_Weightage.csv
The operation was successful.

The server file Forecast Weightage DB Extract has been downloaded to /apps/sales/EA_SALES_Prod_860/DATA/SALES_ANAPLAN_OIC/work/Work_Book_Fcst_Weightage.csv
DAILY RUN 07/21/21
cd /apps/sales/EA_SALES_Prod_860/DATA/SALES_ANAPLAN_OIC/work/anaplan-connect-1-3-3-3
./AnaplanClient.sh -user anpadmua.gen@cisco.com:L5EJNstptxpa8A7 -workspace 8a868cd87a25f4cf017a54dbb22c16e3 -model 2FA3B2DE0B544E139FD6BB012D2DA513 -export 'Forecast Weightage DB Extract' -execute -get /apps/sales/EA_SALES_Prod_860/DATA/SALES_ANAPLAN_OIC/work/Work_Book_Fcst_Weightage.csv
The operation was successful.

The server file Forecast Weightage DB Extract has been downloaded to /apps/sales/EA_SALES_Prod_860/DATA/SALES_ANAPLAN_OIC/work/Work_Book_Fcst_Weightage.csv
WEEK RUN 07/22/21
cd /apps/sales/EA_SALES_Prod_860/DATA/SALES_ANAPLAN_OIC/work/anaplan-connect-1-3-3-3
./AnaplanClient.sh -user anpadmua.gen@cisco.com:L5EJNstptxpa8A7 -workspace 8a868cd87a25f4cf017a54dbb22c16e3 -model 2FA3B2DE0B544E139FD6BB012D2DA513 -export 'Forecast Weightage DB Extract' -execute -get /apps/sales/EA_SALES_Prod_860/DATA/SALES_ANAPLAN_OIC/work/Work_Book_Fcst_Weightage.csv
The operation was successful.

The server file Forecast Weightage DB Extract has been downloaded to /apps/sales/EA_SALES_Prod_860/DATA/SALES_ANAPLAN_OIC/work/Work_Book_Fcst_Weightage.csv
DAILY RUN 07/22/21
cd /apps/sales/EA_SALES_Prod_860/DATA/SALES_ANAPLAN_OIC/work/anaplan-connect-1-3-3-3
./AnaplanClient.sh -user anpadmua.gen@cisco.com:L5EJNstptxpa8A7 -workspace 8a868cd87a25f4cf017a54dbb22c16e3 -model 2FA3B2DE0B544E139FD6BB012D2DA513 -export 'Forecast Weightage DB Extract' -execute -get /apps/sales/EA_SALES_Prod_860/DATA/SALES_ANAPLAN_OIC/work/Work_Book_Fcst_Weightage.csv
The operation was successful.

The server file Forecast Weightage DB Extract has been downloaded to /apps/sales/EA_SALES_Prod_860/DATA/SALES_ANAPLAN_OIC/work/Work_Book_Fcst_Weightage.csv
DAILY RUN 07/23/21
cd /apps/sales/EA_SALES_Prod_860/DATA/SALES_ANAPLAN_OIC/work/anaplan-connect-1-3-3-3
./AnaplanClient.sh -user anpadmua.gen@cisco.com:L5EJNstptxpa8A7 -workspace 8a868cd87a25f4cf017a54dbb22c16e3 -model 2FA3B2DE0B544E139FD6BB012D2DA513 -export 'Forecast Weightage DB Extract' -execute -get /apps/sales/EA_SALES_Prod_860/DATA/SALES_ANAPLAN_OIC/work/Work_Book_Fcst_Weightage.csv
The operation was successful.

The server file Forecast Weightage DB Extract has been downloaded to /apps/sales/EA_SALES_Prod_860/DATA/SALES_ANAPLAN_OIC/work/Work_Book_Fcst_Weightage.csv
DAILY RUN 07/23/21
cd /apps/sales/EA_SALES_Prod_860/DATA/SALES_ANAPLAN_OIC/work/anaplan-connect-1-3-3-3
./AnaplanClient.sh -user anpadmua.gen@cisco.com:L5EJNstptxpa8A7 -workspace 8a868cd87a25f4cf017a54dbb22c16e3 -model 2FA3B2DE0B544E139FD6BB012D2DA513 -export 'Forecast Weightage DB Extract' -execute -get /apps/sales/EA_SALES_Prod_860/DATA/SALES_ANAPLAN_OIC/work/Work_Book_Fcst_Weightage.csv
The operation was successful.

The server file Forecast Weightage DB Extract has been downloaded to /apps/sales/EA_SALES_Prod_860/DATA/SALES_ANAPLAN_OIC/work/Work_Book_Fcst_Weightage.csv
DAILY RUN 07/24/21
cd /apps/sales/EA_SALES_Prod_860/DATA/SALES_ANAPLAN_OIC/work/anaplan-connect-1-3-3-3
./AnaplanClient.sh -user anpadmua.gen@cisco.com:L5EJNstptxpa8A7 -workspace 8a868cd87a25f4cf017a54dbb22c16e3 -model 2FA3B2DE0B544E139FD6BB012D2DA513 -export 'Forecast Weightage DB Extract' -execute -get /apps/sales/EA_SALES_Prod_860/DATA/SALES_ANAPLAN_OIC/work/Work_Book_Fcst_Weightage.csv
The operation was successful.

The server file Forecast Weightage DB Extract has been downloaded to /apps/sales/EA_SALES_Prod_860/DATA/SALES_ANAPLAN_OIC/work/Work_Book_Fcst_Weightage.csv
DAILY RUN 07/24/21
cd /apps/sales/EA_SALES_Prod_860/DATA/SALES_ANAPLAN_OIC/work/anaplan-connect-1-3-3-3
./AnaplanClient.sh -user anpadmua.gen@cisco.com:L5EJNstptxpa8A7 -workspace 8a868cd87a25f4cf017a54dbb22c16e3 -model 2FA3B2DE0B544E139FD6BB012D2DA513 -export 'Forecast Weightage DB Extract' -execute -get /apps/sales/EA_SALES_Prod_860/DATA/SALES_ANAPLAN_OIC/work/Work_Book_Fcst_Weightage.csv
The operation was successful.

The server file Forecast Weightage DB Extract has been downloaded to /apps/sales/EA_SALES_Prod_860/DATA/SALES_ANAPLAN_OIC/work/Work_Book_Fcst_Weightage.csv
DAILY RUN 07/25/21
cd /apps/sales/EA_SALES_Prod_860/DATA/SALES_ANAPLAN_OIC/work/anaplan-connect-1-3-3-3
./AnaplanClient.sh -user anpadmua.gen@cisco.com:L5EJNstptxpa8A7 -workspace 8a868cd87a25f4cf017a54dbb22c16e3 -model 2FA3B2DE0B544E139FD6BB012D2DA513 -export 'Forecast Weightage DB Extract' -execute -get /apps/sales/EA_SALES_Prod_860/DATA/SALES_ANAPLAN_OIC/work/Work_Book_Fcst_Weightage.csv
The operation was successful.

The server file Forecast Weightage DB Extract has been downloaded to /apps/sales/EA_SALES_Prod_860/DATA/SALES_ANAPLAN_OIC/work/Work_Book_Fcst_Weightage.csv
DAILY RUN 07/25/21
cd /apps/sales/EA_SALES_Prod_860/DATA/SALES_ANAPLAN_OIC/work/anaplan-connect-1-3-3-3
./AnaplanClient.sh -user anpadmua.gen@cisco.com:L5EJNstptxpa8A7 -workspace 8a868cd87a25f4cf017a54dbb22c16e3 -model 2FA3B2DE0B544E139FD6BB012D2DA513 -export 'Forecast Weightage DB Extract' -execute -get /apps/sales/EA_SALES_Prod_860/DATA/SALES_ANAPLAN_OIC/work/Work_Book_Fcst_Weightage.csv
The operation was successful.

The server file Forecast Weightage DB Extract has been downloaded to /apps/sales/EA_SALES_Prod_860/DATA/SALES_ANAPLAN_OIC/work/Work_Book_Fcst_Weightage.csv
WEEK RUN 07/26/21
cd /apps/sales/EA_SALES_Prod_860/DATA/SALES_ANAPLAN_OIC/work/anaplan-connect-1-3-3-3
./AnaplanClient.sh -user anpadmua.gen@cisco.com:L5EJNstptxpa8A7 -workspace 8a868cd87a25f4cf017a54dbb22c16e3 -model 2FA3B2DE0B544E139FD6BB012D2DA513 -export 'Forecast Weightage DB Extract' -execute -get /apps/sales/EA_SALES_Prod_860/DATA/SALES_ANAPLAN_OIC/work/Work_Book_Fcst_Weightage.csv
The operation was successful.

The server file Forecast Weightage DB Extract has been downloaded to /apps/sales/EA_SALES_Prod_860/DATA/SALES_ANAPLAN_OIC/work/Work_Book_Fcst_Weightage.csv
DAILY RUN 07/26/21
cd /apps/sales/EA_SALES_Prod_860/DATA/SALES_ANAPLAN_OIC/work/anaplan-connect-1-3-3-3
./AnaplanClient.sh -user anpadmua.gen@cisco.com:L5EJNstptxpa8A7 -workspace 8a868cd87a25f4cf017a54dbb22c16e3 -model 2FA3B2DE0B544E139FD6BB012D2DA513 -export 'Forecast Weightage DB Extract' -execute -get /apps/sales/EA_SALES_Prod_860/DATA/SALES_ANAPLAN_OIC/work/Work_Book_Fcst_Weightage.csv
The operation was successful.

The server file Forecast Weightage DB Extract has been downloaded to /apps/sales/EA_SALES_Prod_860/DATA/SALES_ANAPLAN_OIC/work/Work_Book_Fcst_Weightage.csv
DAILY RUN 07/27/21
cd /apps/sales/EA_SALES_Prod_860/DATA/SALES_ANAPLAN_OIC/work/anaplan-connect-1-3-3-3
./AnaplanClient.sh -user anpadmua.gen@cisco.com:L5EJNstptxpa8A7 -workspace 8a868cd87a25f4cf017a54dbb22c16e3 -model 2FA3B2DE0B544E139FD6BB012D2DA513 -export 'Forecast Weightage DB Extract' -execute -get /apps/sales/EA_SALES_Prod_860/DATA/SALES_ANAPLAN_OIC/work/Work_Book_Fcst_Weightage.csv
The operation was successful.

The server file Forecast Weightage DB Extract has been downloaded to /apps/sales/EA_SALES_Prod_860/DATA/SALES_ANAPLAN_OIC/work/Work_Book_Fcst_Weightage.csv
DAILY RUN 07/27/21
cd /apps/sales/EA_SALES_Prod_860/DATA/SALES_ANAPLAN_OIC/work/anaplan-connect-1-3-3-3
./AnaplanClient.sh -user anpadmua.gen@cisco.com:L5EJNstptxpa8A7 -workspace 8a868cd87a25f4cf017a54dbb22c16e3 -model 2FA3B2DE0B544E139FD6BB012D2DA513 -export 'Forecast Weightage DB Extract' -execute -get /apps/sales/EA_SALES_Prod_860/DATA/SALES_ANAPLAN_OIC/work/Work_Book_Fcst_Weightage.csv
The operation was successful.

The server file Forecast Weightage DB Extract has been downloaded to /apps/sales/EA_SALES_Prod_860/DATA/SALES_ANAPLAN_OIC/work/Work_Book_Fcst_Weightage.csv
DAILY RUN 07/28/21
cd /apps/sales/EA_SALES_Prod_860/DATA/SALES_ANAPLAN_OIC/work/anaplan-connect-1-3-3-3
./AnaplanClient.sh -user anpadmua.gen@cisco.com:L5EJNstptxpa8A7 -workspace 8a868cd87a25f4cf017a54dbb22c16e3 -model 2FA3B2DE0B544E139FD6BB012D2DA513 -export 'Forecast Weightage DB Extract' -execute -get /apps/sales/EA_SALES_Prod_860/DATA/SALES_ANAPLAN_OIC/work/Work_Book_Fcst_Weightage.csv
The operation was successful.

The server file Forecast Weightage DB Extract has been downloaded to /apps/sales/EA_SALES_Prod_860/DATA/SALES_ANAPLAN_OIC/work/Work_Book_Fcst_Weightage.csv
DAILY RUN 07/28/21
cd /apps/sales/EA_SALES_Prod_860/DATA/SALES_ANAPLAN_OIC/work/anaplan-connect-1-3-3-3
./AnaplanClient.sh -user anpadmua.gen@cisco.com:L5EJNstptxpa8A7 -workspace 8a868cd87a25f4cf017a54dbb22c16e3 -model 2FA3B2DE0B544E139FD6BB012D2DA513 -export 'Forecast Weightage DB Extract' -execute -get /apps/sales/EA_SALES_Prod_860/DATA/SALES_ANAPLAN_OIC/work/Work_Book_Fcst_Weightage.csv
The operation was successful.

The server file Forecast Weightage DB Extract has been downloaded to /apps/sales/EA_SALES_Prod_860/DATA/SALES_ANAPLAN_OIC/work/Work_Book_Fcst_Weightage.csv
WEEK RUN 07/29/21
cd /apps/sales/EA_SALES_Prod_860/DATA/SALES_ANAPLAN_OIC/work/anaplan-connect-1-3-3-3
./AnaplanClient.sh -user anpadmua.gen@cisco.com:L5EJNstptxpa8A7 -workspace 8a868cd87a25f4cf017a54dbb22c16e3 -model 2FA3B2DE0B544E139FD6BB012D2DA513 -export 'Forecast Weightage DB Extract' -execute -get /apps/sales/EA_SALES_Prod_860/DATA/SALES_ANAPLAN_OIC/work/Work_Book_Fcst_Weightage.csv
The operation was successful.

The server file Forecast Weightage DB Extract has been downloaded to /apps/sales/EA_SALES_Prod_860/DATA/SALES_ANAPLAN_OIC/work/Work_Book_Fcst_Weightage.csv
DAILY RUN 07/29/21
cd /apps/sales/EA_SALES_Prod_860/DATA/SALES_ANAPLAN_OIC/work/anaplan-connect-1-3-3-3
./AnaplanClient.sh -user anpadmua.gen@cisco.com:L5EJNstptxpa8A7 -workspace 8a868cd87a25f4cf017a54dbb22c16e3 -model 2FA3B2DE0B544E139FD6BB012D2DA513 -export 'Forecast Weightage DB Extract' -execute -get /apps/sales/EA_SALES_Prod_860/DATA/SALES_ANAPLAN_OIC/work/Work_Book_Fcst_Weightage.csv
