DAILY RUN ARCH START 07/03/21
cd /apps/sales/EA_SALES_Prod_860/DATA/SALES_ANAPLAN_OIC/work/anaplan-connect-1-3-3-3
./AnaplanClient.sh -user anpadmua.gen@cisco.com:L5EJNstptxpa8A7 -workspace 8a81b0116d56a740016d65d5b2f440cf
8a868cd87a25f4cf017a54d776c515d7 -model 60AC45026DCA4F24A6D99206FA3BBA7C
463B0A00F8FD4FE5839943BCC68D074E -export 'Architecture Goaling Workbook Export-New' -execute -get /apps/sales/EA_SALES_Prod_860/DATA/SALES_ANAPLAN_OIC/work/Work_Book_ARCH_DASHBOARD.csv
DAILY RUN ARCH COMPLETE 07/03/21
DAILY RUN ARCH START 07/03/21
cd /apps/sales/EA_SALES_Prod_860/DATA/SALES_ANAPLAN_OIC/work/anaplan-connect-1-3-3-3
./AnaplanClient.sh -user anpadmua.gen@cisco.com:L5EJNstptxpa8A7 -workspace 8a81b0116d56a740016d65d5b2f440cf
8a868cd87a25f4cf017a54d776c515d7 -model 60AC45026DCA4F24A6D99206FA3BBA7C
463B0A00F8FD4FE5839943BCC68D074E -export 'Architecture Goaling Workbook Export-New' -execute -get /apps/sales/EA_SALES_Prod_860/DATA/SALES_ANAPLAN_OIC/work/Work_Book_ARCH_DASHBOARD.csv
DAILY RUN ARCH COMPLETE 07/03/21
DAILY RUN ARCH START 07/03/21
cd /apps/sales/EA_SALES_Prod_860/DATA/SALES_ANAPLAN_OIC/work/anaplan-connect-1-3-3-3
./AnaplanClient.sh -user anpadmua.gen@cisco.com:L5EJNstptxpa8A7 -workspace 8a81b0116d56a740016d65d5b2f440cf
8a868cd87a25f4cf017a54d776c515d7 -model 60AC45026DCA4F24A6D99206FA3BBA7C
463B0A00F8FD4FE5839943BCC68D074E -export 'Architecture Goaling Workbook Export-New' -execute -get /apps/sales/EA_SALES_Prod_860/DATA/SALES_ANAPLAN_OIC/work/Work_Book_ARCH_DASHBOARD.csv
DAILY RUN ARCH COMPLETE 07/03/21
DAILY RUN ARCH START 07/03/21
cd /apps/sales/EA_SALES_Prod_860/DATA/SALES_ANAPLAN_OIC/work/anaplan-connect-1-3-3-3
./AnaplanClient.sh -user anpadmua.gen@cisco.com:L5EJNstptxpa8A7 -workspace 8a81b0116d56a740016d65d5b2f440cf
8a868cd87a25f4cf017a54d776c515d7 -model 60AC45026DCA4F24A6D99206FA3BBA7C
463B0A00F8FD4FE5839943BCC68D074E -export 'Architecture Goaling Workbook Export-New' -execute -get /apps/sales/EA_SALES_Prod_860/DATA/SALES_ANAPLAN_OIC/work/Work_Book_ARCH_DASHBOARD.csv
DAILY RUN ARCH COMPLETE 07/03/21
cd /apps/sales/EA_SALES_Prod_860/DATA/SALES_ANAPLAN_OIC/work/anaplan-connect-1-3-3-3
./AnaplanClient.sh -user anpadmua.gen@cisco.com:L5EJNstptxpa8A7 -workspace 8a81b0116d56a740016d65d5b2f440cf
8a868cd87a25f4cf017a54d776c515d7 -model 60AC45026DCA4F24A6D99206FA3BBA7C
463B0A00F8FD4FE5839943BCC68D074E -export 'Architecture Goaling Workbook Export-New' -execute -get /apps/sales/EA_SALES_Prod_860/DATA/SALES_ANAPLAN_OIC/work/Work_Book_ARCH_DASHBOARD.csv
DAILY RUN ARCH START 07/03/21
cd /apps/sales/EA_SALES_Prod_860/DATA/SALES_ANAPLAN_OIC/work/anaplan-connect-1-3-3-3
./AnaplanClient.sh -user anpadmua.gen@cisco.com:L5EJNstptxpa8A7 -workspace 8a81b0116d56a740016d65d5b2f440cf
8a868cd87a25f4cf017a54d776c515d7 -model 60AC45026DCA4F24A6D99206FA3BBA7C
463B0A00F8FD4FE5839943BCC68D074E -export 'Architecture Goaling Workbook Export-New' -execute -get /apps/sales/EA_SALES_Prod_860/DATA/SALES_ANAPLAN_OIC/work/Work_Book_ARCH_DASHBOARD.csv
DAILY RUN ARCH COMPLETE 07/03/21
DAILY RUN ARCH START 07/03/21
cd /apps/sales/EA_SALES_Prod_860/DATA/SALES_ANAPLAN_OIC/work/anaplan-connect-1-3-3-3
./AnaplanClient.sh -user anpadmua.gen@cisco.com:L5EJNstptxpa8A7 -workspace 8a81b0116d56a740016d65d5b2f440cf
nkatakdh -model 60AC45026DCA4F24A6D99206FA3BBA7C
##FY22_NLG_SNAPSHOT -export 'Architecture Goaling Workbook Export-New' -execute -get /apps/sales/EA_SALES_Prod_860/DATA/SALES_ANAPLAN_OIC/work/Work_Book_ARCH_DASHBOARD.csv
DAILY RUN ARCH COMPLETE 07/03/21
DAILY RUN ARCH START 07/03/21
cd /apps/sales/EA_SALES_Prod_860/DATA/SALES_ANAPLAN_OIC/work/anaplan-connect-1-3-3-3
./AnaplanClient.sh -user anpadmua.gen@cisco.com:L5EJNstptxpa8A7 -workspace 8a81b0116d56a740016d65d5b2f440cf
nkatakdh -model 60AC45026DCA4F24A6D99206FA3BBA7C
##FY22_NLG_SNAPSHOT -export 'Architecture Goaling Workbook Export-New' -execute -get /apps/sales/EA_SALES_Prod_860/DATA/SALES_ANAPLAN_OIC/work/Work_Book_ARCH_DASHBOARD.csv
DAILY RUN ARCH COMPLETE 07/03/21
DAILY RUN ARCH START 07/03/21
cd /apps/sales/EA_SALES_Prod_860/DATA/SALES_ANAPLAN_OIC/work/anaplan-connect-1-3-3-3
./AnaplanClient.sh -user anpadmua.gen@cisco.com:L5EJNstptxpa8A7 -workspace 8a81b0116d56a740016d65d5b2f440cf
nkatakdh -model 60AC45026DCA4F24A6D99206FA3BBA7C
##FY22_NLG_SNAPSHOT -export 'Architecture Goaling Workbook Export-New' -execute -get /apps/sales/EA_SALES_Prod_860/DATA/SALES_ANAPLAN_OIC/work/Work_Book_ARCH_DASHBOARD.csv
DAILY RUN ARCH COMPLETE 07/03/21
DAILY RUN ARCH START 07/03/21
cd /apps/sales/EA_SALES_Prod_860/DATA/SALES_ANAPLAN_OIC/work/anaplan-connect-1-3-3-3
./AnaplanClient.sh -user anpadmua.gen@cisco.com:L5EJNstptxpa8A7 -workspace 8a81b0116d56a740016d65d5b2f440cf
nkatakdh -model 60AC45026DCA4F24A6D99206FA3BBA7C
##FY22_NLG_SNAPSHOT -export 'Architecture Goaling Workbook Export-New' -execute -get /apps/sales/EA_SALES_Prod_860/DATA/SALES_ANAPLAN_OIC/work/Work_Book_ARCH_DASHBOARD.csv
DAILY RUN ARCH COMPLETE 07/03/21
DAILY RUN ARCH START 07/05/21
cd /apps/sales/EA_SALES_Prod_860/DATA/SALES_ANAPLAN_OIC/work/anaplan-connect-1-3-3-3
./AnaplanClient.sh -user anpadmua.gen@cisco.com:L5EJNstptxpa8A7 -workspace 8a81b0116d56a740016d65d5b2f440cf
nkatakdh -model 60AC45026DCA4F24A6D99206FA3BBA7C
##FY22_NLG_SNAPSHOT -export 'Architecture Goaling Workbook Export-New' -execute -get /apps/sales/EA_SALES_Prod_860/DATA/SALES_ANAPLAN_OIC/work/Work_Book_ARCH_DASHBOARD.csv
DAILY RUN ARCH COMPLETE 07/05/21
DAILY RUN ARCH START 07/05/21
cd /apps/sales/EA_SALES_Prod_860/DATA/SALES_ANAPLAN_OIC/work/anaplan-connect-1-3-3-3
./AnaplanClient.sh -user anpadmua.gen@cisco.com:L5EJNstptxpa8A7 -workspace 8a81b0116d56a740016d65d5b2f440cf
8a868cd87a25f4cf017a54d776c515d7 -model 60AC45026DCA4F24A6D99206FA3BBA7C
463B0A00F8FD4FE5839943BCC68D074E -export 'Architecture Goaling Workbook Export-New' -execute -get /apps/sales/EA_SALES_Prod_860/DATA/SALES_ANAPLAN_OIC/work/Work_Book_ARCH_DASHBOARD.csv
DAILY RUN ARCH COMPLETE 07/05/21
WEEK RUN 07/05/21
cd /apps/sales/EA_SALES_Prod_860/DATA/SALES_ANAPLAN_OIC/work/anaplan-connect-1-3-3-3
./AnaplanClient.sh -user anpadmua.gen@cisco.com:L5EJNstptxpa8A7 -workspace 8a81b0116d56a740016d65d5b2f440cf -model 60AC45026DCA4F24A6D99206FA3BBA7C -export 'Architecture Goaling Workbook Export-New' -execute -get /apps/sales/EA_SALES_Prod_860/DATA/SALES_ANAPLAN_OIC/work/Work_Book_ARCH_DASHBOARD.csv
The operation was successful.

The server file Architecture Goaling Workbook Export-New has been downloaded to /apps/sales/EA_SALES_Prod_860/DATA/SALES_ANAPLAN_OIC/work/Work_Book_ARCH_DASHBOARD.csv
DAILY RUN ARCH START 07/05/21
cd /apps/sales/EA_SALES_Prod_860/DATA/SALES_ANAPLAN_OIC/work/anaplan-connect-1-3-3-3
./AnaplanClient.sh -user anpadmua.gen@cisco.com:L5EJNstptxpa8A7 -workspace 8a81b0116d56a740016d65d5b2f440cf -model 60AC45026DCA4F24A6D99206FA3BBA7C -export 'Architecture Goaling Workbook Export-New' -execute -get /apps/sales/EA_SALES_Prod_860/DATA/SALES_ANAPLAN_OIC/work/Work_Book_ARCH_DASHBOARD.csv
The operation was successful.

The server file Architecture Goaling Workbook Export-New has been downloaded to /apps/sales/EA_SALES_Prod_860/DATA/SALES_ANAPLAN_OIC/work/Work_Book_ARCH_DASHBOARD.csv
DAILY RUN ARCH COMPLETE 07/05/21
WEEK RUN 07/05/21
cd /apps/sales/EA_SALES_Prod_860/DATA/SALES_ANAPLAN_OIC/work/anaplan-connect-1-3-3-3
./AnaplanClient.sh -user anpadmua.gen@cisco.com:L5EJNstptxpa8A7 -workspace 8a868cd87a25f4cf017a54d776c515d7 -model 463B0A00F8FD4FE5839943BCC68D074E -export 'Architecture Goaling Workbook Export-New' -execute -get /apps/sales/EA_SALES_Prod_860/DATA/SALES_ANAPLAN_OIC/work/Work_Book_ARCH_DASHBOARD.csv
The operation was successful.

The server file Architecture Goaling Workbook Export-New has been downloaded to /apps/sales/EA_SALES_Prod_860/DATA/SALES_ANAPLAN_OIC/work/Work_Book_ARCH_DASHBOARD.csv
WEEK RUN 07/06/21
cd /apps/sales/EA_SALES_Prod_860/DATA/SALES_ANAPLAN_OIC/work/anaplan-connect-1-3-3-3
./AnaplanClient.sh -user anpadmua.gen@cisco.com:L5EJNstptxpa8A7 -workspace 8a868cd87a25f4cf017a54d776c515d7 -model 463B0A00F8FD4FE5839943BCC68D074E -export 'Architecture Goaling Workbook Export-New' -execute -get /apps/sales/EA_SALES_Prod_860/DATA/SALES_ANAPLAN_OIC/work/Work_Book_ARCH_DASHBOARD.csv
The operation was successful.

The server file Architecture Goaling Workbook Export-New has been downloaded to /apps/sales/EA_SALES_Prod_860/DATA/SALES_ANAPLAN_OIC/work/Work_Book_ARCH_DASHBOARD.csv
DAILY RUN ARCH START 07/07/21
cd /apps/sales/EA_SALES_Prod_860/DATA/SALES_ANAPLAN_OIC/work/anaplan-connect-1-3-3-3
./AnaplanClient.sh -user anpadmua.gen@cisco.com:L5EJNstptxpa8A7 -workspace 8a868cd87a25f4cf017a54d776c515d7 -model 463B0A00F8FD4FE5839943BCC68D074E -export 'Architecture Goaling Workbook Export-New' -execute -get /apps/sales/EA_SALES_Prod_860/DATA/SALES_ANAPLAN_OIC/work/Work_Book_ARCH_DASHBOARD.csv
The operation was successful.

The server file Architecture Goaling Workbook Export-New has been downloaded to /apps/sales/EA_SALES_Prod_860/DATA/SALES_ANAPLAN_OIC/work/Work_Book_ARCH_DASHBOARD.csv
DAILY RUN ARCH COMPLETE 07/07/21
WEEK RUN 07/08/21
cd /apps/sales/EA_SALES_Prod_860/DATA/SALES_ANAPLAN_OIC/work/anaplan-connect-1-3-3-3
./AnaplanClient.sh -user anpadmua.gen@cisco.com:L5EJNstptxpa8A7 -workspace 8a868cd87a25f4cf017a54d776c515d7 -model 463B0A00F8FD4FE5839943BCC68D074E -export 'Architecture Goaling Workbook Export-New' -execute -get /apps/sales/EA_SALES_Prod_860/DATA/SALES_ANAPLAN_OIC/work/Work_Book_ARCH_DASHBOARD.csv
The operation was successful.

The server file Architecture Goaling Workbook Export-New has been downloaded to /apps/sales/EA_SALES_Prod_860/DATA/SALES_ANAPLAN_OIC/work/Work_Book_ARCH_DASHBOARD.csv
WEEK RUN 07/08/21
cd /apps/sales/EA_SALES_Prod_860/DATA/SALES_ANAPLAN_OIC/work/anaplan-connect-1-3-3-3
./AnaplanClient.sh -user anpadmua.gen@cisco.com:L5EJNstptxpa8A7 -workspace 8a868cd87a25f4cf017a54d776c515d7 -model 463B0A00F8FD4FE5839943BCC68D074E -export 'Architecture Goaling Workbook Export-New' -execute -get /apps/sales/EA_SALES_Prod_860/DATA/SALES_ANAPLAN_OIC/work/Work_Book_ARCH_DASHBOARD.csv
The operation was successful.

The server file Architecture Goaling Workbook Export-New has been downloaded to /apps/sales/EA_SALES_Prod_860/DATA/SALES_ANAPLAN_OIC/work/Work_Book_ARCH_DASHBOARD.csv
DAILY RUN ARCH START 07/08/21
cd /apps/sales/EA_SALES_Prod_860/DATA/SALES_ANAPLAN_OIC/work/anaplan-connect-1-3-3-3
./AnaplanClient.sh -user anpadmua.gen@cisco.com:L5EJNstptxpa8A7 -workspace 8a868cd87a25f4cf017a54d776c515d7 -model 463B0A00F8FD4FE5839943BCC68D074E -export 'Architecture Goaling Workbook Export-New' -execute -get /apps/sales/EA_SALES_Prod_860/DATA/SALES_ANAPLAN_OIC/work/Work_Book_ARCH_DASHBOARD.csv
The operation was successful.

The server file Architecture Goaling Workbook Export-New has been downloaded to /apps/sales/EA_SALES_Prod_860/DATA/SALES_ANAPLAN_OIC/work/Work_Book_ARCH_DASHBOARD.csv
DAILY RUN ARCH COMPLETE 07/08/21
DAILY RUN ARCH START 07/09/21
cd /apps/sales/EA_SALES_Prod_860/DATA/SALES_ANAPLAN_OIC/work/anaplan-connect-1-3-3-3
./AnaplanClient.sh -user anpadmua.gen@cisco.com:L5EJNstptxpa8A7 -workspace 8a868cd87a25f4cf017a54d776c515d7 -model 463B0A00F8FD4FE5839943BCC68D074E -export 'Architecture Goaling Workbook Export-New' -execute -get /apps/sales/EA_SALES_Prod_860/DATA/SALES_ANAPLAN_OIC/work/Work_Book_ARCH_DASHBOARD.csv
The operation was successful.

The server file Architecture Goaling Workbook Export-New has been downloaded to /apps/sales/EA_SALES_Prod_860/DATA/SALES_ANAPLAN_OIC/work/Work_Book_ARCH_DASHBOARD.csv
DAILY RUN ARCH COMPLETE 07/09/21
DAILY RUN ARCH START 07/09/21
cd /apps/sales/EA_SALES_Prod_860/DATA/SALES_ANAPLAN_OIC/work/anaplan-connect-1-3-3-3
./AnaplanClient.sh -user anpadmua.gen@cisco.com:L5EJNstptxpa8A7 -workspace 8a868cd87a25f4cf017a54d776c515d7 -model 463B0A00F8FD4FE5839943BCC68D074E -export 'Architecture Goaling Workbook Export-New' -execute -get /apps/sales/EA_SALES_Prod_860/DATA/SALES_ANAPLAN_OIC/work/Work_Book_ARCH_DASHBOARD.csv
The operation was successful.

The server file Architecture Goaling Workbook Export-New has been downloaded to /apps/sales/EA_SALES_Prod_860/DATA/SALES_ANAPLAN_OIC/work/Work_Book_ARCH_DASHBOARD.csv
DAILY RUN ARCH COMPLETE 07/09/21
DAILY RUN ARCH START 07/10/21
cd /apps/sales/EA_SALES_Prod_860/DATA/SALES_ANAPLAN_OIC/work/anaplan-connect-1-3-3-3
./AnaplanClient.sh -user anpadmua.gen@cisco.com:L5EJNstptxpa8A7 -workspace 8a868cd87a25f4cf017a54d776c515d7 -model 463B0A00F8FD4FE5839943BCC68D074E -export 'Architecture Goaling Workbook Export-New' -execute -get /apps/sales/EA_SALES_Prod_860/DATA/SALES_ANAPLAN_OIC/work/Work_Book_ARCH_DASHBOARD.csv
The operation was successful.

The server file Architecture Goaling Workbook Export-New has been downloaded to /apps/sales/EA_SALES_Prod_860/DATA/SALES_ANAPLAN_OIC/work/Work_Book_ARCH_DASHBOARD.csv
DAILY RUN ARCH COMPLETE 07/10/21
DAILY RUN ARCH START 07/10/21
cd /apps/sales/EA_SALES_Prod_860/DATA/SALES_ANAPLAN_OIC/work/anaplan-connect-1-3-3-3
./AnaplanClient.sh -user anpadmua.gen@cisco.com:L5EJNstptxpa8A7 -workspace 8a868cd87a25f4cf017a54d776c515d7 -model 463B0A00F8FD4FE5839943BCC68D074E -export 'Architecture Goaling Workbook Export-New' -execute -get /apps/sales/EA_SALES_Prod_860/DATA/SALES_ANAPLAN_OIC/work/Work_Book_ARCH_DASHBOARD.csv
The operation was successful.

The server file Architecture Goaling Workbook Export-New has been downloaded to /apps/sales/EA_SALES_Prod_860/DATA/SALES_ANAPLAN_OIC/work/Work_Book_ARCH_DASHBOARD.csv
DAILY RUN ARCH COMPLETE 07/10/21
DAILY RUN ARCH START 07/11/21
cd /apps/sales/EA_SALES_Prod_860/DATA/SALES_ANAPLAN_OIC/work/anaplan-connect-1-3-3-3
./AnaplanClient.sh -user anpadmua.gen@cisco.com:L5EJNstptxpa8A7 -workspace 8a868cd87a25f4cf017a54d776c515d7 -model 463B0A00F8FD4FE5839943BCC68D074E -export 'Architecture Goaling Workbook Export-New' -execute -get /apps/sales/EA_SALES_Prod_860/DATA/SALES_ANAPLAN_OIC/work/Work_Book_ARCH_DASHBOARD.csv
The operation was successful.

The server file Architecture Goaling Workbook Export-New has been downloaded to /apps/sales/EA_SALES_Prod_860/DATA/SALES_ANAPLAN_OIC/work/Work_Book_ARCH_DASHBOARD.csv
DAILY RUN ARCH COMPLETE 07/11/21
DAILY RUN ARCH START 07/11/21
cd /apps/sales/EA_SALES_Prod_860/DATA/SALES_ANAPLAN_OIC/work/anaplan-connect-1-3-3-3
./AnaplanClient.sh -user anpadmua.gen@cisco.com:L5EJNstptxpa8A7 -workspace 8a868cd87a25f4cf017a54d776c515d7 -model 463B0A00F8FD4FE5839943BCC68D074E -export 'Architecture Goaling Workbook Export-New' -execute -get /apps/sales/EA_SALES_Prod_860/DATA/SALES_ANAPLAN_OIC/work/Work_Book_ARCH_DASHBOARD.csv
The operation was successful.

The server file Architecture Goaling Workbook Export-New has been downloaded to /apps/sales/EA_SALES_Prod_860/DATA/SALES_ANAPLAN_OIC/work/Work_Book_ARCH_DASHBOARD.csv
DAILY RUN ARCH COMPLETE 07/11/21
WEEK RUN 07/12/21
cd /apps/sales/EA_SALES_Prod_860/DATA/SALES_ANAPLAN_OIC/work/anaplan-connect-1-3-3-3
./AnaplanClient.sh -user anpadmua.gen@cisco.com:L5EJNstptxpa8A7 -workspace 8a868cd87a25f4cf017a54d776c515d7 -model 463B0A00F8FD4FE5839943BCC68D074E -export 'Architecture Goaling Workbook Export-New' -execute -get /apps/sales/EA_SALES_Prod_860/DATA/SALES_ANAPLAN_OIC/work/Work_Book_ARCH_DASHBOARD.csv
The operation was successful.

The server file Architecture Goaling Workbook Export-New has been downloaded to /apps/sales/EA_SALES_Prod_860/DATA/SALES_ANAPLAN_OIC/work/Work_Book_ARCH_DASHBOARD.csv
DAILY RUN ARCH START 07/12/21
cd /apps/sales/EA_SALES_Prod_860/DATA/SALES_ANAPLAN_OIC/work/anaplan-connect-1-3-3-3
./AnaplanClient.sh -user anpadmua.gen@cisco.com:L5EJNstptxpa8A7 -workspace 8a868cd87a25f4cf017a54d776c515d7 -model 463B0A00F8FD4FE5839943BCC68D074E -export 'Architecture Goaling Workbook Export-New' -execute -get /apps/sales/EA_SALES_Prod_860/DATA/SALES_ANAPLAN_OIC/work/Work_Book_ARCH_DASHBOARD.csv
The operation was successful.

The server file Architecture Goaling Workbook Export-New has been downloaded to /apps/sales/EA_SALES_Prod_860/DATA/SALES_ANAPLAN_OIC/work/Work_Book_ARCH_DASHBOARD.csv
DAILY RUN ARCH COMPLETE 07/12/21
DAILY RUN ARCH START 07/13/21
cd /apps/sales/EA_SALES_Prod_860/DATA/SALES_ANAPLAN_OIC/work/anaplan-connect-1-3-3-3
./AnaplanClient.sh -user anpadmua.gen@cisco.com:L5EJNstptxpa8A7 -workspace 8a868cd87a25f4cf017a54d776c515d7 -model 463B0A00F8FD4FE5839943BCC68D074E -export 'Architecture Goaling Workbook Export-New' -execute -get /apps/sales/EA_SALES_Prod_860/DATA/SALES_ANAPLAN_OIC/work/Work_Book_ARCH_DASHBOARD.csv
The operation was successful.

The server file Architecture Goaling Workbook Export-New has been downloaded to /apps/sales/EA_SALES_Prod_860/DATA/SALES_ANAPLAN_OIC/work/Work_Book_ARCH_DASHBOARD.csv
DAILY RUN ARCH COMPLETE 07/13/21
DAILY RUN ARCH START 07/13/21
cd /apps/sales/EA_SALES_Prod_860/DATA/SALES_ANAPLAN_OIC/work/anaplan-connect-1-3-3-3
./AnaplanClient.sh -user anpadmua.gen@cisco.com:L5EJNstptxpa8A7 -workspace 8a868cd87a25f4cf017a54d776c515d7 -model 463B0A00F8FD4FE5839943BCC68D074E -export 'Architecture Goaling Workbook Export-New' -execute -get /apps/sales/EA_SALES_Prod_860/DATA/SALES_ANAPLAN_OIC/work/Work_Book_ARCH_DASHBOARD.csv
The operation was successful.

The server file Architecture Goaling Workbook Export-New has been downloaded to /apps/sales/EA_SALES_Prod_860/DATA/SALES_ANAPLAN_OIC/work/Work_Book_ARCH_DASHBOARD.csv
DAILY RUN ARCH COMPLETE 07/13/21
DAILY RUN ARCH START 07/14/21
cd /apps/sales/EA_SALES_Prod_860/DATA/SALES_ANAPLAN_OIC/work/anaplan-connect-1-3-3-3
./AnaplanClient.sh -user anpadmua.gen@cisco.com:L5EJNstptxpa8A7 -workspace 8a868cd87a25f4cf017a54d776c515d7 -model 463B0A00F8FD4FE5839943BCC68D074E -export 'Architecture Goaling Workbook Export-New' -execute -get /apps/sales/EA_SALES_Prod_860/DATA/SALES_ANAPLAN_OIC/work/Work_Book_ARCH_DASHBOARD.csv
The operation was successful.

The server file Architecture Goaling Workbook Export-New has been downloaded to /apps/sales/EA_SALES_Prod_860/DATA/SALES_ANAPLAN_OIC/work/Work_Book_ARCH_DASHBOARD.csv
DAILY RUN ARCH COMPLETE 07/14/21
DAILY RUN ARCH START 07/14/21
cd /apps/sales/EA_SALES_Prod_860/DATA/SALES_ANAPLAN_OIC/work/anaplan-connect-1-3-3-3
./AnaplanClient.sh -user anpadmua.gen@cisco.com:L5EJNstptxpa8A7 -workspace 8a868cd87a25f4cf017a54d776c515d7 -model 463B0A00F8FD4FE5839943BCC68D074E -export 'Architecture Goaling Workbook Export-New' -execute -get /apps/sales/EA_SALES_Prod_860/DATA/SALES_ANAPLAN_OIC/work/Work_Book_ARCH_DASHBOARD.csv
The operation was successful.

The server file Architecture Goaling Workbook Export-New has been downloaded to /apps/sales/EA_SALES_Prod_860/DATA/SALES_ANAPLAN_OIC/work/Work_Book_ARCH_DASHBOARD.csv
DAILY RUN ARCH COMPLETE 07/14/21
WEEK RUN 07/15/21
cd /apps/sales/EA_SALES_Prod_860/DATA/SALES_ANAPLAN_OIC/work/anaplan-connect-1-3-3-3
./AnaplanClient.sh -user anpadmua.gen@cisco.com:L5EJNstptxpa8A7 -workspace 8a868cd87a25f4cf017a54d776c515d7 -model 463B0A00F8FD4FE5839943BCC68D074E -export 'Architecture Goaling Workbook Export-New' -execute -get /apps/sales/EA_SALES_Prod_860/DATA/SALES_ANAPLAN_OIC/work/Work_Book_ARCH_DASHBOARD.csv
The operation was successful.

The server file Architecture Goaling Workbook Export-New has been downloaded to /apps/sales/EA_SALES_Prod_860/DATA/SALES_ANAPLAN_OIC/work/Work_Book_ARCH_DASHBOARD.csv
WEEK RUN 07/15/21
cd /apps/sales/EA_SALES_Prod_860/DATA/SALES_ANAPLAN_OIC/work/anaplan-connect-1-3-3-3
./AnaplanClient.sh -user anpadmua.gen@cisco.com:L5EJNstptxpa8A7 -workspace 8a868cd87a25f4cf017a54d776c515d7 -model 463B0A00F8FD4FE5839943BCC68D074E -export 'Architecture Goaling Workbook Export-New' -execute -get /apps/sales/EA_SALES_Prod_860/DATA/SALES_ANAPLAN_OIC/work/Work_Book_ARCH_DASHBOARD.csv
The operation was successful.

The server file Architecture Goaling Workbook Export-New has been downloaded to /apps/sales/EA_SALES_Prod_860/DATA/SALES_ANAPLAN_OIC/work/Work_Book_ARCH_DASHBOARD.csv
DAILY RUN ARCH START 07/15/21
cd /apps/sales/EA_SALES_Prod_860/DATA/SALES_ANAPLAN_OIC/work/anaplan-connect-1-3-3-3
./AnaplanClient.sh -user anpadmua.gen@cisco.com:L5EJNstptxpa8A7 -workspace 8a868cd87a25f4cf017a54d776c515d7 -model 463B0A00F8FD4FE5839943BCC68D074E -export 'Architecture Goaling Workbook Export-New' -execute -get /apps/sales/EA_SALES_Prod_860/DATA/SALES_ANAPLAN_OIC/work/Work_Book_ARCH_DASHBOARD.csv
The operation was successful.

The server file Architecture Goaling Workbook Export-New has been downloaded to /apps/sales/EA_SALES_Prod_860/DATA/SALES_ANAPLAN_OIC/work/Work_Book_ARCH_DASHBOARD.csv
DAILY RUN ARCH COMPLETE 07/15/21
DAILY RUN ARCH START 07/16/21
cd /apps/sales/EA_SALES_Prod_860/DATA/SALES_ANAPLAN_OIC/work/anaplan-connect-1-3-3-3
./AnaplanClient.sh -user anpadmua.gen@cisco.com:L5EJNstptxpa8A7 -workspace 8a868cd87a25f4cf017a54d776c515d7 -model 463B0A00F8FD4FE5839943BCC68D074E -export 'Architecture Goaling Workbook Export-New' -execute -get /apps/sales/EA_SALES_Prod_860/DATA/SALES_ANAPLAN_OIC/work/Work_Book_ARCH_DASHBOARD.csv
The operation was successful.

The server file Architecture Goaling Workbook Export-New has been downloaded to /apps/sales/EA_SALES_Prod_860/DATA/SALES_ANAPLAN_OIC/work/Work_Book_ARCH_DASHBOARD.csv
DAILY RUN ARCH COMPLETE 07/16/21
DAILY RUN ARCH START 07/16/21
cd /apps/sales/EA_SALES_Prod_860/DATA/SALES_ANAPLAN_OIC/work/anaplan-connect-1-3-3-3
./AnaplanClient.sh -user anpadmua.gen@cisco.com:L5EJNstptxpa8A7 -workspace 8a868cd87a25f4cf017a54d776c515d7 -model 463B0A00F8FD4FE5839943BCC68D074E -export 'Architecture Goaling Workbook Export-New' -execute -get /apps/sales/EA_SALES_Prod_860/DATA/SALES_ANAPLAN_OIC/work/Work_Book_ARCH_DASHBOARD.csv
The operation was successful.

The server file Architecture Goaling Workbook Export-New has been downloaded to /apps/sales/EA_SALES_Prod_860/DATA/SALES_ANAPLAN_OIC/work/Work_Book_ARCH_DASHBOARD.csv
DAILY RUN ARCH COMPLETE 07/16/21
DAILY RUN ARCH START 07/17/21
cd /apps/sales/EA_SALES_Prod_860/DATA/SALES_ANAPLAN_OIC/work/anaplan-connect-1-3-3-3
./AnaplanClient.sh -user anpadmua.gen@cisco.com:L5EJNstptxpa8A7 -workspace 8a868cd87a25f4cf017a54d776c515d7 -model 463B0A00F8FD4FE5839943BCC68D074E -export 'Architecture Goaling Workbook Export-New' -execute -get /apps/sales/EA_SALES_Prod_860/DATA/SALES_ANAPLAN_OIC/work/Work_Book_ARCH_DASHBOARD.csv
The operation was successful.

The server file Architecture Goaling Workbook Export-New has been downloaded to /apps/sales/EA_SALES_Prod_860/DATA/SALES_ANAPLAN_OIC/work/Work_Book_ARCH_DASHBOARD.csv
DAILY RUN ARCH COMPLETE 07/17/21
DAILY RUN ARCH START 07/17/21
cd /apps/sales/EA_SALES_Prod_860/DATA/SALES_ANAPLAN_OIC/work/anaplan-connect-1-3-3-3
./AnaplanClient.sh -user anpadmua.gen@cisco.com:L5EJNstptxpa8A7 -workspace 8a868cd87a25f4cf017a54d776c515d7 -model 463B0A00F8FD4FE5839943BCC68D074E -export 'Architecture Goaling Workbook Export-New' -execute -get /apps/sales/EA_SALES_Prod_860/DATA/SALES_ANAPLAN_OIC/work/Work_Book_ARCH_DASHBOARD.csv
DAILY RUN ARCH COMPLETE 07/17/21
DAILY RUN ARCH START 07/18/21
cd /apps/sales/EA_SALES_Prod_860/DATA/SALES_ANAPLAN_OIC/work/anaplan-connect-1-3-3-3
./AnaplanClient.sh -user anpadmua.gen@cisco.com:L5EJNstptxpa8A7 -workspace 8a868cd87a25f4cf017a54d776c515d7 -model 463B0A00F8FD4FE5839943BCC68D074E -export 'Architecture Goaling Workbook Export-New' -execute -get /apps/sales/EA_SALES_Prod_860/DATA/SALES_ANAPLAN_OIC/work/Work_Book_ARCH_DASHBOARD.csv
The operation was successful.

The server file Architecture Goaling Workbook Export-New has been downloaded to /apps/sales/EA_SALES_Prod_860/DATA/SALES_ANAPLAN_OIC/work/Work_Book_ARCH_DASHBOARD.csv
DAILY RUN ARCH COMPLETE 07/18/21
DAILY RUN ARCH START 07/18/21
cd /apps/sales/EA_SALES_Prod_860/DATA/SALES_ANAPLAN_OIC/work/anaplan-connect-1-3-3-3
./AnaplanClient.sh -user anpadmua.gen@cisco.com:L5EJNstptxpa8A7 -workspace 8a868cd87a25f4cf017a54d776c515d7 -model 463B0A00F8FD4FE5839943BCC68D074E -export 'Architecture Goaling Workbook Export-New' -execute -get /apps/sales/EA_SALES_Prod_860/DATA/SALES_ANAPLAN_OIC/work/Work_Book_ARCH_DASHBOARD.csv
The operation was successful.

The server file Architecture Goaling Workbook Export-New has been downloaded to /apps/sales/EA_SALES_Prod_860/DATA/SALES_ANAPLAN_OIC/work/Work_Book_ARCH_DASHBOARD.csv
DAILY RUN ARCH COMPLETE 07/18/21
WEEK RUN 07/19/21
cd /apps/sales/EA_SALES_Prod_860/DATA/SALES_ANAPLAN_OIC/work/anaplan-connect-1-3-3-3
./AnaplanClient.sh -user anpadmua.gen@cisco.com:L5EJNstptxpa8A7 -workspace 8a868cd87a25f4cf017a54d776c515d7 -model 463B0A00F8FD4FE5839943BCC68D074E -export 'Architecture Goaling Workbook Export-New' -execute -get /apps/sales/EA_SALES_Prod_860/DATA/SALES_ANAPLAN_OIC/work/Work_Book_ARCH_DASHBOARD.csv
The operation was successful.

The server file Architecture Goaling Workbook Export-New has been downloaded to /apps/sales/EA_SALES_Prod_860/DATA/SALES_ANAPLAN_OIC/work/Work_Book_ARCH_DASHBOARD.csv
DAILY RUN ARCH START 07/19/21
cd /apps/sales/EA_SALES_Prod_860/DATA/SALES_ANAPLAN_OIC/work/anaplan-connect-1-3-3-3
./AnaplanClient.sh -user anpadmua.gen@cisco.com:L5EJNstptxpa8A7 -workspace 8a868cd87a25f4cf017a54d776c515d7 -model 463B0A00F8FD4FE5839943BCC68D074E -export 'Architecture Goaling Workbook Export-New' -execute -get /apps/sales/EA_SALES_Prod_860/DATA/SALES_ANAPLAN_OIC/work/Work_Book_ARCH_DASHBOARD.csv
The operation was successful.

The server file Architecture Goaling Workbook Export-New has been downloaded to /apps/sales/EA_SALES_Prod_860/DATA/SALES_ANAPLAN_OIC/work/Work_Book_ARCH_DASHBOARD.csv
DAILY RUN ARCH COMPLETE 07/19/21
WEEK RUN 07/19/21
cd /apps/sales/EA_SALES_Prod_860/DATA/SALES_ANAPLAN_OIC/work/anaplan-connect-1-3-3-3
./AnaplanClient.sh -user anpadmua.gen@cisco.com:L5EJNstptxpa8A7 -workspace 8a868cd87a25f4cf017a54d776c515d7 -model 463B0A00F8FD4FE5839943BCC68D074E -export 'Architecture Goaling Workbook Export-New' -execute -get /apps/sales/EA_SALES_Prod_860/DATA/SALES_ANAPLAN_OIC/work/Work_Book_ARCH_DASHBOARD.csv
The operation was successful.

The server file Architecture Goaling Workbook Export-New has been downloaded to /apps/sales/EA_SALES_Prod_860/DATA/SALES_ANAPLAN_OIC/work/Work_Book_ARCH_DASHBOARD.csv
DAILY RUN ARCH START 07/20/21
cd /apps/sales/EA_SALES_Prod_860/DATA/SALES_ANAPLAN_OIC/work/anaplan-connect-1-3-3-3
./AnaplanClient.sh -user anpadmua.gen@cisco.com:L5EJNstptxpa8A7 -workspace 8a868cd87a25f4cf017a54d776c515d7 -model 463B0A00F8FD4FE5839943BCC68D074E -export 'Architecture Goaling Workbook Export-New' -execute -get /apps/sales/EA_SALES_Prod_860/DATA/SALES_ANAPLAN_OIC/work/Work_Book_ARCH_DASHBOARD.csv
The operation was successful.

The server file Architecture Goaling Workbook Export-New has been downloaded to /apps/sales/EA_SALES_Prod_860/DATA/SALES_ANAPLAN_OIC/work/Work_Book_ARCH_DASHBOARD.csv
DAILY RUN ARCH COMPLETE 07/20/21
DAILY RUN ARCH START 07/20/21
cd /apps/sales/EA_SALES_Prod_860/DATA/SALES_ANAPLAN_OIC/work/anaplan-connect-1-3-3-3
./AnaplanClient.sh -user anpadmua.gen@cisco.com:L5EJNstptxpa8A7 -workspace 8a868cd87a25f4cf017a54d776c515d7 -model 463B0A00F8FD4FE5839943BCC68D074E -export 'Architecture Goaling Workbook Export-New' -execute -get /apps/sales/EA_SALES_Prod_860/DATA/SALES_ANAPLAN_OIC/work/Work_Book_ARCH_DASHBOARD.csv
The operation was successful.

The server file Architecture Goaling Workbook Export-New has been downloaded to /apps/sales/EA_SALES_Prod_860/DATA/SALES_ANAPLAN_OIC/work/Work_Book_ARCH_DASHBOARD.csv
DAILY RUN ARCH COMPLETE 07/20/21
DAILY RUN ARCH START 07/21/21
cd /apps/sales/EA_SALES_Prod_860/DATA/SALES_ANAPLAN_OIC/work/anaplan-connect-1-3-3-3
./AnaplanClient.sh -user anpadmua.gen@cisco.com:L5EJNstptxpa8A7 -workspace 8a868cd87a25f4cf017a54d776c515d7 -model 463B0A00F8FD4FE5839943BCC68D074E -export 'Architecture Goaling Workbook Export-New' -execute -get /apps/sales/EA_SALES_Prod_860/DATA/SALES_ANAPLAN_OIC/work/Work_Book_ARCH_DASHBOARD.csv
The operation was successful.

The server file Architecture Goaling Workbook Export-New has been downloaded to /apps/sales/EA_SALES_Prod_860/DATA/SALES_ANAPLAN_OIC/work/Work_Book_ARCH_DASHBOARD.csv
DAILY RUN ARCH COMPLETE 07/21/21
DAILY RUN ARCH START 07/21/21
cd /apps/sales/EA_SALES_Prod_860/DATA/SALES_ANAPLAN_OIC/work/anaplan-connect-1-3-3-3
./AnaplanClient.sh -user anpadmua.gen@cisco.com:L5EJNstptxpa8A7 -workspace 8a868cd87a25f4cf017a54d776c515d7 -model 463B0A00F8FD4FE5839943BCC68D074E -export 'Architecture Goaling Workbook Export-New' -execute -get /apps/sales/EA_SALES_Prod_860/DATA/SALES_ANAPLAN_OIC/work/Work_Book_ARCH_DASHBOARD.csv
The operation was successful.

The server file Architecture Goaling Workbook Export-New has been downloaded to /apps/sales/EA_SALES_Prod_860/DATA/SALES_ANAPLAN_OIC/work/Work_Book_ARCH_DASHBOARD.csv
DAILY RUN ARCH COMPLETE 07/21/21
WEEK RUN 07/22/21
cd /apps/sales/EA_SALES_Prod_860/DATA/SALES_ANAPLAN_OIC/work/anaplan-connect-1-3-3-3
./AnaplanClient.sh -user anpadmua.gen@cisco.com:L5EJNstptxpa8A7 -workspace 8a868cd87a25f4cf017a54d776c515d7 -model 463B0A00F8FD4FE5839943BCC68D074E -export 'Architecture Goaling Workbook Export-New' -execute -get /apps/sales/EA_SALES_Prod_860/DATA/SALES_ANAPLAN_OIC/work/Work_Book_ARCH_DASHBOARD.csv
The operation was successful.

The server file Architecture Goaling Workbook Export-New has been downloaded to /apps/sales/EA_SALES_Prod_860/DATA/SALES_ANAPLAN_OIC/work/Work_Book_ARCH_DASHBOARD.csv
DAILY RUN ARCH START 07/22/21
cd /apps/sales/EA_SALES_Prod_860/DATA/SALES_ANAPLAN_OIC/work/anaplan-connect-1-3-3-3
./AnaplanClient.sh -user anpadmua.gen@cisco.com:L5EJNstptxpa8A7 -workspace 8a868cd87a25f4cf017a54d776c515d7 -model 463B0A00F8FD4FE5839943BCC68D074E -export 'Architecture Goaling Workbook Export-New' -execute -get /apps/sales/EA_SALES_Prod_860/DATA/SALES_ANAPLAN_OIC/work/Work_Book_ARCH_DASHBOARD.csv
The operation was successful.

The server file Architecture Goaling Workbook Export-New has been downloaded to /apps/sales/EA_SALES_Prod_860/DATA/SALES_ANAPLAN_OIC/work/Work_Book_ARCH_DASHBOARD.csv
DAILY RUN ARCH COMPLETE 07/22/21
DAILY RUN ARCH START 07/23/21
cd /apps/sales/EA_SALES_Prod_860/DATA/SALES_ANAPLAN_OIC/work/anaplan-connect-1-3-3-3
./AnaplanClient.sh -user anpadmua.gen@cisco.com:L5EJNstptxpa8A7 -workspace 8a868cd87a25f4cf017a54d776c515d7 -model 463B0A00F8FD4FE5839943BCC68D074E -export 'Architecture Goaling Workbook Export-New' -execute -get /apps/sales/EA_SALES_Prod_860/DATA/SALES_ANAPLAN_OIC/work/Work_Book_ARCH_DASHBOARD.csv
The operation was successful.

The server file Architecture Goaling Workbook Export-New has been downloaded to /apps/sales/EA_SALES_Prod_860/DATA/SALES_ANAPLAN_OIC/work/Work_Book_ARCH_DASHBOARD.csv
DAILY RUN ARCH COMPLETE 07/23/21
DAILY RUN ARCH START 07/23/21
cd /apps/sales/EA_SALES_Prod_860/DATA/SALES_ANAPLAN_OIC/work/anaplan-connect-1-3-3-3
./AnaplanClient.sh -user anpadmua.gen@cisco.com:L5EJNstptxpa8A7 -workspace 8a868cd87a25f4cf017a54d776c515d7 -model 463B0A00F8FD4FE5839943BCC68D074E -export 'Architecture Goaling Workbook Export-New' -execute -get /apps/sales/EA_SALES_Prod_860/DATA/SALES_ANAPLAN_OIC/work/Work_Book_ARCH_DASHBOARD.csv
The operation was successful.

The server file Architecture Goaling Workbook Export-New has been downloaded to /apps/sales/EA_SALES_Prod_860/DATA/SALES_ANAPLAN_OIC/work/Work_Book_ARCH_DASHBOARD.csv
DAILY RUN ARCH COMPLETE 07/23/21
DAILY RUN ARCH START 07/24/21
cd /apps/sales/EA_SALES_Prod_860/DATA/SALES_ANAPLAN_OIC/work/anaplan-connect-1-3-3-3
./AnaplanClient.sh -user anpadmua.gen@cisco.com:L5EJNstptxpa8A7 -workspace 8a868cd87a25f4cf017a54d776c515d7 -model 463B0A00F8FD4FE5839943BCC68D074E -export 'Architecture Goaling Workbook Export-New' -execute -get /apps/sales/EA_SALES_Prod_860/DATA/SALES_ANAPLAN_OIC/work/Work_Book_ARCH_DASHBOARD.csv
The operation was successful.

The server file Architecture Goaling Workbook Export-New has been downloaded to /apps/sales/EA_SALES_Prod_860/DATA/SALES_ANAPLAN_OIC/work/Work_Book_ARCH_DASHBOARD.csv
DAILY RUN ARCH COMPLETE 07/24/21
DAILY RUN ARCH START 07/24/21
cd /apps/sales/EA_SALES_Prod_860/DATA/SALES_ANAPLAN_OIC/work/anaplan-connect-1-3-3-3
./AnaplanClient.sh -user anpadmua.gen@cisco.com:L5EJNstptxpa8A7 -workspace 8a868cd87a25f4cf017a54d776c515d7 -model 463B0A00F8FD4FE5839943BCC68D074E -export 'Architecture Goaling Workbook Export-New' -execute -get /apps/sales/EA_SALES_Prod_860/DATA/SALES_ANAPLAN_OIC/work/Work_Book_ARCH_DASHBOARD.csv
The operation was successful.

The server file Architecture Goaling Workbook Export-New has been downloaded to /apps/sales/EA_SALES_Prod_860/DATA/SALES_ANAPLAN_OIC/work/Work_Book_ARCH_DASHBOARD.csv
DAILY RUN ARCH COMPLETE 07/24/21
DAILY RUN ARCH START 07/25/21
cd /apps/sales/EA_SALES_Prod_860/DATA/SALES_ANAPLAN_OIC/work/anaplan-connect-1-3-3-3
./AnaplanClient.sh -user anpadmua.gen@cisco.com:L5EJNstptxpa8A7 -workspace 8a868cd87a25f4cf017a54d776c515d7 -model 463B0A00F8FD4FE5839943BCC68D074E -export 'Architecture Goaling Workbook Export-New' -execute -get /apps/sales/EA_SALES_Prod_860/DATA/SALES_ANAPLAN_OIC/work/Work_Book_ARCH_DASHBOARD.csv
The operation was successful.

The server file Architecture Goaling Workbook Export-New has been downloaded to /apps/sales/EA_SALES_Prod_860/DATA/SALES_ANAPLAN_OIC/work/Work_Book_ARCH_DASHBOARD.csv
DAILY RUN ARCH COMPLETE 07/25/21
DAILY RUN ARCH START 07/25/21
cd /apps/sales/EA_SALES_Prod_860/DATA/SALES_ANAPLAN_OIC/work/anaplan-connect-1-3-3-3
./AnaplanClient.sh -user anpadmua.gen@cisco.com:L5EJNstptxpa8A7 -workspace 8a868cd87a25f4cf017a54d776c515d7 -model 463B0A00F8FD4FE5839943BCC68D074E -export 'Architecture Goaling Workbook Export-New' -execute -get /apps/sales/EA_SALES_Prod_860/DATA/SALES_ANAPLAN_OIC/work/Work_Book_ARCH_DASHBOARD.csv
The operation was successful.

The server file Architecture Goaling Workbook Export-New has been downloaded to /apps/sales/EA_SALES_Prod_860/DATA/SALES_ANAPLAN_OIC/work/Work_Book_ARCH_DASHBOARD.csv
DAILY RUN ARCH COMPLETE 07/25/21
WEEK RUN 07/26/21
cd /apps/sales/EA_SALES_Prod_860/DATA/SALES_ANAPLAN_OIC/work/anaplan-connect-1-3-3-3
./AnaplanClient.sh -user anpadmua.gen@cisco.com:L5EJNstptxpa8A7 -workspace 8a868cd87a25f4cf017a54d776c515d7 -model 463B0A00F8FD4FE5839943BCC68D074E -export 'Architecture Goaling Workbook Export-New' -execute -get /apps/sales/EA_SALES_Prod_860/DATA/SALES_ANAPLAN_OIC/work/Work_Book_ARCH_DASHBOARD.csv
The operation was successful.

The server file Architecture Goaling Workbook Export-New has been downloaded to /apps/sales/EA_SALES_Prod_860/DATA/SALES_ANAPLAN_OIC/work/Work_Book_ARCH_DASHBOARD.csv
DAILY RUN ARCH START 07/26/21
cd /apps/sales/EA_SALES_Prod_860/DATA/SALES_ANAPLAN_OIC/work/anaplan-connect-1-3-3-3
./AnaplanClient.sh -user anpadmua.gen@cisco.com:L5EJNstptxpa8A7 -workspace 8a868cd87a25f4cf017a54d776c515d7 -model 463B0A00F8FD4FE5839943BCC68D074E -export 'Architecture Goaling Workbook Export-New' -execute -get /apps/sales/EA_SALES_Prod_860/DATA/SALES_ANAPLAN_OIC/work/Work_Book_ARCH_DASHBOARD.csv
The operation was successful.

The server file Architecture Goaling Workbook Export-New has been downloaded to /apps/sales/EA_SALES_Prod_860/DATA/SALES_ANAPLAN_OIC/work/Work_Book_ARCH_DASHBOARD.csv
DAILY RUN ARCH COMPLETE 07/26/21
DAILY RUN ARCH START 07/27/21
cd /apps/sales/EA_SALES_Prod_860/DATA/SALES_ANAPLAN_OIC/work/anaplan-connect-1-3-3-3
./AnaplanClient.sh -user anpadmua.gen@cisco.com:L5EJNstptxpa8A7 -workspace 8a868cd87a25f4cf017a54d776c515d7 -model 463B0A00F8FD4FE5839943BCC68D074E -export 'Architecture Goaling Workbook Export-New' -execute -get /apps/sales/EA_SALES_Prod_860/DATA/SALES_ANAPLAN_OIC/work/Work_Book_ARCH_DASHBOARD.csv
The operation was successful.

The server file Architecture Goaling Workbook Export-New has been downloaded to /apps/sales/EA_SALES_Prod_860/DATA/SALES_ANAPLAN_OIC/work/Work_Book_ARCH_DASHBOARD.csv
DAILY RUN ARCH COMPLETE 07/27/21
DAILY RUN ARCH START 07/27/21
cd /apps/sales/EA_SALES_Prod_860/DATA/SALES_ANAPLAN_OIC/work/anaplan-connect-1-3-3-3
./AnaplanClient.sh -user anpadmua.gen@cisco.com:L5EJNstptxpa8A7 -workspace 8a868cd87a25f4cf017a54d776c515d7 -model 463B0A00F8FD4FE5839943BCC68D074E -export 'Architecture Goaling Workbook Export-New' -execute -get /apps/sales/EA_SALES_Prod_860/DATA/SALES_ANAPLAN_OIC/work/Work_Book_ARCH_DASHBOARD.csv
The operation was successful.

The server file Architecture Goaling Workbook Export-New has been downloaded to /apps/sales/EA_SALES_Prod_860/DATA/SALES_ANAPLAN_OIC/work/Work_Book_ARCH_DASHBOARD.csv
DAILY RUN ARCH COMPLETE 07/27/21
DAILY RUN ARCH START 07/28/21
cd /apps/sales/EA_SALES_Prod_860/DATA/SALES_ANAPLAN_OIC/work/anaplan-connect-1-3-3-3
./AnaplanClient.sh -user anpadmua.gen@cisco.com:L5EJNstptxpa8A7 -workspace 8a868cd87a25f4cf017a54d776c515d7 -model 463B0A00F8FD4FE5839943BCC68D074E -export 'Architecture Goaling Workbook Export-New' -execute -get /apps/sales/EA_SALES_Prod_860/DATA/SALES_ANAPLAN_OIC/work/Work_Book_ARCH_DASHBOARD.csv
The operation was successful.

The server file Architecture Goaling Workbook Export-New has been downloaded to /apps/sales/EA_SALES_Prod_860/DATA/SALES_ANAPLAN_OIC/work/Work_Book_ARCH_DASHBOARD.csv
DAILY RUN ARCH COMPLETE 07/28/21
DAILY RUN ARCH START 07/28/21
cd /apps/sales/EA_SALES_Prod_860/DATA/SALES_ANAPLAN_OIC/work/anaplan-connect-1-3-3-3
./AnaplanClient.sh -user anpadmua.gen@cisco.com:L5EJNstptxpa8A7 -workspace 8a868cd87a25f4cf017a54d776c515d7 -model 463B0A00F8FD4FE5839943BCC68D074E -export 'Architecture Goaling Workbook Export-New' -execute -get /apps/sales/EA_SALES_Prod_860/DATA/SALES_ANAPLAN_OIC/work/Work_Book_ARCH_DASHBOARD.csv
The operation was successful.

The server file Architecture Goaling Workbook Export-New has been downloaded to /apps/sales/EA_SALES_Prod_860/DATA/SALES_ANAPLAN_OIC/work/Work_Book_ARCH_DASHBOARD.csv
DAILY RUN ARCH COMPLETE 07/28/21
WEEK RUN 07/29/21
cd /apps/sales/EA_SALES_Prod_860/DATA/SALES_ANAPLAN_OIC/work/anaplan-connect-1-3-3-3
./AnaplanClient.sh -user anpadmua.gen@cisco.com:L5EJNstptxpa8A7 -workspace 8a868cd87a25f4cf017a54d776c515d7 -model 463B0A00F8FD4FE5839943BCC68D074E -export 'Architecture Goaling Workbook Export-New' -execute -get /apps/sales/EA_SALES_Prod_860/DATA/SALES_ANAPLAN_OIC/work/Work_Book_ARCH_DASHBOARD.csv
The operation was successful.

The server file Architecture Goaling Workbook Export-New has been downloaded to /apps/sales/EA_SALES_Prod_860/DATA/SALES_ANAPLAN_OIC/work/Work_Book_ARCH_DASHBOARD.csv
DAILY RUN ARCH START 07/29/21
cd /apps/sales/EA_SALES_Prod_860/DATA/SALES_ANAPLAN_OIC/work/anaplan-connect-1-3-3-3
./AnaplanClient.sh -user anpadmua.gen@cisco.com:L5EJNstptxpa8A7 -workspace 8a868cd87a25f4cf017a54d776c515d7 -model 463B0A00F8FD4FE5839943BCC68D074E -export 'Architecture Goaling Workbook Export-New' -execute -get /apps/sales/EA_SALES_Prod_860/DATA/SALES_ANAPLAN_OIC/work/Work_Book_ARCH_DASHBOARD.csv
The operation was successful.

The server file Architecture Goaling Workbook Export-New has been downloaded to /apps/sales/EA_SALES_Prod_860/DATA/SALES_ANAPLAN_OIC/work/Work_Book_ARCH_DASHBOARD.csv
DAILY RUN ARCH COMPLETE 07/29/21
