PARTIAL RUN 08/04/21
cd /apps/sales/EA_SALES_Prod_860/DATA/SALES_ANAPLAN_OIC/work/anaplan-connect-1-3-3-3
./AnaplanClient.sh -user anpadmua.gen@cisco.com:L5EJNstptxpa8A7 -workspace 8a868cd87a25f4cf017a54dbb22c16e3 -model 2FA3B2DE0B544E139FD6BB012D2DA513 -export 'Architecture Goaling DB - Daily 4 times Export' -execute -get /apps/sales/EA_SALES_Prod_860/DATA/SALES_ANAPLAN_OIC/work/Work_Book_ARCH_DASHBOARD_p.csv
The operation was successful.

The server file Architecture Goaling DB - Daily 4 times Export has been downloaded to /apps/sales/EA_SALES_Prod_860/DATA/SALES_ANAPLAN_OIC/work/Work_Book_ARCH_DASHBOARD_p.csv
PARTIAL RUN 08/04/21
cd /apps/sales/EA_SALES_Prod_860/DATA/SALES_ANAPLAN_OIC/work/anaplan-connect-1-3-3-3
./AnaplanClient.sh -user anpadmua.gen@cisco.com:L5EJNstptxpa8A7 -workspace 8a868cd87a25f4cf017a54dbb22c16e3 -model 2FA3B2DE0B544E139FD6BB012D2DA513 -export 'Architecture Goaling DB - Daily 4 times Export' -execute -get /apps/sales/EA_SALES_Prod_860/DATA/SALES_ANAPLAN_OIC/work/Work_Book_ARCH_DASHBOARD_p.csv
PARTIAL RUN 08/06/21
cd /apps/sales/EA_SALES_Prod_860/DATA/SALES_ANAPLAN_OIC/work/anaplan-connect-1-3-3-3
./AnaplanClient.sh -user anpadmua.gen@cisco.com:L5EJNstptxpa8A7 -workspace 8a868cd87a25f4cf017a54dbb22c16e3 -model 2FA3B2DE0B544E139FD6BB012D2DA513 -export 'Architecture Goaling DB - Daily 4 times Export' -execute -get /apps/sales/EA_SALES_Prod_860/DATA/SALES_ANAPLAN_OIC/work/Work_Book_ARCH_DASHBOARD_p.csv
The operation was successful.

The server file Architecture Goaling DB - Daily 4 times Export has been downloaded to /apps/sales/EA_SALES_Prod_860/DATA/SALES_ANAPLAN_OIC/work/Work_Book_ARCH_DASHBOARD_p.csv
PARTIAL RUN 08/10/21
cd /apps/sales/EA_SALES_Prod_860/DATA/SALES_ANAPLAN_OIC/work/anaplan-connect-1-3-3-3
./AnaplanClient.sh -user anpadmua.gen@cisco.com:L5EJNstptxpa8A7 -workspace 8a868cd87a25f4cf017a54dbb22c16e3 -model 2FA3B2DE0B544E139FD6BB012D2DA513 -export 'Architecture Goaling DB - Daily 4 times Export' -execute -get /apps/sales/EA_SALES_Prod_860/DATA/SALES_ANAPLAN_OIC/work/Work_Book_ARCH_DASHBOARD_p.csv
The operation was successful.

The server file Architecture Goaling DB - Daily 4 times Export has been downloaded to /apps/sales/EA_SALES_Prod_860/DATA/SALES_ANAPLAN_OIC/work/Work_Book_ARCH_DASHBOARD_p.csv
PARTIAL RUN 08/10/21
cd /apps/sales/EA_SALES_Prod_860/DATA/SALES_ANAPLAN_OIC/work/anaplan-connect-1-3-3-3
./AnaplanClient.sh -user anpadmua.gen@cisco.com:L5EJNstptxpa8A7 -workspace 8a868cd87a25f4cf017a54dbb22c16e3 -model 2FA3B2DE0B544E139FD6BB012D2DA513 -export 'Architecture Goaling DB - Daily 4 times Export' -execute -get /apps/sales/EA_SALES_Prod_860/DATA/SALES_ANAPLAN_OIC/work/Work_Book_ARCH_DASHBOARD_p.csv
The operation was successful.

The server file Architecture Goaling DB - Daily 4 times Export has been downloaded to /apps/sales/EA_SALES_Prod_860/DATA/SALES_ANAPLAN_OIC/work/Work_Book_ARCH_DASHBOARD_p.csv
PARTIAL RUN 08/11/21
cd /apps/sales/EA_SALES_Prod_860/DATA/SALES_ANAPLAN_OIC/work/anaplan-connect-1-3-3-3
./AnaplanClient.sh -user anpadmua.gen@cisco.com:L5EJNstptxpa8A7 -workspace 8a868cd87a25f4cf017a54dbb22c16e3 -model 2FA3B2DE0B544E139FD6BB012D2DA513 -export 'Architecture Goaling DB - Daily 4 times Export' -execute -get /apps/sales/EA_SALES_Prod_860/DATA/SALES_ANAPLAN_OIC/work/Work_Book_ARCH_DASHBOARD_p.csv
PARTIAL RUN 08/11/21
cd /apps/sales/EA_SALES_Prod_860/DATA/SALES_ANAPLAN_OIC/work/anaplan-connect-1-3-3-3
./AnaplanClient.sh -user anpadmua.gen@cisco.com:L5EJNstptxpa8A7 -workspace 8a868cd87a25f4cf017a54dbb22c16e3 -model 2FA3B2DE0B544E139FD6BB012D2DA513 -export 'Architecture Goaling DB - Daily 4 times Export' -execute -get /apps/sales/EA_SALES_Prod_860/DATA/SALES_ANAPLAN_OIC/work/Work_Book_ARCH_DASHBOARD_p.csv
The operation was successful.

The server file Architecture Goaling DB - Daily 4 times Export has been downloaded to /apps/sales/EA_SALES_Prod_860/DATA/SALES_ANAPLAN_OIC/work/Work_Book_ARCH_DASHBOARD_p.csv
PARTIAL RUN 08/11/21
cd /apps/sales/EA_SALES_Prod_860/DATA/SALES_ANAPLAN_OIC/work/anaplan-connect-1-3-3-3
./AnaplanClient.sh -user anpadmua.gen@cisco.com:L5EJNstptxpa8A7 -workspace 8a868cd87a25f4cf017a54dbb22c16e3 -model 2FA3B2DE0B544E139FD6BB012D2DA513 -export 'Architecture Goaling DB - Daily 4 times Export' -execute -get /apps/sales/EA_SALES_Prod_860/DATA/SALES_ANAPLAN_OIC/work/Work_Book_ARCH_DASHBOARD_p.csv
The operation was successful.

The server file Architecture Goaling DB - Daily 4 times Export has been downloaded to /apps/sales/EA_SALES_Prod_860/DATA/SALES_ANAPLAN_OIC/work/Work_Book_ARCH_DASHBOARD_p.csv
PARTIAL RUN 08/11/21
cd /apps/sales/EA_SALES_Prod_860/DATA/SALES_ANAPLAN_OIC/work/anaplan-connect-1-3-3-3
./AnaplanClient.sh -user anpadmua.gen@cisco.com:L5EJNstptxpa8A7 -workspace 8a868cd87a25f4cf017a54dbb22c16e3 -model 2FA3B2DE0B544E139FD6BB012D2DA513 -export 'Architecture Goaling DB - Daily 4 times Export' -execute -get /apps/sales/EA_SALES_Prod_860/DATA/SALES_ANAPLAN_OIC/work/Work_Book_ARCH_DASHBOARD_p.csv
The operation was successful.

The server file Architecture Goaling DB - Daily 4 times Export has been downloaded to /apps/sales/EA_SALES_Prod_860/DATA/SALES_ANAPLAN_OIC/work/Work_Book_ARCH_DASHBOARD_p.csv
PARTIAL RUN 08/12/21
cd /apps/sales/EA_SALES_Prod_860/DATA/SALES_ANAPLAN_OIC/work/anaplan-connect-1-3-3-3
./AnaplanClient.sh -user anpadmua.gen@cisco.com:L5EJNstptxpa8A7 -workspace 8a868cd87a25f4cf017a54dbb22c16e3 -model 2FA3B2DE0B544E139FD6BB012D2DA513 -export 'Architecture Goaling DB - Daily 4 times Export' -execute -get /apps/sales/EA_SALES_Prod_860/DATA/SALES_ANAPLAN_OIC/work/Work_Book_ARCH_DASHBOARD_p.csv
The operation was successful.

The server file Architecture Goaling DB - Daily 4 times Export has been downloaded to /apps/sales/EA_SALES_Prod_860/DATA/SALES_ANAPLAN_OIC/work/Work_Book_ARCH_DASHBOARD_p.csv
PARTIAL RUN 08/13/21
cd /apps/sales/EA_SALES_Prod_860/DATA/SALES_ANAPLAN_OIC/work/anaplan-connect-1-3-3-3
./AnaplanClient.sh -user anpadmua.gen@cisco.com:L5EJNstptxpa8A7 -workspace 8a868cd87a25f4cf017a54dbb22c16e3 -model 2FA3B2DE0B544E139FD6BB012D2DA513 -export 'Architecture Goaling DB - Daily 4 times Export' -execute -get /apps/sales/EA_SALES_Prod_860/DATA/SALES_ANAPLAN_OIC/work/Work_Book_ARCH_DASHBOARD_p.csv
The operation was successful.

The server file Architecture Goaling DB - Daily 4 times Export has been downloaded to /apps/sales/EA_SALES_Prod_860/DATA/SALES_ANAPLAN_OIC/work/Work_Book_ARCH_DASHBOARD_p.csv
PARTIAL RUN 08/13/21
cd /apps/sales/EA_SALES_Prod_860/DATA/SALES_ANAPLAN_OIC/work/anaplan-connect-1-3-3-3
./AnaplanClient.sh -user anpadmua.gen@cisco.com:L5EJNstptxpa8A7 -workspace 8a868cd87a25f4cf017a54dbb22c16e3 -model 2FA3B2DE0B544E139FD6BB012D2DA513 -export 'Architecture Goaling DB - Daily 4 times Export' -execute -get /apps/sales/EA_SALES_Prod_860/DATA/SALES_ANAPLAN_OIC/work/Work_Book_ARCH_DASHBOARD_p.csv
The operation was successful.

The server file Architecture Goaling DB - Daily 4 times Export has been downloaded to /apps/sales/EA_SALES_Prod_860/DATA/SALES_ANAPLAN_OIC/work/Work_Book_ARCH_DASHBOARD_p.csv
PARTIAL RUN 08/13/21
cd /apps/sales/EA_SALES_Prod_860/DATA/SALES_ANAPLAN_OIC/work/anaplan-connect-1-3-3-3
./AnaplanClient.sh -user anpadmua.gen@cisco.com:L5EJNstptxpa8A7 -workspace 8a868cd87a25f4cf017a54dbb22c16e3 -model 2FA3B2DE0B544E139FD6BB012D2DA513 -export 'Architecture Goaling DB - Daily 4 times Export' -execute -get /apps/sales/EA_SALES_Prod_860/DATA/SALES_ANAPLAN_OIC/work/Work_Book_ARCH_DASHBOARD_p.csv
The operation was successful.

The server file Architecture Goaling DB - Daily 4 times Export has been downloaded to /apps/sales/EA_SALES_Prod_860/DATA/SALES_ANAPLAN_OIC/work/Work_Book_ARCH_DASHBOARD_p.csv
PARTIAL RUN 08/14/21
cd /apps/sales/EA_SALES_Prod_860/DATA/SALES_ANAPLAN_OIC/work/anaplan-connect-1-3-3-3
./AnaplanClient.sh -user anpadmua.gen@cisco.com:L5EJNstptxpa8A7 -workspace 8a868cd87a25f4cf017a54dbb22c16e3 -model 2FA3B2DE0B544E139FD6BB012D2DA513 -export 'Architecture Goaling DB - Daily 4 times Export' -execute -get /apps/sales/EA_SALES_Prod_860/DATA/SALES_ANAPLAN_OIC/work/Work_Book_ARCH_DASHBOARD_p.csv
The operation was successful.

The server file Architecture Goaling DB - Daily 4 times Export has been downloaded to /apps/sales/EA_SALES_Prod_860/DATA/SALES_ANAPLAN_OIC/work/Work_Book_ARCH_DASHBOARD_p.csv
PARTIAL RUN 08/14/21
cd /apps/sales/EA_SALES_Prod_860/DATA/SALES_ANAPLAN_OIC/work/anaplan-connect-1-3-3-3
./AnaplanClient.sh -user anpadmua.gen@cisco.com:L5EJNstptxpa8A7 -workspace 8a868cd87a25f4cf017a54dbb22c16e3 -model 2FA3B2DE0B544E139FD6BB012D2DA513 -export 'Architecture Goaling DB - Daily 4 times Export' -execute -get /apps/sales/EA_SALES_Prod_860/DATA/SALES_ANAPLAN_OIC/work/Work_Book_ARCH_DASHBOARD_p.csv
The operation was successful.

The server file Architecture Goaling DB - Daily 4 times Export has been downloaded to /apps/sales/EA_SALES_Prod_860/DATA/SALES_ANAPLAN_OIC/work/Work_Book_ARCH_DASHBOARD_p.csv
PARTIAL RUN 08/14/21
cd /apps/sales/EA_SALES_Prod_860/DATA/SALES_ANAPLAN_OIC/work/anaplan-connect-1-3-3-3
./AnaplanClient.sh -user anpadmua.gen@cisco.com:L5EJNstptxpa8A7 -workspace 8a868cd87a25f4cf017a54dbb22c16e3 -model 2FA3B2DE0B544E139FD6BB012D2DA513 -export 'Architecture Goaling DB - Daily 4 times Export' -execute -get /apps/sales/EA_SALES_Prod_860/DATA/SALES_ANAPLAN_OIC/work/Work_Book_ARCH_DASHBOARD_p.csv
The operation was successful.

The server file Architecture Goaling DB - Daily 4 times Export has been downloaded to /apps/sales/EA_SALES_Prod_860/DATA/SALES_ANAPLAN_OIC/work/Work_Book_ARCH_DASHBOARD_p.csv
PARTIAL RUN 08/14/21
cd /apps/sales/EA_SALES_Prod_860/DATA/SALES_ANAPLAN_OIC/work/anaplan-connect-1-3-3-3
./AnaplanClient.sh -user anpadmua.gen@cisco.com:L5EJNstptxpa8A7 -workspace 8a868cd87a25f4cf017a54dbb22c16e3 -model 2FA3B2DE0B544E139FD6BB012D2DA513 -export 'Architecture Goaling DB - Daily 4 times Export' -execute -get /apps/sales/EA_SALES_Prod_860/DATA/SALES_ANAPLAN_OIC/work/Work_Book_ARCH_DASHBOARD_p.csv
The operation was successful.

The server file Architecture Goaling DB - Daily 4 times Export has been downloaded to /apps/sales/EA_SALES_Prod_860/DATA/SALES_ANAPLAN_OIC/work/Work_Book_ARCH_DASHBOARD_p.csv
PARTIAL RUN 08/15/21
cd /apps/sales/EA_SALES_Prod_860/DATA/SALES_ANAPLAN_OIC/work/anaplan-connect-1-3-3-3
./AnaplanClient.sh -user anpadmua.gen@cisco.com:L5EJNstptxpa8A7 -workspace 8a868cd87a25f4cf017a54dbb22c16e3 -model 2FA3B2DE0B544E139FD6BB012D2DA513 -export 'Architecture Goaling DB - Daily 4 times Export' -execute -get /apps/sales/EA_SALES_Prod_860/DATA/SALES_ANAPLAN_OIC/work/Work_Book_ARCH_DASHBOARD_p.csv
The operation was successful.

The server file Architecture Goaling DB - Daily 4 times Export has been downloaded to /apps/sales/EA_SALES_Prod_860/DATA/SALES_ANAPLAN_OIC/work/Work_Book_ARCH_DASHBOARD_p.csv
PARTIAL RUN 08/15/21
cd /apps/sales/EA_SALES_Prod_860/DATA/SALES_ANAPLAN_OIC/work/anaplan-connect-1-3-3-3
./AnaplanClient.sh -user anpadmua.gen@cisco.com:L5EJNstptxpa8A7 -workspace 8a868cd87a25f4cf017a54dbb22c16e3 -model 2FA3B2DE0B544E139FD6BB012D2DA513 -export 'Architecture Goaling DB - Daily 4 times Export' -execute -get /apps/sales/EA_SALES_Prod_860/DATA/SALES_ANAPLAN_OIC/work/Work_Book_ARCH_DASHBOARD_p.csv
The operation was successful.

The server file Architecture Goaling DB - Daily 4 times Export has been downloaded to /apps/sales/EA_SALES_Prod_860/DATA/SALES_ANAPLAN_OIC/work/Work_Book_ARCH_DASHBOARD_p.csv
PARTIAL RUN 08/15/21
cd /apps/sales/EA_SALES_Prod_860/DATA/SALES_ANAPLAN_OIC/work/anaplan-connect-1-3-3-3
./AnaplanClient.sh -user anpadmua.gen@cisco.com:L5EJNstptxpa8A7 -workspace 8a868cd87a25f4cf017a54dbb22c16e3 -model 2FA3B2DE0B544E139FD6BB012D2DA513 -export 'Architecture Goaling DB - Daily 4 times Export' -execute -get /apps/sales/EA_SALES_Prod_860/DATA/SALES_ANAPLAN_OIC/work/Work_Book_ARCH_DASHBOARD_p.csv
The operation was successful.

The server file Architecture Goaling DB - Daily 4 times Export has been downloaded to /apps/sales/EA_SALES_Prod_860/DATA/SALES_ANAPLAN_OIC/work/Work_Book_ARCH_DASHBOARD_p.csv
PARTIAL RUN 08/15/21
cd /apps/sales/EA_SALES_Prod_860/DATA/SALES_ANAPLAN_OIC/work/anaplan-connect-1-3-3-3
./AnaplanClient.sh -user anpadmua.gen@cisco.com:L5EJNstptxpa8A7 -workspace 8a868cd87a25f4cf017a54dbb22c16e3 -model 2FA3B2DE0B544E139FD6BB012D2DA513 -export 'Architecture Goaling DB - Daily 4 times Export' -execute -get /apps/sales/EA_SALES_Prod_860/DATA/SALES_ANAPLAN_OIC/work/Work_Book_ARCH_DASHBOARD_p.csv
The operation was successful.

The server file Architecture Goaling DB - Daily 4 times Export has been downloaded to /apps/sales/EA_SALES_Prod_860/DATA/SALES_ANAPLAN_OIC/work/Work_Book_ARCH_DASHBOARD_p.csv
PARTIAL RUN 08/16/21
cd /apps/sales/EA_SALES_Prod_860/DATA/SALES_ANAPLAN_OIC/work/anaplan-connect-1-3-3-3
./AnaplanClient.sh -user anpadmua.gen@cisco.com:L5EJNstptxpa8A7 -workspace 8a868cd87a25f4cf017a54dbb22c16e3 -model 2FA3B2DE0B544E139FD6BB012D2DA513 -export 'Architecture Goaling DB - Daily 4 times Export' -execute -get /apps/sales/EA_SALES_Prod_860/DATA/SALES_ANAPLAN_OIC/work/Work_Book_ARCH_DASHBOARD_p.csv
The operation was successful.

The server file Architecture Goaling DB - Daily 4 times Export has been downloaded to /apps/sales/EA_SALES_Prod_860/DATA/SALES_ANAPLAN_OIC/work/Work_Book_ARCH_DASHBOARD_p.csv
PARTIAL RUN 08/16/21
cd /apps/sales/EA_SALES_Prod_860/DATA/SALES_ANAPLAN_OIC/work/anaplan-connect-1-3-3-3
./AnaplanClient.sh -user anpadmua.gen@cisco.com:L5EJNstptxpa8A7 -workspace 8a868cd87a25f4cf017a54dbb22c16e3 -model 2FA3B2DE0B544E139FD6BB012D2DA513 -export 'Architecture Goaling DB - Daily 4 times Export' -execute -get /apps/sales/EA_SALES_Prod_860/DATA/SALES_ANAPLAN_OIC/work/Work_Book_ARCH_DASHBOARD_p.csv
The operation was successful.

The server file Architecture Goaling DB - Daily 4 times Export has been downloaded to /apps/sales/EA_SALES_Prod_860/DATA/SALES_ANAPLAN_OIC/work/Work_Book_ARCH_DASHBOARD_p.csv
PARTIAL RUN 08/16/21
cd /apps/sales/EA_SALES_Prod_860/DATA/SALES_ANAPLAN_OIC/work/anaplan-connect-1-3-3-3
./AnaplanClient.sh -user anpadmua.gen@cisco.com:L5EJNstptxpa8A7 -workspace 8a868cd87a25f4cf017a54dbb22c16e3 -model 2FA3B2DE0B544E139FD6BB012D2DA513 -export 'Architecture Goaling DB - Daily 4 times Export' -execute -get /apps/sales/EA_SALES_Prod_860/DATA/SALES_ANAPLAN_OIC/work/Work_Book_ARCH_DASHBOARD_p.csv
The operation was successful.

The server file Architecture Goaling DB - Daily 4 times Export has been downloaded to /apps/sales/EA_SALES_Prod_860/DATA/SALES_ANAPLAN_OIC/work/Work_Book_ARCH_DASHBOARD_p.csv
PARTIAL RUN 08/17/21
cd /apps/sales/EA_SALES_Prod_860/DATA/SALES_ANAPLAN_OIC/work/anaplan-connect-1-3-3-3
./AnaplanClient.sh -user anpadmua.gen@cisco.com:L5EJNstptxpa8A7 -workspace 8a868cd87a25f4cf017a54dbb22c16e3 -model 2FA3B2DE0B544E139FD6BB012D2DA513 -export 'Architecture Goaling DB - Daily 4 times Export' -execute -get /apps/sales/EA_SALES_Prod_860/DATA/SALES_ANAPLAN_OIC/work/Work_Book_ARCH_DASHBOARD_p.csv
The operation was successful.

The server file Architecture Goaling DB - Daily 4 times Export has been downloaded to /apps/sales/EA_SALES_Prod_860/DATA/SALES_ANAPLAN_OIC/work/Work_Book_ARCH_DASHBOARD_p.csv
PARTIAL RUN 08/17/21
cd /apps/sales/EA_SALES_Prod_860/DATA/SALES_ANAPLAN_OIC/work/anaplan-connect-1-3-3-3
./AnaplanClient.sh -user anpadmua.gen@cisco.com:L5EJNstptxpa8A7 -workspace 8a81b0127122eab9017135e305d61914 -model DE477349B5854B18A63DD51584E5BC33 -export 'Architecture Goaling DB - Daily 4 times Export' -execute -get /apps/sales/EA_SALES_Prod_860/DATA/SALES_ANAPLAN_OIC/work/Work_Book_ARCH_DASHBOARD_p.csv
The operation was successful.

The server file Architecture Goaling DB - Daily 4 times Export has been downloaded to /apps/sales/EA_SALES_Prod_860/DATA/SALES_ANAPLAN_OIC/work/Work_Book_ARCH_DASHBOARD_p.csv
PARTIAL RUN 08/17/21
cd /apps/sales/EA_SALES_Prod_860/DATA/SALES_ANAPLAN_OIC/work/anaplan-connect-1-3-3-3
./AnaplanClient.sh -user anpadmua.gen@cisco.com:L5EJNstptxpa8A7 -workspace 8a81b0127122eab9017135e305d61914 -model DE477349B5854B18A63DD51584E5BC33 -export 'Architecture Goaling DB - Daily 4 times Export' -execute -get /apps/sales/EA_SALES_Prod_860/DATA/SALES_ANAPLAN_OIC/work/Work_Book_ARCH_DASHBOARD_p.csv
The operation was successful.

The server file Architecture Goaling DB - Daily 4 times Export has been downloaded to /apps/sales/EA_SALES_Prod_860/DATA/SALES_ANAPLAN_OIC/work/Work_Book_ARCH_DASHBOARD_p.csv
PARTIAL RUN 08/17/21
cd /apps/sales/EA_SALES_Prod_860/DATA/SALES_ANAPLAN_OIC/work/anaplan-connect-1-3-3-3
./AnaplanClient.sh -user anpadmua.gen@cisco.com:L5EJNstptxpa8A7 -workspace 8a868cd87a25f4cf017a54dbb22c16e3 -model 2FA3B2DE0B544E139FD6BB012D2DA513 -export 'Architecture Goaling DB - Daily 4 times Export' -execute -get /apps/sales/EA_SALES_Prod_860/DATA/SALES_ANAPLAN_OIC/work/Work_Book_ARCH_DASHBOARD_p.csv
The operation was successful.

The server file Architecture Goaling DB - Daily 4 times Export has been downloaded to /apps/sales/EA_SALES_Prod_860/DATA/SALES_ANAPLAN_OIC/work/Work_Book_ARCH_DASHBOARD_p.csv
PARTIAL RUN 08/17/21
cd /apps/sales/EA_SALES_Prod_860/DATA/SALES_ANAPLAN_OIC/work/anaplan-connect-1-3-3-3
./AnaplanClient.sh -user anpadmua.gen@cisco.com:L5EJNstptxpa8A7 -workspace 8a868cd87a25f4cf017a54dbb22c16e3 -model 2FA3B2DE0B544E139FD6BB012D2DA513 -export 'Architecture Goaling DB - Daily 4 times Export' -execute -get /apps/sales/EA_SALES_Prod_860/DATA/SALES_ANAPLAN_OIC/work/Work_Book_ARCH_DASHBOARD_p.csv
The operation was successful.

The server file Architecture Goaling DB - Daily 4 times Export has been downloaded to /apps/sales/EA_SALES_Prod_860/DATA/SALES_ANAPLAN_OIC/work/Work_Book_ARCH_DASHBOARD_p.csv
PARTIAL RUN 08/17/21
cd /apps/sales/EA_SALES_Prod_860/DATA/SALES_ANAPLAN_OIC/work/anaplan-connect-1-3-3-3
./AnaplanClient.sh -user anpadmua.gen@cisco.com:L5EJNstptxpa8A7 -workspace 8a868cd87a25f4cf017a54dbb22c16e3 -model 2FA3B2DE0B544E139FD6BB012D2DA513 -export 'Architecture Goaling DB - Daily 4 times Export' -execute -get /apps/sales/EA_SALES_Prod_860/DATA/SALES_ANAPLAN_OIC/work/Work_Book_ARCH_DASHBOARD_p.csv
The operation was successful.

The server file Architecture Goaling DB - Daily 4 times Export has been downloaded to /apps/sales/EA_SALES_Prod_860/DATA/SALES_ANAPLAN_OIC/work/Work_Book_ARCH_DASHBOARD_p.csv
PARTIAL RUN 08/18/21
cd /apps/sales/EA_SALES_Prod_860/DATA/SALES_ANAPLAN_OIC/work/anaplan-connect-1-3-3-3
./AnaplanClient.sh -user anpadmua.gen@cisco.com:L5EJNstptxpa8A7 -workspace 8a868cd87a25f4cf017a54dbb22c16e3 -model 2FA3B2DE0B544E139FD6BB012D2DA513 -export 'Architecture Goaling DB - Daily 4 times Export' -execute -get /apps/sales/EA_SALES_Prod_860/DATA/SALES_ANAPLAN_OIC/work/Work_Book_ARCH_DASHBOARD_p.csv
The operation was successful.

The server file Architecture Goaling DB - Daily 4 times Export has been downloaded to /apps/sales/EA_SALES_Prod_860/DATA/SALES_ANAPLAN_OIC/work/Work_Book_ARCH_DASHBOARD_p.csv
PARTIAL RUN 08/18/21
cd /apps/sales/EA_SALES_Prod_860/DATA/SALES_ANAPLAN_OIC/work/anaplan-connect-1-3-3-3
./AnaplanClient.sh -user anpadmua.gen@cisco.com:L5EJNstptxpa8A7 -workspace 8a868cd87a25f4cf017a54dbb22c16e3 -model 2FA3B2DE0B544E139FD6BB012D2DA513 -export 'Architecture Goaling DB - Daily 4 times Export' -execute -get /apps/sales/EA_SALES_Prod_860/DATA/SALES_ANAPLAN_OIC/work/Work_Book_ARCH_DASHBOARD_p.csv
The operation was successful.

The server file Architecture Goaling DB - Daily 4 times Export has been downloaded to /apps/sales/EA_SALES_Prod_860/DATA/SALES_ANAPLAN_OIC/work/Work_Book_ARCH_DASHBOARD_p.csv
PARTIAL RUN 08/18/21
cd /apps/sales/EA_SALES_Prod_860/DATA/SALES_ANAPLAN_OIC/work/anaplan-connect-1-3-3-3
./AnaplanClient.sh -user anpadmua.gen@cisco.com:L5EJNstptxpa8A7 -workspace 8a868cd87a25f4cf017a54dbb22c16e3 -model 2FA3B2DE0B544E139FD6BB012D2DA513 -export 'Architecture Goaling DB - Daily 4 times Export' -execute -get /apps/sales/EA_SALES_Prod_860/DATA/SALES_ANAPLAN_OIC/work/Work_Book_ARCH_DASHBOARD_p.csv
The operation was successful.

The server file Architecture Goaling DB - Daily 4 times Export has been downloaded to /apps/sales/EA_SALES_Prod_860/DATA/SALES_ANAPLAN_OIC/work/Work_Book_ARCH_DASHBOARD_p.csv
PARTIAL RUN 08/18/21
cd /apps/sales/EA_SALES_Prod_860/DATA/SALES_ANAPLAN_OIC/work/anaplan-connect-1-3-3-3
./AnaplanClient.sh -user anpadmua.gen@cisco.com:L5EJNstptxpa8A7 -workspace 8a868cd87a25f4cf017a54dbb22c16e3 -model 2FA3B2DE0B544E139FD6BB012D2DA513 -export 'Architecture Goaling DB - Daily 4 times Export' -execute -get /apps/sales/EA_SALES_Prod_860/DATA/SALES_ANAPLAN_OIC/work/Work_Book_ARCH_DASHBOARD_p.csv
The operation was successful.

The server file Architecture Goaling DB - Daily 4 times Export has been downloaded to /apps/sales/EA_SALES_Prod_860/DATA/SALES_ANAPLAN_OIC/work/Work_Book_ARCH_DASHBOARD_p.csv
PARTIAL RUN 08/19/21
cd /apps/sales/EA_SALES_Prod_860/DATA/SALES_ANAPLAN_OIC/work/anaplan-connect-1-3-3-3
./AnaplanClient.sh -user anpadmua.gen@cisco.com:L5EJNstptxpa8A7 -workspace 8a868cd87a25f4cf017a54dbb22c16e3 -model 2FA3B2DE0B544E139FD6BB012D2DA513 -export 'Architecture Goaling DB - Daily 4 times Export' -execute -get /apps/sales/EA_SALES_Prod_860/DATA/SALES_ANAPLAN_OIC/work/Work_Book_ARCH_DASHBOARD_p.csv
The operation was successful.

The server file Architecture Goaling DB - Daily 4 times Export has been downloaded to /apps/sales/EA_SALES_Prod_860/DATA/SALES_ANAPLAN_OIC/work/Work_Book_ARCH_DASHBOARD_p.csv
PARTIAL RUN 08/19/21
cd /apps/sales/EA_SALES_Prod_860/DATA/SALES_ANAPLAN_OIC/work/anaplan-connect-1-3-3-3
./AnaplanClient.sh -user anpadmua.gen@cisco.com:L5EJNstptxpa8A7 -workspace 8a868cd87a25f4cf017a54dbb22c16e3 -model 2FA3B2DE0B544E139FD6BB012D2DA513 -export 'Architecture Goaling DB - Daily 4 times Export' -execute -get /apps/sales/EA_SALES_Prod_860/DATA/SALES_ANAPLAN_OIC/work/Work_Book_ARCH_DASHBOARD_p.csv
The operation was successful.

The server file Architecture Goaling DB - Daily 4 times Export has been downloaded to /apps/sales/EA_SALES_Prod_860/DATA/SALES_ANAPLAN_OIC/work/Work_Book_ARCH_DASHBOARD_p.csv
PARTIAL RUN 08/19/21
cd /apps/sales/EA_SALES_Prod_860/DATA/SALES_ANAPLAN_OIC/work/anaplan-connect-1-3-3-3
./AnaplanClient.sh -user anpadmua.gen@cisco.com:L5EJNstptxpa8A7 -workspace 8a868cd87a25f4cf017a54dbb22c16e3 -model 2FA3B2DE0B544E139FD6BB012D2DA513 -export 'Architecture Goaling DB - Daily 4 times Export' -execute -get /apps/sales/EA_SALES_Prod_860/DATA/SALES_ANAPLAN_OIC/work/Work_Book_ARCH_DASHBOARD_p.csv
The operation was successful.

The server file Architecture Goaling DB - Daily 4 times Export has been downloaded to /apps/sales/EA_SALES_Prod_860/DATA/SALES_ANAPLAN_OIC/work/Work_Book_ARCH_DASHBOARD_p.csv
PARTIAL RUN 08/19/21
cd /apps/sales/EA_SALES_Prod_860/DATA/SALES_ANAPLAN_OIC/work/anaplan-connect-1-3-3-3
./AnaplanClient.sh -user anpadmua.gen@cisco.com:L5EJNstptxpa8A7 -workspace 8a868cd87a25f4cf017a54dbb22c16e3 -model 2FA3B2DE0B544E139FD6BB012D2DA513 -export 'Architecture Goaling DB - Daily 4 times Export' -execute -get /apps/sales/EA_SALES_Prod_860/DATA/SALES_ANAPLAN_OIC/work/Work_Book_ARCH_DASHBOARD_p.csv
The operation was successful.

The server file Architecture Goaling DB - Daily 4 times Export has been downloaded to /apps/sales/EA_SALES_Prod_860/DATA/SALES_ANAPLAN_OIC/work/Work_Book_ARCH_DASHBOARD_p.csv
PARTIAL RUN 08/20/21
cd /apps/sales/EA_SALES_Prod_860/DATA/SALES_ANAPLAN_OIC/work/anaplan-connect-1-3-3-3
./AnaplanClient.sh -user anpadmua.gen@cisco.com:L5EJNstptxpa8A7 -workspace 8a868cd87a25f4cf017a54dbb22c16e3 -model 2FA3B2DE0B544E139FD6BB012D2DA513 -export 'Architecture Goaling DB - Daily 4 times Export' -execute -get /apps/sales/EA_SALES_Prod_860/DATA/SALES_ANAPLAN_OIC/work/Work_Book_ARCH_DASHBOARD_p.csv
The operation was successful.

The server file Architecture Goaling DB - Daily 4 times Export has been downloaded to /apps/sales/EA_SALES_Prod_860/DATA/SALES_ANAPLAN_OIC/work/Work_Book_ARCH_DASHBOARD_p.csv
PARTIAL RUN 08/20/21
cd /apps/sales/EA_SALES_Prod_860/DATA/SALES_ANAPLAN_OIC/work/anaplan-connect-1-3-3-3
./AnaplanClient.sh -user anpadmua.gen@cisco.com:L5EJNstptxpa8A7 -workspace 8a868cd87a25f4cf017a54dbb22c16e3 -model 2FA3B2DE0B544E139FD6BB012D2DA513 -export 'Architecture Goaling DB - Daily 4 times Export' -execute -get /apps/sales/EA_SALES_Prod_860/DATA/SALES_ANAPLAN_OIC/work/Work_Book_ARCH_DASHBOARD_p.csv
The operation was successful.

The server file Architecture Goaling DB - Daily 4 times Export has been downloaded to /apps/sales/EA_SALES_Prod_860/DATA/SALES_ANAPLAN_OIC/work/Work_Book_ARCH_DASHBOARD_p.csv
PARTIAL RUN 08/20/21
cd /apps/sales/EA_SALES_Prod_860/DATA/SALES_ANAPLAN_OIC/work/anaplan-connect-1-3-3-3
./AnaplanClient.sh -user anpadmua.gen@cisco.com:L5EJNstptxpa8A7 -workspace 8a868cd87a25f4cf017a54dbb22c16e3 -model 2FA3B2DE0B544E139FD6BB012D2DA513 -export 'Architecture Goaling DB - Daily 4 times Export' -execute -get /apps/sales/EA_SALES_Prod_860/DATA/SALES_ANAPLAN_OIC/work/Work_Book_ARCH_DASHBOARD_p.csv
The operation was successful.

The server file Architecture Goaling DB - Daily 4 times Export has been downloaded to /apps/sales/EA_SALES_Prod_860/DATA/SALES_ANAPLAN_OIC/work/Work_Book_ARCH_DASHBOARD_p.csv
PARTIAL RUN 08/20/21
cd /apps/sales/EA_SALES_Prod_860/DATA/SALES_ANAPLAN_OIC/work/anaplan-connect-1-3-3-3
./AnaplanClient.sh -user anpadmua.gen@cisco.com:L5EJNstptxpa8A7 -workspace 8a868cd87a25f4cf017a54dbb22c16e3 -model 2FA3B2DE0B544E139FD6BB012D2DA513 -export 'Architecture Goaling DB - Daily 4 times Export' -execute -get /apps/sales/EA_SALES_Prod_860/DATA/SALES_ANAPLAN_OIC/work/Work_Book_ARCH_DASHBOARD_p.csv
The operation was successful.

The server file Architecture Goaling DB - Daily 4 times Export has been downloaded to /apps/sales/EA_SALES_Prod_860/DATA/SALES_ANAPLAN_OIC/work/Work_Book_ARCH_DASHBOARD_p.csv
PARTIAL RUN 08/21/21
cd /apps/sales/EA_SALES_Prod_860/DATA/SALES_ANAPLAN_OIC/work/anaplan-connect-1-3-3-3
./AnaplanClient.sh -user anpadmua.gen@cisco.com:L5EJNstptxpa8A7 -workspace 8a868cd87a25f4cf017a54dbb22c16e3 -model 2FA3B2DE0B544E139FD6BB012D2DA513 -export 'Architecture Goaling DB - Daily 4 times Export' -execute -get /apps/sales/EA_SALES_Prod_860/DATA/SALES_ANAPLAN_OIC/work/Work_Book_ARCH_DASHBOARD_p.csv
The operation was successful.

The server file Architecture Goaling DB - Daily 4 times Export has been downloaded to /apps/sales/EA_SALES_Prod_860/DATA/SALES_ANAPLAN_OIC/work/Work_Book_ARCH_DASHBOARD_p.csv
PARTIAL RUN 08/21/21
cd /apps/sales/EA_SALES_Prod_860/DATA/SALES_ANAPLAN_OIC/work/anaplan-connect-1-3-3-3
./AnaplanClient.sh -user anpadmua.gen@cisco.com:L5EJNstptxpa8A7 -workspace 8a868cd87a25f4cf017a54dbb22c16e3 -model 2FA3B2DE0B544E139FD6BB012D2DA513 -export 'Architecture Goaling DB - Daily 4 times Export' -execute -get /apps/sales/EA_SALES_Prod_860/DATA/SALES_ANAPLAN_OIC/work/Work_Book_ARCH_DASHBOARD_p.csv
The operation was successful.

The server file Architecture Goaling DB - Daily 4 times Export has been downloaded to /apps/sales/EA_SALES_Prod_860/DATA/SALES_ANAPLAN_OIC/work/Work_Book_ARCH_DASHBOARD_p.csv
PARTIAL RUN 08/21/21
cd /apps/sales/EA_SALES_Prod_860/DATA/SALES_ANAPLAN_OIC/work/anaplan-connect-1-3-3-3
./AnaplanClient.sh -user anpadmua.gen@cisco.com:L5EJNstptxpa8A7 -workspace 8a868cd87a25f4cf017a54dbb22c16e3 -model 2FA3B2DE0B544E139FD6BB012D2DA513 -export 'Architecture Goaling DB - Daily 4 times Export' -execute -get /apps/sales/EA_SALES_Prod_860/DATA/SALES_ANAPLAN_OIC/work/Work_Book_ARCH_DASHBOARD_p.csv
The operation was successful.

The server file Architecture Goaling DB - Daily 4 times Export has been downloaded to /apps/sales/EA_SALES_Prod_860/DATA/SALES_ANAPLAN_OIC/work/Work_Book_ARCH_DASHBOARD_p.csv
PARTIAL RUN 08/21/21
cd /apps/sales/EA_SALES_Prod_860/DATA/SALES_ANAPLAN_OIC/work/anaplan-connect-1-3-3-3
./AnaplanClient.sh -user anpadmua.gen@cisco.com:L5EJNstptxpa8A7 -workspace 8a868cd87a25f4cf017a54dbb22c16e3 -model 2FA3B2DE0B544E139FD6BB012D2DA513 -export 'Architecture Goaling DB - Daily 4 times Export' -execute -get /apps/sales/EA_SALES_Prod_860/DATA/SALES_ANAPLAN_OIC/work/Work_Book_ARCH_DASHBOARD_p.csv
The operation was successful.

The server file Architecture Goaling DB - Daily 4 times Export has been downloaded to /apps/sales/EA_SALES_Prod_860/DATA/SALES_ANAPLAN_OIC/work/Work_Book_ARCH_DASHBOARD_p.csv
PARTIAL RUN 08/22/21
cd /apps/sales/EA_SALES_Prod_860/DATA/SALES_ANAPLAN_OIC/work/anaplan-connect-1-3-3-3
./AnaplanClient.sh -user anpadmua.gen@cisco.com:L5EJNstptxpa8A7 -workspace 8a868cd87a25f4cf017a54dbb22c16e3 -model 2FA3B2DE0B544E139FD6BB012D2DA513 -export 'Architecture Goaling DB - Daily 4 times Export' -execute -get /apps/sales/EA_SALES_Prod_860/DATA/SALES_ANAPLAN_OIC/work/Work_Book_ARCH_DASHBOARD_p.csv
The operation was successful.

The server file Architecture Goaling DB - Daily 4 times Export has been downloaded to /apps/sales/EA_SALES_Prod_860/DATA/SALES_ANAPLAN_OIC/work/Work_Book_ARCH_DASHBOARD_p.csv
PARTIAL RUN 08/22/21
cd /apps/sales/EA_SALES_Prod_860/DATA/SALES_ANAPLAN_OIC/work/anaplan-connect-1-3-3-3
./AnaplanClient.sh -user anpadmua.gen@cisco.com:L5EJNstptxpa8A7 -workspace 8a868cd87a25f4cf017a54dbb22c16e3 -model 2FA3B2DE0B544E139FD6BB012D2DA513 -export 'Architecture Goaling DB - Daily 4 times Export' -execute -get /apps/sales/EA_SALES_Prod_860/DATA/SALES_ANAPLAN_OIC/work/Work_Book_ARCH_DASHBOARD_p.csv
The operation was successful.

The server file Architecture Goaling DB - Daily 4 times Export has been downloaded to /apps/sales/EA_SALES_Prod_860/DATA/SALES_ANAPLAN_OIC/work/Work_Book_ARCH_DASHBOARD_p.csv
PARTIAL RUN 08/22/21
cd /apps/sales/EA_SALES_Prod_860/DATA/SALES_ANAPLAN_OIC/work/anaplan-connect-1-3-3-3
./AnaplanClient.sh -user anpadmua.gen@cisco.com:L5EJNstptxpa8A7 -workspace 8a868cd87a25f4cf017a54dbb22c16e3 -model 2FA3B2DE0B544E139FD6BB012D2DA513 -export 'Architecture Goaling DB - Daily 4 times Export' -execute -get /apps/sales/EA_SALES_Prod_860/DATA/SALES_ANAPLAN_OIC/work/Work_Book_ARCH_DASHBOARD_p.csv
The operation was successful.

The server file Architecture Goaling DB - Daily 4 times Export has been downloaded to /apps/sales/EA_SALES_Prod_860/DATA/SALES_ANAPLAN_OIC/work/Work_Book_ARCH_DASHBOARD_p.csv
PARTIAL RUN 08/22/21
cd /apps/sales/EA_SALES_Prod_860/DATA/SALES_ANAPLAN_OIC/work/anaplan-connect-1-3-3-3
./AnaplanClient.sh -user anpadmua.gen@cisco.com:L5EJNstptxpa8A7 -workspace 8a868cd87a25f4cf017a54dbb22c16e3 -model 2FA3B2DE0B544E139FD6BB012D2DA513 -export 'Architecture Goaling DB - Daily 4 times Export' -execute -get /apps/sales/EA_SALES_Prod_860/DATA/SALES_ANAPLAN_OIC/work/Work_Book_ARCH_DASHBOARD_p.csv
The operation was successful.

The server file Architecture Goaling DB - Daily 4 times Export has been downloaded to /apps/sales/EA_SALES_Prod_860/DATA/SALES_ANAPLAN_OIC/work/Work_Book_ARCH_DASHBOARD_p.csv
PARTIAL RUN 08/23/21
cd /apps/sales/EA_SALES_Prod_860/DATA/SALES_ANAPLAN_OIC/work/anaplan-connect-1-3-3-3
./AnaplanClient.sh -user anpadmua.gen@cisco.com:L5EJNstptxpa8A7 -workspace 8a868cd87a25f4cf017a54dbb22c16e3 -model 2FA3B2DE0B544E139FD6BB012D2DA513 -export 'Architecture Goaling DB - Daily 4 times Export' -execute -get /apps/sales/EA_SALES_Prod_860/DATA/SALES_ANAPLAN_OIC/work/Work_Book_ARCH_DASHBOARD_p.csv
The operation was successful.

The server file Architecture Goaling DB - Daily 4 times Export has been downloaded to /apps/sales/EA_SALES_Prod_860/DATA/SALES_ANAPLAN_OIC/work/Work_Book_ARCH_DASHBOARD_p.csv
PARTIAL RUN 08/23/21
cd /apps/sales/EA_SALES_Prod_860/DATA/SALES_ANAPLAN_OIC/work/anaplan-connect-1-3-3-3
./AnaplanClient.sh -user anpadmua.gen@cisco.com:L5EJNstptxpa8A7 -workspace 8a868cd87a25f4cf017a54dbb22c16e3 -model 2FA3B2DE0B544E139FD6BB012D2DA513 -export 'Architecture Goaling DB - Daily 4 times Export' -execute -get /apps/sales/EA_SALES_Prod_860/DATA/SALES_ANAPLAN_OIC/work/Work_Book_ARCH_DASHBOARD_p.csv
The operation was successful.

The server file Architecture Goaling DB - Daily 4 times Export has been downloaded to /apps/sales/EA_SALES_Prod_860/DATA/SALES_ANAPLAN_OIC/work/Work_Book_ARCH_DASHBOARD_p.csv
PARTIAL RUN 08/23/21
cd /apps/sales/EA_SALES_Prod_860/DATA/SALES_ANAPLAN_OIC/work/anaplan-connect-1-3-3-3
./AnaplanClient.sh -user anpadmua.gen@cisco.com:L5EJNstptxpa8A7 -workspace 8a868cd87a25f4cf017a54dbb22c16e3 -model 2FA3B2DE0B544E139FD6BB012D2DA513 -export 'Architecture Goaling DB - Daily 4 times Export' -execute -get /apps/sales/EA_SALES_Prod_860/DATA/SALES_ANAPLAN_OIC/work/Work_Book_ARCH_DASHBOARD_p.csv
The operation was successful.

The server file Architecture Goaling DB - Daily 4 times Export has been downloaded to /apps/sales/EA_SALES_Prod_860/DATA/SALES_ANAPLAN_OIC/work/Work_Book_ARCH_DASHBOARD_p.csv
PARTIAL RUN 08/23/21
cd /apps/sales/EA_SALES_Prod_860/DATA/SALES_ANAPLAN_OIC/work/anaplan-connect-1-3-3-3
./AnaplanClient.sh -user anpadmua.gen@cisco.com:L5EJNstptxpa8A7 -workspace 8a868cd87a25f4cf017a54dbb22c16e3 -model 2FA3B2DE0B544E139FD6BB012D2DA513 -export 'Architecture Goaling DB - Daily 4 times Export' -execute -get /apps/sales/EA_SALES_Prod_860/DATA/SALES_ANAPLAN_OIC/work/Work_Book_ARCH_DASHBOARD_p.csv
The operation was successful.

The server file Architecture Goaling DB - Daily 4 times Export has been downloaded to /apps/sales/EA_SALES_Prod_860/DATA/SALES_ANAPLAN_OIC/work/Work_Book_ARCH_DASHBOARD_p.csv
PARTIAL RUN 08/24/21
cd /apps/sales/EA_SALES_Prod_860/DATA/SALES_ANAPLAN_OIC/work/anaplan-connect-1-3-3-3
./AnaplanClient.sh -user anpadmua.gen@cisco.com:L5EJNstptxpa8A7 -workspace 8a868cd87a25f4cf017a54dbb22c16e3 -model 2FA3B2DE0B544E139FD6BB012D2DA513 -export 'Architecture Goaling DB - Daily 4 times Export' -execute -get /apps/sales/EA_SALES_Prod_860/DATA/SALES_ANAPLAN_OIC/work/Work_Book_ARCH_DASHBOARD_p.csv
The operation was successful.

The server file Architecture Goaling DB - Daily 4 times Export has been downloaded to /apps/sales/EA_SALES_Prod_860/DATA/SALES_ANAPLAN_OIC/work/Work_Book_ARCH_DASHBOARD_p.csv
PARTIAL RUN 08/24/21
cd /apps/sales/EA_SALES_Prod_860/DATA/SALES_ANAPLAN_OIC/work/anaplan-connect-1-3-3-3
./AnaplanClient.sh -user anpadmua.gen@cisco.com:L5EJNstptxpa8A7 -workspace 8a868cd87a25f4cf017a54dbb22c16e3 -model 2FA3B2DE0B544E139FD6BB012D2DA513 -export 'Architecture Goaling DB - Daily 4 times Export' -execute -get /apps/sales/EA_SALES_Prod_860/DATA/SALES_ANAPLAN_OIC/work/Work_Book_ARCH_DASHBOARD_p.csv
The operation was successful.

The server file Architecture Goaling DB - Daily 4 times Export has been downloaded to /apps/sales/EA_SALES_Prod_860/DATA/SALES_ANAPLAN_OIC/work/Work_Book_ARCH_DASHBOARD_p.csv
PARTIAL RUN 08/24/21
cd /apps/sales/EA_SALES_Prod_860/DATA/SALES_ANAPLAN_OIC/work/anaplan-connect-1-3-3-3
./AnaplanClient.sh -user anpadmua.gen@cisco.com:L5EJNstptxpa8A7 -workspace 8a868cd87a25f4cf017a54dbb22c16e3 -model 2FA3B2DE0B544E139FD6BB012D2DA513 -export 'Architecture Goaling DB - Daily 4 times Export' -execute -get /apps/sales/EA_SALES_Prod_860/DATA/SALES_ANAPLAN_OIC/work/Work_Book_ARCH_DASHBOARD_p.csv
The operation was successful.

The server file Architecture Goaling DB - Daily 4 times Export has been downloaded to /apps/sales/EA_SALES_Prod_860/DATA/SALES_ANAPLAN_OIC/work/Work_Book_ARCH_DASHBOARD_p.csv
PARTIAL RUN 08/24/21
cd /apps/sales/EA_SALES_Prod_860/DATA/SALES_ANAPLAN_OIC/work/anaplan-connect-1-3-3-3
./AnaplanClient.sh -user anpadmua.gen@cisco.com:L5EJNstptxpa8A7 -workspace 8a868cd87a25f4cf017a54dbb22c16e3 -model 2FA3B2DE0B544E139FD6BB012D2DA513 -export 'Architecture Goaling DB - Daily 4 times Export' -execute -get /apps/sales/EA_SALES_Prod_860/DATA/SALES_ANAPLAN_OIC/work/Work_Book_ARCH_DASHBOARD_p.csv
The operation was successful.

The server file Architecture Goaling DB - Daily 4 times Export has been downloaded to /apps/sales/EA_SALES_Prod_860/DATA/SALES_ANAPLAN_OIC/work/Work_Book_ARCH_DASHBOARD_p.csv
PARTIAL RUN 08/25/21
cd /apps/sales/EA_SALES_Prod_860/DATA/SALES_ANAPLAN_OIC/work/anaplan-connect-1-3-3-3
./AnaplanClient.sh -user anpadmua.gen@cisco.com:L5EJNstptxpa8A7 -workspace 8a868cd87a25f4cf017a54dbb22c16e3 -model 2FA3B2DE0B544E139FD6BB012D2DA513 -export 'Architecture Goaling DB - Daily 4 times Export' -execute -get /apps/sales/EA_SALES_Prod_860/DATA/SALES_ANAPLAN_OIC/work/Work_Book_ARCH_DASHBOARD_p.csv
The operation was successful.

The server file Architecture Goaling DB - Daily 4 times Export has been downloaded to /apps/sales/EA_SALES_Prod_860/DATA/SALES_ANAPLAN_OIC/work/Work_Book_ARCH_DASHBOARD_p.csv
PARTIAL RUN 08/25/21
cd /apps/sales/EA_SALES_Prod_860/DATA/SALES_ANAPLAN_OIC/work/anaplan-connect-1-3-3-3
./AnaplanClient.sh -user anpadmua.gen@cisco.com:L5EJNstptxpa8A7 -workspace 8a868cd87a25f4cf017a54dbb22c16e3 -model 2FA3B2DE0B544E139FD6BB012D2DA513 -export 'Architecture Goaling DB - Daily 4 times Export' -execute -get /apps/sales/EA_SALES_Prod_860/DATA/SALES_ANAPLAN_OIC/work/Work_Book_ARCH_DASHBOARD_p.csv
The operation was successful.

The server file Architecture Goaling DB - Daily 4 times Export has been downloaded to /apps/sales/EA_SALES_Prod_860/DATA/SALES_ANAPLAN_OIC/work/Work_Book_ARCH_DASHBOARD_p.csv
PARTIAL RUN 08/25/21
cd /apps/sales/EA_SALES_Prod_860/DATA/SALES_ANAPLAN_OIC/work/anaplan-connect-1-3-3-3
./AnaplanClient.sh -user anpadmua.gen@cisco.com:L5EJNstptxpa8A7 -workspace 8a868cd87a25f4cf017a54dbb22c16e3 -model 2FA3B2DE0B544E139FD6BB012D2DA513 -export 'Architecture Goaling DB - Daily 4 times Export' -execute -get /apps/sales/EA_SALES_Prod_860/DATA/SALES_ANAPLAN_OIC/work/Work_Book_ARCH_DASHBOARD_p.csv
The operation was successful.

The server file Architecture Goaling DB - Daily 4 times Export has been downloaded to /apps/sales/EA_SALES_Prod_860/DATA/SALES_ANAPLAN_OIC/work/Work_Book_ARCH_DASHBOARD_p.csv
PARTIAL RUN 08/25/21
cd /apps/sales/EA_SALES_Prod_860/DATA/SALES_ANAPLAN_OIC/work/anaplan-connect-1-3-3-3
./AnaplanClient.sh -user anpadmua.gen@cisco.com:L5EJNstptxpa8A7 -workspace 8a868cd87a25f4cf017a54dbb22c16e3 -model 2FA3B2DE0B544E139FD6BB012D2DA513 -export 'Architecture Goaling DB - Daily 4 times Export' -execute -get /apps/sales/EA_SALES_Prod_860/DATA/SALES_ANAPLAN_OIC/work/Work_Book_ARCH_DASHBOARD_p.csv
The operation was successful.

The server file Architecture Goaling DB - Daily 4 times Export has been downloaded to /apps/sales/EA_SALES_Prod_860/DATA/SALES_ANAPLAN_OIC/work/Work_Book_ARCH_DASHBOARD_p.csv
PARTIAL RUN 08/26/21
cd /apps/sales/EA_SALES_Prod_860/DATA/SALES_ANAPLAN_OIC/work/anaplan-connect-1-3-3-3
./AnaplanClient.sh -user anpadmua.gen@cisco.com:L5EJNstptxpa8A7 -workspace 8a868cd87a25f4cf017a54dbb22c16e3 -model 2FA3B2DE0B544E139FD6BB012D2DA513 -export 'Architecture Goaling DB - Daily 4 times Export' -execute -get /apps/sales/EA_SALES_Prod_860/DATA/SALES_ANAPLAN_OIC/work/Work_Book_ARCH_DASHBOARD_p.csv
The operation was successful.

The server file Architecture Goaling DB - Daily 4 times Export has been downloaded to /apps/sales/EA_SALES_Prod_860/DATA/SALES_ANAPLAN_OIC/work/Work_Book_ARCH_DASHBOARD_p.csv
PARTIAL RUN 08/26/21
cd /apps/sales/EA_SALES_Prod_860/DATA/SALES_ANAPLAN_OIC/work/anaplan-connect-1-3-3-3
./AnaplanClient.sh -user anpadmua.gen@cisco.com:L5EJNstptxpa8A7 -workspace 8a868cd87a25f4cf017a54dbb22c16e3 -model 2FA3B2DE0B544E139FD6BB012D2DA513 -export 'Architecture Goaling DB - Daily 4 times Export' -execute -get /apps/sales/EA_SALES_Prod_860/DATA/SALES_ANAPLAN_OIC/work/Work_Book_ARCH_DASHBOARD_p.csv
The operation was successful.

The server file Architecture Goaling DB - Daily 4 times Export has been downloaded to /apps/sales/EA_SALES_Prod_860/DATA/SALES_ANAPLAN_OIC/work/Work_Book_ARCH_DASHBOARD_p.csv
PARTIAL RUN 08/26/21
cd /apps/sales/EA_SALES_Prod_860/DATA/SALES_ANAPLAN_OIC/work/anaplan-connect-1-3-3-3
./AnaplanClient.sh -user anpadmua.gen@cisco.com:L5EJNstptxpa8A7 -workspace 8a868cd87a25f4cf017a54dbb22c16e3 -model 2FA3B2DE0B544E139FD6BB012D2DA513 -export 'Architecture Goaling DB - Daily 4 times Export' -execute -get /apps/sales/EA_SALES_Prod_860/DATA/SALES_ANAPLAN_OIC/work/Work_Book_ARCH_DASHBOARD_p.csv
The operation was successful.

The server file Architecture Goaling DB - Daily 4 times Export has been downloaded to /apps/sales/EA_SALES_Prod_860/DATA/SALES_ANAPLAN_OIC/work/Work_Book_ARCH_DASHBOARD_p.csv
PARTIAL RUN 08/26/21
cd /apps/sales/EA_SALES_Prod_860/DATA/SALES_ANAPLAN_OIC/work/anaplan-connect-1-3-3-3
./AnaplanClient.sh -user anpadmua.gen@cisco.com:L5EJNstptxpa8A7 -workspace 8a868cd87a25f4cf017a54dbb22c16e3 -model 2FA3B2DE0B544E139FD6BB012D2DA513 -export 'Architecture Goaling DB - Daily 4 times Export' -execute -get /apps/sales/EA_SALES_Prod_860/DATA/SALES_ANAPLAN_OIC/work/Work_Book_ARCH_DASHBOARD_p.csv
The operation was successful.

The server file Architecture Goaling DB - Daily 4 times Export has been downloaded to /apps/sales/EA_SALES_Prod_860/DATA/SALES_ANAPLAN_OIC/work/Work_Book_ARCH_DASHBOARD_p.csv
PARTIAL RUN 08/26/21
cd /apps/sales/EA_SALES_Prod_860/DATA/SALES_ANAPLAN_OIC/work/anaplan-connect-1-3-3-3
./AnaplanClient.sh -user anpadmua.gen@cisco.com:L5EJNstptxpa8A7 -workspace 8a868cd87a25f4cf017a54dbb22c16e3 -model 2FA3B2DE0B544E139FD6BB012D2DA513 -export 'Architecture Goaling DB - Daily 4 times Export' -execute -get /apps/sales/EA_SALES_Prod_860/DATA/SALES_ANAPLAN_OIC/work/Work_Book_ARCH_DASHBOARD_p.csv
The operation was successful.

The server file Architecture Goaling DB - Daily 4 times Export has been downloaded to /apps/sales/EA_SALES_Prod_860/DATA/SALES_ANAPLAN_OIC/work/Work_Book_ARCH_DASHBOARD_p.csv
PARTIAL RUN 08/27/21
cd /apps/sales/EA_SALES_Prod_860/DATA/SALES_ANAPLAN_OIC/work/anaplan-connect-1-3-3-3
./AnaplanClient.sh -user anpadmua.gen@cisco.com:L5EJNstptxpa8A7 -workspace 8a868cd87a25f4cf017a54dbb22c16e3 -model 2FA3B2DE0B544E139FD6BB012D2DA513 -export 'Architecture Goaling DB - Daily 4 times Export' -execute -get /apps/sales/EA_SALES_Prod_860/DATA/SALES_ANAPLAN_OIC/work/Work_Book_ARCH_DASHBOARD_p.csv
The operation was successful.

The server file Architecture Goaling DB - Daily 4 times Export has been downloaded to /apps/sales/EA_SALES_Prod_860/DATA/SALES_ANAPLAN_OIC/work/Work_Book_ARCH_DASHBOARD_p.csv
PARTIAL RUN 08/27/21
cd /apps/sales/EA_SALES_Prod_860/DATA/SALES_ANAPLAN_OIC/work/anaplan-connect-1-3-3-3
./AnaplanClient.sh -user anpadmua.gen@cisco.com:L5EJNstptxpa8A7 -workspace 8a868cd87a25f4cf017a54dbb22c16e3 -model 2FA3B2DE0B544E139FD6BB012D2DA513 -export 'Architecture Goaling DB - Daily 4 times Export' -execute -get /apps/sales/EA_SALES_Prod_860/DATA/SALES_ANAPLAN_OIC/work/Work_Book_ARCH_DASHBOARD_p.csv
The operation was successful.

The server file Architecture Goaling DB - Daily 4 times Export has been downloaded to /apps/sales/EA_SALES_Prod_860/DATA/SALES_ANAPLAN_OIC/work/Work_Book_ARCH_DASHBOARD_p.csv
PARTIAL RUN 08/27/21
cd /apps/sales/EA_SALES_Prod_860/DATA/SALES_ANAPLAN_OIC/work/anaplan-connect-1-3-3-3
./AnaplanClient.sh -user anpadmua.gen@cisco.com:L5EJNstptxpa8A7 -workspace 8a868cd87a25f4cf017a54dbb22c16e3 -model 2FA3B2DE0B544E139FD6BB012D2DA513 -export 'Architecture Goaling DB - Daily 4 times Export' -execute -get /apps/sales/EA_SALES_Prod_860/DATA/SALES_ANAPLAN_OIC/work/Work_Book_ARCH_DASHBOARD_p.csv
The operation was successful.

The server file Architecture Goaling DB - Daily 4 times Export has been downloaded to /apps/sales/EA_SALES_Prod_860/DATA/SALES_ANAPLAN_OIC/work/Work_Book_ARCH_DASHBOARD_p.csv
PARTIAL RUN 08/27/21
cd /apps/sales/EA_SALES_Prod_860/DATA/SALES_ANAPLAN_OIC/work/anaplan-connect-1-3-3-3
./AnaplanClient.sh -user anpadmua.gen@cisco.com:L5EJNstptxpa8A7 -workspace 8a868cd87a25f4cf017a54dbb22c16e3 -model 2FA3B2DE0B544E139FD6BB012D2DA513 -export 'Architecture Goaling DB - Daily 4 times Export' -execute -get /apps/sales/EA_SALES_Prod_860/DATA/SALES_ANAPLAN_OIC/work/Work_Book_ARCH_DASHBOARD_p.csv
The operation was successful.

The server file Architecture Goaling DB - Daily 4 times Export has been downloaded to /apps/sales/EA_SALES_Prod_860/DATA/SALES_ANAPLAN_OIC/work/Work_Book_ARCH_DASHBOARD_p.csv
PARTIAL RUN 08/28/21
cd /apps/sales/EA_SALES_Prod_860/DATA/SALES_ANAPLAN_OIC/work/anaplan-connect-1-3-3-3
./AnaplanClient.sh -user anpadmua.gen@cisco.com:L5EJNstptxpa8A7 -workspace 8a868cd87a25f4cf017a54dbb22c16e3 -model 2FA3B2DE0B544E139FD6BB012D2DA513 -export 'Architecture Goaling DB - Daily 4 times Export' -execute -get /apps/sales/EA_SALES_Prod_860/DATA/SALES_ANAPLAN_OIC/work/Work_Book_ARCH_DASHBOARD_p.csv
The operation was successful.

The server file Architecture Goaling DB - Daily 4 times Export has been downloaded to /apps/sales/EA_SALES_Prod_860/DATA/SALES_ANAPLAN_OIC/work/Work_Book_ARCH_DASHBOARD_p.csv
PARTIAL RUN 08/28/21
cd /apps/sales/EA_SALES_Prod_860/DATA/SALES_ANAPLAN_OIC/work/anaplan-connect-1-3-3-3
./AnaplanClient.sh -user anpadmua.gen@cisco.com:L5EJNstptxpa8A7 -workspace 8a868cd87a25f4cf017a54dbb22c16e3 -model 2FA3B2DE0B544E139FD6BB012D2DA513 -export 'Architecture Goaling DB - Daily 4 times Export' -execute -get /apps/sales/EA_SALES_Prod_860/DATA/SALES_ANAPLAN_OIC/work/Work_Book_ARCH_DASHBOARD_p.csv
The operation was successful.

The server file Architecture Goaling DB - Daily 4 times Export has been downloaded to /apps/sales/EA_SALES_Prod_860/DATA/SALES_ANAPLAN_OIC/work/Work_Book_ARCH_DASHBOARD_p.csv
PARTIAL RUN 08/28/21
cd /apps/sales/EA_SALES_Prod_860/DATA/SALES_ANAPLAN_OIC/work/anaplan-connect-1-3-3-3
./AnaplanClient.sh -user anpadmua.gen@cisco.com:L5EJNstptxpa8A7 -workspace 8a868cd87a25f4cf017a54dbb22c16e3 -model 2FA3B2DE0B544E139FD6BB012D2DA513 -export 'Architecture Goaling DB - Daily 4 times Export' -execute -get /apps/sales/EA_SALES_Prod_860/DATA/SALES_ANAPLAN_OIC/work/Work_Book_ARCH_DASHBOARD_p.csv
The operation was successful.

The server file Architecture Goaling DB - Daily 4 times Export has been downloaded to /apps/sales/EA_SALES_Prod_860/DATA/SALES_ANAPLAN_OIC/work/Work_Book_ARCH_DASHBOARD_p.csv
PARTIAL RUN 08/28/21
cd /apps/sales/EA_SALES_Prod_860/DATA/SALES_ANAPLAN_OIC/work/anaplan-connect-1-3-3-3
./AnaplanClient.sh -user anpadmua.gen@cisco.com:L5EJNstptxpa8A7 -workspace 8a868cd87a25f4cf017a54dbb22c16e3 -model 2FA3B2DE0B544E139FD6BB012D2DA513 -export 'Architecture Goaling DB - Daily 4 times Export' -execute -get /apps/sales/EA_SALES_Prod_860/DATA/SALES_ANAPLAN_OIC/work/Work_Book_ARCH_DASHBOARD_p.csv
The operation was successful.

The server file Architecture Goaling DB - Daily 4 times Export has been downloaded to /apps/sales/EA_SALES_Prod_860/DATA/SALES_ANAPLAN_OIC/work/Work_Book_ARCH_DASHBOARD_p.csv
PARTIAL RUN 08/29/21
cd /apps/sales/EA_SALES_Prod_860/DATA/SALES_ANAPLAN_OIC/work/anaplan-connect-1-3-3-3
./AnaplanClient.sh -user anpadmua.gen@cisco.com:L5EJNstptxpa8A7 -workspace 8a868cd87a25f4cf017a54dbb22c16e3 -model 2FA3B2DE0B544E139FD6BB012D2DA513 -export 'Architecture Goaling DB - Daily 4 times Export' -execute -get /apps/sales/EA_SALES_Prod_860/DATA/SALES_ANAPLAN_OIC/work/Work_Book_ARCH_DASHBOARD_p.csv
The operation was successful.

The server file Architecture Goaling DB - Daily 4 times Export has been downloaded to /apps/sales/EA_SALES_Prod_860/DATA/SALES_ANAPLAN_OIC/work/Work_Book_ARCH_DASHBOARD_p.csv
PARTIAL RUN 08/29/21
cd /apps/sales/EA_SALES_Prod_860/DATA/SALES_ANAPLAN_OIC/work/anaplan-connect-1-3-3-3
./AnaplanClient.sh -user anpadmua.gen@cisco.com:L5EJNstptxpa8A7 -workspace 8a868cd87a25f4cf017a54dbb22c16e3 -model 2FA3B2DE0B544E139FD6BB012D2DA513 -export 'Architecture Goaling DB - Daily 4 times Export' -execute -get /apps/sales/EA_SALES_Prod_860/DATA/SALES_ANAPLAN_OIC/work/Work_Book_ARCH_DASHBOARD_p.csv
The operation was successful.

The server file Architecture Goaling DB - Daily 4 times Export has been downloaded to /apps/sales/EA_SALES_Prod_860/DATA/SALES_ANAPLAN_OIC/work/Work_Book_ARCH_DASHBOARD_p.csv
PARTIAL RUN 08/29/21
cd /apps/sales/EA_SALES_Prod_860/DATA/SALES_ANAPLAN_OIC/work/anaplan-connect-1-3-3-3
./AnaplanClient.sh -user anpadmua.gen@cisco.com:L5EJNstptxpa8A7 -workspace 8a868cd87a25f4cf017a54dbb22c16e3 -model 2FA3B2DE0B544E139FD6BB012D2DA513 -export 'Architecture Goaling DB - Daily 4 times Export' -execute -get /apps/sales/EA_SALES_Prod_860/DATA/SALES_ANAPLAN_OIC/work/Work_Book_ARCH_DASHBOARD_p.csv
The operation was successful.

The server file Architecture Goaling DB - Daily 4 times Export has been downloaded to /apps/sales/EA_SALES_Prod_860/DATA/SALES_ANAPLAN_OIC/work/Work_Book_ARCH_DASHBOARD_p.csv
PARTIAL RUN 08/29/21
cd /apps/sales/EA_SALES_Prod_860/DATA/SALES_ANAPLAN_OIC/work/anaplan-connect-1-3-3-3
./AnaplanClient.sh -user anpadmua.gen@cisco.com:L5EJNstptxpa8A7 -workspace 8a868cd87a25f4cf017a54dbb22c16e3 -model 2FA3B2DE0B544E139FD6BB012D2DA513 -export 'Architecture Goaling DB - Daily 4 times Export' -execute -get /apps/sales/EA_SALES_Prod_860/DATA/SALES_ANAPLAN_OIC/work/Work_Book_ARCH_DASHBOARD_p.csv
The operation was successful.

The server file Architecture Goaling DB - Daily 4 times Export has been downloaded to /apps/sales/EA_SALES_Prod_860/DATA/SALES_ANAPLAN_OIC/work/Work_Book_ARCH_DASHBOARD_p.csv
PARTIAL RUN 08/30/21
cd /apps/sales/EA_SALES_Prod_860/DATA/SALES_ANAPLAN_OIC/work/anaplan-connect-1-3-3-3
./AnaplanClient.sh -user anpadmua.gen@cisco.com:L5EJNstptxpa8A7 -workspace 8a868cd87a25f4cf017a54dbb22c16e3 -model 2FA3B2DE0B544E139FD6BB012D2DA513 -export 'Architecture Goaling DB - Daily 4 times Export' -execute -get /apps/sales/EA_SALES_Prod_860/DATA/SALES_ANAPLAN_OIC/work/Work_Book_ARCH_DASHBOARD_p.csv
The operation was successful.

The server file Architecture Goaling DB - Daily 4 times Export has been downloaded to /apps/sales/EA_SALES_Prod_860/DATA/SALES_ANAPLAN_OIC/work/Work_Book_ARCH_DASHBOARD_p.csv
PARTIAL RUN 08/30/21
cd /apps/sales/EA_SALES_Prod_860/DATA/SALES_ANAPLAN_OIC/work/anaplan-connect-1-3-3-3
./AnaplanClient.sh -user anpadmua.gen@cisco.com:L5EJNstptxpa8A7 -workspace 8a868cd87a25f4cf017a54dbb22c16e3 -model 2FA3B2DE0B544E139FD6BB012D2DA513 -export 'Architecture Goaling DB - Daily 4 times Export' -execute -get /apps/sales/EA_SALES_Prod_860/DATA/SALES_ANAPLAN_OIC/work/Work_Book_ARCH_DASHBOARD_p.csv
The operation was successful.

The server file Architecture Goaling DB - Daily 4 times Export has been downloaded to /apps/sales/EA_SALES_Prod_860/DATA/SALES_ANAPLAN_OIC/work/Work_Book_ARCH_DASHBOARD_p.csv
PARTIAL RUN 08/30/21
cd /apps/sales/EA_SALES_Prod_860/DATA/SALES_ANAPLAN_OIC/work/anaplan-connect-1-3-3-3
./AnaplanClient.sh -user anpadmua.gen@cisco.com:L5EJNstptxpa8A7 -workspace 8a868cd87a25f4cf017a54dbb22c16e3 -model 2FA3B2DE0B544E139FD6BB012D2DA513 -export 'Architecture Goaling DB - Daily 4 times Export' -execute -get /apps/sales/EA_SALES_Prod_860/DATA/SALES_ANAPLAN_OIC/work/Work_Book_ARCH_DASHBOARD_p.csv
The operation was successful.

The server file Architecture Goaling DB - Daily 4 times Export has been downloaded to /apps/sales/EA_SALES_Prod_860/DATA/SALES_ANAPLAN_OIC/work/Work_Book_ARCH_DASHBOARD_p.csv
