Exclude ELA cells: 4050990

Exclude xCat -Import cells: 4050990
Exclude Buying Program-Import cells: 4050990
Exclude ELA-import cells: 4050990

Exclude xCat cells: 4050990
Exclude Buying Program cells: 4050990
Exclude ELA cells: 4050990


cd /apps/sales/EA_SALES_Prod_860/DATA/SALES_ANAPLAN_OIC/work/anaplan-connect-1-3-3-3
./AnaplanClient.sh -user anpadmua.gen@cisco.com:L5EJNstptxpa8A7 -workspace 8a868cd87a25f4cf017a54dbb22c16e3 -model 2FA3B2DE0B544E139FD6BB012D2DA513 -debug -process 'Xcat Flags - Clean/Copy' -execute -output /apps/sales/EA_SALES_Prod_860/DATA/SALES_ANAPLAN_OIC/work/xcat_flags_cl_cp
Anaplan Connect 1.3.3-3
Java HotSpot(TM) 64-Bit Server VM (Oracle Corporation)/25.181-b13 (1.8.0_181)
Linux (amd64)/3.10.0-1160.11.1.el7.x86_64
The operation was successful.
Exclude ELA-import cells: 4086525
Exclude Buying Program-Import cells: 4086525
Exclude xCat -Import cells: 4086525

Exclude xCat cells: 4086525
Exclude Buying Program cells: 4086525
Exclude ELA cells: 4086525

Exclude xCat -Import cells: 4086525
Exclude Buying Program-Import cells: 4086525
Exclude ELA-import cells: 4086525

Exclude xCat cells: 4086525
Exclude Buying Program cells: 4086525
Exclude ELA cells: 4086525


cd /apps/sales/EA_SALES_Prod_860/DATA/SALES_ANAPLAN_OIC/work/anaplan-connect-1-3-3-3
./AnaplanClient.sh -user anpadmua.gen@cisco.com:L5EJNstptxpa8A7 -workspace 8a868cd87a25f4cf017a54dbb22c16e3 -model 2FA3B2DE0B544E139FD6BB012D2DA513 -debug -process 'Xcat Flags - Clean/Copy' -execute -output /apps/sales/EA_SALES_Prod_860/DATA/SALES_ANAPLAN_OIC/work/xcat_flags_cl_cp
Anaplan Connect 1.3.3-3
OpenJDK 64-Bit Server VM (Azul Systems, Inc.)/25.222-b10 (1.8.0_222)
Linux (amd64)/3.10.0-1160.11.1.el7.x86_64
The operation was successful.
Exclude ELA-import cells: 4050990
Exclude Buying Program-Import cells: 4050990
Exclude xCat -Import cells: 4050990

Exclude xCat cells: 4050990
Exclude Buying Program cells: 4050990
Exclude ELA cells: 4050990

Exclude xCat -Import cells: 4050990
Exclude Buying Program-Import cells: 4050990
Exclude ELA-import cells: 4050990

Exclude xCat cells: 4050990
Exclude Buying Program cells: 4050990
Exclude ELA cells: 4050990


cd /apps/sales/EA_SALES_Prod_860/DATA/SALES_ANAPLAN_OIC/work/anaplan-connect-1-3-3-3
./AnaplanClient.sh -user anpadmua.gen@cisco.com:L5EJNstptxpa8A7 -workspace 8a868cd87a25f4cf017a54dbb22c16e3 -model 2FA3B2DE0B544E139FD6BB012D2DA513 -debug -process 'Xcat Flags - Clean/Copy' -execute -output /apps/sales/EA_SALES_Prod_860/DATA/SALES_ANAPLAN_OIC/work/xcat_flags_cl_cp
Anaplan Connect 1.3.3-3
OpenJDK 64-Bit Server VM (Azul Systems, Inc.)/25.222-b10 (1.8.0_222)
Linux (amd64)/3.10.0-1160.11.1.el7.x86_64
The operation was successful.
Exclude ELA-import cells: 4313771
Exclude Buying Program-Import cells: 4313771
Exclude xCat -Import cells: 4313771

Exclude xCat cells: 4313771
Exclude Buying Program cells: 4313771
Exclude ELA cells: 4313771

Exclude xCat -Import cells: 4313771
Exclude Buying Program-Import cells: 4313771
Exclude ELA-import cells: 4313771

Exclude xCat cells: 4313771
Exclude Buying Program cells: 4313771
Exclude ELA cells: 4313771


cd /apps/sales/EA_SALES_Prod_860/DATA/SALES_ANAPLAN_OIC/work/anaplan-connect-1-3-3-3
./AnaplanClient.sh -user anpadmua.gen@cisco.com:L5EJNstptxpa8A7 -workspace 8a868cd87a25f4cf017a54dbb22c16e3 -model 2FA3B2DE0B544E139FD6BB012D2DA513 -debug -process 'Xcat Flags - Clean/Copy' -execute -output /apps/sales/EA_SALES_Prod_860/DATA/SALES_ANAPLAN_OIC/work/xcat_flags_cl_cp
Anaplan Connect 1.3.3-3
OpenJDK 64-Bit Server VM (Azul Systems, Inc.)/25.222-b10 (1.8.0_222)
Linux (amd64)/3.10.0-1160.11.1.el7.x86_64
The operation was successful.
Exclude ELA-import cells: 4313771
Exclude Buying Program-Import cells: 4313771
Exclude xCat -Import cells: 4313771

Exclude xCat cells: 4313771
Exclude Buying Program cells: 4313771
Exclude ELA cells: 4313771

Exclude xCat -Import cells: 4313771
Exclude Buying Program-Import cells: 4313771
Exclude ELA-import cells: 4313771

Exclude xCat cells: 4313771
Exclude Buying Program cells: 4313771
Exclude ELA cells: 4313771


cd /apps/sales/EA_SALES_Prod_860/DATA/SALES_ANAPLAN_OIC/work/anaplan-connect-1-3-3-3
./AnaplanClient.sh -user anpadmua.gen@cisco.com:L5EJNstptxpa8A7 -workspace 8a868cd87a25f4cf017a54dbb22c16e3 -model 2FA3B2DE0B544E139FD6BB012D2DA513 -debug -process 'Xcat Flags - Clean/Copy' -execute -output /apps/sales/EA_SALES_Prod_860/DATA/SALES_ANAPLAN_OIC/work/xcat_flags_cl_cp
Anaplan Connect 1.3.3-3
OpenJDK 64-Bit Server VM (Azul Systems, Inc.)/25.222-b10 (1.8.0_222)
Linux (amd64)/3.10.0-1160.11.1.el7.x86_64
The operation was successful.
Exclude ELA-import cells: 4313771
Exclude Buying Program-Import cells: 4313771
Exclude xCat -Import cells: 4313771

Exclude xCat cells: 4313771
Exclude Buying Program cells: 4313771
Exclude ELA cells: 4313771

Exclude xCat -Import cells: 4313771
Exclude Buying Program-Import cells: 4313771
Exclude ELA-import cells: 4313771

Exclude xCat cells: 4313771
Exclude Buying Program cells: 4313771
Exclude ELA cells: 4313771


cd /apps/sales/EA_SALES_Prod_860/DATA/SALES_ANAPLAN_OIC/work/anaplan-connect-1-3-3-3
./AnaplanClient.sh -user anpadmua.gen@cisco.com:L5EJNstptxpa8A7 -workspace 8a868cd87a25f4cf017a54dbb22c16e3 -model 2FA3B2DE0B544E139FD6BB012D2DA513 -debug -process 'Xcat Flags - Clean/Copy' -execute -output /apps/sales/EA_SALES_Prod_860/DATA/SALES_ANAPLAN_OIC/work/xcat_flags_cl_cp
Anaplan Connect 1.3.3-3
OpenJDK 64-Bit Server VM (Azul Systems, Inc.)/25.222-b10 (1.8.0_222)
Linux (amd64)/3.10.0-1160.11.1.el7.x86_64
The operation was successful.
Exclude ELA-import cells: 4313771
Exclude Buying Program-Import cells: 4313771
Exclude xCat -Import cells: 4313771

Exclude xCat cells: 4313771
Exclude Buying Program cells: 4313771
Exclude ELA cells: 4313771

Exclude xCat -Import cells: 4313771
Exclude Buying Program-Import cells: 4313771
Exclude ELA-import cells: 4313771

Exclude xCat cells: 4313771
Exclude Buying Program cells: 4313771
Exclude ELA cells: 4313771


cd /apps/sales/EA_SALES_Prod_860/DATA/SALES_ANAPLAN_OIC/work/anaplan-connect-1-3-3-3
./AnaplanClient.sh -user anpadmua.gen@cisco.com:L5EJNstptxpa8A7 -workspace 8a868cd87a25f4cf017a54dbb22c16e3 -model 2FA3B2DE0B544E139FD6BB012D2DA513 -debug -process 'Xcat Flags - Clean/Copy' -execute -output /apps/sales/EA_SALES_Prod_860/DATA/SALES_ANAPLAN_OIC/work/xcat_flags_cl_cp
Anaplan Connect 1.3.3-3
OpenJDK 64-Bit Server VM (Azul Systems, Inc.)/25.222-b10 (1.8.0_222)
Linux (amd64)/3.10.0-1160.11.1.el7.x86_64
The operation was successful.
Exclude ELA-import cells: 4313771
Exclude Buying Program-Import cells: 4313771
Exclude xCat -Import cells: 4313771

Exclude xCat cells: 4313771
Exclude Buying Program cells: 4313771
Exclude ELA cells: 4313771

Exclude xCat -Import cells: 4313771
Exclude Buying Program-Import cells: 4313771
Exclude ELA-import cells: 4313771

Exclude xCat cells: 4313771
Exclude Buying Program cells: 4313771
Exclude ELA cells: 4313771


cd /apps/sales/EA_SALES_Prod_860/DATA/SALES_ANAPLAN_OIC/work/anaplan-connect-1-3-3-3
./AnaplanClient.sh -user anpadmua.gen@cisco.com:L5EJNstptxpa8A7 -workspace 8a868cd87a25f4cf017a54dbb22c16e3 -model 2FA3B2DE0B544E139FD6BB012D2DA513 -debug -process 'Xcat Flags - Clean/Copy' -execute -output /apps/sales/EA_SALES_Prod_860/DATA/SALES_ANAPLAN_OIC/work/xcat_flags_cl_cp
Anaplan Connect 1.3.3-3
OpenJDK 64-Bit Server VM (Azul Systems, Inc.)/25.222-b10 (1.8.0_222)
Linux (amd64)/3.10.0-1160.11.1.el7.x86_64
The operation was successful.
Exclude ELA-import cells: 4313771
Exclude Buying Program-Import cells: 4313771
Exclude xCat -Import cells: 4313771

Exclude xCat cells: 4313771
Exclude Buying Program cells: 4313771
Exclude ELA cells: 4313771

Exclude xCat -Import cells: 4313771
Exclude Buying Program-Import cells: 4313771
Exclude ELA-import cells: 4313771

Exclude xCat cells: 4313771
Exclude Buying Program cells: 4313771
Exclude ELA cells: 4313771


cd /apps/sales/EA_SALES_Prod_860/DATA/SALES_ANAPLAN_OIC/work/anaplan-connect-1-3-3-3
./AnaplanClient.sh -user anpadmua.gen@cisco.com:L5EJNstptxpa8A7 -workspace 8a868cd87a25f4cf017a54dbb22c16e3 -model 2FA3B2DE0B544E139FD6BB012D2DA513 -debug -process 'Xcat Flags - Clean/Copy' -execute -output /apps/sales/EA_SALES_Prod_860/DATA/SALES_ANAPLAN_OIC/work/xcat_flags_cl_cp
Anaplan Connect 1.3.3-3
OpenJDK 64-Bit Server VM (Azul Systems, Inc.)/25.222-b10 (1.8.0_222)
Linux (amd64)/3.10.0-1160.11.1.el7.x86_64
The operation was successful.
Exclude ELA-import cells: 4313771
Exclude Buying Program-Import cells: 4313771
Exclude xCat -Import cells: 4313771

Exclude xCat cells: 4313771
Exclude Buying Program cells: 4313771
Exclude ELA cells: 4313771

Exclude xCat -Import cells: 4313771
Exclude Buying Program-Import cells: 4313771
Exclude ELA-import cells: 4313771

Exclude xCat cells: 4313771
Exclude Buying Program cells: 4313771
Exclude ELA cells: 4313771


cd /apps/sales/EA_SALES_Prod_860/DATA/SALES_ANAPLAN_OIC/work/anaplan-connect-1-3-3-3
./AnaplanClient.sh -user anpadmua.gen@cisco.com:L5EJNstptxpa8A7 -workspace 8a868cd87a25f4cf017a54dbb22c16e3 -model 2FA3B2DE0B544E139FD6BB012D2DA513 -debug -process 'Xcat Flags - Clean/Copy' -execute -output /apps/sales/EA_SALES_Prod_860/DATA/SALES_ANAPLAN_OIC/work/xcat_flags_cl_cp
Anaplan Connect 1.3.3-3
OpenJDK 64-Bit Server VM (Azul Systems, Inc.)/25.222-b10 (1.8.0_222)
Linux (amd64)/3.10.0-1160.11.1.el7.x86_64
The operation was successful.
Exclude ELA-import cells: 4313771
Exclude Buying Program-Import cells: 4313771
Exclude xCat -Import cells: 4313771

Exclude xCat cells: 4313771
Exclude Buying Program cells: 4313771
Exclude ELA cells: 4313771

Exclude xCat -Import cells: 4313771
Exclude Buying Program-Import cells: 4313771
Exclude ELA-import cells: 4313771

Exclude xCat cells: 4313771
Exclude Buying Program cells: 4313771
Exclude ELA cells: 4313771


cd /apps/sales/EA_SALES_Prod_860/DATA/SALES_ANAPLAN_OIC/work/anaplan-connect-1-3-3-3
./AnaplanClient.sh -user anpadmua.gen@cisco.com:L5EJNstptxpa8A7 -workspace 8a868cd87a25f4cf017a54dbb22c16e3 -model 2FA3B2DE0B544E139FD6BB012D2DA513 -debug -process 'Xcat Flags - Clean/Copy' -execute -output /apps/sales/EA_SALES_Prod_860/DATA/SALES_ANAPLAN_OIC/work/xcat_flags_cl_cp
Anaplan Connect 1.3.3-3
Java HotSpot(TM) 64-Bit Server VM (Oracle Corporation)/25.181-b13 (1.8.0_181)
Linux (amd64)/3.10.0-1160.11.1.el7.x86_64
The operation was successful.
Exclude ELA-import cells: 4301429
Exclude Buying Program-Import cells: 4301429
Exclude xCat -Import cells: 4301429

Exclude xCat cells: 4301429
Exclude Buying Program cells: 4301429
Exclude ELA cells: 4301429

Exclude xCat -Import cells: 4301429
Exclude Buying Program-Import cells: 4301429
Exclude ELA-import cells: 4301429

Exclude xCat cells: 4301429
Exclude Buying Program cells: 4301429
Exclude ELA cells: 4301429


cd /apps/sales/EA_SALES_Prod_860/DATA/SALES_ANAPLAN_OIC/work/anaplan-connect-1-3-3-3
./AnaplanClient.sh -user anpadmua.gen@cisco.com:L5EJNstptxpa8A7 -workspace 8a868cd87a25f4cf017a54dbb22c16e3 -model 2FA3B2DE0B544E139FD6BB012D2DA513 -debug -process 'Xcat Flags - Clean/Copy' -execute -output /apps/sales/EA_SALES_Prod_860/DATA/SALES_ANAPLAN_OIC/work/xcat_flags_cl_cp
Anaplan Connect 1.3.3-3
OpenJDK 64-Bit Server VM (Azul Systems, Inc.)/25.222-b10 (1.8.0_222)
Linux (amd64)/3.10.0-1160.11.1.el7.x86_64
The operation was successful.
Exclude ELA-import cells: 4301429
Exclude Buying Program-Import cells: 4301429
Exclude xCat -Import cells: 4301429

Exclude xCat cells: 4301429
Exclude Buying Program cells: 4301429
Exclude ELA cells: 4301429

Exclude xCat -Import cells: 4301429
Exclude Buying Program-Import cells: 4301429
Exclude ELA-import cells: 4301429

Exclude xCat cells: 4301429
Exclude Buying Program cells: 4301429
Exclude ELA cells: 4301429


cd /apps/sales/EA_SALES_Prod_860/DATA/SALES_ANAPLAN_OIC/work/anaplan-connect-1-3-3-3
./AnaplanClient.sh -user anpadmua.gen@cisco.com:L5EJNstptxpa8A7 -workspace 8a868cd87a25f4cf017a54dbb22c16e3 -model 2FA3B2DE0B544E139FD6BB012D2DA513 -debug -process 'Xcat Flags - Clean/Copy' -execute -output /apps/sales/EA_SALES_Prod_860/DATA/SALES_ANAPLAN_OIC/work/xcat_flags_cl_cp
Anaplan Connect 1.3.3-3
OpenJDK 64-Bit Server VM (Azul Systems, Inc.)/25.222-b10 (1.8.0_222)
Linux (amd64)/3.10.0-1160.11.1.el7.x86_64
The operation was successful.
Exclude ELA-import cells: 4301429
Exclude Buying Program-Import cells: 4301429
Exclude xCat -Import cells: 4301429

Exclude xCat cells: 4301429
Exclude Buying Program cells: 4301429
Exclude ELA cells: 4301429

Exclude xCat -Import cells: 4301429
Exclude Buying Program-Import cells: 4301429
Exclude ELA-import cells: 4301429

Exclude xCat cells: 4301429
Exclude Buying Program cells: 4301429
Exclude ELA cells: 4301429


cd /apps/sales/EA_SALES_Prod_860/DATA/SALES_ANAPLAN_OIC/work/anaplan-connect-1-3-3-3
./AnaplanClient.sh -user anpadmua.gen@cisco.com:L5EJNstptxpa8A7 -workspace 8a868cd87a25f4cf017a54dbb22c16e3 -model 2FA3B2DE0B544E139FD6BB012D2DA513 -debug -process 'Xcat Flags - Clean/Copy' -execute -output /apps/sales/EA_SALES_Prod_860/DATA/SALES_ANAPLAN_OIC/work/xcat_flags_cl_cp
Anaplan Connect 1.3.3-3
OpenJDK 64-Bit Server VM (Azul Systems, Inc.)/25.222-b10 (1.8.0_222)
Linux (amd64)/3.10.0-1160.11.1.el7.x86_64
The operation was successful.
Exclude ELA-import cells: 4301429
Exclude Buying Program-Import cells: 4301429
Exclude xCat -Import cells: 4301429

Exclude xCat cells: 4301429
Exclude Buying Program cells: 4301429
Exclude ELA cells: 4301429

Exclude xCat -Import cells: 4301429
Exclude Buying Program-Import cells: 4301429
Exclude ELA-import cells: 4301429

Exclude xCat cells: 4301429
Exclude Buying Program cells: 4301429
Exclude ELA cells: 4301429


cd /apps/sales/EA_SALES_Prod_860/DATA/SALES_ANAPLAN_OIC/work/anaplan-connect-1-3-3-3
./AnaplanClient.sh -user anpadmua.gen@cisco.com:L5EJNstptxpa8A7 -workspace 8a868cd87a25f4cf017a54dbb22c16e3 -model 2FA3B2DE0B544E139FD6BB012D2DA513 -debug -process 'Xcat Flags - Clean/Copy' -execute -output /apps/sales/EA_SALES_Prod_860/DATA/SALES_ANAPLAN_OIC/work/xcat_flags_cl_cp
Anaplan Connect 1.3.3-3
OpenJDK 64-Bit Server VM (Azul Systems, Inc.)/25.222-b10 (1.8.0_222)
Linux (amd64)/3.10.0-1160.11.1.el7.x86_64
The operation was successful.
Exclude ELA-import cells: 4301429
Exclude Buying Program-Import cells: 4301429
Exclude xCat -Import cells: 4301429

Exclude xCat cells: 4301429
Exclude Buying Program cells: 4301429
Exclude ELA cells: 4301429

Exclude xCat -Import cells: 4301429
Exclude Buying Program-Import cells: 4301429
Exclude ELA-import cells: 4301429

Exclude xCat cells: 4301429
Exclude Buying Program cells: 4301429
Exclude ELA cells: 4301429


cd /apps/sales/EA_SALES_Prod_860/DATA/SALES_ANAPLAN_OIC/work/anaplan-connect-1-3-3-3
./AnaplanClient.sh -user anpadmua.gen@cisco.com:L5EJNstptxpa8A7 -workspace 8a868cd87a25f4cf017a54dbb22c16e3 -model 2FA3B2DE0B544E139FD6BB012D2DA513 -debug -process 'Xcat Flags - Clean/Copy' -execute -output /apps/sales/EA_SALES_Prod_860/DATA/SALES_ANAPLAN_OIC/work/xcat_flags_cl_cp
Anaplan Connect 1.3.3-3
OpenJDK 64-Bit Server VM (Azul Systems, Inc.)/25.222-b10 (1.8.0_222)
Linux (amd64)/3.10.0-1160.11.1.el7.x86_64
The operation was successful.
Exclude ELA-import cells: 4351984
Exclude Buying Program-Import cells: 4351984
Exclude xCat -Import cells: 4351984

Exclude xCat cells: 4351984
Exclude Buying Program cells: 4351984
Exclude ELA cells: 4351984

Exclude xCat -Import cells: 4351984
Exclude Buying Program-Import cells: 4351984
Exclude ELA-import cells: 4351984

Exclude xCat cells: 4351984
Exclude Buying Program cells: 4351984
Exclude ELA cells: 4351984


cd /apps/sales/EA_SALES_Prod_860/DATA/SALES_ANAPLAN_OIC/work/anaplan-connect-1-3-3-3
./AnaplanClient.sh -user anpadmua.gen@cisco.com:L5EJNstptxpa8A7 -workspace 8a868cd87a25f4cf017a54dbb22c16e3 -model 2FA3B2DE0B544E139FD6BB012D2DA513 -debug -process 'Xcat Flags - Clean/Copy' -execute -output /apps/sales/EA_SALES_Prod_860/DATA/SALES_ANAPLAN_OIC/work/xcat_flags_cl_cp
Anaplan Connect 1.3.3-3
OpenJDK 64-Bit Server VM (Azul Systems, Inc.)/25.222-b10 (1.8.0_222)
Linux (amd64)/3.10.0-1160.11.1.el7.x86_64
The operation was successful.
Exclude ELA-import cells: 4351984
Exclude Buying Program-Import cells: 4351984
Exclude xCat -Import cells: 4351984

Exclude xCat cells: 4351984
Exclude Buying Program cells: 4351984
Exclude ELA cells: 4351984

Exclude xCat -Import cells: 4351984
Exclude Buying Program-Import cells: 4351984
Exclude ELA-import cells: 4351984

Exclude xCat cells: 4351984
Exclude Buying Program cells: 4351984
Exclude ELA cells: 4351984


cd /apps/sales/EA_SALES_Prod_860/DATA/SALES_ANAPLAN_OIC/work/anaplan-connect-1-3-3-3
./AnaplanClient.sh -user anpadmua.gen@cisco.com:L5EJNstptxpa8A7 -workspace 8a868cd87a25f4cf017a54dbb22c16e3 -model 2FA3B2DE0B544E139FD6BB012D2DA513 -debug -process 'Xcat Flags - Clean/Copy' -execute -output /apps/sales/EA_SALES_Prod_860/DATA/SALES_ANAPLAN_OIC/work/xcat_flags_cl_cp
Anaplan Connect 1.3.3-3
OpenJDK 64-Bit Server VM (Azul Systems, Inc.)/25.222-b10 (1.8.0_222)
Linux (amd64)/3.10.0-1160.11.1.el7.x86_64
The operation was successful.
Exclude ELA-import cells: 4352594
Exclude Buying Program-Import cells: 4352594
Exclude xCat -Import cells: 4352594

Exclude xCat cells: 4352594
Exclude Buying Program cells: 4352594
Exclude ELA cells: 4352594

Exclude xCat -Import cells: 4352594
Exclude Buying Program-Import cells: 4352594
Exclude ELA-import cells: 4352594

Exclude xCat cells: 4352594
Exclude Buying Program cells: 4352594
Exclude ELA cells: 4352594


cd /apps/sales/EA_SALES_Prod_860/DATA/SALES_ANAPLAN_OIC/work/anaplan-connect-1-3-3-3
./AnaplanClient.sh -user anpadmua.gen@cisco.com:L5EJNstptxpa8A7 -workspace 8a868cd87a25f4cf017a54dbb22c16e3 -model 2FA3B2DE0B544E139FD6BB012D2DA513 -debug -process 'Xcat Flags - Clean/Copy' -execute -output /apps/sales/EA_SALES_Prod_860/DATA/SALES_ANAPLAN_OIC/work/xcat_flags_cl_cp
Anaplan Connect 1.3.3-3
OpenJDK 64-Bit Server VM (Azul Systems, Inc.)/25.222-b10 (1.8.0_222)
Linux (amd64)/3.10.0-1160.11.1.el7.x86_64
The operation was successful.
Exclude ELA-import cells: 4352594
Exclude Buying Program-Import cells: 4352594
Exclude xCat -Import cells: 4352594

Exclude xCat cells: 4352594
Exclude Buying Program cells: 4352594
Exclude ELA cells: 4352594

Exclude xCat -Import cells: 4352594
Exclude Buying Program-Import cells: 4352594
Exclude ELA-import cells: 4352594

Exclude xCat cells: 4352594
Exclude Buying Program cells: 4352594
Exclude ELA cells: 4352594


cd /apps/sales/EA_SALES_Prod_860/DATA/SALES_ANAPLAN_OIC/work/anaplan-connect-1-3-3-3
./AnaplanClient.sh -user anpadmua.gen@cisco.com:L5EJNstptxpa8A7 -workspace 8a868cd87a25f4cf017a54dbb22c16e3 -model 2FA3B2DE0B544E139FD6BB012D2DA513 -debug -process 'Xcat Flags - Clean/Copy' -execute -output /apps/sales/EA_SALES_Prod_860/DATA/SALES_ANAPLAN_OIC/work/xcat_flags_cl_cp
Anaplan Connect 1.3.3-3
OpenJDK 64-Bit Server VM (Azul Systems, Inc.)/25.222-b10 (1.8.0_222)
Linux (amd64)/3.10.0-1160.11.1.el7.x86_64
The operation was successful.
Exclude ELA-import cells: 4352594
Exclude Buying Program-Import cells: 4352594
Exclude xCat -Import cells: 4352594

Exclude xCat cells: 4352594
Exclude Buying Program cells: 4352594
Exclude ELA cells: 4352594

Exclude xCat -Import cells: 4352594
Exclude Buying Program-Import cells: 4352594
Exclude ELA-import cells: 4352594

Exclude xCat cells: 4352594
Exclude Buying Program cells: 4352594
Exclude ELA cells: 4352594


cd /apps/sales/EA_SALES_Prod_860/DATA/SALES_ANAPLAN_OIC/work/anaplan-connect-1-3-3-3
./AnaplanClient.sh -user anpadmua.gen@cisco.com:L5EJNstptxpa8A7 -workspace 8a868cd87a25f4cf017a54dbb22c16e3 -model 2FA3B2DE0B544E139FD6BB012D2DA513 -debug -process 'Xcat Flags - Clean/Copy' -execute -output /apps/sales/EA_SALES_Prod_860/DATA/SALES_ANAPLAN_OIC/work/xcat_flags_cl_cp
Anaplan Connect 1.3.3-3
OpenJDK 64-Bit Server VM (Azul Systems, Inc.)/25.222-b10 (1.8.0_222)
Linux (amd64)/3.10.0-1160.11.1.el7.x86_64
The operation was successful.
Exclude ELA-import cells: 4352594
Exclude Buying Program-Import cells: 4352594
Exclude xCat -Import cells: 4352594

Exclude xCat cells: 4352594
Exclude Buying Program cells: 4352594
Exclude ELA cells: 4352594

Exclude xCat -Import cells: 4352594
Exclude Buying Program-Import cells: 4352594
Exclude ELA-import cells: 4352594

Exclude xCat cells: 4352594
Exclude Buying Program cells: 4352594
Exclude ELA cells: 4352594


cd /apps/sales/EA_SALES_Prod_860/DATA/SALES_ANAPLAN_OIC/work/anaplan-connect-1-3-3-3
./AnaplanClient.sh -user anpadmua.gen@cisco.com:L5EJNstptxpa8A7 -workspace 8a868cd87a25f4cf017a54dbb22c16e3 -model 2FA3B2DE0B544E139FD6BB012D2DA513 -debug -process 'Xcat Flags - Clean/Copy' -execute -output /apps/sales/EA_SALES_Prod_860/DATA/SALES_ANAPLAN_OIC/work/xcat_flags_cl_cp
Anaplan Connect 1.3.3-3
OpenJDK 64-Bit Server VM (Azul Systems, Inc.)/25.222-b10 (1.8.0_222)
Linux (amd64)/3.10.0-1160.11.1.el7.x86_64
The operation was successful.
Exclude ELA-import cells: 4352594
Exclude Buying Program-Import cells: 4352594
Exclude xCat -Import cells: 4352594

Exclude xCat cells: 4352594
Exclude Buying Program cells: 4352594
Exclude ELA cells: 4352594

Exclude xCat -Import cells: 4352594
Exclude Buying Program-Import cells: 4352594
Exclude ELA-import cells: 4352594

Exclude xCat cells: 4352594
Exclude Buying Program cells: 4352594
Exclude ELA cells: 4352594


cd /apps/sales/EA_SALES_Prod_860/DATA/SALES_ANAPLAN_OIC/work/anaplan-connect-1-3-3-3
./AnaplanClient.sh -user anpadmua.gen@cisco.com:L5EJNstptxpa8A7 -workspace 8a868cd87a25f4cf017a54dbb22c16e3 -model 2FA3B2DE0B544E139FD6BB012D2DA513 -debug -process 'Xcat Flags - Clean/Copy' -execute -output /apps/sales/EA_SALES_Prod_860/DATA/SALES_ANAPLAN_OIC/work/xcat_flags_cl_cp
Anaplan Connect 1.3.3-3
Java HotSpot(TM) 64-Bit Server VM (Oracle Corporation)/25.181-b13 (1.8.0_181)
Linux (amd64)/3.10.0-1160.11.1.el7.x86_64
The operation was successful.
Exclude ELA-import cells: 4337710
Exclude Buying Program-Import cells: 4337710
Exclude xCat -Import cells: 4337710

Exclude xCat cells: 4337710
Exclude Buying Program cells: 4337710
Exclude ELA cells: 4337710

Exclude xCat -Import cells: 4337710
Exclude Buying Program-Import cells: 4337710
Exclude ELA-import cells: 4337710

Exclude xCat cells: 4337710
Exclude Buying Program cells: 4337710
Exclude ELA cells: 4337710


cd /apps/sales/EA_SALES_Prod_860/DATA/SALES_ANAPLAN_OIC/work/anaplan-connect-1-3-3-3
./AnaplanClient.sh -user anpadmua.gen@cisco.com:L5EJNstptxpa8A7 -workspace 8a868cd87a25f4cf017a54dbb22c16e3 -model 2FA3B2DE0B544E139FD6BB012D2DA513 -debug -process 'Xcat Flags - Clean/Copy' -execute -output /apps/sales/EA_SALES_Prod_860/DATA/SALES_ANAPLAN_OIC/work/xcat_flags_cl_cp
Anaplan Connect 1.3.3-3
OpenJDK 64-Bit Server VM (Azul Systems, Inc.)/25.222-b10 (1.8.0_222)
Linux (amd64)/3.10.0-1160.11.1.el7.x86_64
The operation was successful.
Exclude ELA-import cells: 4337710
Exclude Buying Program-Import cells: 4337710
Exclude xCat -Import cells: 4337710

Exclude xCat cells: 4337710
Exclude Buying Program cells: 4337710
Exclude ELA cells: 4337710

Exclude xCat -Import cells: 4337710
Exclude Buying Program-Import cells: 4337710
Exclude ELA-import cells: 4337710

Exclude xCat cells: 4337710
Exclude Buying Program cells: 4337710
Exclude ELA cells: 4337710


cd /apps/sales/EA_SALES_Prod_860/DATA/SALES_ANAPLAN_OIC/work/anaplan-connect-1-3-3-3
./AnaplanClient.sh -user anpadmua.gen@cisco.com:L5EJNstptxpa8A7 -workspace 8a868cd87a25f4cf017a54dbb22c16e3 -model 2FA3B2DE0B544E139FD6BB012D2DA513 -debug -process 'Xcat Flags - Clean/Copy' -execute -output /apps/sales/EA_SALES_Prod_860/DATA/SALES_ANAPLAN_OIC/work/xcat_flags_cl_cp
Anaplan Connect 1.3.3-3
OpenJDK 64-Bit Server VM (Azul Systems, Inc.)/25.222-b10 (1.8.0_222)
Linux (amd64)/3.10.0-1160.11.1.el7.x86_64
The operation was successful.
Exclude ELA-import cells: 4337710
Exclude Buying Program-Import cells: 4337710
Exclude xCat -Import cells: 4337710

Exclude xCat cells: 4337710
Exclude Buying Program cells: 4337710
Exclude ELA cells: 4337710

Exclude xCat -Import cells: 4337710
Exclude Buying Program-Import cells: 4337710
Exclude ELA-import cells: 4337710

Exclude xCat cells: 4337710
Exclude Buying Program cells: 4337710
Exclude ELA cells: 4337710


cd /apps/sales/EA_SALES_Prod_860/DATA/SALES_ANAPLAN_OIC/work/anaplan-connect-1-3-3-3
./AnaplanClient.sh -user anpadmua.gen@cisco.com:L5EJNstptxpa8A7 -workspace 8a868cd87a25f4cf017a54dbb22c16e3 -model 2FA3B2DE0B544E139FD6BB012D2DA513 -debug -process 'Xcat Flags - Clean/Copy' -execute -output /apps/sales/EA_SALES_Prod_860/DATA/SALES_ANAPLAN_OIC/work/xcat_flags_cl_cp
Anaplan Connect 1.3.3-3
OpenJDK 64-Bit Server VM (Azul Systems, Inc.)/25.222-b10 (1.8.0_222)
Linux (amd64)/3.10.0-1160.11.1.el7.x86_64
The operation was successful.
Exclude ELA-import cells: 4337710
Exclude Buying Program-Import cells: 4337710
Exclude xCat -Import cells: 4337710

Exclude xCat cells: 4337710
Exclude Buying Program cells: 4337710
Exclude ELA cells: 4337710

Exclude xCat -Import cells: 4337710
Exclude Buying Program-Import cells: 4337710
Exclude ELA-import cells: 4337710

Exclude xCat cells: 4337710
Exclude Buying Program cells: 4337710
Exclude ELA cells: 4337710


cd /apps/sales/EA_SALES_Prod_860/DATA/SALES_ANAPLAN_OIC/work/anaplan-connect-1-3-3-3
./AnaplanClient.sh -user anpadmua.gen@cisco.com:L5EJNstptxpa8A7 -workspace 8a868cd87a25f4cf017a54dbb22c16e3 -model 2FA3B2DE0B544E139FD6BB012D2DA513 -debug -process 'Xcat Flags - Clean/Copy' -execute -output /apps/sales/EA_SALES_Prod_860/DATA/SALES_ANAPLAN_OIC/work/xcat_flags_cl_cp
Anaplan Connect 1.3.3-3
OpenJDK 64-Bit Server VM (Azul Systems, Inc.)/25.222-b10 (1.8.0_222)
Linux (amd64)/3.10.0-1160.11.1.el7.x86_64
The operation was successful.
Exclude ELA-import cells: 4337710
Exclude Buying Program-Import cells: 4337710
Exclude xCat -Import cells: 4337710

Exclude xCat cells: 4337710
Exclude Buying Program cells: 4337710
Exclude ELA cells: 4337710

Exclude xCat -Import cells: 4337710
Exclude Buying Program-Import cells: 4337710
Exclude ELA-import cells: 4337710

Exclude xCat cells: 4337710
Exclude Buying Program cells: 4337710
Exclude ELA cells: 4337710


cd /apps/sales/EA_SALES_Prod_860/DATA/SALES_ANAPLAN_OIC/work/anaplan-connect-1-3-3-3
./AnaplanClient.sh -user anpadmua.gen@cisco.com:L5EJNstptxpa8A7 -workspace 8a868cd87a25f4cf017a54dbb22c16e3 -model 2FA3B2DE0B544E139FD6BB012D2DA513 -debug -process 'Xcat Flags - Clean/Copy' -execute -output /apps/sales/EA_SALES_Prod_860/DATA/SALES_ANAPLAN_OIC/work/xcat_flags_cl_cp
Anaplan Connect 1.3.3-3
OpenJDK 64-Bit Server VM (Azul Systems, Inc.)/25.222-b10 (1.8.0_222)
Linux (amd64)/3.10.0-1160.11.1.el7.x86_64
The operation was successful.
Exclude ELA-import cells: 4337710
Exclude Buying Program-Import cells: 4337710
Exclude xCat -Import cells: 4337710

Exclude xCat cells: 4337710
Exclude Buying Program cells: 4337710
Exclude ELA cells: 4337710

Exclude xCat -Import cells: 4337710
Exclude Buying Program-Import cells: 4337710
Exclude ELA-import cells: 4337710

Exclude xCat cells: 4337710
Exclude Buying Program cells: 4337710
Exclude ELA cells: 4337710


cd /apps/sales/EA_SALES_Prod_860/DATA/SALES_ANAPLAN_OIC/work/anaplan-connect-1-3-3-3
./AnaplanClient.sh -user anpadmua.gen@cisco.com:L5EJNstptxpa8A7 -workspace 8a868cd87a25f4cf017a54dbb22c16e3 -model 2FA3B2DE0B544E139FD6BB012D2DA513 -debug -process 'Xcat Flags - Clean/Copy' -execute -output /apps/sales/EA_SALES_Prod_860/DATA/SALES_ANAPLAN_OIC/work/xcat_flags_cl_cp
Anaplan Connect 1.3.3-3
OpenJDK 64-Bit Server VM (Azul Systems, Inc.)/25.222-b10 (1.8.0_222)
Linux (amd64)/3.10.0-1160.11.1.el7.x86_64
The operation was successful.
Exclude ELA-import cells: 4458250
Exclude Buying Program-Import cells: 4458250
Exclude xCat -Import cells: 4458250

Exclude xCat cells: 4458250
Exclude Buying Program cells: 4458250
Exclude ELA cells: 4458250

Exclude xCat -Import cells: 4458250
Exclude Buying Program-Import cells: 4458250
Exclude ELA-import cells: 4458250

Exclude xCat cells: 4458250
Exclude Buying Program cells: 4458250
Exclude ELA cells: 4458250


cd /apps/sales/EA_SALES_Prod_860/DATA/SALES_ANAPLAN_OIC/work/anaplan-connect-1-3-3-3
./AnaplanClient.sh -user anpadmua.gen@cisco.com:L5EJNstptxpa8A7 -workspace 8a868cd87a25f4cf017a54dbb22c16e3 -model 2FA3B2DE0B544E139FD6BB012D2DA513 -debug -process 'Xcat Flags - Clean/Copy' -execute -output /apps/sales/EA_SALES_Prod_860/DATA/SALES_ANAPLAN_OIC/work/xcat_flags_cl_cp
Anaplan Connect 1.3.3-3
Java HotSpot(TM) 64-Bit Server VM (Oracle Corporation)/25.181-b13 (1.8.0_181)
Linux (amd64)/3.10.0-1160.11.1.el7.x86_64
The operation was successful.
Exclude ELA-import cells: 4458250
Exclude Buying Program-Import cells: 4458250
Exclude xCat -Import cells: 4458250

Exclude xCat cells: 4458250
Exclude Buying Program cells: 4458250
Exclude ELA cells: 4458250

Exclude xCat -Import cells: 4458250
Exclude Buying Program-Import cells: 4458250
Exclude ELA-import cells: 4458250

Exclude xCat cells: 4458250
Exclude Buying Program cells: 4458250
Exclude ELA cells: 4458250


cd /apps/sales/EA_SALES_Prod_860/DATA/SALES_ANAPLAN_OIC/work/anaplan-connect-1-3-3-3
./AnaplanClient.sh -user anpadmua.gen@cisco.com:L5EJNstptxpa8A7 -workspace 8a868cd87a25f4cf017a54dbb22c16e3 -model 2FA3B2DE0B544E139FD6BB012D2DA513 -debug -process 'Xcat Flags - Clean/Copy' -execute -output /apps/sales/EA_SALES_Prod_860/DATA/SALES_ANAPLAN_OIC/work/xcat_flags_cl_cp
Anaplan Connect 1.3.3-3
OpenJDK 64-Bit Server VM (Azul Systems, Inc.)/25.222-b10 (1.8.0_222)
Linux (amd64)/3.10.0-1160.11.1.el7.x86_64
The operation was successful.
Exclude ELA-import cells: 4458250
Exclude Buying Program-Import cells: 4458250
Exclude xCat -Import cells: 4458250

Exclude xCat cells: 4458250
Exclude Buying Program cells: 4458250
Exclude ELA cells: 4458250

Exclude xCat -Import cells: 4458250
Exclude Buying Program-Import cells: 4458250
Exclude ELA-import cells: 4458250

Exclude xCat cells: 4458250
Exclude Buying Program cells: 4458250
Exclude ELA cells: 4458250


cd /apps/sales/EA_SALES_Prod_860/DATA/SALES_ANAPLAN_OIC/work/anaplan-connect-1-3-3-3
./AnaplanClient.sh -user anpadmua.gen@cisco.com:L5EJNstptxpa8A7 -workspace 8a868cd87a25f4cf017a54dbb22c16e3 -model 2FA3B2DE0B544E139FD6BB012D2DA513 -debug -process 'Xcat Flags - Clean/Copy' -execute -output /apps/sales/EA_SALES_Prod_860/DATA/SALES_ANAPLAN_OIC/work/xcat_flags_cl_cp
Anaplan Connect 1.3.3-3
OpenJDK 64-Bit Server VM (Azul Systems, Inc.)/25.222-b10 (1.8.0_222)
Linux (amd64)/3.10.0-1160.11.1.el7.x86_64
The operation was successful.
Exclude ELA-import cells: 4458250
Exclude Buying Program-Import cells: 4458250
Exclude xCat -Import cells: 4458250

Exclude xCat cells: 4458250
Exclude Buying Program cells: 4458250
Exclude ELA cells: 4458250

Exclude xCat -Import cells: 4458250
Exclude Buying Program-Import cells: 4458250
Exclude ELA-import cells: 4458250

Exclude xCat cells: 4458250
Exclude Buying Program cells: 4458250
Exclude ELA cells: 4458250


cd /apps/sales/EA_SALES_Prod_860/DATA/SALES_ANAPLAN_OIC/work/anaplan-connect-1-3-3-3
./AnaplanClient.sh -user anpadmua.gen@cisco.com:L5EJNstptxpa8A7 -workspace 8a868cd87a25f4cf017a54dbb22c16e3 -model 2FA3B2DE0B544E139FD6BB012D2DA513 -debug -process 'Xcat Flags - Clean/Copy' -execute -output /apps/sales/EA_SALES_Prod_860/DATA/SALES_ANAPLAN_OIC/work/xcat_flags_cl_cp
Anaplan Connect 1.3.3-3
OpenJDK 64-Bit Server VM (Azul Systems, Inc.)/25.222-b10 (1.8.0_222)
Linux (amd64)/3.10.0-1160.11.1.el7.x86_64
The operation was successful.
Exclude ELA-import cells: 4458250
Exclude Buying Program-Import cells: 4458250
Exclude xCat -Import cells: 4458250

Exclude xCat cells: 4458250
Exclude Buying Program cells: 4458250
Exclude ELA cells: 4458250

Exclude xCat -Import cells: 4458250
Exclude Buying Program-Import cells: 4458250
Exclude ELA-import cells: 4458250

Exclude xCat cells: 4458250
Exclude Buying Program cells: 4458250
Exclude ELA cells: 4458250


cd /apps/sales/EA_SALES_Prod_860/DATA/SALES_ANAPLAN_OIC/work/anaplan-connect-1-3-3-3
./AnaplanClient.sh -user anpadmua.gen@cisco.com:L5EJNstptxpa8A7 -workspace 8a868cd87a25f4cf017a54dbb22c16e3 -model 2FA3B2DE0B544E139FD6BB012D2DA513 -debug -process 'Xcat Flags - Clean/Copy' -execute -output /apps/sales/EA_SALES_Prod_860/DATA/SALES_ANAPLAN_OIC/work/xcat_flags_cl_cp
Anaplan Connect 1.3.3-3
OpenJDK 64-Bit Server VM (Azul Systems, Inc.)/25.222-b10 (1.8.0_222)
Linux (amd64)/3.10.0-1160.11.1.el7.x86_64
The operation was successful.
Exclude ELA-import cells: 4458250
Exclude Buying Program-Import cells: 4458250
Exclude xCat -Import cells: 4458250

Exclude xCat cells: 4458250
Exclude Buying Program cells: 4458250
Exclude ELA cells: 4458250

Exclude xCat -Import cells: 4458250
Exclude Buying Program-Import cells: 4458250
Exclude ELA-import cells: 4458250

Exclude xCat cells: 4458250
Exclude Buying Program cells: 4458250
Exclude ELA cells: 4458250


cd /apps/sales/EA_SALES_Prod_860/DATA/SALES_ANAPLAN_OIC/work/anaplan-connect-1-3-3-3
./AnaplanClient.sh -user anpadmua.gen@cisco.com:L5EJNstptxpa8A7 -workspace 8a868cd87a25f4cf017a54dbb22c16e3 -model 2FA3B2DE0B544E139FD6BB012D2DA513 -debug -process 'Xcat Flags - Clean/Copy' -execute -output /apps/sales/EA_SALES_Prod_860/DATA/SALES_ANAPLAN_OIC/work/xcat_flags_cl_cp
Anaplan Connect 1.3.3-3
OpenJDK 64-Bit Server VM (Azul Systems, Inc.)/25.222-b10 (1.8.0_222)
Linux (amd64)/3.10.0-1160.11.1.el7.x86_64
The operation was successful.
Exclude ELA-import cells: 4458250
Exclude Buying Program-Import cells: 4458250
Exclude xCat -Import cells: 4458250

Exclude xCat cells: 4458250
Exclude Buying Program cells: 4458250
Exclude ELA cells: 4458250

Exclude xCat -Import cells: 4458250
Exclude Buying Program-Import cells: 4458250
Exclude ELA-import cells: 4458250

Exclude xCat cells: 4458250
Exclude Buying Program cells: 4458250
Exclude ELA cells: 4458250


cd /apps/sales/EA_SALES_Prod_860/DATA/SALES_ANAPLAN_OIC/work/anaplan-connect-1-3-3-3
./AnaplanClient.sh -user anpadmua.gen@cisco.com:L5EJNstptxpa8A7 -workspace 8a868cd87a25f4cf017a54dbb22c16e3 -model 2FA3B2DE0B544E139FD6BB012D2DA513 -debug -process 'Xcat Flags - Clean/Copy' -execute -output /apps/sales/EA_SALES_Prod_860/DATA/SALES_ANAPLAN_OIC/work/xcat_flags_cl_cp
Anaplan Connect 1.3.3-3
OpenJDK 64-Bit Server VM (Azul Systems, Inc.)/25.222-b10 (1.8.0_222)
Linux (amd64)/3.10.0-1160.11.1.el7.x86_64
The operation was successful.
Exclude ELA-import cells: 4458250
Exclude Buying Program-Import cells: 4458250
Exclude xCat -Import cells: 4458250

Exclude xCat cells: 4458250
Exclude Buying Program cells: 4458250
Exclude ELA cells: 4458250

Exclude xCat -Import cells: 4458250
Exclude Buying Program-Import cells: 4458250
Exclude ELA-import cells: 4458250

Exclude xCat cells: 4458250
Exclude Buying Program cells: 4458250
Exclude ELA cells: 4458250


cd /apps/sales/EA_SALES_Prod_860/DATA/SALES_ANAPLAN_OIC/work/anaplan-connect-1-3-3-3
./AnaplanClient.sh -user anpadmua.gen@cisco.com:L5EJNstptxpa8A7 -workspace 8a868cd87a25f4cf017a54dbb22c16e3 -model 2FA3B2DE0B544E139FD6BB012D2DA513 -debug -process 'Xcat Flags - Clean/Copy' -execute -output /apps/sales/EA_SALES_Prod_860/DATA/SALES_ANAPLAN_OIC/work/xcat_flags_cl_cp
Anaplan Connect 1.3.3-3
Java HotSpot(TM) 64-Bit Server VM (Oracle Corporation)/25.181-b13 (1.8.0_181)
Linux (amd64)/3.10.0-1160.11.1.el7.x86_64
The operation was successful.
Exclude ELA-import cells: 4447250
Exclude Buying Program-Import cells: 4447250
Exclude xCat -Import cells: 4447250

Exclude xCat cells: 4447250
Exclude Buying Program cells: 4447250
Exclude ELA cells: 4447250

Exclude xCat -Import cells: 4447250
Exclude Buying Program-Import cells: 4447250
Exclude ELA-import cells: 4447250

Exclude xCat cells: 4447250
Exclude Buying Program cells: 4447250
Exclude ELA cells: 4447250


cd /apps/sales/EA_SALES_Prod_860/DATA/SALES_ANAPLAN_OIC/work/anaplan-connect-1-3-3-3
./AnaplanClient.sh -user anpadmua.gen@cisco.com:L5EJNstptxpa8A7 -workspace 8a868cd87a25f4cf017a54dbb22c16e3 -model 2FA3B2DE0B544E139FD6BB012D2DA513 -debug -process 'Xcat Flags - Clean/Copy' -execute -output /apps/sales/EA_SALES_Prod_860/DATA/SALES_ANAPLAN_OIC/work/xcat_flags_cl_cp
Anaplan Connect 1.3.3-3
OpenJDK 64-Bit Server VM (Azul Systems, Inc.)/25.222-b10 (1.8.0_222)
Linux (amd64)/3.10.0-1160.11.1.el7.x86_64
The operation was successful.
Exclude ELA-import cells: 4447250
Exclude Buying Program-Import cells: 4447250
Exclude xCat -Import cells: 4447250

Exclude xCat cells: 4447250
Exclude Buying Program cells: 4447250
Exclude ELA cells: 4447250

Exclude xCat -Import cells: 4447250
Exclude Buying Program-Import cells: 4447250
Exclude ELA-import cells: 4447250

Exclude xCat cells: 4447250
Exclude Buying Program cells: 4447250
Exclude ELA cells: 4447250


cd /apps/sales/EA_SALES_Prod_860/DATA/SALES_ANAPLAN_OIC/work/anaplan-connect-1-3-3-3
./AnaplanClient.sh -user anpadmua.gen@cisco.com:L5EJNstptxpa8A7 -workspace 8a868cd87a25f4cf017a54dbb22c16e3 -model 2FA3B2DE0B544E139FD6BB012D2DA513 -debug -process 'Xcat Flags - Clean/Copy' -execute -output /apps/sales/EA_SALES_Prod_860/DATA/SALES_ANAPLAN_OIC/work/xcat_flags_cl_cp
Anaplan Connect 1.3.3-3
OpenJDK 64-Bit Server VM (Azul Systems, Inc.)/25.222-b10 (1.8.0_222)
Linux (amd64)/3.10.0-1160.11.1.el7.x86_64
The operation was successful.
Exclude ELA-import cells: 4447250
Exclude Buying Program-Import cells: 4447250
Exclude xCat -Import cells: 4447250

Exclude xCat cells: 4447250
Exclude Buying Program cells: 4447250
Exclude ELA cells: 4447250

Exclude xCat -Import cells: 4447250
Exclude Buying Program-Import cells: 4447250
Exclude ELA-import cells: 4447250

Exclude xCat cells: 4447250
Exclude Buying Program cells: 4447250
Exclude ELA cells: 4447250


cd /apps/sales/EA_SALES_Prod_860/DATA/SALES_ANAPLAN_OIC/work/anaplan-connect-1-3-3-3
./AnaplanClient.sh -user anpadmua.gen@cisco.com:L5EJNstptxpa8A7 -workspace 8a868cd87a25f4cf017a54dbb22c16e3 -model 2FA3B2DE0B544E139FD6BB012D2DA513 -debug -process 'Xcat Flags - Clean/Copy' -execute -output /apps/sales/EA_SALES_Prod_860/DATA/SALES_ANAPLAN_OIC/work/xcat_flags_cl_cp
Anaplan Connect 1.3.3-3
OpenJDK 64-Bit Server VM (Azul Systems, Inc.)/25.222-b10 (1.8.0_222)
Linux (amd64)/3.10.0-1160.11.1.el7.x86_64
The operation was successful.
Exclude ELA-import cells: 4447250
Exclude Buying Program-Import cells: 4447250
Exclude xCat -Import cells: 4447250

Exclude xCat cells: 4447250
Exclude Buying Program cells: 4447250
Exclude ELA cells: 4447250

Exclude xCat -Import cells: 4447250
Exclude Buying Program-Import cells: 4447250
Exclude ELA-import cells: 4447250

Exclude xCat cells: 4447250
Exclude Buying Program cells: 4447250
Exclude ELA cells: 4447250


cd /apps/sales/EA_SALES_Prod_860/DATA/SALES_ANAPLAN_OIC/work/anaplan-connect-1-3-3-3
./AnaplanClient.sh -user anpadmua.gen@cisco.com:L5EJNstptxpa8A7 -workspace 8a868cd87a25f4cf017a54dbb22c16e3 -model 2FA3B2DE0B544E139FD6BB012D2DA513 -debug -process 'Xcat Flags - Clean/Copy' -execute -output /apps/sales/EA_SALES_Prod_860/DATA/SALES_ANAPLAN_OIC/work/xcat_flags_cl_cp
Anaplan Connect 1.3.3-3
OpenJDK 64-Bit Server VM (Azul Systems, Inc.)/25.222-b10 (1.8.0_222)
Linux (amd64)/3.10.0-1160.11.1.el7.x86_64
The operation was successful.
Exclude ELA-import cells: 4447250
Exclude Buying Program-Import cells: 4447250
Exclude xCat -Import cells: 4447250

Exclude xCat cells: 4447250
Exclude Buying Program cells: 4447250
Exclude ELA cells: 4447250

Exclude xCat -Import cells: 4447250
Exclude Buying Program-Import cells: 4447250
Exclude ELA-import cells: 4447250

Exclude xCat cells: 4447250
Exclude Buying Program cells: 4447250
Exclude ELA cells: 4447250


cd /apps/sales/EA_SALES_Prod_860/DATA/SALES_ANAPLAN_OIC/work/anaplan-connect-1-3-3-3
./AnaplanClient.sh -user anpadmua.gen@cisco.com:L5EJNstptxpa8A7 -workspace 8a868cd87a25f4cf017a54dbb22c16e3 -model 2FA3B2DE0B544E139FD6BB012D2DA513 -debug -process 'Xcat Flags - Clean/Copy' -execute -output /apps/sales/EA_SALES_Prod_860/DATA/SALES_ANAPLAN_OIC/work/xcat_flags_cl_cp
Anaplan Connect 1.3.3-3
OpenJDK 64-Bit Server VM (Azul Systems, Inc.)/25.222-b10 (1.8.0_222)
Linux (amd64)/3.10.0-1160.11.1.el7.x86_64
The operation was successful.
Exclude ELA-import cells: 4447250
Exclude Buying Program-Import cells: 4447250
Exclude xCat -Import cells: 4447250

Exclude xCat cells: 4447250
Exclude Buying Program cells: 4447250
Exclude ELA cells: 4447250

Exclude xCat -Import cells: 4447250
Exclude Buying Program-Import cells: 4447250
Exclude ELA-import cells: 4447250

Exclude xCat cells: 4447250
Exclude Buying Program cells: 4447250
Exclude ELA cells: 4447250


cd /apps/sales/EA_SALES_Prod_860/DATA/SALES_ANAPLAN_OIC/work/anaplan-connect-1-3-3-3
./AnaplanClient.sh -user anpadmua.gen@cisco.com:L5EJNstptxpa8A7 -workspace 8a868cd87a25f4cf017a54dbb22c16e3 -model 2FA3B2DE0B544E139FD6BB012D2DA513 -debug -process 'Xcat Flags - Clean/Copy' -execute -output /apps/sales/EA_SALES_Prod_860/DATA/SALES_ANAPLAN_OIC/work/xcat_flags_cl_cp
Anaplan Connect 1.3.3-3
OpenJDK 64-Bit Server VM (Azul Systems, Inc.)/25.222-b10 (1.8.0_222)
Linux (amd64)/3.10.0-1160.11.1.el7.x86_64
The operation was successful.
Exclude ELA-import cells: 4447250
Exclude Buying Program-Import cells: 4447250
Exclude xCat -Import cells: 4447250

Exclude xCat cells: 4447250
Exclude Buying Program cells: 4447250
Exclude ELA cells: 4447250

Exclude xCat -Import cells: 4447250
Exclude Buying Program-Import cells: 4447250
Exclude ELA-import cells: 4447250

Exclude xCat cells: 4447250
Exclude Buying Program cells: 4447250
Exclude ELA cells: 4447250


